ERROR - 2024-04-20 04:24:28 --> mysqli_sql_exception: Unknown column 'repair_stage.Rs_id' in 'on clause' in C:\xampp\htdocs\HIMSP\HIMS\Codenignter\system\Database\MySQLi\Connection.php:306
Stack trace:
#0 C:\xampp\htdocs\HIMSP\HIMS\Codenignter\system\Database\MySQLi\Connection.php(306): mysqli->query('SELECT *\nFROM `...', 0)
#1 C:\xampp\htdocs\HIMSP\HIMS\Codenignter\system\Database\BaseConnection.php(693): CodeIgniter\Database\MySQLi\Connection->execute('SELECT *\nFROM `...')
#2 C:\xampp\htdocs\HIMSP\HIMS\Codenignter\system\Database\BaseConnection.php(607): CodeIgniter\Database\BaseConnection->simpleQuery('SELECT *\nFROM `...')
#3 C:\xampp\htdocs\HIMSP\HIMS\Codenignter\system\Database\BaseBuilder.php(1616): CodeIgniter\Database\BaseConnection->query('SELECT *\nFROM `...', Array, false)
#4 C:\xampp\htdocs\HIMSP\HIMS\Codenignter\system\Model.php(199): CodeIgniter\Database\BaseBuilder->get()
#5 C:\xampp\htdocs\HIMSP\HIMS\Codenignter\system\BaseModel.php(577): CodeIgniter\Model->doFind(true, '1')
#6 C:\xampp\htdocs\HIMSP\HIMS\Codenignter\app\Controllers\imdashController.php(258): CodeIgniter\BaseModel->find('1')
#7 C:\xampp\htdocs\HIMSP\HIMS\Codenignter\system\CodeIgniter.php(941): App\Controllers\imdashController->Requestrepiritems('1')
#8 C:\xampp\htdocs\HIMSP\HIMS\Codenignter\system\CodeIgniter.php(502): CodeIgniter\CodeIgniter->runController(Object(App\Controllers\imdashController))
#9 C:\xampp\htdocs\HIMSP\HIMS\Codenignter\system\CodeIgniter.php(361): CodeIgniter\CodeIgniter->handleRequest(NULL, Object(Config\Cache), false)
#10 C:\xampp\htdocs\HIMSP\HIMS\Codenignter\public\index.php(79): CodeIgniter\CodeIgniter->run()
#11 C:\xampp\htdocs\HIMSP\HIMS\Codenignter\system\Commands\Server\rewrite.php(47): require_once('C:\\xampp\\htdocs...')
#12 {main}
CRITICAL - 2024-04-20 04:24:28 --> CodeIgniter\Database\Exceptions\DatabaseException: Unknown column 'repair_stage.Rs_id' in 'on clause'
in SYSTEMPATH\Database\BaseConnection.php on line 647.
 1 SYSTEMPATH\Database\BaseBuilder.php(1616): CodeIgniter\Database\BaseConnection->query('SELECT *
FROM `repair`
JOIN `items` ON `repair`.`status_id`= `repair_stage`.`Rs_id`
WHERE `repair`.`Re_id` = :repair.Re_id:', [...], false)
 2 SYSTEMPATH\Model.php(199): CodeIgniter\Database\BaseBuilder->get()
 3 SYSTEMPATH\BaseModel.php(577): CodeIgniter\Model->doFind(true, '1')
 4 APPPATH\Controllers\imdashController.php(258): CodeIgniter\BaseModel->find('1')
 5 SYSTEMPATH\CodeIgniter.php(941): App\Controllers\imdashController->Requestrepiritems('1')
 6 SYSTEMPATH\CodeIgniter.php(502): CodeIgniter\CodeIgniter->runController(Object(App\Controllers\imdashController))
 7 SYSTEMPATH\CodeIgniter.php(361): CodeIgniter\CodeIgniter->handleRequest(null, Object(Config\Cache), false)
 8 FCPATH\index.php(79): CodeIgniter\CodeIgniter->run()
 9 SYSTEMPATH\Commands\Server\rewrite.php(47): require_once('C:\\xampp\\htdocs\\HIMSP\\HIMS\\Codenignter\\public\\index.php')
CRITICAL - 2024-04-20 04:24:28 --> [Caused by] CodeIgniter\Database\Exceptions\DatabaseException: Unknown column 'repair_stage.Rs_id' in 'on clause'
in SYSTEMPATH\Database\MySQLi\Connection.php on line 311.
 1 SYSTEMPATH\Database\BaseConnection.php(693): CodeIgniter\Database\MySQLi\Connection->execute('SELECT *
FROM `repair`
JOIN `items` ON `repair`.`status_id`= `repair_stage`.`Rs_id`
WHERE `repair`.`Re_id` = \'1\'')
 2 SYSTEMPATH\Database\BaseConnection.php(607): CodeIgniter\Database\BaseConnection->simpleQuery('SELECT *
FROM `repair`
JOIN `items` ON `repair`.`status_id`= `repair_stage`.`Rs_id`
WHERE `repair`.`Re_id` = \'1\'')
 3 SYSTEMPATH\Database\BaseBuilder.php(1616): CodeIgniter\Database\BaseConnection->query('SELECT *
FROM `repair`
JOIN `items` ON `repair`.`status_id`= `repair_stage`.`Rs_id`
WHERE `repair`.`Re_id` = :repair.Re_id:', [...], false)
 4 SYSTEMPATH\Model.php(199): CodeIgniter\Database\BaseBuilder->get()
 5 SYSTEMPATH\BaseModel.php(577): CodeIgniter\Model->doFind(true, '1')
 6 APPPATH\Controllers\imdashController.php(258): CodeIgniter\BaseModel->find('1')
 7 SYSTEMPATH\CodeIgniter.php(941): App\Controllers\imdashController->Requestrepiritems('1')
 8 SYSTEMPATH\CodeIgniter.php(502): CodeIgniter\CodeIgniter->runController(Object(App\Controllers\imdashController))
 9 SYSTEMPATH\CodeIgniter.php(361): CodeIgniter\CodeIgniter->handleRequest(null, Object(Config\Cache), false)
10 FCPATH\index.php(79): CodeIgniter\CodeIgniter->run()
11 SYSTEMPATH\Commands\Server\rewrite.php(47): require_once('C:\\xampp\\htdocs\\HIMSP\\HIMS\\Codenignter\\public\\index.php')
CRITICAL - 2024-04-20 04:24:28 --> [Caused by] mysqli_sql_exception: Unknown column 'repair_stage.Rs_id' in 'on clause'
in SYSTEMPATH\Database\MySQLi\Connection.php on line 306.
 1 SYSTEMPATH\Database\MySQLi\Connection.php(306): mysqli->query('SELECT *
FROM `repair`
JOIN `items` ON `repair`.`status_id`= `repair_stage`.`Rs_id`
WHERE `repair`.`Re_id` = \'1\'', 0)
 2 SYSTEMPATH\Database\BaseConnection.php(693): CodeIgniter\Database\MySQLi\Connection->execute('SELECT *
FROM `repair`
JOIN `items` ON `repair`.`status_id`= `repair_stage`.`Rs_id`
WHERE `repair`.`Re_id` = \'1\'')
 3 SYSTEMPATH\Database\BaseConnection.php(607): CodeIgniter\Database\BaseConnection->simpleQuery('SELECT *
FROM `repair`
JOIN `items` ON `repair`.`status_id`= `repair_stage`.`Rs_id`
WHERE `repair`.`Re_id` = \'1\'')
 4 SYSTEMPATH\Database\BaseBuilder.php(1616): CodeIgniter\Database\BaseConnection->query('SELECT *
FROM `repair`
JOIN `items` ON `repair`.`status_id`= `repair_stage`.`Rs_id`
WHERE `repair`.`Re_id` = :repair.Re_id:', [...], false)
 5 SYSTEMPATH\Model.php(199): CodeIgniter\Database\BaseBuilder->get()
 6 SYSTEMPATH\BaseModel.php(577): CodeIgniter\Model->doFind(true, '1')
 7 APPPATH\Controllers\imdashController.php(258): CodeIgniter\BaseModel->find('1')
 8 SYSTEMPATH\CodeIgniter.php(941): App\Controllers\imdashController->Requestrepiritems('1')
 9 SYSTEMPATH\CodeIgniter.php(502): CodeIgniter\CodeIgniter->runController(Object(App\Controllers\imdashController))
10 SYSTEMPATH\CodeIgniter.php(361): CodeIgniter\CodeIgniter->handleRequest(null, Object(Config\Cache), false)
11 FCPATH\index.php(79): CodeIgniter\CodeIgniter->run()
12 SYSTEMPATH\Commands\Server\rewrite.php(47): require_once('C:\\xampp\\htdocs\\HIMSP\\HIMS\\Codenignter\\public\\index.php')
ERROR - 2024-04-20 04:24:38 --> mysqli_sql_exception: Unknown column 'repair_stage.Rs_id' in 'on clause' in C:\xampp\htdocs\HIMSP\HIMS\Codenignter\system\Database\MySQLi\Connection.php:306
Stack trace:
#0 C:\xampp\htdocs\HIMSP\HIMS\Codenignter\system\Database\MySQLi\Connection.php(306): mysqli->query('SELECT *\nFROM `...', 0)
#1 C:\xampp\htdocs\HIMSP\HIMS\Codenignter\system\Database\BaseConnection.php(693): CodeIgniter\Database\MySQLi\Connection->execute('SELECT *\nFROM `...')
#2 C:\xampp\htdocs\HIMSP\HIMS\Codenignter\system\Database\BaseConnection.php(607): CodeIgniter\Database\BaseConnection->simpleQuery('SELECT *\nFROM `...')
#3 C:\xampp\htdocs\HIMSP\HIMS\Codenignter\system\Database\BaseBuilder.php(1616): CodeIgniter\Database\BaseConnection->query('SELECT *\nFROM `...', Array, false)
#4 C:\xampp\htdocs\HIMSP\HIMS\Codenignter\system\Model.php(199): CodeIgniter\Database\BaseBuilder->get()
#5 C:\xampp\htdocs\HIMSP\HIMS\Codenignter\system\BaseModel.php(577): CodeIgniter\Model->doFind(true, '1')
#6 C:\xampp\htdocs\HIMSP\HIMS\Codenignter\app\Controllers\imdashController.php(258): CodeIgniter\BaseModel->find('1')
#7 C:\xampp\htdocs\HIMSP\HIMS\Codenignter\system\CodeIgniter.php(941): App\Controllers\imdashController->Requestrepiritems('1')
#8 C:\xampp\htdocs\HIMSP\HIMS\Codenignter\system\CodeIgniter.php(502): CodeIgniter\CodeIgniter->runController(Object(App\Controllers\imdashController))
#9 C:\xampp\htdocs\HIMSP\HIMS\Codenignter\system\CodeIgniter.php(361): CodeIgniter\CodeIgniter->handleRequest(NULL, Object(Config\Cache), false)
#10 C:\xampp\htdocs\HIMSP\HIMS\Codenignter\public\index.php(79): CodeIgniter\CodeIgniter->run()
#11 C:\xampp\htdocs\HIMSP\HIMS\Codenignter\system\Commands\Server\rewrite.php(47): require_once('C:\\xampp\\htdocs...')
#12 {main}
CRITICAL - 2024-04-20 04:24:38 --> CodeIgniter\Database\Exceptions\DatabaseException: Unknown column 'repair_stage.Rs_id' in 'on clause'
in SYSTEMPATH\Database\BaseConnection.php on line 647.
 1 SYSTEMPATH\Database\BaseBuilder.php(1616): CodeIgniter\Database\BaseConnection->query('SELECT *
FROM `repair`
JOIN `items` ON `repair`.`status_id`= `repair_stage`.`Rs_id`
WHERE `repair`.`Re_id` = :repair.Re_id:', [...], false)
 2 SYSTEMPATH\Model.php(199): CodeIgniter\Database\BaseBuilder->get()
 3 SYSTEMPATH\BaseModel.php(577): CodeIgniter\Model->doFind(true, '1')
 4 APPPATH\Controllers\imdashController.php(258): CodeIgniter\BaseModel->find('1')
 5 SYSTEMPATH\CodeIgniter.php(941): App\Controllers\imdashController->Requestrepiritems('1')
 6 SYSTEMPATH\CodeIgniter.php(502): CodeIgniter\CodeIgniter->runController(Object(App\Controllers\imdashController))
 7 SYSTEMPATH\CodeIgniter.php(361): CodeIgniter\CodeIgniter->handleRequest(null, Object(Config\Cache), false)
 8 FCPATH\index.php(79): CodeIgniter\CodeIgniter->run()
 9 SYSTEMPATH\Commands\Server\rewrite.php(47): require_once('C:\\xampp\\htdocs\\HIMSP\\HIMS\\Codenignter\\public\\index.php')
CRITICAL - 2024-04-20 04:24:38 --> [Caused by] CodeIgniter\Database\Exceptions\DatabaseException: Unknown column 'repair_stage.Rs_id' in 'on clause'
in SYSTEMPATH\Database\MySQLi\Connection.php on line 311.
 1 SYSTEMPATH\Database\BaseConnection.php(693): CodeIgniter\Database\MySQLi\Connection->execute('SELECT *
FROM `repair`
JOIN `items` ON `repair`.`status_id`= `repair_stage`.`Rs_id`
WHERE `repair`.`Re_id` = \'1\'')
 2 SYSTEMPATH\Database\BaseConnection.php(607): CodeIgniter\Database\BaseConnection->simpleQuery('SELECT *
FROM `repair`
JOIN `items` ON `repair`.`status_id`= `repair_stage`.`Rs_id`
WHERE `repair`.`Re_id` = \'1\'')
 3 SYSTEMPATH\Database\BaseBuilder.php(1616): CodeIgniter\Database\BaseConnection->query('SELECT *
FROM `repair`
JOIN `items` ON `repair`.`status_id`= `repair_stage`.`Rs_id`
WHERE `repair`.`Re_id` = :repair.Re_id:', [...], false)
 4 SYSTEMPATH\Model.php(199): CodeIgniter\Database\BaseBuilder->get()
 5 SYSTEMPATH\BaseModel.php(577): CodeIgniter\Model->doFind(true, '1')
 6 APPPATH\Controllers\imdashController.php(258): CodeIgniter\BaseModel->find('1')
 7 SYSTEMPATH\CodeIgniter.php(941): App\Controllers\imdashController->Requestrepiritems('1')
 8 SYSTEMPATH\CodeIgniter.php(502): CodeIgniter\CodeIgniter->runController(Object(App\Controllers\imdashController))
 9 SYSTEMPATH\CodeIgniter.php(361): CodeIgniter\CodeIgniter->handleRequest(null, Object(Config\Cache), false)
10 FCPATH\index.php(79): CodeIgniter\CodeIgniter->run()
11 SYSTEMPATH\Commands\Server\rewrite.php(47): require_once('C:\\xampp\\htdocs\\HIMSP\\HIMS\\Codenignter\\public\\index.php')
CRITICAL - 2024-04-20 04:24:38 --> [Caused by] mysqli_sql_exception: Unknown column 'repair_stage.Rs_id' in 'on clause'
in SYSTEMPATH\Database\MySQLi\Connection.php on line 306.
 1 SYSTEMPATH\Database\MySQLi\Connection.php(306): mysqli->query('SELECT *
FROM `repair`
JOIN `items` ON `repair`.`status_id`= `repair_stage`.`Rs_id`
WHERE `repair`.`Re_id` = \'1\'', 0)
 2 SYSTEMPATH\Database\BaseConnection.php(693): CodeIgniter\Database\MySQLi\Connection->execute('SELECT *
FROM `repair`
JOIN `items` ON `repair`.`status_id`= `repair_stage`.`Rs_id`
WHERE `repair`.`Re_id` = \'1\'')
 3 SYSTEMPATH\Database\BaseConnection.php(607): CodeIgniter\Database\BaseConnection->simpleQuery('SELECT *
FROM `repair`
JOIN `items` ON `repair`.`status_id`= `repair_stage`.`Rs_id`
WHERE `repair`.`Re_id` = \'1\'')
 4 SYSTEMPATH\Database\BaseBuilder.php(1616): CodeIgniter\Database\BaseConnection->query('SELECT *
FROM `repair`
JOIN `items` ON `repair`.`status_id`= `repair_stage`.`Rs_id`
WHERE `repair`.`Re_id` = :repair.Re_id:', [...], false)
 5 SYSTEMPATH\Model.php(199): CodeIgniter\Database\BaseBuilder->get()
 6 SYSTEMPATH\BaseModel.php(577): CodeIgniter\Model->doFind(true, '1')
 7 APPPATH\Controllers\imdashController.php(258): CodeIgniter\BaseModel->find('1')
 8 SYSTEMPATH\CodeIgniter.php(941): App\Controllers\imdashController->Requestrepiritems('1')
 9 SYSTEMPATH\CodeIgniter.php(502): CodeIgniter\CodeIgniter->runController(Object(App\Controllers\imdashController))
10 SYSTEMPATH\CodeIgniter.php(361): CodeIgniter\CodeIgniter->handleRequest(null, Object(Config\Cache), false)
11 FCPATH\index.php(79): CodeIgniter\CodeIgniter->run()
12 SYSTEMPATH\Commands\Server\rewrite.php(47): require_once('C:\\xampp\\htdocs\\HIMSP\\HIMS\\Codenignter\\public\\index.php')
CRITICAL - 2024-04-20 04:57:40 --> Error: Object of class App\Models\RepairstageModel could not be converted to string
in APPPATH\Controllers\imdashController.php on line 262.
 1 SYSTEMPATH\CodeIgniter.php(941): App\Controllers\imdashController->Requestrepiritems('1')
 2 SYSTEMPATH\CodeIgniter.php(502): CodeIgniter\CodeIgniter->runController(Object(App\Controllers\imdashController))
 3 SYSTEMPATH\CodeIgniter.php(361): CodeIgniter\CodeIgniter->handleRequest(null, Object(Config\Cache), false)
 4 FCPATH\index.php(79): CodeIgniter\CodeIgniter->run()
 5 SYSTEMPATH\Commands\Server\rewrite.php(47): require_once('C:\\xampp\\htdocs\\HIMSP\\HIMS\\Codenignter\\public\\index.php')
CRITICAL - 2024-04-20 04:58:11 --> Error: Object of class App\Models\RepairstageModel could not be converted to string
in APPPATH\Controllers\imdashController.php on line 262.
 1 SYSTEMPATH\CodeIgniter.php(941): App\Controllers\imdashController->Requestrepiritems('1')
 2 SYSTEMPATH\CodeIgniter.php(502): CodeIgniter\CodeIgniter->runController(Object(App\Controllers\imdashController))
 3 SYSTEMPATH\CodeIgniter.php(361): CodeIgniter\CodeIgniter->handleRequest(null, Object(Config\Cache), false)
 4 FCPATH\index.php(79): CodeIgniter\CodeIgniter->run()
 5 SYSTEMPATH\Commands\Server\rewrite.php(47): require_once('C:\\xampp\\htdocs\\HIMSP\\HIMS\\Codenignter\\public\\index.php')
CRITICAL - 2024-04-20 05:05:56 --> ErrorException: Undefined property: App\Controllers\imdashController::$repairstage
in APPPATH\Controllers\imdashController.php on line 262.
 1 APPPATH\Controllers\imdashController.php(262): CodeIgniter\Debug\Exceptions->errorHandler(2, 'Undefined property: App\\Controllers\\imdashController::$repairstage', 'C:\\xampp\\htdocs\\HIMSP\\HIMS\\Codenignter\\app\\Controllers\\imdashController.php', 262)
 2 SYSTEMPATH\CodeIgniter.php(941): App\Controllers\imdashController->Requestrepiritems('1')
 3 SYSTEMPATH\CodeIgniter.php(502): CodeIgniter\CodeIgniter->runController(Object(App\Controllers\imdashController))
 4 SYSTEMPATH\CodeIgniter.php(361): CodeIgniter\CodeIgniter->handleRequest(null, Object(Config\Cache), false)
 5 FCPATH\index.php(79): CodeIgniter\CodeIgniter->run()
 6 SYSTEMPATH\Commands\Server\rewrite.php(47): require_once('C:\\xampp\\htdocs\\HIMSP\\HIMS\\Codenignter\\public\\index.php')
CRITICAL - 2024-04-20 05:06:08 --> Error: Object of class App\Models\RepairstageModel could not be converted to string
in APPPATH\Controllers\imdashController.php on line 262.
 1 SYSTEMPATH\CodeIgniter.php(941): App\Controllers\imdashController->Requestrepiritems('1')
 2 SYSTEMPATH\CodeIgniter.php(502): CodeIgniter\CodeIgniter->runController(Object(App\Controllers\imdashController))
 3 SYSTEMPATH\CodeIgniter.php(361): CodeIgniter\CodeIgniter->handleRequest(null, Object(Config\Cache), false)
 4 FCPATH\index.php(79): CodeIgniter\CodeIgniter->run()
 5 SYSTEMPATH\Commands\Server\rewrite.php(47): require_once('C:\\xampp\\htdocs\\HIMSP\\HIMS\\Codenignter\\public\\index.php')
CRITICAL - 2024-04-20 05:06:09 --> Error: Object of class App\Models\RepairstageModel could not be converted to string
in APPPATH\Controllers\imdashController.php on line 262.
 1 SYSTEMPATH\CodeIgniter.php(941): App\Controllers\imdashController->Requestrepiritems('1')
 2 SYSTEMPATH\CodeIgniter.php(502): CodeIgniter\CodeIgniter->runController(Object(App\Controllers\imdashController))
 3 SYSTEMPATH\CodeIgniter.php(361): CodeIgniter\CodeIgniter->handleRequest(null, Object(Config\Cache), false)
 4 FCPATH\index.php(79): CodeIgniter\CodeIgniter->run()
 5 SYSTEMPATH\Commands\Server\rewrite.php(47): require_once('C:\\xampp\\htdocs\\HIMSP\\HIMS\\Codenignter\\public\\index.php')
CRITICAL - 2024-04-20 05:06:09 --> Error: Object of class App\Models\RepairstageModel could not be converted to string
in APPPATH\Controllers\imdashController.php on line 262.
 1 SYSTEMPATH\CodeIgniter.php(941): App\Controllers\imdashController->Requestrepiritems('1')
 2 SYSTEMPATH\CodeIgniter.php(502): CodeIgniter\CodeIgniter->runController(Object(App\Controllers\imdashController))
 3 SYSTEMPATH\CodeIgniter.php(361): CodeIgniter\CodeIgniter->handleRequest(null, Object(Config\Cache), false)
 4 FCPATH\index.php(79): CodeIgniter\CodeIgniter->run()
 5 SYSTEMPATH\Commands\Server\rewrite.php(47): require_once('C:\\xampp\\htdocs\\HIMSP\\HIMS\\Codenignter\\public\\index.php')
CRITICAL - 2024-04-20 05:16:06 --> ErrorException: Attempt to read property "Username" on null
in APPPATH\Views\Layout\header.php on line 172.
 1 APPPATH\Views\Layout\header.php(172): CodeIgniter\Debug\Exceptions->errorHandler(2, 'Attempt to read property "Username" on null', 'C:\\xampp\\htdocs\\HIMSP\\HIMS\\Codenignter\\app\\Views\\Layout\\header.php', 172)
 2 SYSTEMPATH\View\View.php(228): include('C:\\xampp\\htdocs\\HIMSP\\HIMS\\Codenignter\\app\\Views\\Layout\\header.php')
 3 SYSTEMPATH\View\View.php(231): CodeIgniter\View\View->CodeIgniter\View\{closure}()
 4 SYSTEMPATH\View\View.php(469): CodeIgniter\View\View->render('Layout/header.php', null, true)
 5 APPPATH\Views\dashboard.php(35): CodeIgniter\View\View->include('Layout/header.php')
 6 SYSTEMPATH\View\View.php(228): include('C:\\xampp\\htdocs\\HIMSP\\HIMS\\Codenignter\\app\\Views\\dashboard.php')
 7 SYSTEMPATH\View\View.php(231): CodeIgniter\View\View->CodeIgniter\View\{closure}()
 8 SYSTEMPATH\Common.php(1178): CodeIgniter\View\View->render('dashboard.php', [], true)
 9 APPPATH\Controllers\imdashController.php(52): view('dashboard.php', [...])
10 SYSTEMPATH\CodeIgniter.php(941): App\Controllers\imdashController->index()
11 SYSTEMPATH\CodeIgniter.php(502): CodeIgniter\CodeIgniter->runController(Object(App\Controllers\imdashController))
12 SYSTEMPATH\CodeIgniter.php(361): CodeIgniter\CodeIgniter->handleRequest(null, Object(Config\Cache), false)
13 FCPATH\index.php(79): CodeIgniter\CodeIgniter->run()
14 SYSTEMPATH\Commands\Server\rewrite.php(47): require_once('C:\\xampp\\htdocs\\HIMSP\\HIMS\\Codenignter\\public\\index.php')
