ERROR - 2024-05-06 21:46:23 --> Error connecting to the database: mysqli_sql_exception: No connection could be made because the target machine actively refused it in C:\xampp\htdocs\HIMSP\HIMS\Codenignter\system\Database\MySQLi\Connection.php:184
Stack trace:
#0 C:\xampp\htdocs\HIMSP\HIMS\Codenignter\system\Database\MySQLi\Connection.php(184): mysqli->real_connect('localhost', 'root', Object(SensitiveParameterValue), 'hims', 3306, '', 0)
#1 C:\xampp\htdocs\HIMSP\HIMS\Codenignter\system\Database\BaseConnection.php(392): CodeIgniter\Database\MySQLi\Connection->connect(false)
#2 C:\xampp\htdocs\HIMSP\HIMS\Codenignter\system\Database\BaseConnection.php(575): CodeIgniter\Database\BaseConnection->initialize()
#3 C:\xampp\htdocs\HIMSP\HIMS\Codenignter\system\Database\BaseBuilder.php(1616): CodeIgniter\Database\BaseConnection->query('SELECT `User_id...', Array, false)
#4 C:\xampp\htdocs\HIMSP\HIMS\Codenignter\app\Models\UserModel.php(28): CodeIgniter\Database\BaseBuilder->get()
#5 C:\xampp\htdocs\HIMSP\HIMS\Codenignter\app\Controllers\LoginController.php(33): App\Models\UserModel->verifyEmail('demop@gmail.com')
#6 C:\xampp\htdocs\HIMSP\HIMS\Codenignter\system\CodeIgniter.php(941): App\Controllers\LoginController->index()
#7 C:\xampp\htdocs\HIMSP\HIMS\Codenignter\system\CodeIgniter.php(502): CodeIgniter\CodeIgniter->runController(Object(App\Controllers\LoginController))
#8 C:\xampp\htdocs\HIMSP\HIMS\Codenignter\system\CodeIgniter.php(361): CodeIgniter\CodeIgniter->handleRequest(NULL, Object(Config\Cache), false)
#9 C:\xampp\htdocs\HIMSP\HIMS\Codenignter\public\index.php(79): CodeIgniter\CodeIgniter->run()
#10 C:\xampp\htdocs\HIMSP\HIMS\Codenignter\system\Commands\Server\rewrite.php(47): require_once('C:\\xampp\\htdocs...')
#11 {main}

Next CodeIgniter\Database\Exceptions\DatabaseException: No connection could be made because the target machine actively refused it in C:\xampp\htdocs\HIMSP\HIMS\Codenignter\system\Database\MySQLi\Connection.php:229
Stack trace:
#0 C:\xampp\htdocs\HIMSP\HIMS\Codenignter\system\Database\BaseConnection.php(392): CodeIgniter\Database\MySQLi\Connection->connect(false)
#1 C:\xampp\htdocs\HIMSP\HIMS\Codenignter\system\Database\BaseConnection.php(575): CodeIgniter\Database\BaseConnection->initialize()
#2 C:\xampp\htdocs\HIMSP\HIMS\Codenignter\system\Database\BaseBuilder.php(1616): CodeIgniter\Database\BaseConnection->query('SELECT `User_id...', Array, false)
#3 C:\xampp\htdocs\HIMSP\HIMS\Codenignter\app\Models\UserModel.php(28): CodeIgniter\Database\BaseBuilder->get()
#4 C:\xampp\htdocs\HIMSP\HIMS\Codenignter\app\Controllers\LoginController.php(33): App\Models\UserModel->verifyEmail('demop@gmail.com')
#5 C:\xampp\htdocs\HIMSP\HIMS\Codenignter\system\CodeIgniter.php(941): App\Controllers\LoginController->index()
#6 C:\xampp\htdocs\HIMSP\HIMS\Codenignter\system\CodeIgniter.php(502): CodeIgniter\CodeIgniter->runController(Object(App\Controllers\LoginController))
#7 C:\xampp\htdocs\HIMSP\HIMS\Codenignter\system\CodeIgniter.php(361): CodeIgniter\CodeIgniter->handleRequest(NULL, Object(Config\Cache), false)
#8 C:\xampp\htdocs\HIMSP\HIMS\Codenignter\public\index.php(79): CodeIgniter\CodeIgniter->run()
#9 C:\xampp\htdocs\HIMSP\HIMS\Codenignter\system\Commands\Server\rewrite.php(47): require_once('C:\\xampp\\htdocs...')
#10 {main}
CRITICAL - 2024-05-06 21:46:23 --> CodeIgniter\Database\Exceptions\DatabaseException: Unable to connect to the database.
Main connection [MySQLi]: No connection could be made because the target machine actively refused it
in SYSTEMPATH\Database\BaseConnection.php on line 428.
 1 SYSTEMPATH\Database\BaseConnection.php(575): CodeIgniter\Database\BaseConnection->initialize()
 2 SYSTEMPATH\Database\BaseBuilder.php(1616): CodeIgniter\Database\BaseConnection->query('SELECT `User_id`, `Username`, `Password`, `usergroup_id`
FROM `user`
WHERE `Email` = :Email:', [...], false)
 3 APPPATH\Models\UserModel.php(28): CodeIgniter\Database\BaseBuilder->get()
 4 APPPATH\Controllers\LoginController.php(33): App\Models\UserModel->verifyEmail('demop@gmail.com')
 5 SYSTEMPATH\CodeIgniter.php(941): App\Controllers\LoginController->index()
 6 SYSTEMPATH\CodeIgniter.php(502): CodeIgniter\CodeIgniter->runController(Object(App\Controllers\LoginController))
 7 SYSTEMPATH\CodeIgniter.php(361): CodeIgniter\CodeIgniter->handleRequest(null, Object(Config\Cache), false)
 8 FCPATH\index.php(79): CodeIgniter\CodeIgniter->run()
 9 SYSTEMPATH\Commands\Server\rewrite.php(47): require_once('C:\\xampp\\htdocs\\HIMSP\\HIMS\\Codenignter\\public\\index.php')
