CRITICAL - 2024-04-27 18:20:03 --> ErrorException: Undefined variable $categories
in APPPATH\Views\iManger\Purchmentorderview.php on line 16.
 1 APPPATH\Views\iManger\Purchmentorderview.php(16): CodeIgniter\Debug\Exceptions->errorHandler(2, 'Undefined variable $categories', 'C:\\xampp\\htdocs\\HIMSP\\HIMS\\Codenignter\\app\\Views\\iManger\\Purchmentorderview.php', 16)
 2 SYSTEMPATH\View\View.php(228): include('C:\\xampp\\htdocs\\HIMSP\\HIMS\\Codenignter\\app\\Views\\iManger\\Purchmentorderview.php')
 3 SYSTEMPATH\View\View.php(231): CodeIgniter\View\View->CodeIgniter\View\{closure}()
 4 SYSTEMPATH\Common.php(1178): CodeIgniter\View\View->render('iManger/Purchmentorderview', [], true)
 5 APPPATH\Controllers\imdashController.php(345): view('iManger/Purchmentorderview', [...])
 6 SYSTEMPATH\CodeIgniter.php(941): App\Controllers\imdashController->Purchmentorder()
 7 SYSTEMPATH\CodeIgniter.php(502): CodeIgniter\CodeIgniter->runController(Object(App\Controllers\imdashController))
 8 SYSTEMPATH\CodeIgniter.php(361): CodeIgniter\CodeIgniter->handleRequest(null, Object(Config\Cache), false)
 9 FCPATH\index.php(79): CodeIgniter\CodeIgniter->run()
10 SYSTEMPATH\Commands\Server\rewrite.php(47): require_once('C:\\xampp\\htdocs\\HIMSP\\HIMS\\Codenignter\\public\\index.php')
CRITICAL - 2024-04-27 18:22:35 --> ErrorException: Undefined variable $categories
in APPPATH\Views\iManger\Purchmentorderview.php on line 16.
 1 APPPATH\Views\iManger\Purchmentorderview.php(16): CodeIgniter\Debug\Exceptions->errorHandler(2, 'Undefined variable $categories', 'C:\\xampp\\htdocs\\HIMSP\\HIMS\\Codenignter\\app\\Views\\iManger\\Purchmentorderview.php', 16)
 2 SYSTEMPATH\View\View.php(228): include('C:\\xampp\\htdocs\\HIMSP\\HIMS\\Codenignter\\app\\Views\\iManger\\Purchmentorderview.php')
 3 SYSTEMPATH\View\View.php(231): CodeIgniter\View\View->CodeIgniter\View\{closure}()
 4 SYSTEMPATH\Common.php(1178): CodeIgniter\View\View->render('iManger/Purchmentorderview', [], true)
 5 APPPATH\Controllers\imdashController.php(345): view('iManger/Purchmentorderview', [...])
 6 SYSTEMPATH\CodeIgniter.php(941): App\Controllers\imdashController->Purchmentorder()
 7 SYSTEMPATH\CodeIgniter.php(502): CodeIgniter\CodeIgniter->runController(Object(App\Controllers\imdashController))
 8 SYSTEMPATH\CodeIgniter.php(361): CodeIgniter\CodeIgniter->handleRequest(null, Object(Config\Cache), false)
 9 FCPATH\index.php(79): CodeIgniter\CodeIgniter->run()
10 SYSTEMPATH\Commands\Server\rewrite.php(47): require_once('C:\\xampp\\htdocs\\HIMSP\\HIMS\\Codenignter\\public\\index.php')
CRITICAL - 2024-04-27 18:46:24 --> CodeIgniter\View\Exceptions\ViewException: Invalid file: "Layout/footer.php"
in SYSTEMPATH\Exceptions\FrameworkException.php on line 39.
 1 SYSTEMPATH\View\View.php(216): CodeIgniter\Exceptions\FrameworkException::forInvalidFile('Layout/footer.php')
 2 SYSTEMPATH\View\View.php(469): CodeIgniter\View\View->render('Layout/footer.php', null, true)
 3 APPPATH\Views\iManger\Purchmentorderview.php(14): CodeIgniter\View\View->include('Layout/footer.php')
 4 SYSTEMPATH\View\View.php(228): include('C:\\xampp\\htdocs\\HIMSP\\HIMS\\Codenignter\\app\\Views\\iManger\\Purchmentorderview.php')
 5 SYSTEMPATH\View\View.php(231): CodeIgniter\View\View->CodeIgniter\View\{closure}()
 6 SYSTEMPATH\Common.php(1178): CodeIgniter\View\View->render('iManger/Purchmentorderview', [], true)
 7 APPPATH\Controllers\imdashController.php(345): view('iManger/Purchmentorderview', [...])
 8 SYSTEMPATH\CodeIgniter.php(941): App\Controllers\imdashController->Purchmentorder()
 9 SYSTEMPATH\CodeIgniter.php(502): CodeIgniter\CodeIgniter->runController(Object(App\Controllers\imdashController))
10 SYSTEMPATH\CodeIgniter.php(361): CodeIgniter\CodeIgniter->handleRequest(null, Object(Config\Cache), false)
11 FCPATH\index.php(79): CodeIgniter\CodeIgniter->run()
12 SYSTEMPATH\Commands\Server\rewrite.php(47): require_once('C:\\xampp\\htdocs\\HIMSP\\HIMS\\Codenignter\\public\\index.php')
CRITICAL - 2024-04-27 18:52:16 --> CodeIgniter\View\Exceptions\ViewException: Invalid file: "Layout/footer.php"
in SYSTEMPATH\Exceptions\FrameworkException.php on line 39.
 1 SYSTEMPATH\View\View.php(216): CodeIgniter\Exceptions\FrameworkException::forInvalidFile('Layout/footer.php')
 2 SYSTEMPATH\View\View.php(469): CodeIgniter\View\View->render('Layout/footer.php', null, true)
 3 APPPATH\Views\iManger\Purchmentorderview.php(14): CodeIgniter\View\View->include('Layout/footer.php')
 4 SYSTEMPATH\View\View.php(228): include('C:\\xampp\\htdocs\\HIMSP\\HIMS\\Codenignter\\app\\Views\\iManger\\Purchmentorderview.php')
 5 SYSTEMPATH\View\View.php(231): CodeIgniter\View\View->CodeIgniter\View\{closure}()
 6 SYSTEMPATH\Common.php(1178): CodeIgniter\View\View->render('iManger/Purchmentorderview', [], true)
 7 APPPATH\Controllers\imdashController.php(352): view('iManger/Purchmentorderview', [...])
 8 SYSTEMPATH\CodeIgniter.php(941): App\Controllers\imdashController->Purchmentorder()
 9 SYSTEMPATH\CodeIgniter.php(502): CodeIgniter\CodeIgniter->runController(Object(App\Controllers\imdashController))
10 SYSTEMPATH\CodeIgniter.php(361): CodeIgniter\CodeIgniter->handleRequest(null, Object(Config\Cache), false)
11 FCPATH\index.php(79): CodeIgniter\CodeIgniter->run()
12 SYSTEMPATH\Commands\Server\rewrite.php(47): require_once('C:\\xampp\\htdocs\\HIMSP\\HIMS\\Codenignter\\public\\index.php')
CRITICAL - 2024-04-27 18:53:57 --> CodeIgniter\View\Exceptions\ViewException: Invalid file: "Layout/footer.php"
in SYSTEMPATH\Exceptions\FrameworkException.php on line 39.
 1 SYSTEMPATH\View\View.php(216): CodeIgniter\Exceptions\FrameworkException::forInvalidFile('Layout/footer.php')
 2 SYSTEMPATH\View\View.php(469): CodeIgniter\View\View->render('Layout/footer.php', null, true)
 3 APPPATH\Views\iManger\Purchmentorderview.php(14): CodeIgniter\View\View->include('Layout/footer.php')
 4 SYSTEMPATH\View\View.php(228): include('C:\\xampp\\htdocs\\HIMSP\\HIMS\\Codenignter\\app\\Views\\iManger\\Purchmentorderview.php')
 5 SYSTEMPATH\View\View.php(231): CodeIgniter\View\View->CodeIgniter\View\{closure}()
 6 SYSTEMPATH\Common.php(1178): CodeIgniter\View\View->render('iManger/Purchmentorderview', [], true)
 7 APPPATH\Controllers\imdashController.php(352): view('iManger/Purchmentorderview', [...])
 8 SYSTEMPATH\CodeIgniter.php(941): App\Controllers\imdashController->Purchmentorder()
 9 SYSTEMPATH\CodeIgniter.php(502): CodeIgniter\CodeIgniter->runController(Object(App\Controllers\imdashController))
10 SYSTEMPATH\CodeIgniter.php(361): CodeIgniter\CodeIgniter->handleRequest(null, Object(Config\Cache), false)
11 FCPATH\index.php(79): CodeIgniter\CodeIgniter->run()
12 SYSTEMPATH\Commands\Server\rewrite.php(47): require_once('C:\\xampp\\htdocs\\HIMSP\\HIMS\\Codenignter\\public\\index.php')
CRITICAL - 2024-04-27 18:54:55 --> CodeIgniter\View\Exceptions\ViewException: Invalid file: "Layout/footer.php"
in SYSTEMPATH\Exceptions\FrameworkException.php on line 39.
 1 SYSTEMPATH\View\View.php(216): CodeIgniter\Exceptions\FrameworkException::forInvalidFile('Layout/footer.php')
 2 SYSTEMPATH\View\View.php(469): CodeIgniter\View\View->render('Layout/footer.php', null, true)
 3 APPPATH\Views\iManger\Purchmentorderview.php(14): CodeIgniter\View\View->include('Layout/footer.php')
 4 SYSTEMPATH\View\View.php(228): include('C:\\xampp\\htdocs\\HIMSP\\HIMS\\Codenignter\\app\\Views\\iManger\\Purchmentorderview.php')
 5 SYSTEMPATH\View\View.php(231): CodeIgniter\View\View->CodeIgniter\View\{closure}()
 6 SYSTEMPATH\Common.php(1178): CodeIgniter\View\View->render('iManger/Purchmentorderview', [], true)
 7 APPPATH\Controllers\imdashController.php(352): view('iManger/Purchmentorderview', [...])
 8 SYSTEMPATH\CodeIgniter.php(941): App\Controllers\imdashController->Purchmentorder()
 9 SYSTEMPATH\CodeIgniter.php(502): CodeIgniter\CodeIgniter->runController(Object(App\Controllers\imdashController))
10 SYSTEMPATH\CodeIgniter.php(361): CodeIgniter\CodeIgniter->handleRequest(null, Object(Config\Cache), false)
11 FCPATH\index.php(79): CodeIgniter\CodeIgniter->run()
12 SYSTEMPATH\Commands\Server\rewrite.php(47): require_once('C:\\xampp\\htdocs\\HIMSP\\HIMS\\Codenignter\\public\\index.php')
CRITICAL - 2024-04-27 18:54:59 --> CodeIgniter\View\Exceptions\ViewException: Invalid file: "Layout/footer.php"
in SYSTEMPATH\Exceptions\FrameworkException.php on line 39.
 1 SYSTEMPATH\View\View.php(216): CodeIgniter\Exceptions\FrameworkException::forInvalidFile('Layout/footer.php')
 2 SYSTEMPATH\View\View.php(469): CodeIgniter\View\View->render('Layout/footer.php', null, true)
 3 APPPATH\Views\iManger\Purchmentorderview.php(14): CodeIgniter\View\View->include('Layout/footer.php')
 4 SYSTEMPATH\View\View.php(228): include('C:\\xampp\\htdocs\\HIMSP\\HIMS\\Codenignter\\app\\Views\\iManger\\Purchmentorderview.php')
 5 SYSTEMPATH\View\View.php(231): CodeIgniter\View\View->CodeIgniter\View\{closure}()
 6 SYSTEMPATH\Common.php(1178): CodeIgniter\View\View->render('iManger/Purchmentorderview', [], true)
 7 APPPATH\Controllers\imdashController.php(352): view('iManger/Purchmentorderview', [...])
 8 SYSTEMPATH\CodeIgniter.php(941): App\Controllers\imdashController->Purchmentorder()
 9 SYSTEMPATH\CodeIgniter.php(502): CodeIgniter\CodeIgniter->runController(Object(App\Controllers\imdashController))
10 SYSTEMPATH\CodeIgniter.php(361): CodeIgniter\CodeIgniter->handleRequest(null, Object(Config\Cache), false)
11 FCPATH\index.php(79): CodeIgniter\CodeIgniter->run()
12 SYSTEMPATH\Commands\Server\rewrite.php(47): require_once('C:\\xampp\\htdocs\\HIMSP\\HIMS\\Codenignter\\public\\index.php')
CRITICAL - 2024-04-27 18:58:52 --> CodeIgniter\View\Exceptions\ViewException: Invalid file: "Layout/footer.php"
in SYSTEMPATH\Exceptions\FrameworkException.php on line 39.
 1 SYSTEMPATH\View\View.php(216): CodeIgniter\Exceptions\FrameworkException::forInvalidFile('Layout/footer.php')
 2 SYSTEMPATH\View\View.php(469): CodeIgniter\View\View->render('Layout/footer.php', null, true)
 3 APPPATH\Views\iManger\Purchmentorderview.php(14): CodeIgniter\View\View->include('Layout/footer.php')
 4 SYSTEMPATH\View\View.php(228): include('C:\\xampp\\htdocs\\HIMSP\\HIMS\\Codenignter\\app\\Views\\iManger\\Purchmentorderview.php')
 5 SYSTEMPATH\View\View.php(231): CodeIgniter\View\View->CodeIgniter\View\{closure}()
 6 SYSTEMPATH\Common.php(1178): CodeIgniter\View\View->render('iManger/Purchmentorderview', [], true)
 7 APPPATH\Controllers\imdashController.php(352): view('iManger/Purchmentorderview', [...])
 8 SYSTEMPATH\CodeIgniter.php(941): App\Controllers\imdashController->Purchmentorder()
 9 SYSTEMPATH\CodeIgniter.php(502): CodeIgniter\CodeIgniter->runController(Object(App\Controllers\imdashController))
10 SYSTEMPATH\CodeIgniter.php(361): CodeIgniter\CodeIgniter->handleRequest(null, Object(Config\Cache), false)
11 FCPATH\index.php(79): CodeIgniter\CodeIgniter->run()
12 SYSTEMPATH\Commands\Server\rewrite.php(47): require_once('C:\\xampp\\htdocs\\HIMSP\\HIMS\\Codenignter\\public\\index.php')
CRITICAL - 2024-04-27 18:59:04 --> CodeIgniter\View\Exceptions\ViewException: Invalid file: "Layout/footer.php"
in SYSTEMPATH\Exceptions\FrameworkException.php on line 39.
 1 SYSTEMPATH\View\View.php(216): CodeIgniter\Exceptions\FrameworkException::forInvalidFile('Layout/footer.php')
 2 SYSTEMPATH\View\View.php(469): CodeIgniter\View\View->render('Layout/footer.php', null, true)
 3 APPPATH\Views\iManger\Purchmentorderview.php(14): CodeIgniter\View\View->include('Layout/footer.php')
 4 SYSTEMPATH\View\View.php(228): include('C:\\xampp\\htdocs\\HIMSP\\HIMS\\Codenignter\\app\\Views\\iManger\\Purchmentorderview.php')
 5 SYSTEMPATH\View\View.php(231): CodeIgniter\View\View->CodeIgniter\View\{closure}()
 6 SYSTEMPATH\Common.php(1178): CodeIgniter\View\View->render('iManger/Purchmentorderview', [], true)
 7 APPPATH\Controllers\imdashController.php(352): view('iManger/Purchmentorderview', [...])
 8 SYSTEMPATH\CodeIgniter.php(941): App\Controllers\imdashController->Purchmentorder()
 9 SYSTEMPATH\CodeIgniter.php(502): CodeIgniter\CodeIgniter->runController(Object(App\Controllers\imdashController))
10 SYSTEMPATH\CodeIgniter.php(361): CodeIgniter\CodeIgniter->handleRequest(null, Object(Config\Cache), false)
11 FCPATH\index.php(79): CodeIgniter\CodeIgniter->run()
12 SYSTEMPATH\Commands\Server\rewrite.php(47): require_once('C:\\xampp\\htdocs\\HIMSP\\HIMS\\Codenignter\\public\\index.php')
CRITICAL - 2024-04-27 18:59:12 --> CodeIgniter\View\Exceptions\ViewException: Invalid file: "Layout/footer.php"
in SYSTEMPATH\Exceptions\FrameworkException.php on line 39.
 1 SYSTEMPATH\View\View.php(216): CodeIgniter\Exceptions\FrameworkException::forInvalidFile('Layout/footer.php')
 2 SYSTEMPATH\View\View.php(469): CodeIgniter\View\View->render('Layout/footer.php', null, true)
 3 APPPATH\Views\iManger\Purchmentorderview.php(14): CodeIgniter\View\View->include('Layout/footer.php')
 4 SYSTEMPATH\View\View.php(228): include('C:\\xampp\\htdocs\\HIMSP\\HIMS\\Codenignter\\app\\Views\\iManger\\Purchmentorderview.php')
 5 SYSTEMPATH\View\View.php(231): CodeIgniter\View\View->CodeIgniter\View\{closure}()
 6 SYSTEMPATH\Common.php(1178): CodeIgniter\View\View->render('iManger/Purchmentorderview', [], true)
 7 APPPATH\Controllers\imdashController.php(352): view('iManger/Purchmentorderview', [...])
 8 SYSTEMPATH\CodeIgniter.php(941): App\Controllers\imdashController->Purchmentorder()
 9 SYSTEMPATH\CodeIgniter.php(502): CodeIgniter\CodeIgniter->runController(Object(App\Controllers\imdashController))
10 SYSTEMPATH\CodeIgniter.php(361): CodeIgniter\CodeIgniter->handleRequest(null, Object(Config\Cache), false)
11 FCPATH\index.php(79): CodeIgniter\CodeIgniter->run()
12 SYSTEMPATH\Commands\Server\rewrite.php(47): require_once('C:\\xampp\\htdocs\\HIMSP\\HIMS\\Codenignter\\public\\index.php')
CRITICAL - 2024-04-27 19:00:12 --> CodeIgniter\View\Exceptions\ViewException: Invalid file: "Layout/footer.php"
in SYSTEMPATH\Exceptions\FrameworkException.php on line 39.
 1 SYSTEMPATH\View\View.php(216): CodeIgniter\Exceptions\FrameworkException::forInvalidFile('Layout/footer.php')
 2 SYSTEMPATH\View\View.php(469): CodeIgniter\View\View->render('Layout/footer.php', null, true)
 3 APPPATH\Views\iManger\Purchmentorderview.php(14): CodeIgniter\View\View->include('Layout/footer.php')
 4 SYSTEMPATH\View\View.php(228): include('C:\\xampp\\htdocs\\HIMSP\\HIMS\\Codenignter\\app\\Views\\iManger\\Purchmentorderview.php')
 5 SYSTEMPATH\View\View.php(231): CodeIgniter\View\View->CodeIgniter\View\{closure}()
 6 SYSTEMPATH\Common.php(1178): CodeIgniter\View\View->render('iManger/Purchmentorderview', [], true)
 7 APPPATH\Controllers\imdashController.php(351): view('iManger/Purchmentorderview', [...])
 8 SYSTEMPATH\CodeIgniter.php(941): App\Controllers\imdashController->Purchmentorder()
 9 SYSTEMPATH\CodeIgniter.php(502): CodeIgniter\CodeIgniter->runController(Object(App\Controllers\imdashController))
10 SYSTEMPATH\CodeIgniter.php(361): CodeIgniter\CodeIgniter->handleRequest(null, Object(Config\Cache), false)
11 FCPATH\index.php(79): CodeIgniter\CodeIgniter->run()
12 SYSTEMPATH\Commands\Server\rewrite.php(47): require_once('C:\\xampp\\htdocs\\HIMSP\\HIMS\\Codenignter\\public\\index.php')
CRITICAL - 2024-04-27 19:02:06 --> CodeIgniter\View\Exceptions\ViewException: Invalid file: "Layout/footer.php"
in SYSTEMPATH\Exceptions\FrameworkException.php on line 39.
 1 SYSTEMPATH\View\View.php(216): CodeIgniter\Exceptions\FrameworkException::forInvalidFile('Layout/footer.php')
 2 SYSTEMPATH\View\View.php(469): CodeIgniter\View\View->render('Layout/footer.php', null, true)
 3 APPPATH\Views\iManger\Purchmentorderview.php(14): CodeIgniter\View\View->include('Layout/footer.php')
 4 SYSTEMPATH\View\View.php(228): include('C:\\xampp\\htdocs\\HIMSP\\HIMS\\Codenignter\\app\\Views\\iManger\\Purchmentorderview.php')
 5 SYSTEMPATH\View\View.php(231): CodeIgniter\View\View->CodeIgniter\View\{closure}()
 6 SYSTEMPATH\Common.php(1178): CodeIgniter\View\View->render('iManger/Purchmentorderview', [], true)
 7 APPPATH\Controllers\imdashController.php(348): view('iManger/Purchmentorderview', [...])
 8 SYSTEMPATH\CodeIgniter.php(941): App\Controllers\imdashController->Purchmentorder()
 9 SYSTEMPATH\CodeIgniter.php(502): CodeIgniter\CodeIgniter->runController(Object(App\Controllers\imdashController))
10 SYSTEMPATH\CodeIgniter.php(361): CodeIgniter\CodeIgniter->handleRequest(null, Object(Config\Cache), false)
11 FCPATH\index.php(79): CodeIgniter\CodeIgniter->run()
12 SYSTEMPATH\Commands\Server\rewrite.php(47): require_once('C:\\xampp\\htdocs\\HIMSP\\HIMS\\Codenignter\\public\\index.php')
CRITICAL - 2024-04-27 19:02:22 --> CodeIgniter\View\Exceptions\ViewException: Invalid file: "Layout/footer.php"
in SYSTEMPATH\Exceptions\FrameworkException.php on line 39.
 1 SYSTEMPATH\View\View.php(216): CodeIgniter\Exceptions\FrameworkException::forInvalidFile('Layout/footer.php')
 2 SYSTEMPATH\View\View.php(469): CodeIgniter\View\View->render('Layout/footer.php', null, true)
 3 APPPATH\Views\iManger\Purchmentorderview.php(14): CodeIgniter\View\View->include('Layout/footer.php')
 4 SYSTEMPATH\View\View.php(228): include('C:\\xampp\\htdocs\\HIMSP\\HIMS\\Codenignter\\app\\Views\\iManger\\Purchmentorderview.php')
 5 SYSTEMPATH\View\View.php(231): CodeIgniter\View\View->CodeIgniter\View\{closure}()
 6 SYSTEMPATH\Common.php(1178): CodeIgniter\View\View->render('iManger/Purchmentorderview', [], true)
 7 APPPATH\Controllers\imdashController.php(348): view('iManger/Purchmentorderview', [...])
 8 SYSTEMPATH\CodeIgniter.php(941): App\Controllers\imdashController->Purchmentorder()
 9 SYSTEMPATH\CodeIgniter.php(502): CodeIgniter\CodeIgniter->runController(Object(App\Controllers\imdashController))
10 SYSTEMPATH\CodeIgniter.php(361): CodeIgniter\CodeIgniter->handleRequest(null, Object(Config\Cache), false)
11 FCPATH\index.php(79): CodeIgniter\CodeIgniter->run()
12 SYSTEMPATH\Commands\Server\rewrite.php(47): require_once('C:\\xampp\\htdocs\\HIMSP\\HIMS\\Codenignter\\public\\index.php')
CRITICAL - 2024-04-27 19:02:33 --> CodeIgniter\View\Exceptions\ViewException: Invalid file: "Layout/footer.php"
in SYSTEMPATH\Exceptions\FrameworkException.php on line 39.
 1 SYSTEMPATH\View\View.php(216): CodeIgniter\Exceptions\FrameworkException::forInvalidFile('Layout/footer.php')
 2 SYSTEMPATH\View\View.php(469): CodeIgniter\View\View->render('Layout/footer.php', null, true)
 3 APPPATH\Views\iManger\Purchmentorderview.php(14): CodeIgniter\View\View->include('Layout/footer.php')
 4 SYSTEMPATH\View\View.php(228): include('C:\\xampp\\htdocs\\HIMSP\\HIMS\\Codenignter\\app\\Views\\iManger\\Purchmentorderview.php')
 5 SYSTEMPATH\View\View.php(231): CodeIgniter\View\View->CodeIgniter\View\{closure}()
 6 SYSTEMPATH\Common.php(1178): CodeIgniter\View\View->render('iManger/Purchmentorderview', [], true)
 7 APPPATH\Controllers\imdashController.php(348): view('iManger/Purchmentorderview', [...])
 8 SYSTEMPATH\CodeIgniter.php(941): App\Controllers\imdashController->Purchmentorder()
 9 SYSTEMPATH\CodeIgniter.php(502): CodeIgniter\CodeIgniter->runController(Object(App\Controllers\imdashController))
10 SYSTEMPATH\CodeIgniter.php(361): CodeIgniter\CodeIgniter->handleRequest(null, Object(Config\Cache), false)
11 FCPATH\index.php(79): CodeIgniter\CodeIgniter->run()
12 SYSTEMPATH\Commands\Server\rewrite.php(47): require_once('C:\\xampp\\htdocs\\HIMSP\\HIMS\\Codenignter\\public\\index.php')
CRITICAL - 2024-04-27 19:02:34 --> CodeIgniter\View\Exceptions\ViewException: Invalid file: "Layout/footer.php"
in SYSTEMPATH\Exceptions\FrameworkException.php on line 39.
 1 SYSTEMPATH\View\View.php(216): CodeIgniter\Exceptions\FrameworkException::forInvalidFile('Layout/footer.php')
 2 SYSTEMPATH\View\View.php(469): CodeIgniter\View\View->render('Layout/footer.php', null, true)
 3 APPPATH\Views\iManger\Purchmentorderview.php(14): CodeIgniter\View\View->include('Layout/footer.php')
 4 SYSTEMPATH\View\View.php(228): include('C:\\xampp\\htdocs\\HIMSP\\HIMS\\Codenignter\\app\\Views\\iManger\\Purchmentorderview.php')
 5 SYSTEMPATH\View\View.php(231): CodeIgniter\View\View->CodeIgniter\View\{closure}()
 6 SYSTEMPATH\Common.php(1178): CodeIgniter\View\View->render('iManger/Purchmentorderview', [], true)
 7 APPPATH\Controllers\imdashController.php(348): view('iManger/Purchmentorderview', [...])
 8 SYSTEMPATH\CodeIgniter.php(941): App\Controllers\imdashController->Purchmentorder()
 9 SYSTEMPATH\CodeIgniter.php(502): CodeIgniter\CodeIgniter->runController(Object(App\Controllers\imdashController))
10 SYSTEMPATH\CodeIgniter.php(361): CodeIgniter\CodeIgniter->handleRequest(null, Object(Config\Cache), false)
11 FCPATH\index.php(79): CodeIgniter\CodeIgniter->run()
12 SYSTEMPATH\Commands\Server\rewrite.php(47): require_once('C:\\xampp\\htdocs\\HIMSP\\HIMS\\Codenignter\\public\\index.php')
CRITICAL - 2024-04-27 19:02:34 --> CodeIgniter\View\Exceptions\ViewException: Invalid file: "Layout/footer.php"
in SYSTEMPATH\Exceptions\FrameworkException.php on line 39.
 1 SYSTEMPATH\View\View.php(216): CodeIgniter\Exceptions\FrameworkException::forInvalidFile('Layout/footer.php')
 2 SYSTEMPATH\View\View.php(469): CodeIgniter\View\View->render('Layout/footer.php', null, true)
 3 APPPATH\Views\iManger\Purchmentorderview.php(14): CodeIgniter\View\View->include('Layout/footer.php')
 4 SYSTEMPATH\View\View.php(228): include('C:\\xampp\\htdocs\\HIMSP\\HIMS\\Codenignter\\app\\Views\\iManger\\Purchmentorderview.php')
 5 SYSTEMPATH\View\View.php(231): CodeIgniter\View\View->CodeIgniter\View\{closure}()
 6 SYSTEMPATH\Common.php(1178): CodeIgniter\View\View->render('iManger/Purchmentorderview', [], true)
 7 APPPATH\Controllers\imdashController.php(348): view('iManger/Purchmentorderview', [...])
 8 SYSTEMPATH\CodeIgniter.php(941): App\Controllers\imdashController->Purchmentorder()
 9 SYSTEMPATH\CodeIgniter.php(502): CodeIgniter\CodeIgniter->runController(Object(App\Controllers\imdashController))
10 SYSTEMPATH\CodeIgniter.php(361): CodeIgniter\CodeIgniter->handleRequest(null, Object(Config\Cache), false)
11 FCPATH\index.php(79): CodeIgniter\CodeIgniter->run()
12 SYSTEMPATH\Commands\Server\rewrite.php(47): require_once('C:\\xampp\\htdocs\\HIMSP\\HIMS\\Codenignter\\public\\index.php')
CRITICAL - 2024-04-27 19:02:38 --> CodeIgniter\View\Exceptions\ViewException: Invalid file: "Layout/footer.php"
in SYSTEMPATH\Exceptions\FrameworkException.php on line 39.
 1 SYSTEMPATH\View\View.php(216): CodeIgniter\Exceptions\FrameworkException::forInvalidFile('Layout/footer.php')
 2 SYSTEMPATH\View\View.php(469): CodeIgniter\View\View->render('Layout/footer.php', null, true)
 3 APPPATH\Views\iManger\Purchmentorderview.php(14): CodeIgniter\View\View->include('Layout/footer.php')
 4 SYSTEMPATH\View\View.php(228): include('C:\\xampp\\htdocs\\HIMSP\\HIMS\\Codenignter\\app\\Views\\iManger\\Purchmentorderview.php')
 5 SYSTEMPATH\View\View.php(231): CodeIgniter\View\View->CodeIgniter\View\{closure}()
 6 SYSTEMPATH\Common.php(1178): CodeIgniter\View\View->render('iManger/Purchmentorderview', [], true)
 7 APPPATH\Controllers\imdashController.php(348): view('iManger/Purchmentorderview', [...])
 8 SYSTEMPATH\CodeIgniter.php(941): App\Controllers\imdashController->Purchmentorder()
 9 SYSTEMPATH\CodeIgniter.php(502): CodeIgniter\CodeIgniter->runController(Object(App\Controllers\imdashController))
10 SYSTEMPATH\CodeIgniter.php(361): CodeIgniter\CodeIgniter->handleRequest(null, Object(Config\Cache), false)
11 FCPATH\index.php(79): CodeIgniter\CodeIgniter->run()
12 SYSTEMPATH\Commands\Server\rewrite.php(47): require_once('C:\\xampp\\htdocs\\HIMSP\\HIMS\\Codenignter\\public\\index.php')
CRITICAL - 2024-04-27 19:02:48 --> CodeIgniter\View\Exceptions\ViewException: Invalid file: "Layout/footer.php"
in SYSTEMPATH\Exceptions\FrameworkException.php on line 39.
 1 SYSTEMPATH\View\View.php(216): CodeIgniter\Exceptions\FrameworkException::forInvalidFile('Layout/footer.php')
 2 SYSTEMPATH\View\View.php(469): CodeIgniter\View\View->render('Layout/footer.php', null, true)
 3 APPPATH\Views\iManger\Purchmentorderview.php(14): CodeIgniter\View\View->include('Layout/footer.php')
 4 SYSTEMPATH\View\View.php(228): include('C:\\xampp\\htdocs\\HIMSP\\HIMS\\Codenignter\\app\\Views\\iManger\\Purchmentorderview.php')
 5 SYSTEMPATH\View\View.php(231): CodeIgniter\View\View->CodeIgniter\View\{closure}()
 6 SYSTEMPATH\Common.php(1178): CodeIgniter\View\View->render('iManger/Purchmentorderview', [], true)
 7 APPPATH\Controllers\imdashController.php(348): view('iManger/Purchmentorderview', [...])
 8 SYSTEMPATH\CodeIgniter.php(941): App\Controllers\imdashController->Purchmentorder()
 9 SYSTEMPATH\CodeIgniter.php(502): CodeIgniter\CodeIgniter->runController(Object(App\Controllers\imdashController))
10 SYSTEMPATH\CodeIgniter.php(361): CodeIgniter\CodeIgniter->handleRequest(null, Object(Config\Cache), false)
11 FCPATH\index.php(79): CodeIgniter\CodeIgniter->run()
12 SYSTEMPATH\Commands\Server\rewrite.php(47): require_once('C:\\xampp\\htdocs\\HIMSP\\HIMS\\Codenignter\\public\\index.php')
CRITICAL - 2024-04-27 19:03:23 --> CodeIgniter\View\Exceptions\ViewException: Invalid file: "Layout/footer.php"
in SYSTEMPATH\Exceptions\FrameworkException.php on line 39.
 1 SYSTEMPATH\View\View.php(216): CodeIgniter\Exceptions\FrameworkException::forInvalidFile('Layout/footer.php')
 2 SYSTEMPATH\View\View.php(469): CodeIgniter\View\View->render('Layout/footer.php', null, true)
 3 APPPATH\Views\iManger\Purchmentorderview.php(14): CodeIgniter\View\View->include('Layout/footer.php')
 4 SYSTEMPATH\View\View.php(228): include('C:\\xampp\\htdocs\\HIMSP\\HIMS\\Codenignter\\app\\Views\\iManger\\Purchmentorderview.php')
 5 SYSTEMPATH\View\View.php(231): CodeIgniter\View\View->CodeIgniter\View\{closure}()
 6 SYSTEMPATH\Common.php(1178): CodeIgniter\View\View->render('iManger/Purchmentorderview', [], true)
 7 APPPATH\Controllers\imdashController.php(351): view('iManger/Purchmentorderview', [...])
 8 SYSTEMPATH\CodeIgniter.php(941): App\Controllers\imdashController->Purchmentorder()
 9 SYSTEMPATH\CodeIgniter.php(502): CodeIgniter\CodeIgniter->runController(Object(App\Controllers\imdashController))
10 SYSTEMPATH\CodeIgniter.php(361): CodeIgniter\CodeIgniter->handleRequest(null, Object(Config\Cache), false)
11 FCPATH\index.php(79): CodeIgniter\CodeIgniter->run()
12 SYSTEMPATH\Commands\Server\rewrite.php(47): require_once('C:\\xampp\\htdocs\\HIMSP\\HIMS\\Codenignter\\public\\index.php')
CRITICAL - 2024-04-27 19:05:09 --> CodeIgniter\View\Exceptions\ViewException: Invalid file: "Layout/footer.php"
in SYSTEMPATH\Exceptions\FrameworkException.php on line 39.
 1 SYSTEMPATH\View\View.php(216): CodeIgniter\Exceptions\FrameworkException::forInvalidFile('Layout/footer.php')
 2 SYSTEMPATH\View\View.php(469): CodeIgniter\View\View->render('Layout/footer.php', null, true)
 3 APPPATH\Views\iManger\Purchmentorderview.php(14): CodeIgniter\View\View->include('Layout/footer.php')
 4 SYSTEMPATH\View\View.php(228): include('C:\\xampp\\htdocs\\HIMSP\\HIMS\\Codenignter\\app\\Views\\iManger\\Purchmentorderview.php')
 5 SYSTEMPATH\View\View.php(231): CodeIgniter\View\View->CodeIgniter\View\{closure}()
 6 SYSTEMPATH\Common.php(1178): CodeIgniter\View\View->render('iManger/Purchmentorderview', [], true)
 7 APPPATH\Controllers\imdashController.php(351): view('iManger/Purchmentorderview', [...])
 8 SYSTEMPATH\CodeIgniter.php(941): App\Controllers\imdashController->Purchmentorder()
 9 SYSTEMPATH\CodeIgniter.php(502): CodeIgniter\CodeIgniter->runController(Object(App\Controllers\imdashController))
10 SYSTEMPATH\CodeIgniter.php(361): CodeIgniter\CodeIgniter->handleRequest(null, Object(Config\Cache), false)
11 FCPATH\index.php(79): CodeIgniter\CodeIgniter->run()
12 SYSTEMPATH\Commands\Server\rewrite.php(47): require_once('C:\\xampp\\htdocs\\HIMSP\\HIMS\\Codenignter\\public\\index.php')
