ERROR - 2024-04-16 19:45:48 --> mysqli_sql_exception: Unknown column 'unit_request.item_id' in 'on clause' in C:\xampp\htdocs\HIMSP\HIMS\Codenignter\system\Database\MySQLi\Connection.php:306
Stack trace:
#0 C:\xampp\htdocs\HIMSP\HIMS\Codenignter\system\Database\MySQLi\Connection.php(306): mysqli->query('SELECT *\nFROM `...', 0)
#1 C:\xampp\htdocs\HIMSP\HIMS\Codenignter\system\Database\BaseConnection.php(693): CodeIgniter\Database\MySQLi\Connection->execute('SELECT *\nFROM `...')
#2 C:\xampp\htdocs\HIMSP\HIMS\Codenignter\system\Database\BaseConnection.php(607): CodeIgniter\Database\BaseConnection->simpleQuery('SELECT *\nFROM `...')
#3 C:\xampp\htdocs\HIMSP\HIMS\Codenignter\system\Database\BaseBuilder.php(1616): CodeIgniter\Database\BaseConnection->query('SELECT *\nFROM `...', Array, false)
#4 C:\xampp\htdocs\HIMSP\HIMS\Codenignter\system\Model.php(242): CodeIgniter\Database\BaseBuilder->get()
#5 C:\xampp\htdocs\HIMSP\HIMS\Codenignter\system\BaseModel.php(638): CodeIgniter\Model->doFindAll(0, 0)
#6 C:\xampp\htdocs\HIMSP\HIMS\Codenignter\app\Controllers\imdashController.php(243): CodeIgniter\BaseModel->findAll()
#7 C:\xampp\htdocs\HIMSP\HIMS\Codenignter\system\CodeIgniter.php(941): App\Controllers\imdashController->Requestrepairtable()
#8 C:\xampp\htdocs\HIMSP\HIMS\Codenignter\system\CodeIgniter.php(502): CodeIgniter\CodeIgniter->runController(Object(App\Controllers\imdashController))
#9 C:\xampp\htdocs\HIMSP\HIMS\Codenignter\system\CodeIgniter.php(361): CodeIgniter\CodeIgniter->handleRequest(NULL, Object(Config\Cache), false)
#10 C:\xampp\htdocs\HIMSP\HIMS\Codenignter\public\index.php(79): CodeIgniter\CodeIgniter->run()
#11 C:\xampp\htdocs\HIMSP\HIMS\Codenignter\system\Commands\Server\rewrite.php(47): require_once('C:\\xampp\\htdocs...')
#12 {main}
CRITICAL - 2024-04-16 19:45:48 --> CodeIgniter\Database\Exceptions\DatabaseException: Unknown column 'unit_request.item_id' in 'on clause'
in SYSTEMPATH\Database\BaseConnection.php on line 647.
 1 SYSTEMPATH\Database\BaseBuilder.php(1616): CodeIgniter\Database\BaseConnection->query('SELECT *
FROM `repair`
JOIN `items` ON `unit_request`.`item_id` = `items`.`id`
JOIN `unit` ON `unit_request`.`req_unit` = `unit`.`Unit_id`', [], false)
 2 SYSTEMPATH\Model.php(242): CodeIgniter\Database\BaseBuilder->get()
 3 SYSTEMPATH\BaseModel.php(638): CodeIgniter\Model->doFindAll(0, 0)
 4 APPPATH\Controllers\imdashController.php(243): CodeIgniter\BaseModel->findAll()
 5 SYSTEMPATH\CodeIgniter.php(941): App\Controllers\imdashController->Requestrepairtable()
 6 SYSTEMPATH\CodeIgniter.php(502): CodeIgniter\CodeIgniter->runController(Object(App\Controllers\imdashController))
 7 SYSTEMPATH\CodeIgniter.php(361): CodeIgniter\CodeIgniter->handleRequest(null, Object(Config\Cache), false)
 8 FCPATH\index.php(79): CodeIgniter\CodeIgniter->run()
 9 SYSTEMPATH\Commands\Server\rewrite.php(47): require_once('C:\\xampp\\htdocs\\HIMSP\\HIMS\\Codenignter\\public\\index.php')
CRITICAL - 2024-04-16 19:45:48 --> [Caused by] CodeIgniter\Database\Exceptions\DatabaseException: Unknown column 'unit_request.item_id' in 'on clause'
in SYSTEMPATH\Database\MySQLi\Connection.php on line 311.
 1 SYSTEMPATH\Database\BaseConnection.php(693): CodeIgniter\Database\MySQLi\Connection->execute('SELECT *
FROM `repair`
JOIN `items` ON `unit_request`.`item_id` = `items`.`id`
JOIN `unit` ON `unit_request`.`req_unit` = `unit`.`Unit_id`')
 2 SYSTEMPATH\Database\BaseConnection.php(607): CodeIgniter\Database\BaseConnection->simpleQuery('SELECT *
FROM `repair`
JOIN `items` ON `unit_request`.`item_id` = `items`.`id`
JOIN `unit` ON `unit_request`.`req_unit` = `unit`.`Unit_id`')
 3 SYSTEMPATH\Database\BaseBuilder.php(1616): CodeIgniter\Database\BaseConnection->query('SELECT *
FROM `repair`
JOIN `items` ON `unit_request`.`item_id` = `items`.`id`
JOIN `unit` ON `unit_request`.`req_unit` = `unit`.`Unit_id`', [], false)
 4 SYSTEMPATH\Model.php(242): CodeIgniter\Database\BaseBuilder->get()
 5 SYSTEMPATH\BaseModel.php(638): CodeIgniter\Model->doFindAll(0, 0)
 6 APPPATH\Controllers\imdashController.php(243): CodeIgniter\BaseModel->findAll()
 7 SYSTEMPATH\CodeIgniter.php(941): App\Controllers\imdashController->Requestrepairtable()
 8 SYSTEMPATH\CodeIgniter.php(502): CodeIgniter\CodeIgniter->runController(Object(App\Controllers\imdashController))
 9 SYSTEMPATH\CodeIgniter.php(361): CodeIgniter\CodeIgniter->handleRequest(null, Object(Config\Cache), false)
10 FCPATH\index.php(79): CodeIgniter\CodeIgniter->run()
11 SYSTEMPATH\Commands\Server\rewrite.php(47): require_once('C:\\xampp\\htdocs\\HIMSP\\HIMS\\Codenignter\\public\\index.php')
CRITICAL - 2024-04-16 19:45:48 --> [Caused by] mysqli_sql_exception: Unknown column 'unit_request.item_id' in 'on clause'
in SYSTEMPATH\Database\MySQLi\Connection.php on line 306.
 1 SYSTEMPATH\Database\MySQLi\Connection.php(306): mysqli->query('SELECT *
FROM `repair`
JOIN `items` ON `unit_request`.`item_id` = `items`.`id`
JOIN `unit` ON `unit_request`.`req_unit` = `unit`.`Unit_id`', 0)
 2 SYSTEMPATH\Database\BaseConnection.php(693): CodeIgniter\Database\MySQLi\Connection->execute('SELECT *
FROM `repair`
JOIN `items` ON `unit_request`.`item_id` = `items`.`id`
JOIN `unit` ON `unit_request`.`req_unit` = `unit`.`Unit_id`')
 3 SYSTEMPATH\Database\BaseConnection.php(607): CodeIgniter\Database\BaseConnection->simpleQuery('SELECT *
FROM `repair`
JOIN `items` ON `unit_request`.`item_id` = `items`.`id`
JOIN `unit` ON `unit_request`.`req_unit` = `unit`.`Unit_id`')
 4 SYSTEMPATH\Database\BaseBuilder.php(1616): CodeIgniter\Database\BaseConnection->query('SELECT *
FROM `repair`
JOIN `items` ON `unit_request`.`item_id` = `items`.`id`
JOIN `unit` ON `unit_request`.`req_unit` = `unit`.`Unit_id`', [], false)
 5 SYSTEMPATH\Model.php(242): CodeIgniter\Database\BaseBuilder->get()
 6 SYSTEMPATH\BaseModel.php(638): CodeIgniter\Model->doFindAll(0, 0)
 7 APPPATH\Controllers\imdashController.php(243): CodeIgniter\BaseModel->findAll()
 8 SYSTEMPATH\CodeIgniter.php(941): App\Controllers\imdashController->Requestrepairtable()
 9 SYSTEMPATH\CodeIgniter.php(502): CodeIgniter\CodeIgniter->runController(Object(App\Controllers\imdashController))
10 SYSTEMPATH\CodeIgniter.php(361): CodeIgniter\CodeIgniter->handleRequest(null, Object(Config\Cache), false)
11 FCPATH\index.php(79): CodeIgniter\CodeIgniter->run()
12 SYSTEMPATH\Commands\Server\rewrite.php(47): require_once('C:\\xampp\\htdocs\\HIMSP\\HIMS\\Codenignter\\public\\index.php')
ERROR - 2024-04-16 19:47:00 --> mysqli_sql_exception: Unknown column 'unit_request.item_id' in 'on clause' in C:\xampp\htdocs\HIMSP\HIMS\Codenignter\system\Database\MySQLi\Connection.php:306
Stack trace:
#0 C:\xampp\htdocs\HIMSP\HIMS\Codenignter\system\Database\MySQLi\Connection.php(306): mysqli->query('SELECT *\nFROM `...', 0)
#1 C:\xampp\htdocs\HIMSP\HIMS\Codenignter\system\Database\BaseConnection.php(693): CodeIgniter\Database\MySQLi\Connection->execute('SELECT *\nFROM `...')
#2 C:\xampp\htdocs\HIMSP\HIMS\Codenignter\system\Database\BaseConnection.php(607): CodeIgniter\Database\BaseConnection->simpleQuery('SELECT *\nFROM `...')
#3 C:\xampp\htdocs\HIMSP\HIMS\Codenignter\system\Database\BaseBuilder.php(1616): CodeIgniter\Database\BaseConnection->query('SELECT *\nFROM `...', Array, false)
#4 C:\xampp\htdocs\HIMSP\HIMS\Codenignter\system\Model.php(242): CodeIgniter\Database\BaseBuilder->get()
#5 C:\xampp\htdocs\HIMSP\HIMS\Codenignter\system\BaseModel.php(638): CodeIgniter\Model->doFindAll(0, 0)
#6 C:\xampp\htdocs\HIMSP\HIMS\Codenignter\app\Controllers\imdashController.php(243): CodeIgniter\BaseModel->findAll()
#7 C:\xampp\htdocs\HIMSP\HIMS\Codenignter\system\CodeIgniter.php(941): App\Controllers\imdashController->Requestrepairtable()
#8 C:\xampp\htdocs\HIMSP\HIMS\Codenignter\system\CodeIgniter.php(502): CodeIgniter\CodeIgniter->runController(Object(App\Controllers\imdashController))
#9 C:\xampp\htdocs\HIMSP\HIMS\Codenignter\system\CodeIgniter.php(361): CodeIgniter\CodeIgniter->handleRequest(NULL, Object(Config\Cache), false)
#10 C:\xampp\htdocs\HIMSP\HIMS\Codenignter\public\index.php(79): CodeIgniter\CodeIgniter->run()
#11 C:\xampp\htdocs\HIMSP\HIMS\Codenignter\system\Commands\Server\rewrite.php(47): require_once('C:\\xampp\\htdocs...')
#12 {main}
CRITICAL - 2024-04-16 19:47:00 --> CodeIgniter\Database\Exceptions\DatabaseException: Unknown column 'unit_request.item_id' in 'on clause'
in SYSTEMPATH\Database\BaseConnection.php on line 647.
 1 SYSTEMPATH\Database\BaseBuilder.php(1616): CodeIgniter\Database\BaseConnection->query('SELECT *
FROM `repair`
JOIN `items` ON `unit_request`.`item_id` = `items`.`id`
JOIN `unit` ON `unit_request`.`req_unit` = `unit`.`Unit_id`', [], false)
 2 SYSTEMPATH\Model.php(242): CodeIgniter\Database\BaseBuilder->get()
 3 SYSTEMPATH\BaseModel.php(638): CodeIgniter\Model->doFindAll(0, 0)
 4 APPPATH\Controllers\imdashController.php(243): CodeIgniter\BaseModel->findAll()
 5 SYSTEMPATH\CodeIgniter.php(941): App\Controllers\imdashController->Requestrepairtable()
 6 SYSTEMPATH\CodeIgniter.php(502): CodeIgniter\CodeIgniter->runController(Object(App\Controllers\imdashController))
 7 SYSTEMPATH\CodeIgniter.php(361): CodeIgniter\CodeIgniter->handleRequest(null, Object(Config\Cache), false)
 8 FCPATH\index.php(79): CodeIgniter\CodeIgniter->run()
 9 SYSTEMPATH\Commands\Server\rewrite.php(47): require_once('C:\\xampp\\htdocs\\HIMSP\\HIMS\\Codenignter\\public\\index.php')
CRITICAL - 2024-04-16 19:47:00 --> [Caused by] CodeIgniter\Database\Exceptions\DatabaseException: Unknown column 'unit_request.item_id' in 'on clause'
in SYSTEMPATH\Database\MySQLi\Connection.php on line 311.
 1 SYSTEMPATH\Database\BaseConnection.php(693): CodeIgniter\Database\MySQLi\Connection->execute('SELECT *
FROM `repair`
JOIN `items` ON `unit_request`.`item_id` = `items`.`id`
JOIN `unit` ON `unit_request`.`req_unit` = `unit`.`Unit_id`')
 2 SYSTEMPATH\Database\BaseConnection.php(607): CodeIgniter\Database\BaseConnection->simpleQuery('SELECT *
FROM `repair`
JOIN `items` ON `unit_request`.`item_id` = `items`.`id`
JOIN `unit` ON `unit_request`.`req_unit` = `unit`.`Unit_id`')
 3 SYSTEMPATH\Database\BaseBuilder.php(1616): CodeIgniter\Database\BaseConnection->query('SELECT *
FROM `repair`
JOIN `items` ON `unit_request`.`item_id` = `items`.`id`
JOIN `unit` ON `unit_request`.`req_unit` = `unit`.`Unit_id`', [], false)
 4 SYSTEMPATH\Model.php(242): CodeIgniter\Database\BaseBuilder->get()
 5 SYSTEMPATH\BaseModel.php(638): CodeIgniter\Model->doFindAll(0, 0)
 6 APPPATH\Controllers\imdashController.php(243): CodeIgniter\BaseModel->findAll()
 7 SYSTEMPATH\CodeIgniter.php(941): App\Controllers\imdashController->Requestrepairtable()
 8 SYSTEMPATH\CodeIgniter.php(502): CodeIgniter\CodeIgniter->runController(Object(App\Controllers\imdashController))
 9 SYSTEMPATH\CodeIgniter.php(361): CodeIgniter\CodeIgniter->handleRequest(null, Object(Config\Cache), false)
10 FCPATH\index.php(79): CodeIgniter\CodeIgniter->run()
11 SYSTEMPATH\Commands\Server\rewrite.php(47): require_once('C:\\xampp\\htdocs\\HIMSP\\HIMS\\Codenignter\\public\\index.php')
CRITICAL - 2024-04-16 19:47:00 --> [Caused by] mysqli_sql_exception: Unknown column 'unit_request.item_id' in 'on clause'
in SYSTEMPATH\Database\MySQLi\Connection.php on line 306.
 1 SYSTEMPATH\Database\MySQLi\Connection.php(306): mysqli->query('SELECT *
FROM `repair`
JOIN `items` ON `unit_request`.`item_id` = `items`.`id`
JOIN `unit` ON `unit_request`.`req_unit` = `unit`.`Unit_id`', 0)
 2 SYSTEMPATH\Database\BaseConnection.php(693): CodeIgniter\Database\MySQLi\Connection->execute('SELECT *
FROM `repair`
JOIN `items` ON `unit_request`.`item_id` = `items`.`id`
JOIN `unit` ON `unit_request`.`req_unit` = `unit`.`Unit_id`')
 3 SYSTEMPATH\Database\BaseConnection.php(607): CodeIgniter\Database\BaseConnection->simpleQuery('SELECT *
FROM `repair`
JOIN `items` ON `unit_request`.`item_id` = `items`.`id`
JOIN `unit` ON `unit_request`.`req_unit` = `unit`.`Unit_id`')
 4 SYSTEMPATH\Database\BaseBuilder.php(1616): CodeIgniter\Database\BaseConnection->query('SELECT *
FROM `repair`
JOIN `items` ON `unit_request`.`item_id` = `items`.`id`
JOIN `unit` ON `unit_request`.`req_unit` = `unit`.`Unit_id`', [], false)
 5 SYSTEMPATH\Model.php(242): CodeIgniter\Database\BaseBuilder->get()
 6 SYSTEMPATH\BaseModel.php(638): CodeIgniter\Model->doFindAll(0, 0)
 7 APPPATH\Controllers\imdashController.php(243): CodeIgniter\BaseModel->findAll()
 8 SYSTEMPATH\CodeIgniter.php(941): App\Controllers\imdashController->Requestrepairtable()
 9 SYSTEMPATH\CodeIgniter.php(502): CodeIgniter\CodeIgniter->runController(Object(App\Controllers\imdashController))
10 SYSTEMPATH\CodeIgniter.php(361): CodeIgniter\CodeIgniter->handleRequest(null, Object(Config\Cache), false)
11 FCPATH\index.php(79): CodeIgniter\CodeIgniter->run()
12 SYSTEMPATH\Commands\Server\rewrite.php(47): require_once('C:\\xampp\\htdocs\\HIMSP\\HIMS\\Codenignter\\public\\index.php')
ERROR - 2024-04-16 19:47:15 --> mysqli_sql_exception: Unknown column 'unit_request.item_id' in 'on clause' in C:\xampp\htdocs\HIMSP\HIMS\Codenignter\system\Database\MySQLi\Connection.php:306
Stack trace:
#0 C:\xampp\htdocs\HIMSP\HIMS\Codenignter\system\Database\MySQLi\Connection.php(306): mysqli->query('SELECT *\nFROM `...', 0)
#1 C:\xampp\htdocs\HIMSP\HIMS\Codenignter\system\Database\BaseConnection.php(693): CodeIgniter\Database\MySQLi\Connection->execute('SELECT *\nFROM `...')
#2 C:\xampp\htdocs\HIMSP\HIMS\Codenignter\system\Database\BaseConnection.php(607): CodeIgniter\Database\BaseConnection->simpleQuery('SELECT *\nFROM `...')
#3 C:\xampp\htdocs\HIMSP\HIMS\Codenignter\system\Database\BaseBuilder.php(1616): CodeIgniter\Database\BaseConnection->query('SELECT *\nFROM `...', Array, false)
#4 C:\xampp\htdocs\HIMSP\HIMS\Codenignter\system\Model.php(242): CodeIgniter\Database\BaseBuilder->get()
#5 C:\xampp\htdocs\HIMSP\HIMS\Codenignter\system\BaseModel.php(638): CodeIgniter\Model->doFindAll(0, 0)
#6 C:\xampp\htdocs\HIMSP\HIMS\Codenignter\app\Controllers\imdashController.php(243): CodeIgniter\BaseModel->findAll()
#7 C:\xampp\htdocs\HIMSP\HIMS\Codenignter\system\CodeIgniter.php(941): App\Controllers\imdashController->Requestrepairtable()
#8 C:\xampp\htdocs\HIMSP\HIMS\Codenignter\system\CodeIgniter.php(502): CodeIgniter\CodeIgniter->runController(Object(App\Controllers\imdashController))
#9 C:\xampp\htdocs\HIMSP\HIMS\Codenignter\system\CodeIgniter.php(361): CodeIgniter\CodeIgniter->handleRequest(NULL, Object(Config\Cache), false)
#10 C:\xampp\htdocs\HIMSP\HIMS\Codenignter\public\index.php(79): CodeIgniter\CodeIgniter->run()
#11 C:\xampp\htdocs\HIMSP\HIMS\Codenignter\system\Commands\Server\rewrite.php(47): require_once('C:\\xampp\\htdocs...')
#12 {main}
CRITICAL - 2024-04-16 19:47:15 --> CodeIgniter\Database\Exceptions\DatabaseException: Unknown column 'unit_request.item_id' in 'on clause'
in SYSTEMPATH\Database\BaseConnection.php on line 647.
 1 SYSTEMPATH\Database\BaseBuilder.php(1616): CodeIgniter\Database\BaseConnection->query('SELECT *
FROM `repair`
JOIN `items` ON `unit_request`.`item_id` = `items`.`id`
JOIN `unit` ON `unit_request`.`req_unit` = `unit`.`Unit_id`', [], false)
 2 SYSTEMPATH\Model.php(242): CodeIgniter\Database\BaseBuilder->get()
 3 SYSTEMPATH\BaseModel.php(638): CodeIgniter\Model->doFindAll(0, 0)
 4 APPPATH\Controllers\imdashController.php(243): CodeIgniter\BaseModel->findAll()
 5 SYSTEMPATH\CodeIgniter.php(941): App\Controllers\imdashController->Requestrepairtable()
 6 SYSTEMPATH\CodeIgniter.php(502): CodeIgniter\CodeIgniter->runController(Object(App\Controllers\imdashController))
 7 SYSTEMPATH\CodeIgniter.php(361): CodeIgniter\CodeIgniter->handleRequest(null, Object(Config\Cache), false)
 8 FCPATH\index.php(79): CodeIgniter\CodeIgniter->run()
 9 SYSTEMPATH\Commands\Server\rewrite.php(47): require_once('C:\\xampp\\htdocs\\HIMSP\\HIMS\\Codenignter\\public\\index.php')
CRITICAL - 2024-04-16 19:47:15 --> [Caused by] CodeIgniter\Database\Exceptions\DatabaseException: Unknown column 'unit_request.item_id' in 'on clause'
in SYSTEMPATH\Database\MySQLi\Connection.php on line 311.
 1 SYSTEMPATH\Database\BaseConnection.php(693): CodeIgniter\Database\MySQLi\Connection->execute('SELECT *
FROM `repair`
JOIN `items` ON `unit_request`.`item_id` = `items`.`id`
JOIN `unit` ON `unit_request`.`req_unit` = `unit`.`Unit_id`')
 2 SYSTEMPATH\Database\BaseConnection.php(607): CodeIgniter\Database\BaseConnection->simpleQuery('SELECT *
FROM `repair`
JOIN `items` ON `unit_request`.`item_id` = `items`.`id`
JOIN `unit` ON `unit_request`.`req_unit` = `unit`.`Unit_id`')
 3 SYSTEMPATH\Database\BaseBuilder.php(1616): CodeIgniter\Database\BaseConnection->query('SELECT *
FROM `repair`
JOIN `items` ON `unit_request`.`item_id` = `items`.`id`
JOIN `unit` ON `unit_request`.`req_unit` = `unit`.`Unit_id`', [], false)
 4 SYSTEMPATH\Model.php(242): CodeIgniter\Database\BaseBuilder->get()
 5 SYSTEMPATH\BaseModel.php(638): CodeIgniter\Model->doFindAll(0, 0)
 6 APPPATH\Controllers\imdashController.php(243): CodeIgniter\BaseModel->findAll()
 7 SYSTEMPATH\CodeIgniter.php(941): App\Controllers\imdashController->Requestrepairtable()
 8 SYSTEMPATH\CodeIgniter.php(502): CodeIgniter\CodeIgniter->runController(Object(App\Controllers\imdashController))
 9 SYSTEMPATH\CodeIgniter.php(361): CodeIgniter\CodeIgniter->handleRequest(null, Object(Config\Cache), false)
10 FCPATH\index.php(79): CodeIgniter\CodeIgniter->run()
11 SYSTEMPATH\Commands\Server\rewrite.php(47): require_once('C:\\xampp\\htdocs\\HIMSP\\HIMS\\Codenignter\\public\\index.php')
CRITICAL - 2024-04-16 19:47:15 --> [Caused by] mysqli_sql_exception: Unknown column 'unit_request.item_id' in 'on clause'
in SYSTEMPATH\Database\MySQLi\Connection.php on line 306.
 1 SYSTEMPATH\Database\MySQLi\Connection.php(306): mysqli->query('SELECT *
FROM `repair`
JOIN `items` ON `unit_request`.`item_id` = `items`.`id`
JOIN `unit` ON `unit_request`.`req_unit` = `unit`.`Unit_id`', 0)
 2 SYSTEMPATH\Database\BaseConnection.php(693): CodeIgniter\Database\MySQLi\Connection->execute('SELECT *
FROM `repair`
JOIN `items` ON `unit_request`.`item_id` = `items`.`id`
JOIN `unit` ON `unit_request`.`req_unit` = `unit`.`Unit_id`')
 3 SYSTEMPATH\Database\BaseConnection.php(607): CodeIgniter\Database\BaseConnection->simpleQuery('SELECT *
FROM `repair`
JOIN `items` ON `unit_request`.`item_id` = `items`.`id`
JOIN `unit` ON `unit_request`.`req_unit` = `unit`.`Unit_id`')
 4 SYSTEMPATH\Database\BaseBuilder.php(1616): CodeIgniter\Database\BaseConnection->query('SELECT *
FROM `repair`
JOIN `items` ON `unit_request`.`item_id` = `items`.`id`
JOIN `unit` ON `unit_request`.`req_unit` = `unit`.`Unit_id`', [], false)
 5 SYSTEMPATH\Model.php(242): CodeIgniter\Database\BaseBuilder->get()
 6 SYSTEMPATH\BaseModel.php(638): CodeIgniter\Model->doFindAll(0, 0)
 7 APPPATH\Controllers\imdashController.php(243): CodeIgniter\BaseModel->findAll()
 8 SYSTEMPATH\CodeIgniter.php(941): App\Controllers\imdashController->Requestrepairtable()
 9 SYSTEMPATH\CodeIgniter.php(502): CodeIgniter\CodeIgniter->runController(Object(App\Controllers\imdashController))
10 SYSTEMPATH\CodeIgniter.php(361): CodeIgniter\CodeIgniter->handleRequest(null, Object(Config\Cache), false)
11 FCPATH\index.php(79): CodeIgniter\CodeIgniter->run()
12 SYSTEMPATH\Commands\Server\rewrite.php(47): require_once('C:\\xampp\\htdocs\\HIMSP\\HIMS\\Codenignter\\public\\index.php')
CRITICAL - 2024-04-16 19:48:26 --> CodeIgniter\View\Exceptions\ViewException: Invalid file: "testform.php"
in SYSTEMPATH\Exceptions\FrameworkException.php on line 39.
 1 SYSTEMPATH\View\View.php(216): CodeIgniter\Exceptions\FrameworkException::forInvalidFile('testform.php')
 2 SYSTEMPATH\Common.php(1178): CodeIgniter\View\View->render('testform', [], true)
 3 APPPATH\Controllers\imdashController.php(239): view('testform')
 4 SYSTEMPATH\CodeIgniter.php(941): App\Controllers\imdashController->Requestrepairtable()
 5 SYSTEMPATH\CodeIgniter.php(502): CodeIgniter\CodeIgniter->runController(Object(App\Controllers\imdashController))
 6 SYSTEMPATH\CodeIgniter.php(361): CodeIgniter\CodeIgniter->handleRequest(null, Object(Config\Cache), false)
 7 FCPATH\index.php(79): CodeIgniter\CodeIgniter->run()
 8 SYSTEMPATH\Commands\Server\rewrite.php(47): require_once('C:\\xampp\\htdocs\\HIMSP\\HIMS\\Codenignter\\public\\index.php')
CRITICAL - 2024-04-16 19:48:30 --> CodeIgniter\View\Exceptions\ViewException: Invalid file: "testform.php"
in SYSTEMPATH\Exceptions\FrameworkException.php on line 39.
 1 SYSTEMPATH\View\View.php(216): CodeIgniter\Exceptions\FrameworkException::forInvalidFile('testform.php')
 2 SYSTEMPATH\Common.php(1178): CodeIgniter\View\View->render('testform', [], true)
 3 APPPATH\Controllers\imdashController.php(239): view('testform')
 4 SYSTEMPATH\CodeIgniter.php(941): App\Controllers\imdashController->Requestrepairtable()
 5 SYSTEMPATH\CodeIgniter.php(502): CodeIgniter\CodeIgniter->runController(Object(App\Controllers\imdashController))
 6 SYSTEMPATH\CodeIgniter.php(361): CodeIgniter\CodeIgniter->handleRequest(null, Object(Config\Cache), false)
 7 FCPATH\index.php(79): CodeIgniter\CodeIgniter->run()
 8 SYSTEMPATH\Commands\Server\rewrite.php(47): require_once('C:\\xampp\\htdocs\\HIMSP\\HIMS\\Codenignter\\public\\index.php')
