CRITICAL - 2024-05-19 06:12:45 --> ErrorException: Undefined variable $userData
in APPPATH\Views\Unit\dashboard.php on line 92.
 1 APPPATH\Views\Unit\dashboard.php(92): CodeIgniter\Debug\Exceptions->errorHandler(2, 'Undefined variable $userData', 'C:\\xampp\\htdocs\\HIMSP\\HIMS\\Codenignter\\app\\Views\\Unit\\dashboard.php', 92)
 2 SYSTEMPATH\View\View.php(228): include('C:\\xampp\\htdocs\\HIMSP\\HIMS\\Codenignter\\app\\Views\\Unit\\dashboard.php')
 3 SYSTEMPATH\View\View.php(231): CodeIgniter\View\View->CodeIgniter\View\{closure}()
 4 SYSTEMPATH\Common.php(1178): CodeIgniter\View\View->render('Unit/dashboard', [], true)
 5 APPPATH\Controllers\UnitController.php(64): view('Unit/dashboard', [...])
 6 SYSTEMPATH\CodeIgniter.php(941): App\Controllers\UnitController->index()
 7 SYSTEMPATH\CodeIgniter.php(502): CodeIgniter\CodeIgniter->runController(Object(App\Controllers\UnitController))
 8 SYSTEMPATH\CodeIgniter.php(361): CodeIgniter\CodeIgniter->handleRequest(null, Object(Config\Cache), false)
 9 FCPATH\index.php(79): CodeIgniter\CodeIgniter->run()
10 SYSTEMPATH\Commands\Server\rewrite.php(47): require_once('C:\\xampp\\htdocs\\HIMSP\\HIMS\\Codenignter\\public\\index.php')
CRITICAL - 2024-05-19 06:15:48 --> ErrorException: Undefined variable $userData
in APPPATH\Views\Unit\dashboard.php on line 92.
 1 APPPATH\Views\Unit\dashboard.php(92): CodeIgniter\Debug\Exceptions->errorHandler(2, 'Undefined variable $userData', 'C:\\xampp\\htdocs\\HIMSP\\HIMS\\Codenignter\\app\\Views\\Unit\\dashboard.php', 92)
 2 SYSTEMPATH\View\View.php(228): include('C:\\xampp\\htdocs\\HIMSP\\HIMS\\Codenignter\\app\\Views\\Unit\\dashboard.php')
 3 SYSTEMPATH\View\View.php(231): CodeIgniter\View\View->CodeIgniter\View\{closure}()
 4 SYSTEMPATH\Common.php(1178): CodeIgniter\View\View->render('Unit/dashboard', [], true)
 5 APPPATH\Controllers\UnitController.php(64): view('Unit/dashboard', [...])
 6 SYSTEMPATH\CodeIgniter.php(941): App\Controllers\UnitController->index()
 7 SYSTEMPATH\CodeIgniter.php(502): CodeIgniter\CodeIgniter->runController(Object(App\Controllers\UnitController))
 8 SYSTEMPATH\CodeIgniter.php(361): CodeIgniter\CodeIgniter->handleRequest(null, Object(Config\Cache), false)
 9 FCPATH\index.php(79): CodeIgniter\CodeIgniter->run()
10 SYSTEMPATH\Commands\Server\rewrite.php(47): require_once('C:\\xampp\\htdocs\\HIMSP\\HIMS\\Codenignter\\public\\index.php')
CRITICAL - 2024-05-19 06:15:48 --> ErrorException: Undefined variable $userData
in APPPATH\Views\Unit\dashboard.php on line 92.
 1 APPPATH\Views\Unit\dashboard.php(92): CodeIgniter\Debug\Exceptions->errorHandler(2, 'Undefined variable $userData', 'C:\\xampp\\htdocs\\HIMSP\\HIMS\\Codenignter\\app\\Views\\Unit\\dashboard.php', 92)
 2 SYSTEMPATH\View\View.php(228): include('C:\\xampp\\htdocs\\HIMSP\\HIMS\\Codenignter\\app\\Views\\Unit\\dashboard.php')
 3 SYSTEMPATH\View\View.php(231): CodeIgniter\View\View->CodeIgniter\View\{closure}()
 4 SYSTEMPATH\Common.php(1178): CodeIgniter\View\View->render('Unit/dashboard', [], true)
 5 APPPATH\Controllers\UnitController.php(64): view('Unit/dashboard', [...])
 6 SYSTEMPATH\CodeIgniter.php(941): App\Controllers\UnitController->index()
 7 SYSTEMPATH\CodeIgniter.php(502): CodeIgniter\CodeIgniter->runController(Object(App\Controllers\UnitController))
 8 SYSTEMPATH\CodeIgniter.php(361): CodeIgniter\CodeIgniter->handleRequest(null, Object(Config\Cache), false)
 9 FCPATH\index.php(79): CodeIgniter\CodeIgniter->run()
10 SYSTEMPATH\Commands\Server\rewrite.php(47): require_once('C:\\xampp\\htdocs\\HIMSP\\HIMS\\Codenignter\\public\\index.php')
CRITICAL - 2024-05-19 06:16:19 --> ErrorException: Undefined variable $userData
in APPPATH\Views\Unit\dashboard.php on line 92.
 1 APPPATH\Views\Unit\dashboard.php(92): CodeIgniter\Debug\Exceptions->errorHandler(2, 'Undefined variable $userData', 'C:\\xampp\\htdocs\\HIMSP\\HIMS\\Codenignter\\app\\Views\\Unit\\dashboard.php', 92)
 2 SYSTEMPATH\View\View.php(228): include('C:\\xampp\\htdocs\\HIMSP\\HIMS\\Codenignter\\app\\Views\\Unit\\dashboard.php')
 3 SYSTEMPATH\View\View.php(231): CodeIgniter\View\View->CodeIgniter\View\{closure}()
 4 SYSTEMPATH\Common.php(1178): CodeIgniter\View\View->render('Unit/dashboard', [], true)
 5 APPPATH\Controllers\UnitController.php(64): view('Unit/dashboard', [...])
 6 SYSTEMPATH\CodeIgniter.php(941): App\Controllers\UnitController->index()
 7 SYSTEMPATH\CodeIgniter.php(502): CodeIgniter\CodeIgniter->runController(Object(App\Controllers\UnitController))
 8 SYSTEMPATH\CodeIgniter.php(361): CodeIgniter\CodeIgniter->handleRequest(null, Object(Config\Cache), false)
 9 FCPATH\index.php(79): CodeIgniter\CodeIgniter->run()
10 SYSTEMPATH\Commands\Server\rewrite.php(47): require_once('C:\\xampp\\htdocs\\HIMSP\\HIMS\\Codenignter\\public\\index.php')
CRITICAL - 2024-05-19 06:16:20 --> ErrorException: Undefined variable $userData
in APPPATH\Views\Unit\dashboard.php on line 92.
 1 APPPATH\Views\Unit\dashboard.php(92): CodeIgniter\Debug\Exceptions->errorHandler(2, 'Undefined variable $userData', 'C:\\xampp\\htdocs\\HIMSP\\HIMS\\Codenignter\\app\\Views\\Unit\\dashboard.php', 92)
 2 SYSTEMPATH\View\View.php(228): include('C:\\xampp\\htdocs\\HIMSP\\HIMS\\Codenignter\\app\\Views\\Unit\\dashboard.php')
 3 SYSTEMPATH\View\View.php(231): CodeIgniter\View\View->CodeIgniter\View\{closure}()
 4 SYSTEMPATH\Common.php(1178): CodeIgniter\View\View->render('Unit/dashboard', [], true)
 5 APPPATH\Controllers\UnitController.php(64): view('Unit/dashboard', [...])
 6 SYSTEMPATH\CodeIgniter.php(941): App\Controllers\UnitController->index()
 7 SYSTEMPATH\CodeIgniter.php(502): CodeIgniter\CodeIgniter->runController(Object(App\Controllers\UnitController))
 8 SYSTEMPATH\CodeIgniter.php(361): CodeIgniter\CodeIgniter->handleRequest(null, Object(Config\Cache), false)
 9 FCPATH\index.php(79): CodeIgniter\CodeIgniter->run()
10 SYSTEMPATH\Commands\Server\rewrite.php(47): require_once('C:\\xampp\\htdocs\\HIMSP\\HIMS\\Codenignter\\public\\index.php')
CRITICAL - 2024-05-19 06:16:20 --> ErrorException: Undefined variable $userData
in APPPATH\Views\Unit\dashboard.php on line 92.
 1 APPPATH\Views\Unit\dashboard.php(92): CodeIgniter\Debug\Exceptions->errorHandler(2, 'Undefined variable $userData', 'C:\\xampp\\htdocs\\HIMSP\\HIMS\\Codenignter\\app\\Views\\Unit\\dashboard.php', 92)
 2 SYSTEMPATH\View\View.php(228): include('C:\\xampp\\htdocs\\HIMSP\\HIMS\\Codenignter\\app\\Views\\Unit\\dashboard.php')
 3 SYSTEMPATH\View\View.php(231): CodeIgniter\View\View->CodeIgniter\View\{closure}()
 4 SYSTEMPATH\Common.php(1178): CodeIgniter\View\View->render('Unit/dashboard', [], true)
 5 APPPATH\Controllers\UnitController.php(64): view('Unit/dashboard', [...])
 6 SYSTEMPATH\CodeIgniter.php(941): App\Controllers\UnitController->index()
 7 SYSTEMPATH\CodeIgniter.php(502): CodeIgniter\CodeIgniter->runController(Object(App\Controllers\UnitController))
 8 SYSTEMPATH\CodeIgniter.php(361): CodeIgniter\CodeIgniter->handleRequest(null, Object(Config\Cache), false)
 9 FCPATH\index.php(79): CodeIgniter\CodeIgniter->run()
10 SYSTEMPATH\Commands\Server\rewrite.php(47): require_once('C:\\xampp\\htdocs\\HIMSP\\HIMS\\Codenignter\\public\\index.php')
CRITICAL - 2024-05-19 06:16:53 --> ErrorException: Undefined variable $userData
in APPPATH\Views\Unit\dashboard.php on line 92.
 1 APPPATH\Views\Unit\dashboard.php(92): CodeIgniter\Debug\Exceptions->errorHandler(2, 'Undefined variable $userData', 'C:\\xampp\\htdocs\\HIMSP\\HIMS\\Codenignter\\app\\Views\\Unit\\dashboard.php', 92)
 2 SYSTEMPATH\View\View.php(228): include('C:\\xampp\\htdocs\\HIMSP\\HIMS\\Codenignter\\app\\Views\\Unit\\dashboard.php')
 3 SYSTEMPATH\View\View.php(231): CodeIgniter\View\View->CodeIgniter\View\{closure}()
 4 SYSTEMPATH\Common.php(1178): CodeIgniter\View\View->render('Unit/dashboard', [], true)
 5 APPPATH\Controllers\UnitController.php(64): view('Unit/dashboard', [...])
 6 SYSTEMPATH\CodeIgniter.php(941): App\Controllers\UnitController->index()
 7 SYSTEMPATH\CodeIgniter.php(502): CodeIgniter\CodeIgniter->runController(Object(App\Controllers\UnitController))
 8 SYSTEMPATH\CodeIgniter.php(361): CodeIgniter\CodeIgniter->handleRequest(null, Object(Config\Cache), false)
 9 FCPATH\index.php(79): CodeIgniter\CodeIgniter->run()
10 SYSTEMPATH\Commands\Server\rewrite.php(47): require_once('C:\\xampp\\htdocs\\HIMSP\\HIMS\\Codenignter\\public\\index.php')
CRITICAL - 2024-05-19 06:16:54 --> ErrorException: Undefined variable $userData
in APPPATH\Views\Unit\dashboard.php on line 92.
 1 APPPATH\Views\Unit\dashboard.php(92): CodeIgniter\Debug\Exceptions->errorHandler(2, 'Undefined variable $userData', 'C:\\xampp\\htdocs\\HIMSP\\HIMS\\Codenignter\\app\\Views\\Unit\\dashboard.php', 92)
 2 SYSTEMPATH\View\View.php(228): include('C:\\xampp\\htdocs\\HIMSP\\HIMS\\Codenignter\\app\\Views\\Unit\\dashboard.php')
 3 SYSTEMPATH\View\View.php(231): CodeIgniter\View\View->CodeIgniter\View\{closure}()
 4 SYSTEMPATH\Common.php(1178): CodeIgniter\View\View->render('Unit/dashboard', [], true)
 5 APPPATH\Controllers\UnitController.php(64): view('Unit/dashboard', [...])
 6 SYSTEMPATH\CodeIgniter.php(941): App\Controllers\UnitController->index()
 7 SYSTEMPATH\CodeIgniter.php(502): CodeIgniter\CodeIgniter->runController(Object(App\Controllers\UnitController))
 8 SYSTEMPATH\CodeIgniter.php(361): CodeIgniter\CodeIgniter->handleRequest(null, Object(Config\Cache), false)
 9 FCPATH\index.php(79): CodeIgniter\CodeIgniter->run()
10 SYSTEMPATH\Commands\Server\rewrite.php(47): require_once('C:\\xampp\\htdocs\\HIMSP\\HIMS\\Codenignter\\public\\index.php')
CRITICAL - 2024-05-19 06:17:18 --> ErrorException: Undefined variable $userData
in APPPATH\Views\Unit\dashboard.php on line 92.
 1 APPPATH\Views\Unit\dashboard.php(92): CodeIgniter\Debug\Exceptions->errorHandler(2, 'Undefined variable $userData', 'C:\\xampp\\htdocs\\HIMSP\\HIMS\\Codenignter\\app\\Views\\Unit\\dashboard.php', 92)
 2 SYSTEMPATH\View\View.php(228): include('C:\\xampp\\htdocs\\HIMSP\\HIMS\\Codenignter\\app\\Views\\Unit\\dashboard.php')
 3 SYSTEMPATH\View\View.php(231): CodeIgniter\View\View->CodeIgniter\View\{closure}()
 4 SYSTEMPATH\Common.php(1178): CodeIgniter\View\View->render('Unit/dashboard', [], true)
 5 APPPATH\Controllers\UnitController.php(64): view('Unit/dashboard', [...])
 6 SYSTEMPATH\CodeIgniter.php(941): App\Controllers\UnitController->index()
 7 SYSTEMPATH\CodeIgniter.php(502): CodeIgniter\CodeIgniter->runController(Object(App\Controllers\UnitController))
 8 SYSTEMPATH\CodeIgniter.php(361): CodeIgniter\CodeIgniter->handleRequest(null, Object(Config\Cache), false)
 9 FCPATH\index.php(79): CodeIgniter\CodeIgniter->run()
10 SYSTEMPATH\Commands\Server\rewrite.php(47): require_once('C:\\xampp\\htdocs\\HIMSP\\HIMS\\Codenignter\\public\\index.php')
CRITICAL - 2024-05-19 06:17:19 --> ErrorException: Undefined variable $userData
in APPPATH\Views\Unit\dashboard.php on line 92.
 1 APPPATH\Views\Unit\dashboard.php(92): CodeIgniter\Debug\Exceptions->errorHandler(2, 'Undefined variable $userData', 'C:\\xampp\\htdocs\\HIMSP\\HIMS\\Codenignter\\app\\Views\\Unit\\dashboard.php', 92)
 2 SYSTEMPATH\View\View.php(228): include('C:\\xampp\\htdocs\\HIMSP\\HIMS\\Codenignter\\app\\Views\\Unit\\dashboard.php')
 3 SYSTEMPATH\View\View.php(231): CodeIgniter\View\View->CodeIgniter\View\{closure}()
 4 SYSTEMPATH\Common.php(1178): CodeIgniter\View\View->render('Unit/dashboard', [], true)
 5 APPPATH\Controllers\UnitController.php(64): view('Unit/dashboard', [...])
 6 SYSTEMPATH\CodeIgniter.php(941): App\Controllers\UnitController->index()
 7 SYSTEMPATH\CodeIgniter.php(502): CodeIgniter\CodeIgniter->runController(Object(App\Controllers\UnitController))
 8 SYSTEMPATH\CodeIgniter.php(361): CodeIgniter\CodeIgniter->handleRequest(null, Object(Config\Cache), false)
 9 FCPATH\index.php(79): CodeIgniter\CodeIgniter->run()
10 SYSTEMPATH\Commands\Server\rewrite.php(47): require_once('C:\\xampp\\htdocs\\HIMSP\\HIMS\\Codenignter\\public\\index.php')
CRITICAL - 2024-05-19 06:17:19 --> ErrorException: Undefined variable $userData
in APPPATH\Views\Unit\dashboard.php on line 92.
 1 APPPATH\Views\Unit\dashboard.php(92): CodeIgniter\Debug\Exceptions->errorHandler(2, 'Undefined variable $userData', 'C:\\xampp\\htdocs\\HIMSP\\HIMS\\Codenignter\\app\\Views\\Unit\\dashboard.php', 92)
 2 SYSTEMPATH\View\View.php(228): include('C:\\xampp\\htdocs\\HIMSP\\HIMS\\Codenignter\\app\\Views\\Unit\\dashboard.php')
 3 SYSTEMPATH\View\View.php(231): CodeIgniter\View\View->CodeIgniter\View\{closure}()
 4 SYSTEMPATH\Common.php(1178): CodeIgniter\View\View->render('Unit/dashboard', [], true)
 5 APPPATH\Controllers\UnitController.php(64): view('Unit/dashboard', [...])
 6 SYSTEMPATH\CodeIgniter.php(941): App\Controllers\UnitController->index()
 7 SYSTEMPATH\CodeIgniter.php(502): CodeIgniter\CodeIgniter->runController(Object(App\Controllers\UnitController))
 8 SYSTEMPATH\CodeIgniter.php(361): CodeIgniter\CodeIgniter->handleRequest(null, Object(Config\Cache), false)
 9 FCPATH\index.php(79): CodeIgniter\CodeIgniter->run()
10 SYSTEMPATH\Commands\Server\rewrite.php(47): require_once('C:\\xampp\\htdocs\\HIMSP\\HIMS\\Codenignter\\public\\index.php')
CRITICAL - 2024-05-19 06:17:43 --> ErrorException: Undefined variable $userData
in APPPATH\Views\Unit\dashboard.php on line 92.
 1 APPPATH\Views\Unit\dashboard.php(92): CodeIgniter\Debug\Exceptions->errorHandler(2, 'Undefined variable $userData', 'C:\\xampp\\htdocs\\HIMSP\\HIMS\\Codenignter\\app\\Views\\Unit\\dashboard.php', 92)
 2 SYSTEMPATH\View\View.php(228): include('C:\\xampp\\htdocs\\HIMSP\\HIMS\\Codenignter\\app\\Views\\Unit\\dashboard.php')
 3 SYSTEMPATH\View\View.php(231): CodeIgniter\View\View->CodeIgniter\View\{closure}()
 4 SYSTEMPATH\Common.php(1178): CodeIgniter\View\View->render('Unit/dashboard', [], true)
 5 APPPATH\Controllers\UnitController.php(64): view('Unit/dashboard', [...])
 6 SYSTEMPATH\CodeIgniter.php(941): App\Controllers\UnitController->index()
 7 SYSTEMPATH\CodeIgniter.php(502): CodeIgniter\CodeIgniter->runController(Object(App\Controllers\UnitController))
 8 SYSTEMPATH\CodeIgniter.php(361): CodeIgniter\CodeIgniter->handleRequest(null, Object(Config\Cache), false)
 9 FCPATH\index.php(79): CodeIgniter\CodeIgniter->run()
10 SYSTEMPATH\Commands\Server\rewrite.php(47): require_once('C:\\xampp\\htdocs\\HIMSP\\HIMS\\Codenignter\\public\\index.php')
CRITICAL - 2024-05-19 06:17:44 --> ErrorException: Undefined variable $userData
in APPPATH\Views\Unit\dashboard.php on line 92.
 1 APPPATH\Views\Unit\dashboard.php(92): CodeIgniter\Debug\Exceptions->errorHandler(2, 'Undefined variable $userData', 'C:\\xampp\\htdocs\\HIMSP\\HIMS\\Codenignter\\app\\Views\\Unit\\dashboard.php', 92)
 2 SYSTEMPATH\View\View.php(228): include('C:\\xampp\\htdocs\\HIMSP\\HIMS\\Codenignter\\app\\Views\\Unit\\dashboard.php')
 3 SYSTEMPATH\View\View.php(231): CodeIgniter\View\View->CodeIgniter\View\{closure}()
 4 SYSTEMPATH\Common.php(1178): CodeIgniter\View\View->render('Unit/dashboard', [], true)
 5 APPPATH\Controllers\UnitController.php(64): view('Unit/dashboard', [...])
 6 SYSTEMPATH\CodeIgniter.php(941): App\Controllers\UnitController->index()
 7 SYSTEMPATH\CodeIgniter.php(502): CodeIgniter\CodeIgniter->runController(Object(App\Controllers\UnitController))
 8 SYSTEMPATH\CodeIgniter.php(361): CodeIgniter\CodeIgniter->handleRequest(null, Object(Config\Cache), false)
 9 FCPATH\index.php(79): CodeIgniter\CodeIgniter->run()
10 SYSTEMPATH\Commands\Server\rewrite.php(47): require_once('C:\\xampp\\htdocs\\HIMSP\\HIMS\\Codenignter\\public\\index.php')
CRITICAL - 2024-05-19 06:17:44 --> ErrorException: Undefined variable $userData
in APPPATH\Views\Unit\dashboard.php on line 92.
 1 APPPATH\Views\Unit\dashboard.php(92): CodeIgniter\Debug\Exceptions->errorHandler(2, 'Undefined variable $userData', 'C:\\xampp\\htdocs\\HIMSP\\HIMS\\Codenignter\\app\\Views\\Unit\\dashboard.php', 92)
 2 SYSTEMPATH\View\View.php(228): include('C:\\xampp\\htdocs\\HIMSP\\HIMS\\Codenignter\\app\\Views\\Unit\\dashboard.php')
 3 SYSTEMPATH\View\View.php(231): CodeIgniter\View\View->CodeIgniter\View\{closure}()
 4 SYSTEMPATH\Common.php(1178): CodeIgniter\View\View->render('Unit/dashboard', [], true)
 5 APPPATH\Controllers\UnitController.php(64): view('Unit/dashboard', [...])
 6 SYSTEMPATH\CodeIgniter.php(941): App\Controllers\UnitController->index()
 7 SYSTEMPATH\CodeIgniter.php(502): CodeIgniter\CodeIgniter->runController(Object(App\Controllers\UnitController))
 8 SYSTEMPATH\CodeIgniter.php(361): CodeIgniter\CodeIgniter->handleRequest(null, Object(Config\Cache), false)
 9 FCPATH\index.php(79): CodeIgniter\CodeIgniter->run()
10 SYSTEMPATH\Commands\Server\rewrite.php(47): require_once('C:\\xampp\\htdocs\\HIMSP\\HIMS\\Codenignter\\public\\index.php')
CRITICAL - 2024-05-19 06:17:44 --> ErrorException: Undefined variable $userData
in APPPATH\Views\Unit\dashboard.php on line 92.
 1 APPPATH\Views\Unit\dashboard.php(92): CodeIgniter\Debug\Exceptions->errorHandler(2, 'Undefined variable $userData', 'C:\\xampp\\htdocs\\HIMSP\\HIMS\\Codenignter\\app\\Views\\Unit\\dashboard.php', 92)
 2 SYSTEMPATH\View\View.php(228): include('C:\\xampp\\htdocs\\HIMSP\\HIMS\\Codenignter\\app\\Views\\Unit\\dashboard.php')
 3 SYSTEMPATH\View\View.php(231): CodeIgniter\View\View->CodeIgniter\View\{closure}()
 4 SYSTEMPATH\Common.php(1178): CodeIgniter\View\View->render('Unit/dashboard', [], true)
 5 APPPATH\Controllers\UnitController.php(64): view('Unit/dashboard', [...])
 6 SYSTEMPATH\CodeIgniter.php(941): App\Controllers\UnitController->index()
 7 SYSTEMPATH\CodeIgniter.php(502): CodeIgniter\CodeIgniter->runController(Object(App\Controllers\UnitController))
 8 SYSTEMPATH\CodeIgniter.php(361): CodeIgniter\CodeIgniter->handleRequest(null, Object(Config\Cache), false)
 9 FCPATH\index.php(79): CodeIgniter\CodeIgniter->run()
10 SYSTEMPATH\Commands\Server\rewrite.php(47): require_once('C:\\xampp\\htdocs\\HIMSP\\HIMS\\Codenignter\\public\\index.php')
CRITICAL - 2024-05-19 06:17:45 --> ErrorException: Undefined variable $userData
in APPPATH\Views\Unit\dashboard.php on line 92.
 1 APPPATH\Views\Unit\dashboard.php(92): CodeIgniter\Debug\Exceptions->errorHandler(2, 'Undefined variable $userData', 'C:\\xampp\\htdocs\\HIMSP\\HIMS\\Codenignter\\app\\Views\\Unit\\dashboard.php', 92)
 2 SYSTEMPATH\View\View.php(228): include('C:\\xampp\\htdocs\\HIMSP\\HIMS\\Codenignter\\app\\Views\\Unit\\dashboard.php')
 3 SYSTEMPATH\View\View.php(231): CodeIgniter\View\View->CodeIgniter\View\{closure}()
 4 SYSTEMPATH\Common.php(1178): CodeIgniter\View\View->render('Unit/dashboard', [], true)
 5 APPPATH\Controllers\UnitController.php(64): view('Unit/dashboard', [...])
 6 SYSTEMPATH\CodeIgniter.php(941): App\Controllers\UnitController->index()
 7 SYSTEMPATH\CodeIgniter.php(502): CodeIgniter\CodeIgniter->runController(Object(App\Controllers\UnitController))
 8 SYSTEMPATH\CodeIgniter.php(361): CodeIgniter\CodeIgniter->handleRequest(null, Object(Config\Cache), false)
 9 FCPATH\index.php(79): CodeIgniter\CodeIgniter->run()
10 SYSTEMPATH\Commands\Server\rewrite.php(47): require_once('C:\\xampp\\htdocs\\HIMSP\\HIMS\\Codenignter\\public\\index.php')
CRITICAL - 2024-05-19 06:17:45 --> ErrorException: Undefined variable $userData
in APPPATH\Views\Unit\dashboard.php on line 92.
 1 APPPATH\Views\Unit\dashboard.php(92): CodeIgniter\Debug\Exceptions->errorHandler(2, 'Undefined variable $userData', 'C:\\xampp\\htdocs\\HIMSP\\HIMS\\Codenignter\\app\\Views\\Unit\\dashboard.php', 92)
 2 SYSTEMPATH\View\View.php(228): include('C:\\xampp\\htdocs\\HIMSP\\HIMS\\Codenignter\\app\\Views\\Unit\\dashboard.php')
 3 SYSTEMPATH\View\View.php(231): CodeIgniter\View\View->CodeIgniter\View\{closure}()
 4 SYSTEMPATH\Common.php(1178): CodeIgniter\View\View->render('Unit/dashboard', [], true)
 5 APPPATH\Controllers\UnitController.php(64): view('Unit/dashboard', [...])
 6 SYSTEMPATH\CodeIgniter.php(941): App\Controllers\UnitController->index()
 7 SYSTEMPATH\CodeIgniter.php(502): CodeIgniter\CodeIgniter->runController(Object(App\Controllers\UnitController))
 8 SYSTEMPATH\CodeIgniter.php(361): CodeIgniter\CodeIgniter->handleRequest(null, Object(Config\Cache), false)
 9 FCPATH\index.php(79): CodeIgniter\CodeIgniter->run()
10 SYSTEMPATH\Commands\Server\rewrite.php(47): require_once('C:\\xampp\\htdocs\\HIMSP\\HIMS\\Codenignter\\public\\index.php')
CRITICAL - 2024-05-19 06:17:45 --> ErrorException: Undefined variable $userData
in APPPATH\Views\Unit\dashboard.php on line 92.
 1 APPPATH\Views\Unit\dashboard.php(92): CodeIgniter\Debug\Exceptions->errorHandler(2, 'Undefined variable $userData', 'C:\\xampp\\htdocs\\HIMSP\\HIMS\\Codenignter\\app\\Views\\Unit\\dashboard.php', 92)
 2 SYSTEMPATH\View\View.php(228): include('C:\\xampp\\htdocs\\HIMSP\\HIMS\\Codenignter\\app\\Views\\Unit\\dashboard.php')
 3 SYSTEMPATH\View\View.php(231): CodeIgniter\View\View->CodeIgniter\View\{closure}()
 4 SYSTEMPATH\Common.php(1178): CodeIgniter\View\View->render('Unit/dashboard', [], true)
 5 APPPATH\Controllers\UnitController.php(64): view('Unit/dashboard', [...])
 6 SYSTEMPATH\CodeIgniter.php(941): App\Controllers\UnitController->index()
 7 SYSTEMPATH\CodeIgniter.php(502): CodeIgniter\CodeIgniter->runController(Object(App\Controllers\UnitController))
 8 SYSTEMPATH\CodeIgniter.php(361): CodeIgniter\CodeIgniter->handleRequest(null, Object(Config\Cache), false)
 9 FCPATH\index.php(79): CodeIgniter\CodeIgniter->run()
10 SYSTEMPATH\Commands\Server\rewrite.php(47): require_once('C:\\xampp\\htdocs\\HIMSP\\HIMS\\Codenignter\\public\\index.php')
CRITICAL - 2024-05-19 06:18:17 --> ErrorException: Undefined variable $userData
in APPPATH\Views\Unit\dashboard.php on line 92.
 1 APPPATH\Views\Unit\dashboard.php(92): CodeIgniter\Debug\Exceptions->errorHandler(2, 'Undefined variable $userData', 'C:\\xampp\\htdocs\\HIMSP\\HIMS\\Codenignter\\app\\Views\\Unit\\dashboard.php', 92)
 2 SYSTEMPATH\View\View.php(228): include('C:\\xampp\\htdocs\\HIMSP\\HIMS\\Codenignter\\app\\Views\\Unit\\dashboard.php')
 3 SYSTEMPATH\View\View.php(231): CodeIgniter\View\View->CodeIgniter\View\{closure}()
 4 SYSTEMPATH\Common.php(1178): CodeIgniter\View\View->render('Unit/dashboard', [], true)
 5 APPPATH\Controllers\UnitController.php(64): view('Unit/dashboard', [...])
 6 SYSTEMPATH\CodeIgniter.php(941): App\Controllers\UnitController->index()
 7 SYSTEMPATH\CodeIgniter.php(502): CodeIgniter\CodeIgniter->runController(Object(App\Controllers\UnitController))
 8 SYSTEMPATH\CodeIgniter.php(361): CodeIgniter\CodeIgniter->handleRequest(null, Object(Config\Cache), false)
 9 FCPATH\index.php(79): CodeIgniter\CodeIgniter->run()
10 SYSTEMPATH\Commands\Server\rewrite.php(47): require_once('C:\\xampp\\htdocs\\HIMSP\\HIMS\\Codenignter\\public\\index.php')
CRITICAL - 2024-05-19 06:18:18 --> ErrorException: Undefined variable $userData
in APPPATH\Views\Unit\dashboard.php on line 92.
 1 APPPATH\Views\Unit\dashboard.php(92): CodeIgniter\Debug\Exceptions->errorHandler(2, 'Undefined variable $userData', 'C:\\xampp\\htdocs\\HIMSP\\HIMS\\Codenignter\\app\\Views\\Unit\\dashboard.php', 92)
 2 SYSTEMPATH\View\View.php(228): include('C:\\xampp\\htdocs\\HIMSP\\HIMS\\Codenignter\\app\\Views\\Unit\\dashboard.php')
 3 SYSTEMPATH\View\View.php(231): CodeIgniter\View\View->CodeIgniter\View\{closure}()
 4 SYSTEMPATH\Common.php(1178): CodeIgniter\View\View->render('Unit/dashboard', [], true)
 5 APPPATH\Controllers\UnitController.php(64): view('Unit/dashboard', [...])
 6 SYSTEMPATH\CodeIgniter.php(941): App\Controllers\UnitController->index()
 7 SYSTEMPATH\CodeIgniter.php(502): CodeIgniter\CodeIgniter->runController(Object(App\Controllers\UnitController))
 8 SYSTEMPATH\CodeIgniter.php(361): CodeIgniter\CodeIgniter->handleRequest(null, Object(Config\Cache), false)
 9 FCPATH\index.php(79): CodeIgniter\CodeIgniter->run()
10 SYSTEMPATH\Commands\Server\rewrite.php(47): require_once('C:\\xampp\\htdocs\\HIMSP\\HIMS\\Codenignter\\public\\index.php')
CRITICAL - 2024-05-19 06:18:18 --> ErrorException: Undefined variable $userData
in APPPATH\Views\Unit\dashboard.php on line 92.
 1 APPPATH\Views\Unit\dashboard.php(92): CodeIgniter\Debug\Exceptions->errorHandler(2, 'Undefined variable $userData', 'C:\\xampp\\htdocs\\HIMSP\\HIMS\\Codenignter\\app\\Views\\Unit\\dashboard.php', 92)
 2 SYSTEMPATH\View\View.php(228): include('C:\\xampp\\htdocs\\HIMSP\\HIMS\\Codenignter\\app\\Views\\Unit\\dashboard.php')
 3 SYSTEMPATH\View\View.php(231): CodeIgniter\View\View->CodeIgniter\View\{closure}()
 4 SYSTEMPATH\Common.php(1178): CodeIgniter\View\View->render('Unit/dashboard', [], true)
 5 APPPATH\Controllers\UnitController.php(64): view('Unit/dashboard', [...])
 6 SYSTEMPATH\CodeIgniter.php(941): App\Controllers\UnitController->index()
 7 SYSTEMPATH\CodeIgniter.php(502): CodeIgniter\CodeIgniter->runController(Object(App\Controllers\UnitController))
 8 SYSTEMPATH\CodeIgniter.php(361): CodeIgniter\CodeIgniter->handleRequest(null, Object(Config\Cache), false)
 9 FCPATH\index.php(79): CodeIgniter\CodeIgniter->run()
10 SYSTEMPATH\Commands\Server\rewrite.php(47): require_once('C:\\xampp\\htdocs\\HIMSP\\HIMS\\Codenignter\\public\\index.php')
CRITICAL - 2024-05-19 06:19:05 --> ErrorException: Undefined variable $userData
in APPPATH\Views\Unit\dashboard.php on line 92.
 1 APPPATH\Views\Unit\dashboard.php(92): CodeIgniter\Debug\Exceptions->errorHandler(2, 'Undefined variable $userData', 'C:\\xampp\\htdocs\\HIMSP\\HIMS\\Codenignter\\app\\Views\\Unit\\dashboard.php', 92)
 2 SYSTEMPATH\View\View.php(228): include('C:\\xampp\\htdocs\\HIMSP\\HIMS\\Codenignter\\app\\Views\\Unit\\dashboard.php')
 3 SYSTEMPATH\View\View.php(231): CodeIgniter\View\View->CodeIgniter\View\{closure}()
 4 SYSTEMPATH\Common.php(1178): CodeIgniter\View\View->render('Unit/dashboard', [], true)
 5 APPPATH\Controllers\UnitController.php(64): view('Unit/dashboard', [...])
 6 SYSTEMPATH\CodeIgniter.php(941): App\Controllers\UnitController->index()
 7 SYSTEMPATH\CodeIgniter.php(502): CodeIgniter\CodeIgniter->runController(Object(App\Controllers\UnitController))
 8 SYSTEMPATH\CodeIgniter.php(361): CodeIgniter\CodeIgniter->handleRequest(null, Object(Config\Cache), false)
 9 FCPATH\index.php(79): CodeIgniter\CodeIgniter->run()
10 SYSTEMPATH\Commands\Server\rewrite.php(47): require_once('C:\\xampp\\htdocs\\HIMSP\\HIMS\\Codenignter\\public\\index.php')
CRITICAL - 2024-05-19 06:19:06 --> ErrorException: Undefined variable $userData
in APPPATH\Views\Unit\dashboard.php on line 92.
 1 APPPATH\Views\Unit\dashboard.php(92): CodeIgniter\Debug\Exceptions->errorHandler(2, 'Undefined variable $userData', 'C:\\xampp\\htdocs\\HIMSP\\HIMS\\Codenignter\\app\\Views\\Unit\\dashboard.php', 92)
 2 SYSTEMPATH\View\View.php(228): include('C:\\xampp\\htdocs\\HIMSP\\HIMS\\Codenignter\\app\\Views\\Unit\\dashboard.php')
 3 SYSTEMPATH\View\View.php(231): CodeIgniter\View\View->CodeIgniter\View\{closure}()
 4 SYSTEMPATH\Common.php(1178): CodeIgniter\View\View->render('Unit/dashboard', [], true)
 5 APPPATH\Controllers\UnitController.php(64): view('Unit/dashboard', [...])
 6 SYSTEMPATH\CodeIgniter.php(941): App\Controllers\UnitController->index()
 7 SYSTEMPATH\CodeIgniter.php(502): CodeIgniter\CodeIgniter->runController(Object(App\Controllers\UnitController))
 8 SYSTEMPATH\CodeIgniter.php(361): CodeIgniter\CodeIgniter->handleRequest(null, Object(Config\Cache), false)
 9 FCPATH\index.php(79): CodeIgniter\CodeIgniter->run()
10 SYSTEMPATH\Commands\Server\rewrite.php(47): require_once('C:\\xampp\\htdocs\\HIMSP\\HIMS\\Codenignter\\public\\index.php')
CRITICAL - 2024-05-19 06:19:06 --> ErrorException: Undefined variable $userData
in APPPATH\Views\Unit\dashboard.php on line 92.
 1 APPPATH\Views\Unit\dashboard.php(92): CodeIgniter\Debug\Exceptions->errorHandler(2, 'Undefined variable $userData', 'C:\\xampp\\htdocs\\HIMSP\\HIMS\\Codenignter\\app\\Views\\Unit\\dashboard.php', 92)
 2 SYSTEMPATH\View\View.php(228): include('C:\\xampp\\htdocs\\HIMSP\\HIMS\\Codenignter\\app\\Views\\Unit\\dashboard.php')
 3 SYSTEMPATH\View\View.php(231): CodeIgniter\View\View->CodeIgniter\View\{closure}()
 4 SYSTEMPATH\Common.php(1178): CodeIgniter\View\View->render('Unit/dashboard', [], true)
 5 APPPATH\Controllers\UnitController.php(64): view('Unit/dashboard', [...])
 6 SYSTEMPATH\CodeIgniter.php(941): App\Controllers\UnitController->index()
 7 SYSTEMPATH\CodeIgniter.php(502): CodeIgniter\CodeIgniter->runController(Object(App\Controllers\UnitController))
 8 SYSTEMPATH\CodeIgniter.php(361): CodeIgniter\CodeIgniter->handleRequest(null, Object(Config\Cache), false)
 9 FCPATH\index.php(79): CodeIgniter\CodeIgniter->run()
10 SYSTEMPATH\Commands\Server\rewrite.php(47): require_once('C:\\xampp\\htdocs\\HIMSP\\HIMS\\Codenignter\\public\\index.php')
CRITICAL - 2024-05-19 06:20:03 --> ErrorException: Undefined variable $userData
in APPPATH\Views\Unit\dashboard.php on line 92.
 1 APPPATH\Views\Unit\dashboard.php(92): CodeIgniter\Debug\Exceptions->errorHandler(2, 'Undefined variable $userData', 'C:\\xampp\\htdocs\\HIMSP\\HIMS\\Codenignter\\app\\Views\\Unit\\dashboard.php', 92)
 2 SYSTEMPATH\View\View.php(228): include('C:\\xampp\\htdocs\\HIMSP\\HIMS\\Codenignter\\app\\Views\\Unit\\dashboard.php')
 3 SYSTEMPATH\View\View.php(231): CodeIgniter\View\View->CodeIgniter\View\{closure}()
 4 SYSTEMPATH\Common.php(1178): CodeIgniter\View\View->render('Unit/dashboard', [], true)
 5 APPPATH\Controllers\UnitController.php(64): view('Unit/dashboard', [...])
 6 SYSTEMPATH\CodeIgniter.php(941): App\Controllers\UnitController->index()
 7 SYSTEMPATH\CodeIgniter.php(502): CodeIgniter\CodeIgniter->runController(Object(App\Controllers\UnitController))
 8 SYSTEMPATH\CodeIgniter.php(361): CodeIgniter\CodeIgniter->handleRequest(null, Object(Config\Cache), false)
 9 FCPATH\index.php(79): CodeIgniter\CodeIgniter->run()
10 SYSTEMPATH\Commands\Server\rewrite.php(47): require_once('C:\\xampp\\htdocs\\HIMSP\\HIMS\\Codenignter\\public\\index.php')
CRITICAL - 2024-05-19 06:20:04 --> ErrorException: Undefined variable $userData
in APPPATH\Views\Unit\dashboard.php on line 92.
 1 APPPATH\Views\Unit\dashboard.php(92): CodeIgniter\Debug\Exceptions->errorHandler(2, 'Undefined variable $userData', 'C:\\xampp\\htdocs\\HIMSP\\HIMS\\Codenignter\\app\\Views\\Unit\\dashboard.php', 92)
 2 SYSTEMPATH\View\View.php(228): include('C:\\xampp\\htdocs\\HIMSP\\HIMS\\Codenignter\\app\\Views\\Unit\\dashboard.php')
 3 SYSTEMPATH\View\View.php(231): CodeIgniter\View\View->CodeIgniter\View\{closure}()
 4 SYSTEMPATH\Common.php(1178): CodeIgniter\View\View->render('Unit/dashboard', [], true)
 5 APPPATH\Controllers\UnitController.php(64): view('Unit/dashboard', [...])
 6 SYSTEMPATH\CodeIgniter.php(941): App\Controllers\UnitController->index()
 7 SYSTEMPATH\CodeIgniter.php(502): CodeIgniter\CodeIgniter->runController(Object(App\Controllers\UnitController))
 8 SYSTEMPATH\CodeIgniter.php(361): CodeIgniter\CodeIgniter->handleRequest(null, Object(Config\Cache), false)
 9 FCPATH\index.php(79): CodeIgniter\CodeIgniter->run()
10 SYSTEMPATH\Commands\Server\rewrite.php(47): require_once('C:\\xampp\\htdocs\\HIMSP\\HIMS\\Codenignter\\public\\index.php')
CRITICAL - 2024-05-19 06:20:24 --> ErrorException: Undefined variable $userData
in APPPATH\Views\Unit\dashboard.php on line 92.
 1 APPPATH\Views\Unit\dashboard.php(92): CodeIgniter\Debug\Exceptions->errorHandler(2, 'Undefined variable $userData', 'C:\\xampp\\htdocs\\HIMSP\\HIMS\\Codenignter\\app\\Views\\Unit\\dashboard.php', 92)
 2 SYSTEMPATH\View\View.php(228): include('C:\\xampp\\htdocs\\HIMSP\\HIMS\\Codenignter\\app\\Views\\Unit\\dashboard.php')
 3 SYSTEMPATH\View\View.php(231): CodeIgniter\View\View->CodeIgniter\View\{closure}()
 4 SYSTEMPATH\Common.php(1178): CodeIgniter\View\View->render('Unit/dashboard', [], true)
 5 APPPATH\Controllers\UnitController.php(64): view('Unit/dashboard', [...])
 6 SYSTEMPATH\CodeIgniter.php(941): App\Controllers\UnitController->index()
 7 SYSTEMPATH\CodeIgniter.php(502): CodeIgniter\CodeIgniter->runController(Object(App\Controllers\UnitController))
 8 SYSTEMPATH\CodeIgniter.php(361): CodeIgniter\CodeIgniter->handleRequest(null, Object(Config\Cache), false)
 9 FCPATH\index.php(79): CodeIgniter\CodeIgniter->run()
10 SYSTEMPATH\Commands\Server\rewrite.php(47): require_once('C:\\xampp\\htdocs\\HIMSP\\HIMS\\Codenignter\\public\\index.php')
CRITICAL - 2024-05-19 06:20:25 --> ErrorException: Undefined variable $userData
in APPPATH\Views\Unit\dashboard.php on line 92.
 1 APPPATH\Views\Unit\dashboard.php(92): CodeIgniter\Debug\Exceptions->errorHandler(2, 'Undefined variable $userData', 'C:\\xampp\\htdocs\\HIMSP\\HIMS\\Codenignter\\app\\Views\\Unit\\dashboard.php', 92)
 2 SYSTEMPATH\View\View.php(228): include('C:\\xampp\\htdocs\\HIMSP\\HIMS\\Codenignter\\app\\Views\\Unit\\dashboard.php')
 3 SYSTEMPATH\View\View.php(231): CodeIgniter\View\View->CodeIgniter\View\{closure}()
 4 SYSTEMPATH\Common.php(1178): CodeIgniter\View\View->render('Unit/dashboard', [], true)
 5 APPPATH\Controllers\UnitController.php(64): view('Unit/dashboard', [...])
 6 SYSTEMPATH\CodeIgniter.php(941): App\Controllers\UnitController->index()
 7 SYSTEMPATH\CodeIgniter.php(502): CodeIgniter\CodeIgniter->runController(Object(App\Controllers\UnitController))
 8 SYSTEMPATH\CodeIgniter.php(361): CodeIgniter\CodeIgniter->handleRequest(null, Object(Config\Cache), false)
 9 FCPATH\index.php(79): CodeIgniter\CodeIgniter->run()
10 SYSTEMPATH\Commands\Server\rewrite.php(47): require_once('C:\\xampp\\htdocs\\HIMSP\\HIMS\\Codenignter\\public\\index.php')
CRITICAL - 2024-05-19 06:20:25 --> ErrorException: Undefined variable $userData
in APPPATH\Views\Unit\dashboard.php on line 92.
 1 APPPATH\Views\Unit\dashboard.php(92): CodeIgniter\Debug\Exceptions->errorHandler(2, 'Undefined variable $userData', 'C:\\xampp\\htdocs\\HIMSP\\HIMS\\Codenignter\\app\\Views\\Unit\\dashboard.php', 92)
 2 SYSTEMPATH\View\View.php(228): include('C:\\xampp\\htdocs\\HIMSP\\HIMS\\Codenignter\\app\\Views\\Unit\\dashboard.php')
 3 SYSTEMPATH\View\View.php(231): CodeIgniter\View\View->CodeIgniter\View\{closure}()
 4 SYSTEMPATH\Common.php(1178): CodeIgniter\View\View->render('Unit/dashboard', [], true)
 5 APPPATH\Controllers\UnitController.php(64): view('Unit/dashboard', [...])
 6 SYSTEMPATH\CodeIgniter.php(941): App\Controllers\UnitController->index()
 7 SYSTEMPATH\CodeIgniter.php(502): CodeIgniter\CodeIgniter->runController(Object(App\Controllers\UnitController))
 8 SYSTEMPATH\CodeIgniter.php(361): CodeIgniter\CodeIgniter->handleRequest(null, Object(Config\Cache), false)
 9 FCPATH\index.php(79): CodeIgniter\CodeIgniter->run()
10 SYSTEMPATH\Commands\Server\rewrite.php(47): require_once('C:\\xampp\\htdocs\\HIMSP\\HIMS\\Codenignter\\public\\index.php')
CRITICAL - 2024-05-19 06:20:44 --> ErrorException: Undefined variable $userData
in APPPATH\Views\Unit\dashboard.php on line 92.
 1 APPPATH\Views\Unit\dashboard.php(92): CodeIgniter\Debug\Exceptions->errorHandler(2, 'Undefined variable $userData', 'C:\\xampp\\htdocs\\HIMSP\\HIMS\\Codenignter\\app\\Views\\Unit\\dashboard.php', 92)
 2 SYSTEMPATH\View\View.php(228): include('C:\\xampp\\htdocs\\HIMSP\\HIMS\\Codenignter\\app\\Views\\Unit\\dashboard.php')
 3 SYSTEMPATH\View\View.php(231): CodeIgniter\View\View->CodeIgniter\View\{closure}()
 4 SYSTEMPATH\Common.php(1178): CodeIgniter\View\View->render('Unit/dashboard', [], true)
 5 APPPATH\Controllers\UnitController.php(64): view('Unit/dashboard', [...])
 6 SYSTEMPATH\CodeIgniter.php(941): App\Controllers\UnitController->index()
 7 SYSTEMPATH\CodeIgniter.php(502): CodeIgniter\CodeIgniter->runController(Object(App\Controllers\UnitController))
 8 SYSTEMPATH\CodeIgniter.php(361): CodeIgniter\CodeIgniter->handleRequest(null, Object(Config\Cache), false)
 9 FCPATH\index.php(79): CodeIgniter\CodeIgniter->run()
10 SYSTEMPATH\Commands\Server\rewrite.php(47): require_once('C:\\xampp\\htdocs\\HIMSP\\HIMS\\Codenignter\\public\\index.php')
CRITICAL - 2024-05-19 06:21:23 --> ErrorException: Undefined variable $userData
in APPPATH\Views\Unit\dashboard.php on line 92.
 1 APPPATH\Views\Unit\dashboard.php(92): CodeIgniter\Debug\Exceptions->errorHandler(2, 'Undefined variable $userData', 'C:\\xampp\\htdocs\\HIMSP\\HIMS\\Codenignter\\app\\Views\\Unit\\dashboard.php', 92)
 2 SYSTEMPATH\View\View.php(228): include('C:\\xampp\\htdocs\\HIMSP\\HIMS\\Codenignter\\app\\Views\\Unit\\dashboard.php')
 3 SYSTEMPATH\View\View.php(231): CodeIgniter\View\View->CodeIgniter\View\{closure}()
 4 SYSTEMPATH\Common.php(1178): CodeIgniter\View\View->render('Unit/dashboard', [], true)
 5 APPPATH\Controllers\UnitController.php(64): view('Unit/dashboard', [...])
 6 SYSTEMPATH\CodeIgniter.php(941): App\Controllers\UnitController->index()
 7 SYSTEMPATH\CodeIgniter.php(502): CodeIgniter\CodeIgniter->runController(Object(App\Controllers\UnitController))
 8 SYSTEMPATH\CodeIgniter.php(361): CodeIgniter\CodeIgniter->handleRequest(null, Object(Config\Cache), false)
 9 FCPATH\index.php(79): CodeIgniter\CodeIgniter->run()
10 SYSTEMPATH\Commands\Server\rewrite.php(47): require_once('C:\\xampp\\htdocs\\HIMSP\\HIMS\\Codenignter\\public\\index.php')
CRITICAL - 2024-05-19 06:21:33 --> ErrorException: Undefined variable $userData
in APPPATH\Views\Unit\dashboard.php on line 92.
 1 APPPATH\Views\Unit\dashboard.php(92): CodeIgniter\Debug\Exceptions->errorHandler(2, 'Undefined variable $userData', 'C:\\xampp\\htdocs\\HIMSP\\HIMS\\Codenignter\\app\\Views\\Unit\\dashboard.php', 92)
 2 SYSTEMPATH\View\View.php(228): include('C:\\xampp\\htdocs\\HIMSP\\HIMS\\Codenignter\\app\\Views\\Unit\\dashboard.php')
 3 SYSTEMPATH\View\View.php(231): CodeIgniter\View\View->CodeIgniter\View\{closure}()
 4 SYSTEMPATH\Common.php(1178): CodeIgniter\View\View->render('Unit/dashboard', [], true)
 5 APPPATH\Controllers\UnitController.php(64): view('Unit/dashboard', [...])
 6 SYSTEMPATH\CodeIgniter.php(941): App\Controllers\UnitController->index()
 7 SYSTEMPATH\CodeIgniter.php(502): CodeIgniter\CodeIgniter->runController(Object(App\Controllers\UnitController))
 8 SYSTEMPATH\CodeIgniter.php(361): CodeIgniter\CodeIgniter->handleRequest(null, Object(Config\Cache), false)
 9 FCPATH\index.php(79): CodeIgniter\CodeIgniter->run()
10 SYSTEMPATH\Commands\Server\rewrite.php(47): require_once('C:\\xampp\\htdocs\\HIMSP\\HIMS\\Codenignter\\public\\index.php')
CRITICAL - 2024-05-19 06:21:34 --> ErrorException: Undefined variable $userData
in APPPATH\Views\Unit\dashboard.php on line 92.
 1 APPPATH\Views\Unit\dashboard.php(92): CodeIgniter\Debug\Exceptions->errorHandler(2, 'Undefined variable $userData', 'C:\\xampp\\htdocs\\HIMSP\\HIMS\\Codenignter\\app\\Views\\Unit\\dashboard.php', 92)
 2 SYSTEMPATH\View\View.php(228): include('C:\\xampp\\htdocs\\HIMSP\\HIMS\\Codenignter\\app\\Views\\Unit\\dashboard.php')
 3 SYSTEMPATH\View\View.php(231): CodeIgniter\View\View->CodeIgniter\View\{closure}()
 4 SYSTEMPATH\Common.php(1178): CodeIgniter\View\View->render('Unit/dashboard', [], true)
 5 APPPATH\Controllers\UnitController.php(64): view('Unit/dashboard', [...])
 6 SYSTEMPATH\CodeIgniter.php(941): App\Controllers\UnitController->index()
 7 SYSTEMPATH\CodeIgniter.php(502): CodeIgniter\CodeIgniter->runController(Object(App\Controllers\UnitController))
 8 SYSTEMPATH\CodeIgniter.php(361): CodeIgniter\CodeIgniter->handleRequest(null, Object(Config\Cache), false)
 9 FCPATH\index.php(79): CodeIgniter\CodeIgniter->run()
10 SYSTEMPATH\Commands\Server\rewrite.php(47): require_once('C:\\xampp\\htdocs\\HIMSP\\HIMS\\Codenignter\\public\\index.php')
CRITICAL - 2024-05-19 06:21:34 --> ErrorException: Undefined variable $userData
in APPPATH\Views\Unit\dashboard.php on line 92.
 1 APPPATH\Views\Unit\dashboard.php(92): CodeIgniter\Debug\Exceptions->errorHandler(2, 'Undefined variable $userData', 'C:\\xampp\\htdocs\\HIMSP\\HIMS\\Codenignter\\app\\Views\\Unit\\dashboard.php', 92)
 2 SYSTEMPATH\View\View.php(228): include('C:\\xampp\\htdocs\\HIMSP\\HIMS\\Codenignter\\app\\Views\\Unit\\dashboard.php')
 3 SYSTEMPATH\View\View.php(231): CodeIgniter\View\View->CodeIgniter\View\{closure}()
 4 SYSTEMPATH\Common.php(1178): CodeIgniter\View\View->render('Unit/dashboard', [], true)
 5 APPPATH\Controllers\UnitController.php(64): view('Unit/dashboard', [...])
 6 SYSTEMPATH\CodeIgniter.php(941): App\Controllers\UnitController->index()
 7 SYSTEMPATH\CodeIgniter.php(502): CodeIgniter\CodeIgniter->runController(Object(App\Controllers\UnitController))
 8 SYSTEMPATH\CodeIgniter.php(361): CodeIgniter\CodeIgniter->handleRequest(null, Object(Config\Cache), false)
 9 FCPATH\index.php(79): CodeIgniter\CodeIgniter->run()
10 SYSTEMPATH\Commands\Server\rewrite.php(47): require_once('C:\\xampp\\htdocs\\HIMSP\\HIMS\\Codenignter\\public\\index.php')
CRITICAL - 2024-05-19 06:21:34 --> ErrorException: Undefined variable $userData
in APPPATH\Views\Unit\dashboard.php on line 92.
 1 APPPATH\Views\Unit\dashboard.php(92): CodeIgniter\Debug\Exceptions->errorHandler(2, 'Undefined variable $userData', 'C:\\xampp\\htdocs\\HIMSP\\HIMS\\Codenignter\\app\\Views\\Unit\\dashboard.php', 92)
 2 SYSTEMPATH\View\View.php(228): include('C:\\xampp\\htdocs\\HIMSP\\HIMS\\Codenignter\\app\\Views\\Unit\\dashboard.php')
 3 SYSTEMPATH\View\View.php(231): CodeIgniter\View\View->CodeIgniter\View\{closure}()
 4 SYSTEMPATH\Common.php(1178): CodeIgniter\View\View->render('Unit/dashboard', [], true)
 5 APPPATH\Controllers\UnitController.php(64): view('Unit/dashboard', [...])
 6 SYSTEMPATH\CodeIgniter.php(941): App\Controllers\UnitController->index()
 7 SYSTEMPATH\CodeIgniter.php(502): CodeIgniter\CodeIgniter->runController(Object(App\Controllers\UnitController))
 8 SYSTEMPATH\CodeIgniter.php(361): CodeIgniter\CodeIgniter->handleRequest(null, Object(Config\Cache), false)
 9 FCPATH\index.php(79): CodeIgniter\CodeIgniter->run()
10 SYSTEMPATH\Commands\Server\rewrite.php(47): require_once('C:\\xampp\\htdocs\\HIMSP\\HIMS\\Codenignter\\public\\index.php')
CRITICAL - 2024-05-19 06:37:09 --> ErrorException: Undefined variable $inventoryDatay
in APPPATH\Views\Unit\dashboard.php on line 70.
 1 APPPATH\Views\Unit\dashboard.php(70): CodeIgniter\Debug\Exceptions->errorHandler(2, 'Undefined variable $inventoryDatay', 'C:\\xampp\\htdocs\\HIMSP\\HIMS\\Codenignter\\app\\Views\\Unit\\dashboard.php', 70)
 2 SYSTEMPATH\View\View.php(228): include('C:\\xampp\\htdocs\\HIMSP\\HIMS\\Codenignter\\app\\Views\\Unit\\dashboard.php')
 3 SYSTEMPATH\View\View.php(231): CodeIgniter\View\View->CodeIgniter\View\{closure}()
 4 SYSTEMPATH\Common.php(1178): CodeIgniter\View\View->render('Unit/dashboard', [], true)
 5 APPPATH\Controllers\UnitController.php(59): view('Unit/dashboard', [...])
 6 SYSTEMPATH\CodeIgniter.php(941): App\Controllers\UnitController->index()
 7 SYSTEMPATH\CodeIgniter.php(502): CodeIgniter\CodeIgniter->runController(Object(App\Controllers\UnitController))
 8 SYSTEMPATH\CodeIgniter.php(361): CodeIgniter\CodeIgniter->handleRequest(null, Object(Config\Cache), false)
 9 FCPATH\index.php(79): CodeIgniter\CodeIgniter->run()
10 SYSTEMPATH\Commands\Server\rewrite.php(47): require_once('C:\\xampp\\htdocs\\HIMSP\\HIMS\\Codenignter\\public\\index.php')
CRITICAL - 2024-05-19 06:37:28 --> ErrorException: Array to string conversion
in APPPATH\Views\Unit\dashboard.php on line 70.
 1 APPPATH\Views\Unit\dashboard.php(70): CodeIgniter\Debug\Exceptions->errorHandler(2, 'Array to string conversion', 'C:\\xampp\\htdocs\\HIMSP\\HIMS\\Codenignter\\app\\Views\\Unit\\dashboard.php', 70)
 2 SYSTEMPATH\View\View.php(228): include('C:\\xampp\\htdocs\\HIMSP\\HIMS\\Codenignter\\app\\Views\\Unit\\dashboard.php')
 3 SYSTEMPATH\View\View.php(231): CodeIgniter\View\View->CodeIgniter\View\{closure}()
 4 SYSTEMPATH\Common.php(1178): CodeIgniter\View\View->render('Unit/dashboard', [], true)
 5 APPPATH\Controllers\UnitController.php(59): view('Unit/dashboard', [...])
 6 SYSTEMPATH\CodeIgniter.php(941): App\Controllers\UnitController->index()
 7 SYSTEMPATH\CodeIgniter.php(502): CodeIgniter\CodeIgniter->runController(Object(App\Controllers\UnitController))
 8 SYSTEMPATH\CodeIgniter.php(361): CodeIgniter\CodeIgniter->handleRequest(null, Object(Config\Cache), false)
 9 FCPATH\index.php(79): CodeIgniter\CodeIgniter->run()
10 SYSTEMPATH\Commands\Server\rewrite.php(47): require_once('C:\\xampp\\htdocs\\HIMSP\\HIMS\\Codenignter\\public\\index.php')
CRITICAL - 2024-05-19 06:37:29 --> ErrorException: Array to string conversion
in APPPATH\Views\Unit\dashboard.php on line 70.
 1 APPPATH\Views\Unit\dashboard.php(70): CodeIgniter\Debug\Exceptions->errorHandler(2, 'Array to string conversion', 'C:\\xampp\\htdocs\\HIMSP\\HIMS\\Codenignter\\app\\Views\\Unit\\dashboard.php', 70)
 2 SYSTEMPATH\View\View.php(228): include('C:\\xampp\\htdocs\\HIMSP\\HIMS\\Codenignter\\app\\Views\\Unit\\dashboard.php')
 3 SYSTEMPATH\View\View.php(231): CodeIgniter\View\View->CodeIgniter\View\{closure}()
 4 SYSTEMPATH\Common.php(1178): CodeIgniter\View\View->render('Unit/dashboard', [], true)
 5 APPPATH\Controllers\UnitController.php(59): view('Unit/dashboard', [...])
 6 SYSTEMPATH\CodeIgniter.php(941): App\Controllers\UnitController->index()
 7 SYSTEMPATH\CodeIgniter.php(502): CodeIgniter\CodeIgniter->runController(Object(App\Controllers\UnitController))
 8 SYSTEMPATH\CodeIgniter.php(361): CodeIgniter\CodeIgniter->handleRequest(null, Object(Config\Cache), false)
 9 FCPATH\index.php(79): CodeIgniter\CodeIgniter->run()
10 SYSTEMPATH\Commands\Server\rewrite.php(47): require_once('C:\\xampp\\htdocs\\HIMSP\\HIMS\\Codenignter\\public\\index.php')
CRITICAL - 2024-05-19 06:37:29 --> ErrorException: Array to string conversion
in APPPATH\Views\Unit\dashboard.php on line 70.
 1 APPPATH\Views\Unit\dashboard.php(70): CodeIgniter\Debug\Exceptions->errorHandler(2, 'Array to string conversion', 'C:\\xampp\\htdocs\\HIMSP\\HIMS\\Codenignter\\app\\Views\\Unit\\dashboard.php', 70)
 2 SYSTEMPATH\View\View.php(228): include('C:\\xampp\\htdocs\\HIMSP\\HIMS\\Codenignter\\app\\Views\\Unit\\dashboard.php')
 3 SYSTEMPATH\View\View.php(231): CodeIgniter\View\View->CodeIgniter\View\{closure}()
 4 SYSTEMPATH\Common.php(1178): CodeIgniter\View\View->render('Unit/dashboard', [], true)
 5 APPPATH\Controllers\UnitController.php(59): view('Unit/dashboard', [...])
 6 SYSTEMPATH\CodeIgniter.php(941): App\Controllers\UnitController->index()
 7 SYSTEMPATH\CodeIgniter.php(502): CodeIgniter\CodeIgniter->runController(Object(App\Controllers\UnitController))
 8 SYSTEMPATH\CodeIgniter.php(361): CodeIgniter\CodeIgniter->handleRequest(null, Object(Config\Cache), false)
 9 FCPATH\index.php(79): CodeIgniter\CodeIgniter->run()
10 SYSTEMPATH\Commands\Server\rewrite.php(47): require_once('C:\\xampp\\htdocs\\HIMSP\\HIMS\\Codenignter\\public\\index.php')
CRITICAL - 2024-05-19 06:38:18 --> ErrorException: Undefined variable $inventoryData
in APPPATH\Views\Unit\dashboard.php on line 128.
 1 APPPATH\Views\Unit\dashboard.php(128): CodeIgniter\Debug\Exceptions->errorHandler(2, 'Undefined variable $inventoryData', 'C:\\xampp\\htdocs\\HIMSP\\HIMS\\Codenignter\\app\\Views\\Unit\\dashboard.php', 128)
 2 SYSTEMPATH\View\View.php(228): include('C:\\xampp\\htdocs\\HIMSP\\HIMS\\Codenignter\\app\\Views\\Unit\\dashboard.php')
 3 SYSTEMPATH\View\View.php(231): CodeIgniter\View\View->CodeIgniter\View\{closure}()
 4 SYSTEMPATH\Common.php(1178): CodeIgniter\View\View->render('Unit/dashboard', [], true)
 5 APPPATH\Controllers\UnitController.php(57): view('Unit/dashboard', [...])
 6 SYSTEMPATH\CodeIgniter.php(941): App\Controllers\UnitController->index()
 7 SYSTEMPATH\CodeIgniter.php(502): CodeIgniter\CodeIgniter->runController(Object(App\Controllers\UnitController))
 8 SYSTEMPATH\CodeIgniter.php(361): CodeIgniter\CodeIgniter->handleRequest(null, Object(Config\Cache), false)
 9 FCPATH\index.php(79): CodeIgniter\CodeIgniter->run()
10 SYSTEMPATH\Commands\Server\rewrite.php(47): require_once('C:\\xampp\\htdocs\\HIMSP\\HIMS\\Codenignter\\public\\index.php')
CRITICAL - 2024-05-19 06:38:48 --> ErrorException: Undefined variable $inventoryData
in APPPATH\Views\Unit\dashboard.php on line 128.
 1 APPPATH\Views\Unit\dashboard.php(128): CodeIgniter\Debug\Exceptions->errorHandler(2, 'Undefined variable $inventoryData', 'C:\\xampp\\htdocs\\HIMSP\\HIMS\\Codenignter\\app\\Views\\Unit\\dashboard.php', 128)
 2 SYSTEMPATH\View\View.php(228): include('C:\\xampp\\htdocs\\HIMSP\\HIMS\\Codenignter\\app\\Views\\Unit\\dashboard.php')
 3 SYSTEMPATH\View\View.php(231): CodeIgniter\View\View->CodeIgniter\View\{closure}()
 4 SYSTEMPATH\Common.php(1178): CodeIgniter\View\View->render('Unit/dashboard', [], true)
 5 APPPATH\Controllers\UnitController.php(53): view('Unit/dashboard', [...])
 6 SYSTEMPATH\CodeIgniter.php(941): App\Controllers\UnitController->index()
 7 SYSTEMPATH\CodeIgniter.php(502): CodeIgniter\CodeIgniter->runController(Object(App\Controllers\UnitController))
 8 SYSTEMPATH\CodeIgniter.php(361): CodeIgniter\CodeIgniter->handleRequest(null, Object(Config\Cache), false)
 9 FCPATH\index.php(79): CodeIgniter\CodeIgniter->run()
10 SYSTEMPATH\Commands\Server\rewrite.php(47): require_once('C:\\xampp\\htdocs\\HIMSP\\HIMS\\Codenignter\\public\\index.php')
CRITICAL - 2024-05-19 06:49:33 --> ErrorException: Undefined array key "item_name"
in APPPATH\Views\Unit\dashboard.php on line 2.
 1 APPPATH\Views\Unit\dashboard.php(2): CodeIgniter\Debug\Exceptions->errorHandler(2, 'Undefined array key "item_name"', 'C:\\xampp\\htdocs\\HIMSP\\HIMS\\Codenignter\\app\\Views\\Unit\\dashboard.php', 2)
 2 SYSTEMPATH\View\View.php(228): include('C:\\xampp\\htdocs\\HIMSP\\HIMS\\Codenignter\\app\\Views\\Unit\\dashboard.php')
 3 SYSTEMPATH\View\View.php(231): CodeIgniter\View\View->CodeIgniter\View\{closure}()
 4 SYSTEMPATH\Common.php(1178): CodeIgniter\View\View->render('Unit/dashboard', [], true)
 5 APPPATH\Controllers\UnitController.php(52): view('Unit/dashboard', [...])
 6 SYSTEMPATH\CodeIgniter.php(941): App\Controllers\UnitController->index()
 7 SYSTEMPATH\CodeIgniter.php(502): CodeIgniter\CodeIgniter->runController(Object(App\Controllers\UnitController))
 8 SYSTEMPATH\CodeIgniter.php(361): CodeIgniter\CodeIgniter->handleRequest(null, Object(Config\Cache), false)
 9 FCPATH\index.php(79): CodeIgniter\CodeIgniter->run()
10 SYSTEMPATH\Commands\Server\rewrite.php(47): require_once('C:\\xampp\\htdocs\\HIMSP\\HIMS\\Codenignter\\public\\index.php')
CRITICAL - 2024-05-19 06:51:52 --> TypeError: Cannot access offset of type string on string
in APPPATH\Views\Unit\dashboard.php on line 95.
 1 SYSTEMPATH\View\View.php(228): include()
 2 SYSTEMPATH\View\View.php(231): CodeIgniter\View\View->CodeIgniter\View\{closure}()
 3 SYSTEMPATH\Common.php(1178): CodeIgniter\View\View->render('Unit/dashboard', [], true)
 4 APPPATH\Controllers\UnitController.php(51): view('Unit/dashboard', [...])
 5 SYSTEMPATH\CodeIgniter.php(941): App\Controllers\UnitController->index()
 6 SYSTEMPATH\CodeIgniter.php(502): CodeIgniter\CodeIgniter->runController(Object(App\Controllers\UnitController))
 7 SYSTEMPATH\CodeIgniter.php(361): CodeIgniter\CodeIgniter->handleRequest(null, Object(Config\Cache), false)
 8 FCPATH\index.php(79): CodeIgniter\CodeIgniter->run()
 9 SYSTEMPATH\Commands\Server\rewrite.php(47): require_once('C:\\xampp\\htdocs\\HIMSP\\HIMS\\Codenignter\\public\\index.php')
CRITICAL - 2024-05-19 06:52:54 --> ParseError: syntax error, unexpected token "endforeach", expecting end of file
in APPPATH\Views\Unit\dashboard.php on line 109.
 1 SYSTEMPATH\View\View.php(231): CodeIgniter\View\View->CodeIgniter\View\{closure}()
 2 SYSTEMPATH\Common.php(1178): CodeIgniter\View\View->render('Unit/dashboard', [], true)
 3 APPPATH\Controllers\UnitController.php(51): view('Unit/dashboard', [...])
 4 SYSTEMPATH\CodeIgniter.php(941): App\Controllers\UnitController->index()
 5 SYSTEMPATH\CodeIgniter.php(502): CodeIgniter\CodeIgniter->runController(Object(App\Controllers\UnitController))
 6 SYSTEMPATH\CodeIgniter.php(361): CodeIgniter\CodeIgniter->handleRequest(null, Object(Config\Cache), false)
 7 FCPATH\index.php(79): CodeIgniter\CodeIgniter->run()
 8 SYSTEMPATH\Commands\Server\rewrite.php(47): require_once('C:\\xampp\\htdocs\\HIMSP\\HIMS\\Codenignter\\public\\index.php')
CRITICAL - 2024-05-19 06:52:54 --> ParseError: syntax error, unexpected token "endforeach", expecting end of file
in APPPATH\Views\Unit\dashboard.php on line 109.
 1 SYSTEMPATH\View\View.php(231): CodeIgniter\View\View->CodeIgniter\View\{closure}()
 2 SYSTEMPATH\Common.php(1178): CodeIgniter\View\View->render('Unit/dashboard', [], true)
 3 APPPATH\Controllers\UnitController.php(51): view('Unit/dashboard', [...])
 4 SYSTEMPATH\CodeIgniter.php(941): App\Controllers\UnitController->index()
 5 SYSTEMPATH\CodeIgniter.php(502): CodeIgniter\CodeIgniter->runController(Object(App\Controllers\UnitController))
 6 SYSTEMPATH\CodeIgniter.php(361): CodeIgniter\CodeIgniter->handleRequest(null, Object(Config\Cache), false)
 7 FCPATH\index.php(79): CodeIgniter\CodeIgniter->run()
 8 SYSTEMPATH\Commands\Server\rewrite.php(47): require_once('C:\\xampp\\htdocs\\HIMSP\\HIMS\\Codenignter\\public\\index.php')
CRITICAL - 2024-05-19 06:53:06 --> ParseError: syntax error, unexpected token "endforeach", expecting end of file
in APPPATH\Views\Unit\dashboard.php on line 107.
 1 SYSTEMPATH\View\View.php(231): CodeIgniter\View\View->CodeIgniter\View\{closure}()
 2 SYSTEMPATH\Common.php(1178): CodeIgniter\View\View->render('Unit/dashboard', [], true)
 3 APPPATH\Controllers\UnitController.php(51): view('Unit/dashboard', [...])
 4 SYSTEMPATH\CodeIgniter.php(941): App\Controllers\UnitController->index()
 5 SYSTEMPATH\CodeIgniter.php(502): CodeIgniter\CodeIgniter->runController(Object(App\Controllers\UnitController))
 6 SYSTEMPATH\CodeIgniter.php(361): CodeIgniter\CodeIgniter->handleRequest(null, Object(Config\Cache), false)
 7 FCPATH\index.php(79): CodeIgniter\CodeIgniter->run()
 8 SYSTEMPATH\Commands\Server\rewrite.php(47): require_once('C:\\xampp\\htdocs\\HIMSP\\HIMS\\Codenignter\\public\\index.php')
CRITICAL - 2024-05-19 06:53:07 --> ParseError: syntax error, unexpected token "endforeach", expecting end of file
in APPPATH\Views\Unit\dashboard.php on line 107.
 1 SYSTEMPATH\View\View.php(231): CodeIgniter\View\View->CodeIgniter\View\{closure}()
 2 SYSTEMPATH\Common.php(1178): CodeIgniter\View\View->render('Unit/dashboard', [], true)
 3 APPPATH\Controllers\UnitController.php(51): view('Unit/dashboard', [...])
 4 SYSTEMPATH\CodeIgniter.php(941): App\Controllers\UnitController->index()
 5 SYSTEMPATH\CodeIgniter.php(502): CodeIgniter\CodeIgniter->runController(Object(App\Controllers\UnitController))
 6 SYSTEMPATH\CodeIgniter.php(361): CodeIgniter\CodeIgniter->handleRequest(null, Object(Config\Cache), false)
 7 FCPATH\index.php(79): CodeIgniter\CodeIgniter->run()
 8 SYSTEMPATH\Commands\Server\rewrite.php(47): require_once('C:\\xampp\\htdocs\\HIMSP\\HIMS\\Codenignter\\public\\index.php')
CRITICAL - 2024-05-19 06:53:07 --> ParseError: syntax error, unexpected token "endforeach", expecting end of file
in APPPATH\Views\Unit\dashboard.php on line 107.
 1 SYSTEMPATH\View\View.php(231): CodeIgniter\View\View->CodeIgniter\View\{closure}()
 2 SYSTEMPATH\Common.php(1178): CodeIgniter\View\View->render('Unit/dashboard', [], true)
 3 APPPATH\Controllers\UnitController.php(51): view('Unit/dashboard', [...])
 4 SYSTEMPATH\CodeIgniter.php(941): App\Controllers\UnitController->index()
 5 SYSTEMPATH\CodeIgniter.php(502): CodeIgniter\CodeIgniter->runController(Object(App\Controllers\UnitController))
 6 SYSTEMPATH\CodeIgniter.php(361): CodeIgniter\CodeIgniter->handleRequest(null, Object(Config\Cache), false)
 7 FCPATH\index.php(79): CodeIgniter\CodeIgniter->run()
 8 SYSTEMPATH\Commands\Server\rewrite.php(47): require_once('C:\\xampp\\htdocs\\HIMSP\\HIMS\\Codenignter\\public\\index.php')
CRITICAL - 2024-05-19 06:53:08 --> ParseError: syntax error, unexpected token "endforeach", expecting end of file
in APPPATH\Views\Unit\dashboard.php on line 107.
 1 SYSTEMPATH\View\View.php(231): CodeIgniter\View\View->CodeIgniter\View\{closure}()
 2 SYSTEMPATH\Common.php(1178): CodeIgniter\View\View->render('Unit/dashboard', [], true)
 3 APPPATH\Controllers\UnitController.php(51): view('Unit/dashboard', [...])
 4 SYSTEMPATH\CodeIgniter.php(941): App\Controllers\UnitController->index()
 5 SYSTEMPATH\CodeIgniter.php(502): CodeIgniter\CodeIgniter->runController(Object(App\Controllers\UnitController))
 6 SYSTEMPATH\CodeIgniter.php(361): CodeIgniter\CodeIgniter->handleRequest(null, Object(Config\Cache), false)
 7 FCPATH\index.php(79): CodeIgniter\CodeIgniter->run()
 8 SYSTEMPATH\Commands\Server\rewrite.php(47): require_once('C:\\xampp\\htdocs\\HIMSP\\HIMS\\Codenignter\\public\\index.php')
CRITICAL - 2024-05-19 06:53:19 --> ParseError: syntax error, unexpected token "endforeach", expecting end of file
in APPPATH\Views\Unit\dashboard.php on line 104.
 1 SYSTEMPATH\View\View.php(231): CodeIgniter\View\View->CodeIgniter\View\{closure}()
 2 SYSTEMPATH\Common.php(1178): CodeIgniter\View\View->render('Unit/dashboard', [], true)
 3 APPPATH\Controllers\UnitController.php(51): view('Unit/dashboard', [...])
 4 SYSTEMPATH\CodeIgniter.php(941): App\Controllers\UnitController->index()
 5 SYSTEMPATH\CodeIgniter.php(502): CodeIgniter\CodeIgniter->runController(Object(App\Controllers\UnitController))
 6 SYSTEMPATH\CodeIgniter.php(361): CodeIgniter\CodeIgniter->handleRequest(null, Object(Config\Cache), false)
 7 FCPATH\index.php(79): CodeIgniter\CodeIgniter->run()
 8 SYSTEMPATH\Commands\Server\rewrite.php(47): require_once('C:\\xampp\\htdocs\\HIMSP\\HIMS\\Codenignter\\public\\index.php')
CRITICAL - 2024-05-19 06:53:19 --> ParseError: syntax error, unexpected token "endforeach", expecting end of file
in APPPATH\Views\Unit\dashboard.php on line 104.
 1 SYSTEMPATH\View\View.php(231): CodeIgniter\View\View->CodeIgniter\View\{closure}()
 2 SYSTEMPATH\Common.php(1178): CodeIgniter\View\View->render('Unit/dashboard', [], true)
 3 APPPATH\Controllers\UnitController.php(51): view('Unit/dashboard', [...])
 4 SYSTEMPATH\CodeIgniter.php(941): App\Controllers\UnitController->index()
 5 SYSTEMPATH\CodeIgniter.php(502): CodeIgniter\CodeIgniter->runController(Object(App\Controllers\UnitController))
 6 SYSTEMPATH\CodeIgniter.php(361): CodeIgniter\CodeIgniter->handleRequest(null, Object(Config\Cache), false)
 7 FCPATH\index.php(79): CodeIgniter\CodeIgniter->run()
 8 SYSTEMPATH\Commands\Server\rewrite.php(47): require_once('C:\\xampp\\htdocs\\HIMSP\\HIMS\\Codenignter\\public\\index.php')
CRITICAL - 2024-05-19 06:53:19 --> ParseError: syntax error, unexpected token "endforeach", expecting end of file
in APPPATH\Views\Unit\dashboard.php on line 104.
 1 SYSTEMPATH\View\View.php(231): CodeIgniter\View\View->CodeIgniter\View\{closure}()
 2 SYSTEMPATH\Common.php(1178): CodeIgniter\View\View->render('Unit/dashboard', [], true)
 3 APPPATH\Controllers\UnitController.php(51): view('Unit/dashboard', [...])
 4 SYSTEMPATH\CodeIgniter.php(941): App\Controllers\UnitController->index()
 5 SYSTEMPATH\CodeIgniter.php(502): CodeIgniter\CodeIgniter->runController(Object(App\Controllers\UnitController))
 6 SYSTEMPATH\CodeIgniter.php(361): CodeIgniter\CodeIgniter->handleRequest(null, Object(Config\Cache), false)
 7 FCPATH\index.php(79): CodeIgniter\CodeIgniter->run()
 8 SYSTEMPATH\Commands\Server\rewrite.php(47): require_once('C:\\xampp\\htdocs\\HIMSP\\HIMS\\Codenignter\\public\\index.php')
CRITICAL - 2024-05-19 06:57:05 --> ErrorException: Undefined array key "item_id"
in APPPATH\Views\Unit\dashboard.php on line 87.
 1 APPPATH\Views\Unit\dashboard.php(87): CodeIgniter\Debug\Exceptions->errorHandler(2, 'Undefined array key "item_id"', 'C:\\xampp\\htdocs\\HIMSP\\HIMS\\Codenignter\\app\\Views\\Unit\\dashboard.php', 87)
 2 SYSTEMPATH\View\View.php(228): include('C:\\xampp\\htdocs\\HIMSP\\HIMS\\Codenignter\\app\\Views\\Unit\\dashboard.php')
 3 SYSTEMPATH\View\View.php(231): CodeIgniter\View\View->CodeIgniter\View\{closure}()
 4 SYSTEMPATH\Common.php(1178): CodeIgniter\View\View->render('Unit/dashboard', [], true)
 5 APPPATH\Controllers\UnitController.php(51): view('Unit/dashboard', [...])
 6 SYSTEMPATH\CodeIgniter.php(941): App\Controllers\UnitController->index()
 7 SYSTEMPATH\CodeIgniter.php(502): CodeIgniter\CodeIgniter->runController(Object(App\Controllers\UnitController))
 8 SYSTEMPATH\CodeIgniter.php(361): CodeIgniter\CodeIgniter->handleRequest(null, Object(Config\Cache), false)
 9 FCPATH\index.php(79): CodeIgniter\CodeIgniter->run()
10 SYSTEMPATH\Commands\Server\rewrite.php(47): require_once('C:\\xampp\\htdocs\\HIMSP\\HIMS\\Codenignter\\public\\index.php')
CRITICAL - 2024-05-19 06:59:33 --> ErrorException: Undefined variable $user
in APPPATH\Views\Unit\dashboard.php on line 95.
 1 APPPATH\Views\Unit\dashboard.php(95): CodeIgniter\Debug\Exceptions->errorHandler(2, 'Undefined variable $user', 'C:\\xampp\\htdocs\\HIMSP\\HIMS\\Codenignter\\app\\Views\\Unit\\dashboard.php', 95)
 2 SYSTEMPATH\View\View.php(228): include('C:\\xampp\\htdocs\\HIMSP\\HIMS\\Codenignter\\app\\Views\\Unit\\dashboard.php')
 3 SYSTEMPATH\View\View.php(231): CodeIgniter\View\View->CodeIgniter\View\{closure}()
 4 SYSTEMPATH\Common.php(1178): CodeIgniter\View\View->render('Unit/dashboard', [], true)
 5 APPPATH\Controllers\UnitController.php(51): view('Unit/dashboard', [...])
 6 SYSTEMPATH\CodeIgniter.php(941): App\Controllers\UnitController->index()
 7 SYSTEMPATH\CodeIgniter.php(502): CodeIgniter\CodeIgniter->runController(Object(App\Controllers\UnitController))
 8 SYSTEMPATH\CodeIgniter.php(361): CodeIgniter\CodeIgniter->handleRequest(null, Object(Config\Cache), false)
 9 FCPATH\index.php(79): CodeIgniter\CodeIgniter->run()
10 SYSTEMPATH\Commands\Server\rewrite.php(47): require_once('C:\\xampp\\htdocs\\HIMSP\\HIMS\\Codenignter\\public\\index.php')
ERROR - 2024-05-19 07:04:17 --> mysqli_sql_exception: You have an error in your SQL syntax; check the manual that corresponds to your MariaDB server version for the right syntax to use near 'SUM(unit_inventory.Quntity) as total_quantity
FROM `unit_inventory`
JOIN `ite...' at line 1 in C:\xampp\htdocs\HIMSP\HIMS\Codenignter\system\Database\MySQLi\Connection.php:306
Stack trace:
#0 C:\xampp\htdocs\HIMSP\HIMS\Codenignter\system\Database\MySQLi\Connection.php(306): mysqli->query('SELECT `items`....', 0)
#1 C:\xampp\htdocs\HIMSP\HIMS\Codenignter\system\Database\BaseConnection.php(693): CodeIgniter\Database\MySQLi\Connection->execute('SELECT `items`....')
#2 C:\xampp\htdocs\HIMSP\HIMS\Codenignter\system\Database\BaseConnection.php(607): CodeIgniter\Database\BaseConnection->simpleQuery('SELECT `items`....')
#3 C:\xampp\htdocs\HIMSP\HIMS\Codenignter\system\Database\BaseBuilder.php(1616): CodeIgniter\Database\BaseConnection->query('SELECT `items`....', Array, false)
#4 C:\xampp\htdocs\HIMSP\HIMS\Codenignter\system\Model.php(242): CodeIgniter\Database\BaseBuilder->get()
#5 C:\xampp\htdocs\HIMSP\HIMS\Codenignter\system\BaseModel.php(638): CodeIgniter\Model->doFindAll(0, 0)
#6 C:\xampp\htdocs\HIMSP\HIMS\Codenignter\app\Controllers\UnitController.php(40): CodeIgniter\BaseModel->findAll()
#7 C:\xampp\htdocs\HIMSP\HIMS\Codenignter\system\CodeIgniter.php(941): App\Controllers\UnitController->index()
#8 C:\xampp\htdocs\HIMSP\HIMS\Codenignter\system\CodeIgniter.php(502): CodeIgniter\CodeIgniter->runController(Object(App\Controllers\UnitController))
#9 C:\xampp\htdocs\HIMSP\HIMS\Codenignter\system\CodeIgniter.php(361): CodeIgniter\CodeIgniter->handleRequest(NULL, Object(Config\Cache), false)
#10 C:\xampp\htdocs\HIMSP\HIMS\Codenignter\public\index.php(79): CodeIgniter\CodeIgniter->run()
#11 C:\xampp\htdocs\HIMSP\HIMS\Codenignter\system\Commands\Server\rewrite.php(47): require_once('C:\\xampp\\htdocs...')
#12 {main}
CRITICAL - 2024-05-19 07:04:17 --> CodeIgniter\Database\Exceptions\DatabaseException: You have an error in your SQL syntax; check the manual that corresponds to your MariaDB server version for the right syntax to use near 'SUM(unit_inventory.Quntity) as total_quantity
FROM `unit_inventory`
JOIN `ite...' at line 1
in SYSTEMPATH\Database\BaseConnection.php on line 647.
 1 SYSTEMPATH\Database\BaseBuilder.php(1616): CodeIgniter\Database\BaseConnection->query('SELECT `items`.`id`, `items`.`item_name`, unit_inventory.Unit_id SUM(unit_inventory.Quntity) as total_quantity
FROM `unit_inventory`
JOIN `items` ON `unit_inventory`.`item_id` = `items`.`id`
JOIN `category` ON `unit_inventory`.`C_id` = `category`.`Cid`
WHERE `unit_inventory`.`Unit_id` = :unit_inventory.Unit_id:
GROUP BY `items`.`id`', [...], false)
 2 SYSTEMPATH\Model.php(242): CodeIgniter\Database\BaseBuilder->get()
 3 SYSTEMPATH\BaseModel.php(638): CodeIgniter\Model->doFindAll(0, 0)
 4 APPPATH\Controllers\UnitController.php(40): CodeIgniter\BaseModel->findAll()
 5 SYSTEMPATH\CodeIgniter.php(941): App\Controllers\UnitController->index()
 6 SYSTEMPATH\CodeIgniter.php(502): CodeIgniter\CodeIgniter->runController(Object(App\Controllers\UnitController))
 7 SYSTEMPATH\CodeIgniter.php(361): CodeIgniter\CodeIgniter->handleRequest(null, Object(Config\Cache), false)
 8 FCPATH\index.php(79): CodeIgniter\CodeIgniter->run()
 9 SYSTEMPATH\Commands\Server\rewrite.php(47): require_once('C:\\xampp\\htdocs\\HIMSP\\HIMS\\Codenignter\\public\\index.php')
CRITICAL - 2024-05-19 07:04:17 --> [Caused by] CodeIgniter\Database\Exceptions\DatabaseException: You have an error in your SQL syntax; check the manual that corresponds to your MariaDB server version for the right syntax to use near 'SUM(unit_inventory.Quntity) as total_quantity
FROM `unit_inventory`
JOIN `ite...' at line 1
in SYSTEMPATH\Database\MySQLi\Connection.php on line 311.
 1 SYSTEMPATH\Database\BaseConnection.php(693): CodeIgniter\Database\MySQLi\Connection->execute('SELECT `items`.`id`, `items`.`item_name`, unit_inventory.Unit_id SUM(unit_inventory.Quntity) as total_quantity
FROM `unit_inventory`
JOIN `items` ON `unit_inventory`.`item_id` = `items`.`id`
JOIN `category` ON `unit_inventory`.`C_id` = `category`.`Cid`
WHERE `unit_inventory`.`Unit_id` = \'1\'
GROUP BY `items`.`id`')
 2 SYSTEMPATH\Database\BaseConnection.php(607): CodeIgniter\Database\BaseConnection->simpleQuery('SELECT `items`.`id`, `items`.`item_name`, unit_inventory.Unit_id SUM(unit_inventory.Quntity) as total_quantity
FROM `unit_inventory`
JOIN `items` ON `unit_inventory`.`item_id` = `items`.`id`
JOIN `category` ON `unit_inventory`.`C_id` = `category`.`Cid`
WHERE `unit_inventory`.`Unit_id` = \'1\'
GROUP BY `items`.`id`')
 3 SYSTEMPATH\Database\BaseBuilder.php(1616): CodeIgniter\Database\BaseConnection->query('SELECT `items`.`id`, `items`.`item_name`, unit_inventory.Unit_id SUM(unit_inventory.Quntity) as total_quantity
FROM `unit_inventory`
JOIN `items` ON `unit_inventory`.`item_id` = `items`.`id`
JOIN `category` ON `unit_inventory`.`C_id` = `category`.`Cid`
WHERE `unit_inventory`.`Unit_id` = :unit_inventory.Unit_id:
GROUP BY `items`.`id`', [...], false)
 4 SYSTEMPATH\Model.php(242): CodeIgniter\Database\BaseBuilder->get()
 5 SYSTEMPATH\BaseModel.php(638): CodeIgniter\Model->doFindAll(0, 0)
 6 APPPATH\Controllers\UnitController.php(40): CodeIgniter\BaseModel->findAll()
 7 SYSTEMPATH\CodeIgniter.php(941): App\Controllers\UnitController->index()
 8 SYSTEMPATH\CodeIgniter.php(502): CodeIgniter\CodeIgniter->runController(Object(App\Controllers\UnitController))
 9 SYSTEMPATH\CodeIgniter.php(361): CodeIgniter\CodeIgniter->handleRequest(null, Object(Config\Cache), false)
10 FCPATH\index.php(79): CodeIgniter\CodeIgniter->run()
11 SYSTEMPATH\Commands\Server\rewrite.php(47): require_once('C:\\xampp\\htdocs\\HIMSP\\HIMS\\Codenignter\\public\\index.php')
CRITICAL - 2024-05-19 07:04:17 --> [Caused by] mysqli_sql_exception: You have an error in your SQL syntax; check the manual that corresponds to your MariaDB server version for the right syntax to use near 'SUM(unit_inventory.Quntity) as total_quantity
FROM `unit_inventory`
JOIN `ite...' at line 1
in SYSTEMPATH\Database\MySQLi\Connection.php on line 306.
 1 SYSTEMPATH\Database\MySQLi\Connection.php(306): mysqli->query('SELECT `items`.`id`, `items`.`item_name`, unit_inventory.Unit_id SUM(unit_inventory.Quntity) as total_quantity
FROM `unit_inventory`
JOIN `items` ON `unit_inventory`.`item_id` = `items`.`id`
JOIN `category` ON `unit_inventory`.`C_id` = `category`.`Cid`
WHERE `unit_inventory`.`Unit_id` = \'1\'
GROUP BY `items`.`id`', 0)
 2 SYSTEMPATH\Database\BaseConnection.php(693): CodeIgniter\Database\MySQLi\Connection->execute('SELECT `items`.`id`, `items`.`item_name`, unit_inventory.Unit_id SUM(unit_inventory.Quntity) as total_quantity
FROM `unit_inventory`
JOIN `items` ON `unit_inventory`.`item_id` = `items`.`id`
JOIN `category` ON `unit_inventory`.`C_id` = `category`.`Cid`
WHERE `unit_inventory`.`Unit_id` = \'1\'
GROUP BY `items`.`id`')
 3 SYSTEMPATH\Database\BaseConnection.php(607): CodeIgniter\Database\BaseConnection->simpleQuery('SELECT `items`.`id`, `items`.`item_name`, unit_inventory.Unit_id SUM(unit_inventory.Quntity) as total_quantity
FROM `unit_inventory`
JOIN `items` ON `unit_inventory`.`item_id` = `items`.`id`
JOIN `category` ON `unit_inventory`.`C_id` = `category`.`Cid`
WHERE `unit_inventory`.`Unit_id` = \'1\'
GROUP BY `items`.`id`')
 4 SYSTEMPATH\Database\BaseBuilder.php(1616): CodeIgniter\Database\BaseConnection->query('SELECT `items`.`id`, `items`.`item_name`, unit_inventory.Unit_id SUM(unit_inventory.Quntity) as total_quantity
FROM `unit_inventory`
JOIN `items` ON `unit_inventory`.`item_id` = `items`.`id`
JOIN `category` ON `unit_inventory`.`C_id` = `category`.`Cid`
WHERE `unit_inventory`.`Unit_id` = :unit_inventory.Unit_id:
GROUP BY `items`.`id`', [...], false)
 5 SYSTEMPATH\Model.php(242): CodeIgniter\Database\BaseBuilder->get()
 6 SYSTEMPATH\BaseModel.php(638): CodeIgniter\Model->doFindAll(0, 0)
 7 APPPATH\Controllers\UnitController.php(40): CodeIgniter\BaseModel->findAll()
 8 SYSTEMPATH\CodeIgniter.php(941): App\Controllers\UnitController->index()
 9 SYSTEMPATH\CodeIgniter.php(502): CodeIgniter\CodeIgniter->runController(Object(App\Controllers\UnitController))
10 SYSTEMPATH\CodeIgniter.php(361): CodeIgniter\CodeIgniter->handleRequest(null, Object(Config\Cache), false)
11 FCPATH\index.php(79): CodeIgniter\CodeIgniter->run()
12 SYSTEMPATH\Commands\Server\rewrite.php(47): require_once('C:\\xampp\\htdocs\\HIMSP\\HIMS\\Codenignter\\public\\index.php')
CRITICAL - 2024-05-19 07:21:04 --> ErrorException: Undefined array key "W_W_end"
in APPPATH\Views\Unit\item_table.php on line 105.
 1 APPPATH\Views\Unit\item_table.php(105): CodeIgniter\Debug\Exceptions->errorHandler(2, 'Undefined array key "W_W_end"', 'C:\\xampp\\htdocs\\HIMSP\\HIMS\\Codenignter\\app\\Views\\Unit\\item_table.php', 105)
 2 SYSTEMPATH\View\View.php(228): include('C:\\xampp\\htdocs\\HIMSP\\HIMS\\Codenignter\\app\\Views\\Unit\\item_table.php')
 3 SYSTEMPATH\View\View.php(231): CodeIgniter\View\View->CodeIgniter\View\{closure}()
 4 SYSTEMPATH\Common.php(1178): CodeIgniter\View\View->render('Unit/item_table.php', [], true)
 5 APPPATH\Controllers\UnitController.php(98): view('Unit/item_table.php', [...])
 6 SYSTEMPATH\CodeIgniter.php(941): App\Controllers\UnitController->unititemfull('10', '1')
 7 SYSTEMPATH\CodeIgniter.php(502): CodeIgniter\CodeIgniter->runController(Object(App\Controllers\UnitController))
 8 SYSTEMPATH\CodeIgniter.php(361): CodeIgniter\CodeIgniter->handleRequest(null, Object(Config\Cache), false)
 9 FCPATH\index.php(79): CodeIgniter\CodeIgniter->run()
10 SYSTEMPATH\Commands\Server\rewrite.php(47): require_once('C:\\xampp\\htdocs\\HIMSP\\HIMS\\Codenignter\\public\\index.php')
CRITICAL - 2024-05-19 07:21:18 --> ErrorException: Undefined array key "W_W_end"
in APPPATH\Views\Unit\item_table.php on line 105.
 1 APPPATH\Views\Unit\item_table.php(105): CodeIgniter\Debug\Exceptions->errorHandler(2, 'Undefined array key "W_W_end"', 'C:\\xampp\\htdocs\\HIMSP\\HIMS\\Codenignter\\app\\Views\\Unit\\item_table.php', 105)
 2 SYSTEMPATH\View\View.php(228): include('C:\\xampp\\htdocs\\HIMSP\\HIMS\\Codenignter\\app\\Views\\Unit\\item_table.php')
 3 SYSTEMPATH\View\View.php(231): CodeIgniter\View\View->CodeIgniter\View\{closure}()
 4 SYSTEMPATH\Common.php(1178): CodeIgniter\View\View->render('Unit/item_table.php', [], true)
 5 APPPATH\Controllers\UnitController.php(98): view('Unit/item_table.php', [...])
 6 SYSTEMPATH\CodeIgniter.php(941): App\Controllers\UnitController->unititemfull('10', '1')
 7 SYSTEMPATH\CodeIgniter.php(502): CodeIgniter\CodeIgniter->runController(Object(App\Controllers\UnitController))
 8 SYSTEMPATH\CodeIgniter.php(361): CodeIgniter\CodeIgniter->handleRequest(null, Object(Config\Cache), false)
 9 FCPATH\index.php(79): CodeIgniter\CodeIgniter->run()
10 SYSTEMPATH\Commands\Server\rewrite.php(47): require_once('C:\\xampp\\htdocs\\HIMSP\\HIMS\\Codenignter\\public\\index.php')
CRITICAL - 2024-05-19 07:21:19 --> ErrorException: Undefined array key "W_W_end"
in APPPATH\Views\Unit\item_table.php on line 105.
 1 APPPATH\Views\Unit\item_table.php(105): CodeIgniter\Debug\Exceptions->errorHandler(2, 'Undefined array key "W_W_end"', 'C:\\xampp\\htdocs\\HIMSP\\HIMS\\Codenignter\\app\\Views\\Unit\\item_table.php', 105)
 2 SYSTEMPATH\View\View.php(228): include('C:\\xampp\\htdocs\\HIMSP\\HIMS\\Codenignter\\app\\Views\\Unit\\item_table.php')
 3 SYSTEMPATH\View\View.php(231): CodeIgniter\View\View->CodeIgniter\View\{closure}()
 4 SYSTEMPATH\Common.php(1178): CodeIgniter\View\View->render('Unit/item_table.php', [], true)
 5 APPPATH\Controllers\UnitController.php(98): view('Unit/item_table.php', [...])
 6 SYSTEMPATH\CodeIgniter.php(941): App\Controllers\UnitController->unititemfull('10', '1')
 7 SYSTEMPATH\CodeIgniter.php(502): CodeIgniter\CodeIgniter->runController(Object(App\Controllers\UnitController))
 8 SYSTEMPATH\CodeIgniter.php(361): CodeIgniter\CodeIgniter->handleRequest(null, Object(Config\Cache), false)
 9 FCPATH\index.php(79): CodeIgniter\CodeIgniter->run()
10 SYSTEMPATH\Commands\Server\rewrite.php(47): require_once('C:\\xampp\\htdocs\\HIMSP\\HIMS\\Codenignter\\public\\index.php')
CRITICAL - 2024-05-19 07:21:20 --> ErrorException: Undefined array key "W_W_end"
in APPPATH\Views\Unit\item_table.php on line 105.
 1 APPPATH\Views\Unit\item_table.php(105): CodeIgniter\Debug\Exceptions->errorHandler(2, 'Undefined array key "W_W_end"', 'C:\\xampp\\htdocs\\HIMSP\\HIMS\\Codenignter\\app\\Views\\Unit\\item_table.php', 105)
 2 SYSTEMPATH\View\View.php(228): include('C:\\xampp\\htdocs\\HIMSP\\HIMS\\Codenignter\\app\\Views\\Unit\\item_table.php')
 3 SYSTEMPATH\View\View.php(231): CodeIgniter\View\View->CodeIgniter\View\{closure}()
 4 SYSTEMPATH\Common.php(1178): CodeIgniter\View\View->render('Unit/item_table.php', [], true)
 5 APPPATH\Controllers\UnitController.php(98): view('Unit/item_table.php', [...])
 6 SYSTEMPATH\CodeIgniter.php(941): App\Controllers\UnitController->unititemfull('10', '1')
 7 SYSTEMPATH\CodeIgniter.php(502): CodeIgniter\CodeIgniter->runController(Object(App\Controllers\UnitController))
 8 SYSTEMPATH\CodeIgniter.php(361): CodeIgniter\CodeIgniter->handleRequest(null, Object(Config\Cache), false)
 9 FCPATH\index.php(79): CodeIgniter\CodeIgniter->run()
10 SYSTEMPATH\Commands\Server\rewrite.php(47): require_once('C:\\xampp\\htdocs\\HIMSP\\HIMS\\Codenignter\\public\\index.php')
CRITICAL - 2024-05-19 07:32:17 --> ErrorException: Trying to access array offset on value of type null
in APPPATH\Controllers\imdashController.php on line 502.
 1 APPPATH\Controllers\imdashController.php(502): CodeIgniter\Debug\Exceptions->errorHandler(2, 'Trying to access array offset on value of type null', 'C:\\xampp\\htdocs\\HIMSP\\HIMS\\Codenignter\\app\\Controllers\\imdashController.php', 502)
 2 SYSTEMPATH\CodeIgniter.php(941): App\Controllers\imdashController->Requestrepiritems('1')
 3 SYSTEMPATH\CodeIgniter.php(502): CodeIgniter\CodeIgniter->runController(Object(App\Controllers\imdashController))
 4 SYSTEMPATH\CodeIgniter.php(361): CodeIgniter\CodeIgniter->handleRequest(null, Object(Config\Cache), false)
 5 FCPATH\index.php(79): CodeIgniter\CodeIgniter->run()
 6 SYSTEMPATH\Commands\Server\rewrite.php(47): require_once('C:\\xampp\\htdocs\\HIMSP\\HIMS\\Codenignter\\public\\index.php')
