CRITICAL - 2024-03-30 19:46:24 --> ErrorException: Undefined variable $unitId
in APPPATH\Views\Unit\dashboard.php on line 21.
 1 APPPATH\Views\Unit\dashboard.php(21): CodeIgniter\Debug\Exceptions->errorHandler(2, 'Undefined variable $unitId', 'C:\\xampp\\htdocs\\HIMSP\\HIMS\\Codenignter\\app\\Views\\Unit\\dashboard.php', 21)
 2 SYSTEMPATH\View\View.php(228): include('C:\\xampp\\htdocs\\HIMSP\\HIMS\\Codenignter\\app\\Views\\Unit\\dashboard.php')
 3 SYSTEMPATH\View\View.php(231): CodeIgniter\View\View->CodeIgniter\View\{closure}()
 4 SYSTEMPATH\Common.php(1178): CodeIgniter\View\View->render('Unit/dashboard', [], true)
 5 APPPATH\Controllers\UnitController.php(31): view('Unit/dashboard', [...])
 6 SYSTEMPATH\CodeIgniter.php(941): App\Controllers\UnitController->index()
 7 SYSTEMPATH\CodeIgniter.php(502): CodeIgniter\CodeIgniter->runController(Object(App\Controllers\UnitController))
 8 SYSTEMPATH\CodeIgniter.php(361): CodeIgniter\CodeIgniter->handleRequest(null, Object(Config\Cache), false)
 9 FCPATH\index.php(79): CodeIgniter\CodeIgniter->run()
10 SYSTEMPATH\Commands\Server\rewrite.php(47): require_once('C:\\xampp\\htdocs\\HIMSP\\HIMS\\Codenignter\\public\\index.php')
CRITICAL - 2024-03-30 19:47:32 --> ErrorException: Undefined variable $unitId
in APPPATH\Views\Unit\dashboard.php on line 21.
 1 APPPATH\Views\Unit\dashboard.php(21): CodeIgniter\Debug\Exceptions->errorHandler(2, 'Undefined variable $unitId', 'C:\\xampp\\htdocs\\HIMSP\\HIMS\\Codenignter\\app\\Views\\Unit\\dashboard.php', 21)
 2 SYSTEMPATH\View\View.php(228): include('C:\\xampp\\htdocs\\HIMSP\\HIMS\\Codenignter\\app\\Views\\Unit\\dashboard.php')
 3 SYSTEMPATH\View\View.php(231): CodeIgniter\View\View->CodeIgniter\View\{closure}()
 4 SYSTEMPATH\Common.php(1178): CodeIgniter\View\View->render('Unit/dashboard', [], true)
 5 APPPATH\Controllers\UnitController.php(31): view('Unit/dashboard', [...])
 6 SYSTEMPATH\CodeIgniter.php(941): App\Controllers\UnitController->index()
 7 SYSTEMPATH\CodeIgniter.php(502): CodeIgniter\CodeIgniter->runController(Object(App\Controllers\UnitController))
 8 SYSTEMPATH\CodeIgniter.php(361): CodeIgniter\CodeIgniter->handleRequest(null, Object(Config\Cache), false)
 9 FCPATH\index.php(79): CodeIgniter\CodeIgniter->run()
10 SYSTEMPATH\Commands\Server\rewrite.php(47): require_once('C:\\xampp\\htdocs\\HIMSP\\HIMS\\Codenignter\\public\\index.php')
CRITICAL - 2024-03-30 19:57:45 --> BadMethodCallException: Call to undefined method App\Models\UserModel::getUserIdsByUnitId
in SYSTEMPATH\Model.php on line 874.
 1 APPPATH\Controllers\UnitController.php(22): CodeIgniter\Model->__call('getUserIdsByUnitId', [...])
 2 SYSTEMPATH\CodeIgniter.php(941): App\Controllers\UnitController->index()
 3 SYSTEMPATH\CodeIgniter.php(502): CodeIgniter\CodeIgniter->runController(Object(App\Controllers\UnitController))
 4 SYSTEMPATH\CodeIgniter.php(361): CodeIgniter\CodeIgniter->handleRequest(null, Object(Config\Cache), false)
 5 FCPATH\index.php(79): CodeIgniter\CodeIgniter->run()
 6 SYSTEMPATH\Commands\Server\rewrite.php(47): require_once('C:\\xampp\\htdocs\\HIMSP\\HIMS\\Codenignter\\public\\index.php')
CRITICAL - 2024-03-30 19:57:54 --> BadMethodCallException: Call to undefined method App\Models\UserModel::getUserIdsByUnitId
in SYSTEMPATH\Model.php on line 874.
 1 APPPATH\Controllers\UnitController.php(22): CodeIgniter\Model->__call('getUserIdsByUnitId', [...])
 2 SYSTEMPATH\CodeIgniter.php(941): App\Controllers\UnitController->index()
 3 SYSTEMPATH\CodeIgniter.php(502): CodeIgniter\CodeIgniter->runController(Object(App\Controllers\UnitController))
 4 SYSTEMPATH\CodeIgniter.php(361): CodeIgniter\CodeIgniter->handleRequest(null, Object(Config\Cache), false)
 5 FCPATH\index.php(79): CodeIgniter\CodeIgniter->run()
 6 SYSTEMPATH\Commands\Server\rewrite.php(47): require_once('C:\\xampp\\htdocs\\HIMSP\\HIMS\\Codenignter\\public\\index.php')
CRITICAL - 2024-03-30 19:59:38 --> BadMethodCallException: Call to undefined method App\Models\UserModel::getUserIdsByUnitId
in SYSTEMPATH\Model.php on line 874.
 1 APPPATH\Controllers\UnitController.php(22): CodeIgniter\Model->__call('getUserIdsByUnitId', [...])
 2 SYSTEMPATH\CodeIgniter.php(941): App\Controllers\UnitController->index()
 3 SYSTEMPATH\CodeIgniter.php(502): CodeIgniter\CodeIgniter->runController(Object(App\Controllers\UnitController))
 4 SYSTEMPATH\CodeIgniter.php(361): CodeIgniter\CodeIgniter->handleRequest(null, Object(Config\Cache), false)
 5 FCPATH\index.php(79): CodeIgniter\CodeIgniter->run()
 6 SYSTEMPATH\Commands\Server\rewrite.php(47): require_once('C:\\xampp\\htdocs\\HIMSP\\HIMS\\Codenignter\\public\\index.php')
CRITICAL - 2024-03-30 19:59:48 --> BadMethodCallException: Call to undefined method App\Models\UserModel::getUserIdsByUnitId
in SYSTEMPATH\Model.php on line 874.
 1 APPPATH\Controllers\UnitController.php(22): CodeIgniter\Model->__call('getUserIdsByUnitId', [...])
 2 SYSTEMPATH\CodeIgniter.php(941): App\Controllers\UnitController->index()
 3 SYSTEMPATH\CodeIgniter.php(502): CodeIgniter\CodeIgniter->runController(Object(App\Controllers\UnitController))
 4 SYSTEMPATH\CodeIgniter.php(361): CodeIgniter\CodeIgniter->handleRequest(null, Object(Config\Cache), false)
 5 FCPATH\index.php(79): CodeIgniter\CodeIgniter->run()
 6 SYSTEMPATH\Commands\Server\rewrite.php(47): require_once('C:\\xampp\\htdocs\\HIMSP\\HIMS\\Codenignter\\public\\index.php')
CRITICAL - 2024-03-30 20:55:00 --> ErrorException: Undefined array key "Unit_id"
in APPPATH\Controllers\LoginController.php on line 115.
 1 APPPATH\Controllers\LoginController.php(115): CodeIgniter\Debug\Exceptions->errorHandler(2, 'Undefined array key "Unit_id"', 'C:\\xampp\\htdocs\\HIMSP\\HIMS\\Codenignter\\app\\Controllers\\LoginController.php', 115)
 2 SYSTEMPATH\CodeIgniter.php(941): App\Controllers\LoginController->index()
 3 SYSTEMPATH\CodeIgniter.php(502): CodeIgniter\CodeIgniter->runController(Object(App\Controllers\LoginController))
 4 SYSTEMPATH\CodeIgniter.php(361): CodeIgniter\CodeIgniter->handleRequest(null, Object(Config\Cache), false)
 5 FCPATH\index.php(79): CodeIgniter\CodeIgniter->run()
 6 SYSTEMPATH\Commands\Server\rewrite.php(47): require_once('C:\\xampp\\htdocs\\HIMSP\\HIMS\\Codenignter\\public\\index.php')
CRITICAL - 2024-03-30 20:59:16 --> ErrorException: Undefined array key "Unit_id"
in APPPATH\Controllers\LoginController.php on line 115.
 1 APPPATH\Controllers\LoginController.php(115): CodeIgniter\Debug\Exceptions->errorHandler(2, 'Undefined array key "Unit_id"', 'C:\\xampp\\htdocs\\HIMSP\\HIMS\\Codenignter\\app\\Controllers\\LoginController.php', 115)
 2 SYSTEMPATH\CodeIgniter.php(941): App\Controllers\LoginController->index()
 3 SYSTEMPATH\CodeIgniter.php(502): CodeIgniter\CodeIgniter->runController(Object(App\Controllers\LoginController))
 4 SYSTEMPATH\CodeIgniter.php(361): CodeIgniter\CodeIgniter->handleRequest(null, Object(Config\Cache), false)
 5 FCPATH\index.php(79): CodeIgniter\CodeIgniter->run()
 6 SYSTEMPATH\Commands\Server\rewrite.php(47): require_once('C:\\xampp\\htdocs\\HIMSP\\HIMS\\Codenignter\\public\\index.php')
CRITICAL - 2024-03-30 20:59:42 --> ErrorException: Undefined array key "Unit_id"
in APPPATH\Controllers\LoginController.php on line 115.
 1 APPPATH\Controllers\LoginController.php(115): CodeIgniter\Debug\Exceptions->errorHandler(2, 'Undefined array key "Unit_id"', 'C:\\xampp\\htdocs\\HIMSP\\HIMS\\Codenignter\\app\\Controllers\\LoginController.php', 115)
 2 SYSTEMPATH\CodeIgniter.php(941): App\Controllers\LoginController->index()
 3 SYSTEMPATH\CodeIgniter.php(502): CodeIgniter\CodeIgniter->runController(Object(App\Controllers\LoginController))
 4 SYSTEMPATH\CodeIgniter.php(361): CodeIgniter\CodeIgniter->handleRequest(null, Object(Config\Cache), false)
 5 FCPATH\index.php(79): CodeIgniter\CodeIgniter->run()
 6 SYSTEMPATH\Commands\Server\rewrite.php(47): require_once('C:\\xampp\\htdocs\\HIMSP\\HIMS\\Codenignter\\public\\index.php')
CRITICAL - 2024-03-30 21:02:30 --> BadMethodCallException: Call to undefined method App\Models\UserModel::getUnitIdByUserId
in SYSTEMPATH\Model.php on line 874.
 1 APPPATH\Controllers\LoginController.php(109): CodeIgniter\Model->__call('getUnitIdByUserId', [...])
 2 SYSTEMPATH\CodeIgniter.php(941): App\Controllers\LoginController->index()
 3 SYSTEMPATH\CodeIgniter.php(502): CodeIgniter\CodeIgniter->runController(Object(App\Controllers\LoginController))
 4 SYSTEMPATH\CodeIgniter.php(361): CodeIgniter\CodeIgniter->handleRequest(null, Object(Config\Cache), false)
 5 FCPATH\index.php(79): CodeIgniter\CodeIgniter->run()
 6 SYSTEMPATH\Commands\Server\rewrite.php(47): require_once('C:\\xampp\\htdocs\\HIMSP\\HIMS\\Codenignter\\public\\index.php')
CRITICAL - 2024-03-30 21:04:17 --> ErrorException: Undefined array key "Unit_id"
in APPPATH\Controllers\LoginController.php on line 112.
 1 APPPATH\Controllers\LoginController.php(112): CodeIgniter\Debug\Exceptions->errorHandler(2, 'Undefined array key "Unit_id"', 'C:\\xampp\\htdocs\\HIMSP\\HIMS\\Codenignter\\app\\Controllers\\LoginController.php', 112)
 2 SYSTEMPATH\CodeIgniter.php(941): App\Controllers\LoginController->index()
 3 SYSTEMPATH\CodeIgniter.php(502): CodeIgniter\CodeIgniter->runController(Object(App\Controllers\LoginController))
 4 SYSTEMPATH\CodeIgniter.php(361): CodeIgniter\CodeIgniter->handleRequest(null, Object(Config\Cache), false)
 5 FCPATH\index.php(79): CodeIgniter\CodeIgniter->run()
 6 SYSTEMPATH\Commands\Server\rewrite.php(47): require_once('C:\\xampp\\htdocs\\HIMSP\\HIMS\\Codenignter\\public\\index.php')
CRITICAL - 2024-03-30 21:05:48 --> BadMethodCallException: Call to undefined method App\Models\UserModel::getUnitIdByUserId
in SYSTEMPATH\Model.php on line 874.
 1 APPPATH\Controllers\LoginController.php(109): CodeIgniter\Model->__call('getUnitIdByUserId', [...])
 2 SYSTEMPATH\CodeIgniter.php(941): App\Controllers\LoginController->index()
 3 SYSTEMPATH\CodeIgniter.php(502): CodeIgniter\CodeIgniter->runController(Object(App\Controllers\LoginController))
 4 SYSTEMPATH\CodeIgniter.php(361): CodeIgniter\CodeIgniter->handleRequest(null, Object(Config\Cache), false)
 5 FCPATH\index.php(79): CodeIgniter\CodeIgniter->run()
 6 SYSTEMPATH\Commands\Server\rewrite.php(47): require_once('C:\\xampp\\htdocs\\HIMSP\\HIMS\\Codenignter\\public\\index.php')
CRITICAL - 2024-03-30 21:06:02 --> BadMethodCallException: Call to undefined method App\Models\UserModel::getUnitIdByUserId
in SYSTEMPATH\Model.php on line 874.
 1 APPPATH\Controllers\LoginController.php(109): CodeIgniter\Model->__call('getUnitIdByUserId', [...])
 2 SYSTEMPATH\CodeIgniter.php(941): App\Controllers\LoginController->index()
 3 SYSTEMPATH\CodeIgniter.php(502): CodeIgniter\CodeIgniter->runController(Object(App\Controllers\LoginController))
 4 SYSTEMPATH\CodeIgniter.php(361): CodeIgniter\CodeIgniter->handleRequest(null, Object(Config\Cache), false)
 5 FCPATH\index.php(79): CodeIgniter\CodeIgniter->run()
 6 SYSTEMPATH\Commands\Server\rewrite.php(47): require_once('C:\\xampp\\htdocs\\HIMSP\\HIMS\\Codenignter\\public\\index.php')
