ERROR - 2024-03-21 19:51:38 --> mysqli_sql_exception: Unknown column 'update_at' in 'field list' in C:\xampp\htdocs\HIMSP\HIMS\Codenignter\system\Database\MySQLi\Connection.php:306
Stack trace:
#0 C:\xampp\htdocs\HIMSP\HIMS\Codenignter\system\Database\MySQLi\Connection.php(306): mysqli->query('UPDATE `user_ac...', 0)
#1 C:\xampp\htdocs\HIMSP\HIMS\Codenignter\system\Database\BaseConnection.php(693): CodeIgniter\Database\MySQLi\Connection->execute('UPDATE `user_ac...')
#2 C:\xampp\htdocs\HIMSP\HIMS\Codenignter\system\Database\BaseConnection.php(607): CodeIgniter\Database\BaseConnection->simpleQuery('UPDATE `user_ac...')
#3 C:\xampp\htdocs\HIMSP\HIMS\Codenignter\system\Database\BaseBuilder.php(2474): CodeIgniter\Database\BaseConnection->query('UPDATE `user_ac...', Array, false)
#4 C:\xampp\htdocs\HIMSP\HIMS\Codenignter\app\Models\UserModel.php(93): CodeIgniter\Database\BaseBuilder->update(Array)
#5 C:\xampp\htdocs\HIMSP\HIMS\Codenignter\app\Controllers\LoginController.php(188): App\Models\UserModel->updateAt('9')
#6 C:\xampp\htdocs\HIMSP\HIMS\Codenignter\system\CodeIgniter.php(941): App\Controllers\LoginController->Forgotpassword()
#7 C:\xampp\htdocs\HIMSP\HIMS\Codenignter\system\CodeIgniter.php(502): CodeIgniter\CodeIgniter->runController(Object(App\Controllers\LoginController))
#8 C:\xampp\htdocs\HIMSP\HIMS\Codenignter\system\CodeIgniter.php(361): CodeIgniter\CodeIgniter->handleRequest(NULL, Object(Config\Cache), false)
#9 C:\xampp\htdocs\HIMSP\HIMS\Codenignter\public\index.php(79): CodeIgniter\CodeIgniter->run()
#10 C:\xampp\htdocs\HIMSP\HIMS\Codenignter\system\Commands\Server\rewrite.php(47): require_once('C:\\xampp\\htdocs...')
#11 {main}
CRITICAL - 2024-03-21 19:51:38 --> CodeIgniter\Database\Exceptions\DatabaseException: Unknown column 'update_at' in 'field list'
in SYSTEMPATH\Database\BaseConnection.php on line 647.
 1 SYSTEMPATH\Database\BaseBuilder.php(2474): CodeIgniter\Database\BaseConnection->query('UPDATE `user_access` SET `update_at` = :update_at:
WHERE `User_id` = :User_id:', [...], false)
 2 APPPATH\Models\UserModel.php(93): CodeIgniter\Database\BaseBuilder->update([...])
 3 APPPATH\Controllers\LoginController.php(188): App\Models\UserModel->updateAt('9')
 4 SYSTEMPATH\CodeIgniter.php(941): App\Controllers\LoginController->Forgotpassword()
 5 SYSTEMPATH\CodeIgniter.php(502): CodeIgniter\CodeIgniter->runController(Object(App\Controllers\LoginController))
 6 SYSTEMPATH\CodeIgniter.php(361): CodeIgniter\CodeIgniter->handleRequest(null, Object(Config\Cache), false)
 7 FCPATH\index.php(79): CodeIgniter\CodeIgniter->run()
 8 SYSTEMPATH\Commands\Server\rewrite.php(47): require_once('C:\\xampp\\htdocs\\HIMSP\\HIMS\\Codenignter\\public\\index.php')
CRITICAL - 2024-03-21 19:51:38 --> [Caused by] CodeIgniter\Database\Exceptions\DatabaseException: Unknown column 'update_at' in 'field list'
in SYSTEMPATH\Database\MySQLi\Connection.php on line 311.
 1 SYSTEMPATH\Database\BaseConnection.php(693): CodeIgniter\Database\MySQLi\Connection->execute('UPDATE `user_access` SET `update_at` = \'24-03-21 07:51:38\'
WHERE `User_id` = \'9\'')
 2 SYSTEMPATH\Database\BaseConnection.php(607): CodeIgniter\Database\BaseConnection->simpleQuery('UPDATE `user_access` SET `update_at` = \'24-03-21 07:51:38\'
WHERE `User_id` = \'9\'')
 3 SYSTEMPATH\Database\BaseBuilder.php(2474): CodeIgniter\Database\BaseConnection->query('UPDATE `user_access` SET `update_at` = :update_at:
WHERE `User_id` = :User_id:', [...], false)
 4 APPPATH\Models\UserModel.php(93): CodeIgniter\Database\BaseBuilder->update([...])
 5 APPPATH\Controllers\LoginController.php(188): App\Models\UserModel->updateAt('9')
 6 SYSTEMPATH\CodeIgniter.php(941): App\Controllers\LoginController->Forgotpassword()
 7 SYSTEMPATH\CodeIgniter.php(502): CodeIgniter\CodeIgniter->runController(Object(App\Controllers\LoginController))
 8 SYSTEMPATH\CodeIgniter.php(361): CodeIgniter\CodeIgniter->handleRequest(null, Object(Config\Cache), false)
 9 FCPATH\index.php(79): CodeIgniter\CodeIgniter->run()
10 SYSTEMPATH\Commands\Server\rewrite.php(47): require_once('C:\\xampp\\htdocs\\HIMSP\\HIMS\\Codenignter\\public\\index.php')
CRITICAL - 2024-03-21 19:51:38 --> [Caused by] mysqli_sql_exception: Unknown column 'update_at' in 'field list'
in SYSTEMPATH\Database\MySQLi\Connection.php on line 306.
 1 SYSTEMPATH\Database\MySQLi\Connection.php(306): mysqli->query('UPDATE `user_access` SET `update_at` = \'24-03-21 07:51:38\'
WHERE `User_id` = \'9\'', 0)
 2 SYSTEMPATH\Database\BaseConnection.php(693): CodeIgniter\Database\MySQLi\Connection->execute('UPDATE `user_access` SET `update_at` = \'24-03-21 07:51:38\'
WHERE `User_id` = \'9\'')
 3 SYSTEMPATH\Database\BaseConnection.php(607): CodeIgniter\Database\BaseConnection->simpleQuery('UPDATE `user_access` SET `update_at` = \'24-03-21 07:51:38\'
WHERE `User_id` = \'9\'')
 4 SYSTEMPATH\Database\BaseBuilder.php(2474): CodeIgniter\Database\BaseConnection->query('UPDATE `user_access` SET `update_at` = :update_at:
WHERE `User_id` = :User_id:', [...], false)
 5 APPPATH\Models\UserModel.php(93): CodeIgniter\Database\BaseBuilder->update([...])
 6 APPPATH\Controllers\LoginController.php(188): App\Models\UserModel->updateAt('9')
 7 SYSTEMPATH\CodeIgniter.php(941): App\Controllers\LoginController->Forgotpassword()
 8 SYSTEMPATH\CodeIgniter.php(502): CodeIgniter\CodeIgniter->runController(Object(App\Controllers\LoginController))
 9 SYSTEMPATH\CodeIgniter.php(361): CodeIgniter\CodeIgniter->handleRequest(null, Object(Config\Cache), false)
10 FCPATH\index.php(79): CodeIgniter\CodeIgniter->run()
11 SYSTEMPATH\Commands\Server\rewrite.php(47): require_once('C:\\xampp\\htdocs\\HIMSP\\HIMS\\Codenignter\\public\\index.php')
ERROR - 2024-03-21 19:53:27 --> mysqli_sql_exception: Unknown column 'update_at' in 'field list' in C:\xampp\htdocs\HIMSP\HIMS\Codenignter\system\Database\MySQLi\Connection.php:306
Stack trace:
#0 C:\xampp\htdocs\HIMSP\HIMS\Codenignter\system\Database\MySQLi\Connection.php(306): mysqli->query('UPDATE `user_ac...', 0)
#1 C:\xampp\htdocs\HIMSP\HIMS\Codenignter\system\Database\BaseConnection.php(693): CodeIgniter\Database\MySQLi\Connection->execute('UPDATE `user_ac...')
#2 C:\xampp\htdocs\HIMSP\HIMS\Codenignter\system\Database\BaseConnection.php(607): CodeIgniter\Database\BaseConnection->simpleQuery('UPDATE `user_ac...')
#3 C:\xampp\htdocs\HIMSP\HIMS\Codenignter\system\Database\BaseBuilder.php(2474): CodeIgniter\Database\BaseConnection->query('UPDATE `user_ac...', Array, false)
#4 C:\xampp\htdocs\HIMSP\HIMS\Codenignter\app\Models\UserModel.php(93): CodeIgniter\Database\BaseBuilder->update(Array)
#5 C:\xampp\htdocs\HIMSP\HIMS\Codenignter\app\Controllers\LoginController.php(188): App\Models\UserModel->updateAt('2')
#6 C:\xampp\htdocs\HIMSP\HIMS\Codenignter\system\CodeIgniter.php(941): App\Controllers\LoginController->Forgotpassword()
#7 C:\xampp\htdocs\HIMSP\HIMS\Codenignter\system\CodeIgniter.php(502): CodeIgniter\CodeIgniter->runController(Object(App\Controllers\LoginController))
#8 C:\xampp\htdocs\HIMSP\HIMS\Codenignter\system\CodeIgniter.php(361): CodeIgniter\CodeIgniter->handleRequest(NULL, Object(Config\Cache), false)
#9 C:\xampp\htdocs\HIMSP\HIMS\Codenignter\public\index.php(79): CodeIgniter\CodeIgniter->run()
#10 C:\xampp\htdocs\HIMSP\HIMS\Codenignter\system\Commands\Server\rewrite.php(47): require_once('C:\\xampp\\htdocs...')
#11 {main}
CRITICAL - 2024-03-21 19:53:27 --> CodeIgniter\Database\Exceptions\DatabaseException: Unknown column 'update_at' in 'field list'
in SYSTEMPATH\Database\BaseConnection.php on line 647.
 1 SYSTEMPATH\Database\BaseBuilder.php(2474): CodeIgniter\Database\BaseConnection->query('UPDATE `user_access` SET `update_at` = :update_at:
WHERE `User_id` = :User_id:', [...], false)
 2 APPPATH\Models\UserModel.php(93): CodeIgniter\Database\BaseBuilder->update([...])
 3 APPPATH\Controllers\LoginController.php(188): App\Models\UserModel->updateAt('2')
 4 SYSTEMPATH\CodeIgniter.php(941): App\Controllers\LoginController->Forgotpassword()
 5 SYSTEMPATH\CodeIgniter.php(502): CodeIgniter\CodeIgniter->runController(Object(App\Controllers\LoginController))
 6 SYSTEMPATH\CodeIgniter.php(361): CodeIgniter\CodeIgniter->handleRequest(null, Object(Config\Cache), false)
 7 FCPATH\index.php(79): CodeIgniter\CodeIgniter->run()
 8 SYSTEMPATH\Commands\Server\rewrite.php(47): require_once('C:\\xampp\\htdocs\\HIMSP\\HIMS\\Codenignter\\public\\index.php')
CRITICAL - 2024-03-21 19:53:27 --> [Caused by] CodeIgniter\Database\Exceptions\DatabaseException: Unknown column 'update_at' in 'field list'
in SYSTEMPATH\Database\MySQLi\Connection.php on line 311.
 1 SYSTEMPATH\Database\BaseConnection.php(693): CodeIgniter\Database\MySQLi\Connection->execute('UPDATE `user_access` SET `update_at` = \'24-03-21 07:53:27\'
WHERE `User_id` = \'2\'')
 2 SYSTEMPATH\Database\BaseConnection.php(607): CodeIgniter\Database\BaseConnection->simpleQuery('UPDATE `user_access` SET `update_at` = \'24-03-21 07:53:27\'
WHERE `User_id` = \'2\'')
 3 SYSTEMPATH\Database\BaseBuilder.php(2474): CodeIgniter\Database\BaseConnection->query('UPDATE `user_access` SET `update_at` = :update_at:
WHERE `User_id` = :User_id:', [...], false)
 4 APPPATH\Models\UserModel.php(93): CodeIgniter\Database\BaseBuilder->update([...])
 5 APPPATH\Controllers\LoginController.php(188): App\Models\UserModel->updateAt('2')
 6 SYSTEMPATH\CodeIgniter.php(941): App\Controllers\LoginController->Forgotpassword()
 7 SYSTEMPATH\CodeIgniter.php(502): CodeIgniter\CodeIgniter->runController(Object(App\Controllers\LoginController))
 8 SYSTEMPATH\CodeIgniter.php(361): CodeIgniter\CodeIgniter->handleRequest(null, Object(Config\Cache), false)
 9 FCPATH\index.php(79): CodeIgniter\CodeIgniter->run()
10 SYSTEMPATH\Commands\Server\rewrite.php(47): require_once('C:\\xampp\\htdocs\\HIMSP\\HIMS\\Codenignter\\public\\index.php')
CRITICAL - 2024-03-21 19:53:27 --> [Caused by] mysqli_sql_exception: Unknown column 'update_at' in 'field list'
in SYSTEMPATH\Database\MySQLi\Connection.php on line 306.
 1 SYSTEMPATH\Database\MySQLi\Connection.php(306): mysqli->query('UPDATE `user_access` SET `update_at` = \'24-03-21 07:53:27\'
WHERE `User_id` = \'2\'', 0)
 2 SYSTEMPATH\Database\BaseConnection.php(693): CodeIgniter\Database\MySQLi\Connection->execute('UPDATE `user_access` SET `update_at` = \'24-03-21 07:53:27\'
WHERE `User_id` = \'2\'')
 3 SYSTEMPATH\Database\BaseConnection.php(607): CodeIgniter\Database\BaseConnection->simpleQuery('UPDATE `user_access` SET `update_at` = \'24-03-21 07:53:27\'
WHERE `User_id` = \'2\'')
 4 SYSTEMPATH\Database\BaseBuilder.php(2474): CodeIgniter\Database\BaseConnection->query('UPDATE `user_access` SET `update_at` = :update_at:
WHERE `User_id` = :User_id:', [...], false)
 5 APPPATH\Models\UserModel.php(93): CodeIgniter\Database\BaseBuilder->update([...])
 6 APPPATH\Controllers\LoginController.php(188): App\Models\UserModel->updateAt('2')
 7 SYSTEMPATH\CodeIgniter.php(941): App\Controllers\LoginController->Forgotpassword()
 8 SYSTEMPATH\CodeIgniter.php(502): CodeIgniter\CodeIgniter->runController(Object(App\Controllers\LoginController))
 9 SYSTEMPATH\CodeIgniter.php(361): CodeIgniter\CodeIgniter->handleRequest(null, Object(Config\Cache), false)
10 FCPATH\index.php(79): CodeIgniter\CodeIgniter->run()
11 SYSTEMPATH\Commands\Server\rewrite.php(47): require_once('C:\\xampp\\htdocs\\HIMSP\\HIMS\\Codenignter\\public\\index.php')
ERROR - 2024-03-21 20:00:40 --> Email: sendWithMail throwed ErrorException: mail(): Failed to connect to mailserver at &quot;localhost&quot; port 25, verify your &quot;SMTP&quot; and &quot;smtp_port&quot; setting in php.ini or use ini_set() in C:\xampp\htdocs\HIMSP\HIMS\Codenignter\system\Email\Email.php:1763
Stack trace:
#0 [internal function]: CodeIgniter\Debug\Exceptions->errorHandler(2, 'mail(): Failed ...', 'C:\\xampp\\htdocs...', 1763)
#1 C:\xampp\htdocs\HIMSP\HIMS\Codenignter\system\Email\Email.php(1763): mail('hhimsavissawell...', '=?UTF-8?Q?Reset...', 'Hello 9<br><br>...', 'Date: Thu, 21 M...', '-f info@hhims.i...')
#2 C:\xampp\htdocs\HIMSP\HIMS\Codenignter\system\Email\Email.php(1695): CodeIgniter\Email\Email->sendWithMail()
#3 C:\xampp\htdocs\HIMSP\HIMS\Codenignter\system\Email\Email.php(1587): CodeIgniter\Email\Email->spoolEmail()
#4 C:\xampp\htdocs\HIMSP\HIMS\Codenignter\app\Controllers\LoginController.php(206): CodeIgniter\Email\Email->send()
#5 C:\xampp\htdocs\HIMSP\HIMS\Codenignter\system\CodeIgniter.php(941): App\Controllers\LoginController->Forgotpassword()
#6 C:\xampp\htdocs\HIMSP\HIMS\Codenignter\system\CodeIgniter.php(502): CodeIgniter\CodeIgniter->runController(Object(App\Controllers\LoginController))
#7 C:\xampp\htdocs\HIMSP\HIMS\Codenignter\system\CodeIgniter.php(361): CodeIgniter\CodeIgniter->handleRequest(NULL, Object(Config\Cache), false)
#8 C:\xampp\htdocs\HIMSP\HIMS\Codenignter\public\index.php(79): CodeIgniter\CodeIgniter->run()
#9 C:\xampp\htdocs\HIMSP\HIMS\Codenignter\system\Commands\Server\rewrite.php(47): require_once('C:\\xampp\\htdocs...')
#10 {main}
ERROR - 2024-03-21 20:00:40 --> Email: Unable to send email using PHP mail(). Your server might not be configured to send mail using this method.
ERROR - 2024-03-21 20:00:40 --> 
ERROR - 2024-03-21 20:17:56 --> Email: Unable to send email using SMTP. Your server might not be configured to send mail using this method.
ERROR - 2024-03-21 20:17:56 --> 220 smtp.gmail.com ESMTP c17-20020a170902d49100b001def0324a64sm13671008plg.135 - gsmtp

hello: 250-smtp.gmail.com at your service, [112.134.28.129]
250-SIZE 35882577
250-8BITMIME
250-AUTH LOGIN PLAIN XOAUTH2 PLAIN-CLIENTTOKEN OAUTHBEARER XOAUTH
250-ENHANCEDSTATUSCODES
250-PIPELINING
250-CHUNKING
250 SMTPUTF8

Failed to authenticate password. Error: 535-5.7.8 Username and Password not accepted. For more information, go to
535 5.7.8  https://support.google.com/mail/?p=BadCredentials c17-20020a170902d49100b001def0324a64sm13671008plg.135 - gsmtp

ERROR - 2024-03-21 20:18:07 --> Email: Unable to send email using SMTP. Your server might not be configured to send mail using this method.
ERROR - 2024-03-21 20:18:07 --> 220 smtp.gmail.com ESMTP b9-20020a170903228900b001e01481db6csm9560761plh.150 - gsmtp

hello: 250-smtp.gmail.com at your service, [112.134.28.129]
250-SIZE 35882577
250-8BITMIME
250-AUTH LOGIN PLAIN XOAUTH2 PLAIN-CLIENTTOKEN OAUTHBEARER XOAUTH
250-ENHANCEDSTATUSCODES
250-PIPELINING
250-CHUNKING
250 SMTPUTF8

Failed to authenticate password. Error: 535-5.7.8 Username and Password not accepted. For more information, go to
535 5.7.8  https://support.google.com/mail/?p=BadCredentials b9-20020a170903228900b001e01481db6csm9560761plh.150 - gsmtp

ERROR - 2024-03-21 20:20:50 --> Email: Unable to send email using SMTP. Your server might not be configured to send mail using this method.
ERROR - 2024-03-21 20:20:50 --> 220 smtp.gmail.com ESMTP s59-20020a17090a69c100b0029d7e7b7b41sm3963098pjj.33 - gsmtp

hello: 250-smtp.gmail.com at your service, [112.134.28.129]
250-SIZE 35882577
250-8BITMIME
250-AUTH LOGIN PLAIN XOAUTH2 PLAIN-CLIENTTOKEN OAUTHBEARER XOAUTH
250-ENHANCEDSTATUSCODES
250-PIPELINING
250-CHUNKING
250 SMTPUTF8

Failed to authenticate password. Error: 535-5.7.8 Username and Password not accepted. For more information, go to
535 5.7.8  https://support.google.com/mail/?p=BadCredentials s59-20020a17090a69c100b0029d7e7b7b41sm3963098pjj.33 - gsmtp

ERROR - 2024-03-21 20:24:33 --> Email: Unable to send email using SMTP. Your server might not be configured to send mail using this method.
ERROR - 2024-03-21 20:24:33 --> 220 smtp.gmail.com ESMTP p1-20020a170902e74100b001dd8cfd9933sm8636686plf.151 - gsmtp

hello: 250-smtp.gmail.com at your service, [112.134.28.129]
250-SIZE 35882577
250-8BITMIME
250-AUTH LOGIN PLAIN XOAUTH2 PLAIN-CLIENTTOKEN OAUTHBEARER XOAUTH
250-ENHANCEDSTATUSCODES
250-PIPELINING
250-CHUNKING
250 SMTPUTF8

Failed to authenticate password. Error: 535-5.7.8 Username and Password not accepted. For more information, go to
535 5.7.8  https://support.google.com/mail/?p=BadCredentials p1-20020a170902e74100b001dd8cfd9933sm8636686plf.151 - gsmtp

ERROR - 2024-03-21 20:29:09 --> Email: Unable to send email using SMTP. Your server might not be configured to send mail using this method.
ERROR - 2024-03-21 20:29:09 --> 220 smtp.gmail.com ESMTP o19-20020a170902e29300b001dd8d298693sm15955470plc.23 - gsmtp

hello: 250-smtp.gmail.com at your service, [112.134.28.129]
250-SIZE 35882577
250-8BITMIME
250-AUTH LOGIN PLAIN XOAUTH2 PLAIN-CLIENTTOKEN OAUTHBEARER XOAUTH
250-ENHANCEDSTATUSCODES
250-PIPELINING
250-CHUNKING
250 SMTPUTF8

Failed to authenticate password. Error: 535-5.7.8 Username and Password not accepted. For more information, go to
535 5.7.8  https://support.google.com/mail/?p=BadCredentials o19-20020a170902e29300b001dd8d298693sm15955470plc.23 - gsmtp

ERROR - 2024-03-21 20:30:53 --> Email: Unable to send email using SMTP. Your server might not be configured to send mail using this method.
ERROR - 2024-03-21 20:30:53 --> 220 smtp.gmail.com ESMTP v22-20020aa78516000000b006e6c74eac34sm13494013pfn.151 - gsmtp

hello: 250-smtp.gmail.com at your service, [112.134.28.129]
250-SIZE 35882577
250-8BITMIME
250-AUTH LOGIN PLAIN XOAUTH2 PLAIN-CLIENTTOKEN OAUTHBEARER XOAUTH
250-ENHANCEDSTATUSCODES
250-PIPELINING
250-CHUNKING
250 SMTPUTF8

Failed to authenticate password. Error: 535-5.7.8 Username and Password not accepted. For more information, go to
535 5.7.8  https://support.google.com/mail/?p=BadCredentials v22-20020aa78516000000b006e6c74eac34sm13494013pfn.151 - gsmtp

