CRITICAL - 2024-04-09 14:47:07 --> CodeIgniter\View\Exceptions\ViewException: Invalid file: "Admin/view_request.php"
in SYSTEMPATH\Exceptions\FrameworkException.php on line 39.
 1 SYSTEMPATH\View\View.php(216): CodeIgniter\Exceptions\FrameworkException::forInvalidFile('Admin/view_request.php')
 2 SYSTEMPATH\Common.php(1178): CodeIgniter\View\View->render('Admin/view_request', [], true)
 3 APPPATH\Controllers\AdminController.php(112): view('Admin/view_request', [...])
 4 SYSTEMPATH\CodeIgniter.php(941): App\Controllers\AdminController->Requesttable()
 5 SYSTEMPATH\CodeIgniter.php(502): CodeIgniter\CodeIgniter->runController(Object(App\Controllers\AdminController))
 6 SYSTEMPATH\CodeIgniter.php(361): CodeIgniter\CodeIgniter->handleRequest(null, Object(Config\Cache), false)
 7 FCPATH\index.php(79): CodeIgniter\CodeIgniter->run()
 8 SYSTEMPATH\Commands\Server\rewrite.php(47): require_once('C:\\xampp\\htdocs\\HIMSP\\HIMS\\Codenignter\\public\\index.php')
CRITICAL - 2024-04-09 14:47:13 --> CodeIgniter\View\Exceptions\ViewException: Invalid file: "Admin/view_request.php"
in SYSTEMPATH\Exceptions\FrameworkException.php on line 39.
 1 SYSTEMPATH\View\View.php(216): CodeIgniter\Exceptions\FrameworkException::forInvalidFile('Admin/view_request.php')
 2 SYSTEMPATH\Common.php(1178): CodeIgniter\View\View->render('Admin/view_request', [], true)
 3 APPPATH\Controllers\AdminController.php(112): view('Admin/view_request', [...])
 4 SYSTEMPATH\CodeIgniter.php(941): App\Controllers\AdminController->Requesttable()
 5 SYSTEMPATH\CodeIgniter.php(502): CodeIgniter\CodeIgniter->runController(Object(App\Controllers\AdminController))
 6 SYSTEMPATH\CodeIgniter.php(361): CodeIgniter\CodeIgniter->handleRequest(null, Object(Config\Cache), false)
 7 FCPATH\index.php(79): CodeIgniter\CodeIgniter->run()
 8 SYSTEMPATH\Commands\Server\rewrite.php(47): require_once('C:\\xampp\\htdocs\\HIMSP\\HIMS\\Codenignter\\public\\index.php')
CRITICAL - 2024-04-09 14:47:29 --> CodeIgniter\View\Exceptions\ViewException: Invalid file: "Admin/view_request.php"
in SYSTEMPATH\Exceptions\FrameworkException.php on line 39.
 1 SYSTEMPATH\View\View.php(216): CodeIgniter\Exceptions\FrameworkException::forInvalidFile('Admin/view_request.php')
 2 SYSTEMPATH\Common.php(1178): CodeIgniter\View\View->render('Admin/view_request', [], true)
 3 APPPATH\Controllers\AdminController.php(106): view('Admin/view_request')
 4 SYSTEMPATH\CodeIgniter.php(941): App\Controllers\AdminController->Requesttable()
 5 SYSTEMPATH\CodeIgniter.php(502): CodeIgniter\CodeIgniter->runController(Object(App\Controllers\AdminController))
 6 SYSTEMPATH\CodeIgniter.php(361): CodeIgniter\CodeIgniter->handleRequest(null, Object(Config\Cache), false)
 7 FCPATH\index.php(79): CodeIgniter\CodeIgniter->run()
 8 SYSTEMPATH\Commands\Server\rewrite.php(47): require_once('C:\\xampp\\htdocs\\HIMSP\\HIMS\\Codenignter\\public\\index.php')
CRITICAL - 2024-04-09 14:47:33 --> CodeIgniter\View\Exceptions\ViewException: Invalid file: "Admin/view_request.php"
in SYSTEMPATH\Exceptions\FrameworkException.php on line 39.
 1 SYSTEMPATH\View\View.php(216): CodeIgniter\Exceptions\FrameworkException::forInvalidFile('Admin/view_request.php')
 2 SYSTEMPATH\Common.php(1178): CodeIgniter\View\View->render('Admin/view_request', [], true)
 3 APPPATH\Controllers\AdminController.php(106): view('Admin/view_request')
 4 SYSTEMPATH\CodeIgniter.php(941): App\Controllers\AdminController->Requesttable()
 5 SYSTEMPATH\CodeIgniter.php(502): CodeIgniter\CodeIgniter->runController(Object(App\Controllers\AdminController))
 6 SYSTEMPATH\CodeIgniter.php(361): CodeIgniter\CodeIgniter->handleRequest(null, Object(Config\Cache), false)
 7 FCPATH\index.php(79): CodeIgniter\CodeIgniter->run()
 8 SYSTEMPATH\Commands\Server\rewrite.php(47): require_once('C:\\xampp\\htdocs\\HIMSP\\HIMS\\Codenignter\\public\\index.php')
CRITICAL - 2024-04-09 14:49:33 --> ErrorException: Undefined array key "req_no"
in APPPATH\Views\Admin\view_request.php on line 37.
 1 APPPATH\Views\Admin\view_request.php(37): CodeIgniter\Debug\Exceptions->errorHandler(2, 'Undefined array key "req_no"', 'C:\\xampp\\htdocs\\HIMSP\\HIMS\\Codenignter\\app\\Views\\Admin\\view_request.php', 37)
 2 SYSTEMPATH\View\View.php(228): include('C:\\xampp\\htdocs\\HIMSP\\HIMS\\Codenignter\\app\\Views\\Admin\\view_request.php')
 3 SYSTEMPATH\View\View.php(231): CodeIgniter\View\View->CodeIgniter\View\{closure}()
 4 SYSTEMPATH\Common.php(1178): CodeIgniter\View\View->render('Admin/view_request', [], true)
 5 APPPATH\Controllers\AdminController.php(112): view('Admin/view_request', [...])
 6 SYSTEMPATH\CodeIgniter.php(941): App\Controllers\AdminController->Requesttable()
 7 SYSTEMPATH\CodeIgniter.php(502): CodeIgniter\CodeIgniter->runController(Object(App\Controllers\AdminController))
 8 SYSTEMPATH\CodeIgniter.php(361): CodeIgniter\CodeIgniter->handleRequest(null, Object(Config\Cache), false)
 9 FCPATH\index.php(79): CodeIgniter\CodeIgniter->run()
10 SYSTEMPATH\Commands\Server\rewrite.php(47): require_once('C:\\xampp\\htdocs\\HIMSP\\HIMS\\Codenignter\\public\\index.php')
CRITICAL - 2024-04-09 14:50:42 --> ErrorException: Undefined array key "req_no"
in APPPATH\Views\Admin\view_request.php on line 37.
 1 APPPATH\Views\Admin\view_request.php(37): CodeIgniter\Debug\Exceptions->errorHandler(2, 'Undefined array key "req_no"', 'C:\\xampp\\htdocs\\HIMSP\\HIMS\\Codenignter\\app\\Views\\Admin\\view_request.php', 37)
 2 SYSTEMPATH\View\View.php(228): include('C:\\xampp\\htdocs\\HIMSP\\HIMS\\Codenignter\\app\\Views\\Admin\\view_request.php')
 3 SYSTEMPATH\View\View.php(231): CodeIgniter\View\View->CodeIgniter\View\{closure}()
 4 SYSTEMPATH\Common.php(1178): CodeIgniter\View\View->render('Admin/view_request', [], true)
 5 APPPATH\Controllers\AdminController.php(112): view('Admin/view_request', [...])
 6 SYSTEMPATH\CodeIgniter.php(941): App\Controllers\AdminController->Requesttable()
 7 SYSTEMPATH\CodeIgniter.php(502): CodeIgniter\CodeIgniter->runController(Object(App\Controllers\AdminController))
 8 SYSTEMPATH\CodeIgniter.php(361): CodeIgniter\CodeIgniter->handleRequest(null, Object(Config\Cache), false)
 9 FCPATH\index.php(79): CodeIgniter\CodeIgniter->run()
10 SYSTEMPATH\Commands\Server\rewrite.php(47): require_once('C:\\xampp\\htdocs\\HIMSP\\HIMS\\Codenignter\\public\\index.php')
CRITICAL - 2024-04-09 14:52:16 --> ErrorException: Undefined variable $userdata
in APPPATH\Views\Layout\header.php on line 172.
 1 APPPATH\Views\Layout\header.php(172): CodeIgniter\Debug\Exceptions->errorHandler(2, 'Undefined variable $userdata', 'C:\\xampp\\htdocs\\HIMSP\\HIMS\\Codenignter\\app\\Views\\Layout\\header.php', 172)
 2 SYSTEMPATH\View\View.php(228): include('C:\\xampp\\htdocs\\HIMSP\\HIMS\\Codenignter\\app\\Views\\Layout\\header.php')
 3 SYSTEMPATH\View\View.php(231): CodeIgniter\View\View->CodeIgniter\View\{closure}()
 4 SYSTEMPATH\View\View.php(469): CodeIgniter\View\View->render('Layout/header.php', null, true)
 5 APPPATH\Views\iManger\req_table.php(20): CodeIgniter\View\View->include('Layout/header.php')
 6 SYSTEMPATH\View\View.php(228): include('C:\\xampp\\htdocs\\HIMSP\\HIMS\\Codenignter\\app\\Views\\iManger\\req_table.php')
 7 SYSTEMPATH\View\View.php(231): CodeIgniter\View\View->CodeIgniter\View\{closure}()
 8 SYSTEMPATH\Common.php(1178): CodeIgniter\View\View->render('iManger/req_table', [], true)
 9 APPPATH\Controllers\AdminController.php(110): view('iManger/req_table', [...])
10 SYSTEMPATH\CodeIgniter.php(941): App\Controllers\AdminController->Requesttable()
11 SYSTEMPATH\CodeIgniter.php(502): CodeIgniter\CodeIgniter->runController(Object(App\Controllers\AdminController))
12 SYSTEMPATH\CodeIgniter.php(361): CodeIgniter\CodeIgniter->handleRequest(null, Object(Config\Cache), false)
13 FCPATH\index.php(79): CodeIgniter\CodeIgniter->run()
14 SYSTEMPATH\Commands\Server\rewrite.php(47): require_once('C:\\xampp\\htdocs\\HIMSP\\HIMS\\Codenignter\\public\\index.php')
CRITICAL - 2024-04-09 14:52:20 --> ErrorException: Undefined variable $userdata
in APPPATH\Views\Layout\header.php on line 172.
 1 APPPATH\Views\Layout\header.php(172): CodeIgniter\Debug\Exceptions->errorHandler(2, 'Undefined variable $userdata', 'C:\\xampp\\htdocs\\HIMSP\\HIMS\\Codenignter\\app\\Views\\Layout\\header.php', 172)
 2 SYSTEMPATH\View\View.php(228): include('C:\\xampp\\htdocs\\HIMSP\\HIMS\\Codenignter\\app\\Views\\Layout\\header.php')
 3 SYSTEMPATH\View\View.php(231): CodeIgniter\View\View->CodeIgniter\View\{closure}()
 4 SYSTEMPATH\View\View.php(469): CodeIgniter\View\View->render('Layout/header.php', null, true)
 5 APPPATH\Views\iManger\req_table.php(20): CodeIgniter\View\View->include('Layout/header.php')
 6 SYSTEMPATH\View\View.php(228): include('C:\\xampp\\htdocs\\HIMSP\\HIMS\\Codenignter\\app\\Views\\iManger\\req_table.php')
 7 SYSTEMPATH\View\View.php(231): CodeIgniter\View\View->CodeIgniter\View\{closure}()
 8 SYSTEMPATH\Common.php(1178): CodeIgniter\View\View->render('iManger/req_table', [], true)
 9 APPPATH\Controllers\AdminController.php(110): view('iManger/req_table', [...])
10 SYSTEMPATH\CodeIgniter.php(941): App\Controllers\AdminController->Requesttable()
11 SYSTEMPATH\CodeIgniter.php(502): CodeIgniter\CodeIgniter->runController(Object(App\Controllers\AdminController))
12 SYSTEMPATH\CodeIgniter.php(361): CodeIgniter\CodeIgniter->handleRequest(null, Object(Config\Cache), false)
13 FCPATH\index.php(79): CodeIgniter\CodeIgniter->run()
14 SYSTEMPATH\Commands\Server\rewrite.php(47): require_once('C:\\xampp\\htdocs\\HIMSP\\HIMS\\Codenignter\\public\\index.php')
CRITICAL - 2024-04-09 14:52:32 --> ErrorException: Undefined variable $userdata
in APPPATH\Views\Layout\header.php on line 172.
 1 APPPATH\Views\Layout\header.php(172): CodeIgniter\Debug\Exceptions->errorHandler(2, 'Undefined variable $userdata', 'C:\\xampp\\htdocs\\HIMSP\\HIMS\\Codenignter\\app\\Views\\Layout\\header.php', 172)
 2 SYSTEMPATH\View\View.php(228): include('C:\\xampp\\htdocs\\HIMSP\\HIMS\\Codenignter\\app\\Views\\Layout\\header.php')
 3 SYSTEMPATH\View\View.php(231): CodeIgniter\View\View->CodeIgniter\View\{closure}()
 4 SYSTEMPATH\View\View.php(469): CodeIgniter\View\View->render('Layout/header.php', null, true)
 5 APPPATH\Views\iManger\req_table.php(20): CodeIgniter\View\View->include('Layout/header.php')
 6 SYSTEMPATH\View\View.php(228): include('C:\\xampp\\htdocs\\HIMSP\\HIMS\\Codenignter\\app\\Views\\iManger\\req_table.php')
 7 SYSTEMPATH\View\View.php(231): CodeIgniter\View\View->CodeIgniter\View\{closure}()
 8 SYSTEMPATH\Common.php(1178): CodeIgniter\View\View->render('iManger/req_table', [], true)
 9 APPPATH\Controllers\AdminController.php(110): view('iManger/req_table', [...])
10 SYSTEMPATH\CodeIgniter.php(941): App\Controllers\AdminController->Requesttable()
11 SYSTEMPATH\CodeIgniter.php(502): CodeIgniter\CodeIgniter->runController(Object(App\Controllers\AdminController))
12 SYSTEMPATH\CodeIgniter.php(361): CodeIgniter\CodeIgniter->handleRequest(null, Object(Config\Cache), false)
13 FCPATH\index.php(79): CodeIgniter\CodeIgniter->run()
14 SYSTEMPATH\Commands\Server\rewrite.php(47): require_once('C:\\xampp\\htdocs\\HIMSP\\HIMS\\Codenignter\\public\\index.php')
CRITICAL - 2024-04-09 14:54:36 --> ErrorException: Undefined variable $userdata
in APPPATH\Views\Layout\header.php on line 172.
 1 APPPATH\Views\Layout\header.php(172): CodeIgniter\Debug\Exceptions->errorHandler(2, 'Undefined variable $userdata', 'C:\\xampp\\htdocs\\HIMSP\\HIMS\\Codenignter\\app\\Views\\Layout\\header.php', 172)
 2 SYSTEMPATH\View\View.php(228): include('C:\\xampp\\htdocs\\HIMSP\\HIMS\\Codenignter\\app\\Views\\Layout\\header.php')
 3 SYSTEMPATH\View\View.php(231): CodeIgniter\View\View->CodeIgniter\View\{closure}()
 4 SYSTEMPATH\View\View.php(469): CodeIgniter\View\View->render('Layout/header.php', null, true)
 5 APPPATH\Views\iManger\req_table.php(20): CodeIgniter\View\View->include('Layout/header.php')
 6 SYSTEMPATH\View\View.php(228): include('C:\\xampp\\htdocs\\HIMSP\\HIMS\\Codenignter\\app\\Views\\iManger\\req_table.php')
 7 SYSTEMPATH\View\View.php(231): CodeIgniter\View\View->CodeIgniter\View\{closure}()
 8 SYSTEMPATH\Common.php(1178): CodeIgniter\View\View->render('iManger/req_table', [], true)
 9 APPPATH\Controllers\AdminController.php(110): view('iManger/req_table', [...])
10 SYSTEMPATH\CodeIgniter.php(941): App\Controllers\AdminController->Requesttable()
11 SYSTEMPATH\CodeIgniter.php(502): CodeIgniter\CodeIgniter->runController(Object(App\Controllers\AdminController))
12 SYSTEMPATH\CodeIgniter.php(361): CodeIgniter\CodeIgniter->handleRequest(null, Object(Config\Cache), false)
13 FCPATH\index.php(79): CodeIgniter\CodeIgniter->run()
14 SYSTEMPATH\Commands\Server\rewrite.php(47): require_once('C:\\xampp\\htdocs\\HIMSP\\HIMS\\Codenignter\\public\\index.php')
CRITICAL - 2024-04-09 14:54:41 --> ErrorException: Undefined variable $userdata
in APPPATH\Views\Layout\header.php on line 172.
 1 APPPATH\Views\Layout\header.php(172): CodeIgniter\Debug\Exceptions->errorHandler(2, 'Undefined variable $userdata', 'C:\\xampp\\htdocs\\HIMSP\\HIMS\\Codenignter\\app\\Views\\Layout\\header.php', 172)
 2 SYSTEMPATH\View\View.php(228): include('C:\\xampp\\htdocs\\HIMSP\\HIMS\\Codenignter\\app\\Views\\Layout\\header.php')
 3 SYSTEMPATH\View\View.php(231): CodeIgniter\View\View->CodeIgniter\View\{closure}()
 4 SYSTEMPATH\View\View.php(469): CodeIgniter\View\View->render('Layout/header.php', null, true)
 5 APPPATH\Views\iManger\req_table.php(20): CodeIgniter\View\View->include('Layout/header.php')
 6 SYSTEMPATH\View\View.php(228): include('C:\\xampp\\htdocs\\HIMSP\\HIMS\\Codenignter\\app\\Views\\iManger\\req_table.php')
 7 SYSTEMPATH\View\View.php(231): CodeIgniter\View\View->CodeIgniter\View\{closure}()
 8 SYSTEMPATH\Common.php(1178): CodeIgniter\View\View->render('iManger/req_table', [], true)
 9 APPPATH\Controllers\AdminController.php(110): view('iManger/req_table', [...])
10 SYSTEMPATH\CodeIgniter.php(941): App\Controllers\AdminController->Requesttable()
11 SYSTEMPATH\CodeIgniter.php(502): CodeIgniter\CodeIgniter->runController(Object(App\Controllers\AdminController))
12 SYSTEMPATH\CodeIgniter.php(361): CodeIgniter\CodeIgniter->handleRequest(null, Object(Config\Cache), false)
13 FCPATH\index.php(79): CodeIgniter\CodeIgniter->run()
14 SYSTEMPATH\Commands\Server\rewrite.php(47): require_once('C:\\xampp\\htdocs\\HIMSP\\HIMS\\Codenignter\\public\\index.php')
CRITICAL - 2024-04-09 14:55:35 --> ErrorException: Undefined variable $userdata
in APPPATH\Views\Layout\header.php on line 172.
 1 APPPATH\Views\Layout\header.php(172): CodeIgniter\Debug\Exceptions->errorHandler(2, 'Undefined variable $userdata', 'C:\\xampp\\htdocs\\HIMSP\\HIMS\\Codenignter\\app\\Views\\Layout\\header.php', 172)
 2 SYSTEMPATH\View\View.php(228): include('C:\\xampp\\htdocs\\HIMSP\\HIMS\\Codenignter\\app\\Views\\Layout\\header.php')
 3 SYSTEMPATH\View\View.php(231): CodeIgniter\View\View->CodeIgniter\View\{closure}()
 4 SYSTEMPATH\View\View.php(469): CodeIgniter\View\View->render('Layout/header.php', null, true)
 5 APPPATH\Views\iManger\req_table.php(20): CodeIgniter\View\View->include('Layout/header.php')
 6 SYSTEMPATH\View\View.php(228): include('C:\\xampp\\htdocs\\HIMSP\\HIMS\\Codenignter\\app\\Views\\iManger\\req_table.php')
 7 SYSTEMPATH\View\View.php(231): CodeIgniter\View\View->CodeIgniter\View\{closure}()
 8 SYSTEMPATH\Common.php(1178): CodeIgniter\View\View->render('iManger/req_table', [], true)
 9 APPPATH\Controllers\AdminController.php(110): view('iManger/req_table', [...])
10 SYSTEMPATH\CodeIgniter.php(941): App\Controllers\AdminController->Reqtable()
11 SYSTEMPATH\CodeIgniter.php(502): CodeIgniter\CodeIgniter->runController(Object(App\Controllers\AdminController))
12 SYSTEMPATH\CodeIgniter.php(361): CodeIgniter\CodeIgniter->handleRequest(null, Object(Config\Cache), false)
13 FCPATH\index.php(79): CodeIgniter\CodeIgniter->run()
14 SYSTEMPATH\Commands\Server\rewrite.php(47): require_once('C:\\xampp\\htdocs\\HIMSP\\HIMS\\Codenignter\\public\\index.php')
CRITICAL - 2024-04-09 14:55:39 --> ErrorException: Undefined variable $userdata
in APPPATH\Views\Layout\header.php on line 172.
 1 APPPATH\Views\Layout\header.php(172): CodeIgniter\Debug\Exceptions->errorHandler(2, 'Undefined variable $userdata', 'C:\\xampp\\htdocs\\HIMSP\\HIMS\\Codenignter\\app\\Views\\Layout\\header.php', 172)
 2 SYSTEMPATH\View\View.php(228): include('C:\\xampp\\htdocs\\HIMSP\\HIMS\\Codenignter\\app\\Views\\Layout\\header.php')
 3 SYSTEMPATH\View\View.php(231): CodeIgniter\View\View->CodeIgniter\View\{closure}()
 4 SYSTEMPATH\View\View.php(469): CodeIgniter\View\View->render('Layout/header.php', null, true)
 5 APPPATH\Views\iManger\req_table.php(20): CodeIgniter\View\View->include('Layout/header.php')
 6 SYSTEMPATH\View\View.php(228): include('C:\\xampp\\htdocs\\HIMSP\\HIMS\\Codenignter\\app\\Views\\iManger\\req_table.php')
 7 SYSTEMPATH\View\View.php(231): CodeIgniter\View\View->CodeIgniter\View\{closure}()
 8 SYSTEMPATH\Common.php(1178): CodeIgniter\View\View->render('iManger/req_table', [], true)
 9 APPPATH\Controllers\AdminController.php(110): view('iManger/req_table', [...])
10 SYSTEMPATH\CodeIgniter.php(941): App\Controllers\AdminController->Reqtable()
11 SYSTEMPATH\CodeIgniter.php(502): CodeIgniter\CodeIgniter->runController(Object(App\Controllers\AdminController))
12 SYSTEMPATH\CodeIgniter.php(361): CodeIgniter\CodeIgniter->handleRequest(null, Object(Config\Cache), false)
13 FCPATH\index.php(79): CodeIgniter\CodeIgniter->run()
14 SYSTEMPATH\Commands\Server\rewrite.php(47): require_once('C:\\xampp\\htdocs\\HIMSP\\HIMS\\Codenignter\\public\\index.php')
CRITICAL - 2024-04-09 14:56:57 --> CodeIgniter\View\Exceptions\ViewException: Invalid file: "Admin/req_table.php"
in SYSTEMPATH\Exceptions\FrameworkException.php on line 39.
 1 SYSTEMPATH\View\View.php(216): CodeIgniter\Exceptions\FrameworkException::forInvalidFile('Admin/req_table.php')
 2 SYSTEMPATH\Common.php(1178): CodeIgniter\View\View->render('Admin/req_table', [], true)
 3 APPPATH\Controllers\AdminController.php(112): view('Admin/req_table', [...])
 4 SYSTEMPATH\CodeIgniter.php(941): App\Controllers\AdminController->Reqtable()
 5 SYSTEMPATH\CodeIgniter.php(502): CodeIgniter\CodeIgniter->runController(Object(App\Controllers\AdminController))
 6 SYSTEMPATH\CodeIgniter.php(361): CodeIgniter\CodeIgniter->handleRequest(null, Object(Config\Cache), false)
 7 FCPATH\index.php(79): CodeIgniter\CodeIgniter->run()
 8 SYSTEMPATH\Commands\Server\rewrite.php(47): require_once('C:\\xampp\\htdocs\\HIMSP\\HIMS\\Codenignter\\public\\index.php')
CRITICAL - 2024-04-09 16:08:49 --> ErrorException: Attempt to read property "req_no" on array
in APPPATH\Views\Admin\view_request.php on line 2.
 1 APPPATH\Views\Admin\view_request.php(2): CodeIgniter\Debug\Exceptions->errorHandler(2, 'Attempt to read property "req_no" on array', 'C:\\xampp\\htdocs\\HIMSP\\HIMS\\Codenignter\\app\\Views\\Admin\\view_request.php', 2)
 2 SYSTEMPATH\View\View.php(228): include('C:\\xampp\\htdocs\\HIMSP\\HIMS\\Codenignter\\app\\Views\\Admin\\view_request.php')
 3 SYSTEMPATH\View\View.php(231): CodeIgniter\View\View->CodeIgniter\View\{closure}()
 4 SYSTEMPATH\Common.php(1178): CodeIgniter\View\View->render('Admin/view_request', [], true)
 5 APPPATH\Controllers\AdminController.php(112): view('Admin/view_request', [...])
 6 SYSTEMPATH\CodeIgniter.php(941): App\Controllers\AdminController->Reqtable()
 7 SYSTEMPATH\CodeIgniter.php(502): CodeIgniter\CodeIgniter->runController(Object(App\Controllers\AdminController))
 8 SYSTEMPATH\CodeIgniter.php(361): CodeIgniter\CodeIgniter->handleRequest(null, Object(Config\Cache), false)
 9 FCPATH\index.php(79): CodeIgniter\CodeIgniter->run()
10 SYSTEMPATH\Commands\Server\rewrite.php(47): require_once('C:\\xampp\\htdocs\\HIMSP\\HIMS\\Codenignter\\public\\index.php')
CRITICAL - 2024-04-09 16:08:53 --> ErrorException: Attempt to read property "req_no" on array
in APPPATH\Views\Admin\view_request.php on line 2.
 1 APPPATH\Views\Admin\view_request.php(2): CodeIgniter\Debug\Exceptions->errorHandler(2, 'Attempt to read property "req_no" on array', 'C:\\xampp\\htdocs\\HIMSP\\HIMS\\Codenignter\\app\\Views\\Admin\\view_request.php', 2)
 2 SYSTEMPATH\View\View.php(228): include('C:\\xampp\\htdocs\\HIMSP\\HIMS\\Codenignter\\app\\Views\\Admin\\view_request.php')
 3 SYSTEMPATH\View\View.php(231): CodeIgniter\View\View->CodeIgniter\View\{closure}()
 4 SYSTEMPATH\Common.php(1178): CodeIgniter\View\View->render('Admin/view_request', [], true)
 5 APPPATH\Controllers\AdminController.php(112): view('Admin/view_request', [...])
 6 SYSTEMPATH\CodeIgniter.php(941): App\Controllers\AdminController->Reqtable()
 7 SYSTEMPATH\CodeIgniter.php(502): CodeIgniter\CodeIgniter->runController(Object(App\Controllers\AdminController))
 8 SYSTEMPATH\CodeIgniter.php(361): CodeIgniter\CodeIgniter->handleRequest(null, Object(Config\Cache), false)
 9 FCPATH\index.php(79): CodeIgniter\CodeIgniter->run()
10 SYSTEMPATH\Commands\Server\rewrite.php(47): require_once('C:\\xampp\\htdocs\\HIMSP\\HIMS\\Codenignter\\public\\index.php')
CRITICAL - 2024-04-09 16:10:37 --> ErrorException: Undefined variable $req
in APPPATH\Views\Admin\view_request.php on line 1.
 1 APPPATH\Views\Admin\view_request.php(1): CodeIgniter\Debug\Exceptions->errorHandler(2, 'Undefined variable $req', 'C:\\xampp\\htdocs\\HIMSP\\HIMS\\Codenignter\\app\\Views\\Admin\\view_request.php', 1)
 2 SYSTEMPATH\View\View.php(228): include('C:\\xampp\\htdocs\\HIMSP\\HIMS\\Codenignter\\app\\Views\\Admin\\view_request.php')
 3 SYSTEMPATH\View\View.php(231): CodeIgniter\View\View->CodeIgniter\View\{closure}()
 4 SYSTEMPATH\Common.php(1178): CodeIgniter\View\View->render('Admin/view_request', [], true)
 5 APPPATH\Controllers\AdminController.php(112): view('Admin/view_request', [...])
 6 SYSTEMPATH\CodeIgniter.php(941): App\Controllers\AdminController->Reqtable()
 7 SYSTEMPATH\CodeIgniter.php(502): CodeIgniter\CodeIgniter->runController(Object(App\Controllers\AdminController))
 8 SYSTEMPATH\CodeIgniter.php(361): CodeIgniter\CodeIgniter->handleRequest(null, Object(Config\Cache), false)
 9 FCPATH\index.php(79): CodeIgniter\CodeIgniter->run()
10 SYSTEMPATH\Commands\Server\rewrite.php(47): require_once('C:\\xampp\\htdocs\\HIMSP\\HIMS\\Codenignter\\public\\index.php')
CRITICAL - 2024-04-09 16:11:07 --> ErrorException: Undefined variable $userdata
in APPPATH\Views\Layout\header.php on line 172.
 1 APPPATH\Views\Layout\header.php(172): CodeIgniter\Debug\Exceptions->errorHandler(2, 'Undefined variable $userdata', 'C:\\xampp\\htdocs\\HIMSP\\HIMS\\Codenignter\\app\\Views\\Layout\\header.php', 172)
 2 SYSTEMPATH\View\View.php(228): include('C:\\xampp\\htdocs\\HIMSP\\HIMS\\Codenignter\\app\\Views\\Layout\\header.php')
 3 SYSTEMPATH\View\View.php(231): CodeIgniter\View\View->CodeIgniter\View\{closure}()
 4 SYSTEMPATH\View\View.php(469): CodeIgniter\View\View->render('Layout/header.php', null, true)
 5 APPPATH\Views\Admin\view_request.php(21): CodeIgniter\View\View->include('Layout/header.php')
 6 SYSTEMPATH\View\View.php(228): include('C:\\xampp\\htdocs\\HIMSP\\HIMS\\Codenignter\\app\\Views\\Admin\\view_request.php')
 7 SYSTEMPATH\View\View.php(231): CodeIgniter\View\View->CodeIgniter\View\{closure}()
 8 SYSTEMPATH\Common.php(1178): CodeIgniter\View\View->render('Admin/view_request', [], true)
 9 APPPATH\Controllers\AdminController.php(112): view('Admin/view_request', [...])
10 SYSTEMPATH\CodeIgniter.php(941): App\Controllers\AdminController->Reqtable()
11 SYSTEMPATH\CodeIgniter.php(502): CodeIgniter\CodeIgniter->runController(Object(App\Controllers\AdminController))
12 SYSTEMPATH\CodeIgniter.php(361): CodeIgniter\CodeIgniter->handleRequest(null, Object(Config\Cache), false)
13 FCPATH\index.php(79): CodeIgniter\CodeIgniter->run()
14 SYSTEMPATH\Commands\Server\rewrite.php(47): require_once('C:\\xampp\\htdocs\\HIMSP\\HIMS\\Codenignter\\public\\index.php')
CRITICAL - 2024-04-09 16:11:23 --> ErrorException: Undefined array key "req_no"
in APPPATH\Views\Admin\view_request.php on line 39.
 1 APPPATH\Views\Admin\view_request.php(39): CodeIgniter\Debug\Exceptions->errorHandler(2, 'Undefined array key "req_no"', 'C:\\xampp\\htdocs\\HIMSP\\HIMS\\Codenignter\\app\\Views\\Admin\\view_request.php', 39)
 2 SYSTEMPATH\View\View.php(228): include('C:\\xampp\\htdocs\\HIMSP\\HIMS\\Codenignter\\app\\Views\\Admin\\view_request.php')
 3 SYSTEMPATH\View\View.php(231): CodeIgniter\View\View->CodeIgniter\View\{closure}()
 4 SYSTEMPATH\Common.php(1178): CodeIgniter\View\View->render('Admin/view_request', [], true)
 5 APPPATH\Controllers\AdminController.php(112): view('Admin/view_request', [...])
 6 SYSTEMPATH\CodeIgniter.php(941): App\Controllers\AdminController->Reqtable()
 7 SYSTEMPATH\CodeIgniter.php(502): CodeIgniter\CodeIgniter->runController(Object(App\Controllers\AdminController))
 8 SYSTEMPATH\CodeIgniter.php(361): CodeIgniter\CodeIgniter->handleRequest(null, Object(Config\Cache), false)
 9 FCPATH\index.php(79): CodeIgniter\CodeIgniter->run()
10 SYSTEMPATH\Commands\Server\rewrite.php(47): require_once('C:\\xampp\\htdocs\\HIMSP\\HIMS\\Codenignter\\public\\index.php')
CRITICAL - 2024-04-09 16:11:24 --> ErrorException: Undefined array key "req_no"
in APPPATH\Views\Admin\view_request.php on line 39.
 1 APPPATH\Views\Admin\view_request.php(39): CodeIgniter\Debug\Exceptions->errorHandler(2, 'Undefined array key "req_no"', 'C:\\xampp\\htdocs\\HIMSP\\HIMS\\Codenignter\\app\\Views\\Admin\\view_request.php', 39)
 2 SYSTEMPATH\View\View.php(228): include('C:\\xampp\\htdocs\\HIMSP\\HIMS\\Codenignter\\app\\Views\\Admin\\view_request.php')
 3 SYSTEMPATH\View\View.php(231): CodeIgniter\View\View->CodeIgniter\View\{closure}()
 4 SYSTEMPATH\Common.php(1178): CodeIgniter\View\View->render('Admin/view_request', [], true)
 5 APPPATH\Controllers\AdminController.php(112): view('Admin/view_request', [...])
 6 SYSTEMPATH\CodeIgniter.php(941): App\Controllers\AdminController->Reqtable()
 7 SYSTEMPATH\CodeIgniter.php(502): CodeIgniter\CodeIgniter->runController(Object(App\Controllers\AdminController))
 8 SYSTEMPATH\CodeIgniter.php(361): CodeIgniter\CodeIgniter->handleRequest(null, Object(Config\Cache), false)
 9 FCPATH\index.php(79): CodeIgniter\CodeIgniter->run()
10 SYSTEMPATH\Commands\Server\rewrite.php(47): require_once('C:\\xampp\\htdocs\\HIMSP\\HIMS\\Codenignter\\public\\index.php')
CRITICAL - 2024-04-09 16:11:24 --> ErrorException: Undefined array key "req_no"
in APPPATH\Views\Admin\view_request.php on line 39.
 1 APPPATH\Views\Admin\view_request.php(39): CodeIgniter\Debug\Exceptions->errorHandler(2, 'Undefined array key "req_no"', 'C:\\xampp\\htdocs\\HIMSP\\HIMS\\Codenignter\\app\\Views\\Admin\\view_request.php', 39)
 2 SYSTEMPATH\View\View.php(228): include('C:\\xampp\\htdocs\\HIMSP\\HIMS\\Codenignter\\app\\Views\\Admin\\view_request.php')
 3 SYSTEMPATH\View\View.php(231): CodeIgniter\View\View->CodeIgniter\View\{closure}()
 4 SYSTEMPATH\Common.php(1178): CodeIgniter\View\View->render('Admin/view_request', [], true)
 5 APPPATH\Controllers\AdminController.php(112): view('Admin/view_request', [...])
 6 SYSTEMPATH\CodeIgniter.php(941): App\Controllers\AdminController->Reqtable()
 7 SYSTEMPATH\CodeIgniter.php(502): CodeIgniter\CodeIgniter->runController(Object(App\Controllers\AdminController))
 8 SYSTEMPATH\CodeIgniter.php(361): CodeIgniter\CodeIgniter->handleRequest(null, Object(Config\Cache), false)
 9 FCPATH\index.php(79): CodeIgniter\CodeIgniter->run()
10 SYSTEMPATH\Commands\Server\rewrite.php(47): require_once('C:\\xampp\\htdocs\\HIMSP\\HIMS\\Codenignter\\public\\index.php')
CRITICAL - 2024-04-09 16:12:27 --> ErrorException: Undefined array key "req_no"
in APPPATH\Views\Admin\view_request.php on line 39.
 1 APPPATH\Views\Admin\view_request.php(39): CodeIgniter\Debug\Exceptions->errorHandler(2, 'Undefined array key "req_no"', 'C:\\xampp\\htdocs\\HIMSP\\HIMS\\Codenignter\\app\\Views\\Admin\\view_request.php', 39)
 2 SYSTEMPATH\View\View.php(228): include('C:\\xampp\\htdocs\\HIMSP\\HIMS\\Codenignter\\app\\Views\\Admin\\view_request.php')
 3 SYSTEMPATH\View\View.php(231): CodeIgniter\View\View->CodeIgniter\View\{closure}()
 4 SYSTEMPATH\Common.php(1178): CodeIgniter\View\View->render('Admin/view_request', [], true)
 5 APPPATH\Controllers\AdminController.php(112): view('Admin/view_request', [...])
 6 SYSTEMPATH\CodeIgniter.php(941): App\Controllers\AdminController->Reqtable()
 7 SYSTEMPATH\CodeIgniter.php(502): CodeIgniter\CodeIgniter->runController(Object(App\Controllers\AdminController))
 8 SYSTEMPATH\CodeIgniter.php(361): CodeIgniter\CodeIgniter->handleRequest(null, Object(Config\Cache), false)
 9 FCPATH\index.php(79): CodeIgniter\CodeIgniter->run()
10 SYSTEMPATH\Commands\Server\rewrite.php(47): require_once('C:\\xampp\\htdocs\\HIMSP\\HIMS\\Codenignter\\public\\index.php')
CRITICAL - 2024-04-09 16:12:29 --> ErrorException: Undefined array key "req_no"
in APPPATH\Views\Admin\view_request.php on line 39.
 1 APPPATH\Views\Admin\view_request.php(39): CodeIgniter\Debug\Exceptions->errorHandler(2, 'Undefined array key "req_no"', 'C:\\xampp\\htdocs\\HIMSP\\HIMS\\Codenignter\\app\\Views\\Admin\\view_request.php', 39)
 2 SYSTEMPATH\View\View.php(228): include('C:\\xampp\\htdocs\\HIMSP\\HIMS\\Codenignter\\app\\Views\\Admin\\view_request.php')
 3 SYSTEMPATH\View\View.php(231): CodeIgniter\View\View->CodeIgniter\View\{closure}()
 4 SYSTEMPATH\Common.php(1178): CodeIgniter\View\View->render('Admin/view_request', [], true)
 5 APPPATH\Controllers\AdminController.php(112): view('Admin/view_request', [...])
 6 SYSTEMPATH\CodeIgniter.php(941): App\Controllers\AdminController->Reqtable()
 7 SYSTEMPATH\CodeIgniter.php(502): CodeIgniter\CodeIgniter->runController(Object(App\Controllers\AdminController))
 8 SYSTEMPATH\CodeIgniter.php(361): CodeIgniter\CodeIgniter->handleRequest(null, Object(Config\Cache), false)
 9 FCPATH\index.php(79): CodeIgniter\CodeIgniter->run()
10 SYSTEMPATH\Commands\Server\rewrite.php(47): require_once('C:\\xampp\\htdocs\\HIMSP\\HIMS\\Codenignter\\public\\index.php')
CRITICAL - 2024-04-09 16:12:52 --> ErrorException: Undefined array key "req_no"
in APPPATH\Views\Admin\view_request.php on line 39.
 1 APPPATH\Views\Admin\view_request.php(39): CodeIgniter\Debug\Exceptions->errorHandler(2, 'Undefined array key "req_no"', 'C:\\xampp\\htdocs\\HIMSP\\HIMS\\Codenignter\\app\\Views\\Admin\\view_request.php', 39)
 2 SYSTEMPATH\View\View.php(228): include('C:\\xampp\\htdocs\\HIMSP\\HIMS\\Codenignter\\app\\Views\\Admin\\view_request.php')
 3 SYSTEMPATH\View\View.php(231): CodeIgniter\View\View->CodeIgniter\View\{closure}()
 4 SYSTEMPATH\Common.php(1178): CodeIgniter\View\View->render('Admin/view_request', [], true)
 5 APPPATH\Controllers\AdminController.php(111): view('Admin/view_request', [...])
 6 SYSTEMPATH\CodeIgniter.php(941): App\Controllers\AdminController->Reqtable()
 7 SYSTEMPATH\CodeIgniter.php(502): CodeIgniter\CodeIgniter->runController(Object(App\Controllers\AdminController))
 8 SYSTEMPATH\CodeIgniter.php(361): CodeIgniter\CodeIgniter->handleRequest(null, Object(Config\Cache), false)
 9 FCPATH\index.php(79): CodeIgniter\CodeIgniter->run()
10 SYSTEMPATH\Commands\Server\rewrite.php(47): require_once('C:\\xampp\\htdocs\\HIMSP\\HIMS\\Codenignter\\public\\index.php')
CRITICAL - 2024-04-09 16:17:00 --> ErrorException: Attempt to read property "req_no" on array
in APPPATH\Views\Admin\view_request.php on line 3.
 1 APPPATH\Views\Admin\view_request.php(3): CodeIgniter\Debug\Exceptions->errorHandler(2, 'Attempt to read property "req_no" on array', 'C:\\xampp\\htdocs\\HIMSP\\HIMS\\Codenignter\\app\\Views\\Admin\\view_request.php', 3)
 2 SYSTEMPATH\View\View.php(228): include('C:\\xampp\\htdocs\\HIMSP\\HIMS\\Codenignter\\app\\Views\\Admin\\view_request.php')
 3 SYSTEMPATH\View\View.php(231): CodeIgniter\View\View->CodeIgniter\View\{closure}()
 4 SYSTEMPATH\Common.php(1178): CodeIgniter\View\View->render('Admin/view_request', [], true)
 5 APPPATH\Controllers\AdminController.php(108): view('Admin/view_request', [...])
 6 SYSTEMPATH\CodeIgniter.php(941): App\Controllers\AdminController->Reqtable()
 7 SYSTEMPATH\CodeIgniter.php(502): CodeIgniter\CodeIgniter->runController(Object(App\Controllers\AdminController))
 8 SYSTEMPATH\CodeIgniter.php(361): CodeIgniter\CodeIgniter->handleRequest(null, Object(Config\Cache), false)
 9 FCPATH\index.php(79): CodeIgniter\CodeIgniter->run()
10 SYSTEMPATH\Commands\Server\rewrite.php(47): require_once('C:\\xampp\\htdocs\\HIMSP\\HIMS\\Codenignter\\public\\index.php')
CRITICAL - 2024-04-09 16:17:06 --> ErrorException: Attempt to read property "req_no" on array
in APPPATH\Views\Admin\view_request.php on line 3.
 1 APPPATH\Views\Admin\view_request.php(3): CodeIgniter\Debug\Exceptions->errorHandler(2, 'Attempt to read property "req_no" on array', 'C:\\xampp\\htdocs\\HIMSP\\HIMS\\Codenignter\\app\\Views\\Admin\\view_request.php', 3)
 2 SYSTEMPATH\View\View.php(228): include('C:\\xampp\\htdocs\\HIMSP\\HIMS\\Codenignter\\app\\Views\\Admin\\view_request.php')
 3 SYSTEMPATH\View\View.php(231): CodeIgniter\View\View->CodeIgniter\View\{closure}()
 4 SYSTEMPATH\Common.php(1178): CodeIgniter\View\View->render('Admin/view_request', [], true)
 5 APPPATH\Controllers\AdminController.php(108): view('Admin/view_request', [...])
 6 SYSTEMPATH\CodeIgniter.php(941): App\Controllers\AdminController->Reqtable()
 7 SYSTEMPATH\CodeIgniter.php(502): CodeIgniter\CodeIgniter->runController(Object(App\Controllers\AdminController))
 8 SYSTEMPATH\CodeIgniter.php(361): CodeIgniter\CodeIgniter->handleRequest(null, Object(Config\Cache), false)
 9 FCPATH\index.php(79): CodeIgniter\CodeIgniter->run()
10 SYSTEMPATH\Commands\Server\rewrite.php(47): require_once('C:\\xampp\\htdocs\\HIMSP\\HIMS\\Codenignter\\public\\index.php')
CRITICAL - 2024-04-09 16:17:18 --> ErrorException: Attempt to read property "req_no" on array
in APPPATH\Views\Admin\view_request.php on line 3.
 1 APPPATH\Views\Admin\view_request.php(3): CodeIgniter\Debug\Exceptions->errorHandler(2, 'Attempt to read property "req_no" on array', 'C:\\xampp\\htdocs\\HIMSP\\HIMS\\Codenignter\\app\\Views\\Admin\\view_request.php', 3)
 2 SYSTEMPATH\View\View.php(228): include('C:\\xampp\\htdocs\\HIMSP\\HIMS\\Codenignter\\app\\Views\\Admin\\view_request.php')
 3 SYSTEMPATH\View\View.php(231): CodeIgniter\View\View->CodeIgniter\View\{closure}()
 4 SYSTEMPATH\Common.php(1178): CodeIgniter\View\View->render('Admin/view_request', [], true)
 5 APPPATH\Controllers\AdminController.php(108): view('Admin/view_request', [...])
 6 SYSTEMPATH\CodeIgniter.php(941): App\Controllers\AdminController->Reqtable()
 7 SYSTEMPATH\CodeIgniter.php(502): CodeIgniter\CodeIgniter->runController(Object(App\Controllers\AdminController))
 8 SYSTEMPATH\CodeIgniter.php(361): CodeIgniter\CodeIgniter->handleRequest(null, Object(Config\Cache), false)
 9 FCPATH\index.php(79): CodeIgniter\CodeIgniter->run()
10 SYSTEMPATH\Commands\Server\rewrite.php(47): require_once('C:\\xampp\\htdocs\\HIMSP\\HIMS\\Codenignter\\public\\index.php')
CRITICAL - 2024-04-09 16:17:59 --> ErrorException: Attempt to read property "req_no" on array
in APPPATH\Views\Admin\view_request.php on line 3.
 1 APPPATH\Views\Admin\view_request.php(3): CodeIgniter\Debug\Exceptions->errorHandler(2, 'Attempt to read property "req_no" on array', 'C:\\xampp\\htdocs\\HIMSP\\HIMS\\Codenignter\\app\\Views\\Admin\\view_request.php', 3)
 2 SYSTEMPATH\View\View.php(228): include('C:\\xampp\\htdocs\\HIMSP\\HIMS\\Codenignter\\app\\Views\\Admin\\view_request.php')
 3 SYSTEMPATH\View\View.php(231): CodeIgniter\View\View->CodeIgniter\View\{closure}()
 4 SYSTEMPATH\Common.php(1178): CodeIgniter\View\View->render('Admin/view_request', [], true)
 5 APPPATH\Controllers\AdminController.php(108): view('Admin/view_request', [...])
 6 SYSTEMPATH\CodeIgniter.php(941): App\Controllers\AdminController->Reqtable()
 7 SYSTEMPATH\CodeIgniter.php(502): CodeIgniter\CodeIgniter->runController(Object(App\Controllers\AdminController))
 8 SYSTEMPATH\CodeIgniter.php(361): CodeIgniter\CodeIgniter->handleRequest(null, Object(Config\Cache), false)
 9 FCPATH\index.php(79): CodeIgniter\CodeIgniter->run()
10 SYSTEMPATH\Commands\Server\rewrite.php(47): require_once('C:\\xampp\\htdocs\\HIMSP\\HIMS\\Codenignter\\public\\index.php')
CRITICAL - 2024-04-09 16:18:59 --> ErrorException: Attempt to read property "req_no" on array
in APPPATH\Views\Admin\test.php on line 5.
 1 APPPATH\Views\Admin\test.php(5): CodeIgniter\Debug\Exceptions->errorHandler(2, 'Attempt to read property "req_no" on array', 'C:\\xampp\\htdocs\\HIMSP\\HIMS\\Codenignter\\app\\Views\\Admin\\test.php', 5)
 2 SYSTEMPATH\View\View.php(228): include('C:\\xampp\\htdocs\\HIMSP\\HIMS\\Codenignter\\app\\Views\\Admin\\test.php')
 3 SYSTEMPATH\View\View.php(231): CodeIgniter\View\View->CodeIgniter\View\{closure}()
 4 SYSTEMPATH\Common.php(1178): CodeIgniter\View\View->render('Admin/test', [], true)
 5 APPPATH\Controllers\AdminController.php(108): view('Admin/test', [...])
 6 SYSTEMPATH\CodeIgniter.php(941): App\Controllers\AdminController->Reqtable()
 7 SYSTEMPATH\CodeIgniter.php(502): CodeIgniter\CodeIgniter->runController(Object(App\Controllers\AdminController))
 8 SYSTEMPATH\CodeIgniter.php(361): CodeIgniter\CodeIgniter->handleRequest(null, Object(Config\Cache), false)
 9 FCPATH\index.php(79): CodeIgniter\CodeIgniter->run()
10 SYSTEMPATH\Commands\Server\rewrite.php(47): require_once('C:\\xampp\\htdocs\\HIMSP\\HIMS\\Codenignter\\public\\index.php')
CRITICAL - 2024-04-09 16:33:37 --> ErrorException: Trying to access array offset on value of type null
in APPPATH\Views\Admin\Req_view.php on line 33.
 1 APPPATH\Views\Admin\Req_view.php(33): CodeIgniter\Debug\Exceptions->errorHandler(2, 'Trying to access array offset on value of type null', 'C:\\xampp\\htdocs\\HIMSP\\HIMS\\Codenignter\\app\\Views\\Admin\\Req_view.php', 33)
 2 SYSTEMPATH\View\View.php(228): include('C:\\xampp\\htdocs\\HIMSP\\HIMS\\Codenignter\\app\\Views\\Admin\\Req_view.php')
 3 SYSTEMPATH\View\View.php(231): CodeIgniter\View\View->CodeIgniter\View\{closure}()
 4 SYSTEMPATH\Common.php(1178): CodeIgniter\View\View->render('Admin/Req_view', [], true)
 5 APPPATH\Controllers\AdminController.php(122): view('Admin/Req_view', [...])
 6 SYSTEMPATH\CodeIgniter.php(941): App\Controllers\AdminController->viewreq('13')
 7 SYSTEMPATH\CodeIgniter.php(502): CodeIgniter\CodeIgniter->runController(Object(App\Controllers\AdminController))
 8 SYSTEMPATH\CodeIgniter.php(361): CodeIgniter\CodeIgniter->handleRequest(null, Object(Config\Cache), false)
 9 FCPATH\index.php(79): CodeIgniter\CodeIgniter->run()
10 SYSTEMPATH\Commands\Server\rewrite.php(47): require_once('C:\\xampp\\htdocs\\HIMSP\\HIMS\\Codenignter\\public\\index.php')
CRITICAL - 2024-04-09 16:34:42 --> ErrorException: Trying to access array offset on value of type null
in APPPATH\Views\Admin\Req_view.php on line 33.
 1 APPPATH\Views\Admin\Req_view.php(33): CodeIgniter\Debug\Exceptions->errorHandler(2, 'Trying to access array offset on value of type null', 'C:\\xampp\\htdocs\\HIMSP\\HIMS\\Codenignter\\app\\Views\\Admin\\Req_view.php', 33)
 2 SYSTEMPATH\View\View.php(228): include('C:\\xampp\\htdocs\\HIMSP\\HIMS\\Codenignter\\app\\Views\\Admin\\Req_view.php')
 3 SYSTEMPATH\View\View.php(231): CodeIgniter\View\View->CodeIgniter\View\{closure}()
 4 SYSTEMPATH\Common.php(1178): CodeIgniter\View\View->render('Admin/Req_view', [], true)
 5 APPPATH\Controllers\AdminController.php(122): view('Admin/Req_view', [...])
 6 SYSTEMPATH\CodeIgniter.php(941): App\Controllers\AdminController->viewreq('13')
 7 SYSTEMPATH\CodeIgniter.php(502): CodeIgniter\CodeIgniter->runController(Object(App\Controllers\AdminController))
 8 SYSTEMPATH\CodeIgniter.php(361): CodeIgniter\CodeIgniter->handleRequest(null, Object(Config\Cache), false)
 9 FCPATH\index.php(79): CodeIgniter\CodeIgniter->run()
10 SYSTEMPATH\Commands\Server\rewrite.php(47): require_once('C:\\xampp\\htdocs\\HIMSP\\HIMS\\Codenignter\\public\\index.php')
CRITICAL - 2024-04-09 16:34:42 --> ErrorException: Trying to access array offset on value of type null
in APPPATH\Views\Admin\Req_view.php on line 33.
 1 APPPATH\Views\Admin\Req_view.php(33): CodeIgniter\Debug\Exceptions->errorHandler(2, 'Trying to access array offset on value of type null', 'C:\\xampp\\htdocs\\HIMSP\\HIMS\\Codenignter\\app\\Views\\Admin\\Req_view.php', 33)
 2 SYSTEMPATH\View\View.php(228): include('C:\\xampp\\htdocs\\HIMSP\\HIMS\\Codenignter\\app\\Views\\Admin\\Req_view.php')
 3 SYSTEMPATH\View\View.php(231): CodeIgniter\View\View->CodeIgniter\View\{closure}()
 4 SYSTEMPATH\Common.php(1178): CodeIgniter\View\View->render('Admin/Req_view', [], true)
 5 APPPATH\Controllers\AdminController.php(122): view('Admin/Req_view', [...])
 6 SYSTEMPATH\CodeIgniter.php(941): App\Controllers\AdminController->viewreq('13')
 7 SYSTEMPATH\CodeIgniter.php(502): CodeIgniter\CodeIgniter->runController(Object(App\Controllers\AdminController))
 8 SYSTEMPATH\CodeIgniter.php(361): CodeIgniter\CodeIgniter->handleRequest(null, Object(Config\Cache), false)
 9 FCPATH\index.php(79): CodeIgniter\CodeIgniter->run()
10 SYSTEMPATH\Commands\Server\rewrite.php(47): require_once('C:\\xampp\\htdocs\\HIMSP\\HIMS\\Codenignter\\public\\index.php')
CRITICAL - 2024-04-09 16:34:43 --> ErrorException: Trying to access array offset on value of type null
in APPPATH\Views\Admin\Req_view.php on line 33.
 1 APPPATH\Views\Admin\Req_view.php(33): CodeIgniter\Debug\Exceptions->errorHandler(2, 'Trying to access array offset on value of type null', 'C:\\xampp\\htdocs\\HIMSP\\HIMS\\Codenignter\\app\\Views\\Admin\\Req_view.php', 33)
 2 SYSTEMPATH\View\View.php(228): include('C:\\xampp\\htdocs\\HIMSP\\HIMS\\Codenignter\\app\\Views\\Admin\\Req_view.php')
 3 SYSTEMPATH\View\View.php(231): CodeIgniter\View\View->CodeIgniter\View\{closure}()
 4 SYSTEMPATH\Common.php(1178): CodeIgniter\View\View->render('Admin/Req_view', [], true)
 5 APPPATH\Controllers\AdminController.php(122): view('Admin/Req_view', [...])
 6 SYSTEMPATH\CodeIgniter.php(941): App\Controllers\AdminController->viewreq('13')
 7 SYSTEMPATH\CodeIgniter.php(502): CodeIgniter\CodeIgniter->runController(Object(App\Controllers\AdminController))
 8 SYSTEMPATH\CodeIgniter.php(361): CodeIgniter\CodeIgniter->handleRequest(null, Object(Config\Cache), false)
 9 FCPATH\index.php(79): CodeIgniter\CodeIgniter->run()
10 SYSTEMPATH\Commands\Server\rewrite.php(47): require_once('C:\\xampp\\htdocs\\HIMSP\\HIMS\\Codenignter\\public\\index.php')
CRITICAL - 2024-04-09 16:35:08 --> ErrorException: Trying to access array offset on value of type null
in APPPATH\Views\Admin\Req_view.php on line 39.
 1 APPPATH\Views\Admin\Req_view.php(39): CodeIgniter\Debug\Exceptions->errorHandler(2, 'Trying to access array offset on value of type null', 'C:\\xampp\\htdocs\\HIMSP\\HIMS\\Codenignter\\app\\Views\\Admin\\Req_view.php', 39)
 2 SYSTEMPATH\View\View.php(228): include('C:\\xampp\\htdocs\\HIMSP\\HIMS\\Codenignter\\app\\Views\\Admin\\Req_view.php')
 3 SYSTEMPATH\View\View.php(231): CodeIgniter\View\View->CodeIgniter\View\{closure}()
 4 SYSTEMPATH\Common.php(1178): CodeIgniter\View\View->render('Admin/Req_view', [], true)
 5 APPPATH\Controllers\AdminController.php(122): view('Admin/Req_view', [...])
 6 SYSTEMPATH\CodeIgniter.php(941): App\Controllers\AdminController->viewreq('13')
 7 SYSTEMPATH\CodeIgniter.php(502): CodeIgniter\CodeIgniter->runController(Object(App\Controllers\AdminController))
 8 SYSTEMPATH\CodeIgniter.php(361): CodeIgniter\CodeIgniter->handleRequest(null, Object(Config\Cache), false)
 9 FCPATH\index.php(79): CodeIgniter\CodeIgniter->run()
10 SYSTEMPATH\Commands\Server\rewrite.php(47): require_once('C:\\xampp\\htdocs\\HIMSP\\HIMS\\Codenignter\\public\\index.php')
CRITICAL - 2024-04-09 16:35:11 --> ErrorException: Trying to access array offset on value of type null
in APPPATH\Views\Admin\Req_view.php on line 39.
 1 APPPATH\Views\Admin\Req_view.php(39): CodeIgniter\Debug\Exceptions->errorHandler(2, 'Trying to access array offset on value of type null', 'C:\\xampp\\htdocs\\HIMSP\\HIMS\\Codenignter\\app\\Views\\Admin\\Req_view.php', 39)
 2 SYSTEMPATH\View\View.php(228): include('C:\\xampp\\htdocs\\HIMSP\\HIMS\\Codenignter\\app\\Views\\Admin\\Req_view.php')
 3 SYSTEMPATH\View\View.php(231): CodeIgniter\View\View->CodeIgniter\View\{closure}()
 4 SYSTEMPATH\Common.php(1178): CodeIgniter\View\View->render('Admin/Req_view', [], true)
 5 APPPATH\Controllers\AdminController.php(122): view('Admin/Req_view', [...])
 6 SYSTEMPATH\CodeIgniter.php(941): App\Controllers\AdminController->viewreq('13')
 7 SYSTEMPATH\CodeIgniter.php(502): CodeIgniter\CodeIgniter->runController(Object(App\Controllers\AdminController))
 8 SYSTEMPATH\CodeIgniter.php(361): CodeIgniter\CodeIgniter->handleRequest(null, Object(Config\Cache), false)
 9 FCPATH\index.php(79): CodeIgniter\CodeIgniter->run()
10 SYSTEMPATH\Commands\Server\rewrite.php(47): require_once('C:\\xampp\\htdocs\\HIMSP\\HIMS\\Codenignter\\public\\index.php')
CRITICAL - 2024-04-09 16:36:23 --> ErrorException: Trying to access array offset on value of type null
in APPPATH\Views\Admin\Req_view.php on line 39.
 1 APPPATH\Views\Admin\Req_view.php(39): CodeIgniter\Debug\Exceptions->errorHandler(2, 'Trying to access array offset on value of type null', 'C:\\xampp\\htdocs\\HIMSP\\HIMS\\Codenignter\\app\\Views\\Admin\\Req_view.php', 39)
 2 SYSTEMPATH\View\View.php(228): include('C:\\xampp\\htdocs\\HIMSP\\HIMS\\Codenignter\\app\\Views\\Admin\\Req_view.php')
 3 SYSTEMPATH\View\View.php(231): CodeIgniter\View\View->CodeIgniter\View\{closure}()
 4 SYSTEMPATH\Common.php(1178): CodeIgniter\View\View->render('Admin/Req_view', [], true)
 5 APPPATH\Controllers\AdminController.php(122): view('Admin/Req_view', [...])
 6 SYSTEMPATH\CodeIgniter.php(941): App\Controllers\AdminController->viewreq('13')
 7 SYSTEMPATH\CodeIgniter.php(502): CodeIgniter\CodeIgniter->runController(Object(App\Controllers\AdminController))
 8 SYSTEMPATH\CodeIgniter.php(361): CodeIgniter\CodeIgniter->handleRequest(null, Object(Config\Cache), false)
 9 FCPATH\index.php(79): CodeIgniter\CodeIgniter->run()
10 SYSTEMPATH\Commands\Server\rewrite.php(47): require_once('C:\\xampp\\htdocs\\HIMSP\\HIMS\\Codenignter\\public\\index.php')
CRITICAL - 2024-04-09 16:36:49 --> ErrorException: Undefined variable $requests
in APPPATH\Views\Admin\Req_view.php on line 52.
 1 APPPATH\Views\Admin\Req_view.php(52): CodeIgniter\Debug\Exceptions->errorHandler(2, 'Undefined variable $requests', 'C:\\xampp\\htdocs\\HIMSP\\HIMS\\Codenignter\\app\\Views\\Admin\\Req_view.php', 52)
 2 SYSTEMPATH\View\View.php(228): include('C:\\xampp\\htdocs\\HIMSP\\HIMS\\Codenignter\\app\\Views\\Admin\\Req_view.php')
 3 SYSTEMPATH\View\View.php(231): CodeIgniter\View\View->CodeIgniter\View\{closure}()
 4 SYSTEMPATH\Common.php(1178): CodeIgniter\View\View->render('Admin/Req_view', [], true)
 5 APPPATH\Controllers\AdminController.php(122): view('Admin/Req_view', [...])
 6 SYSTEMPATH\CodeIgniter.php(941): App\Controllers\AdminController->viewreq('13')
 7 SYSTEMPATH\CodeIgniter.php(502): CodeIgniter\CodeIgniter->runController(Object(App\Controllers\AdminController))
 8 SYSTEMPATH\CodeIgniter.php(361): CodeIgniter\CodeIgniter->handleRequest(null, Object(Config\Cache), false)
 9 FCPATH\index.php(79): CodeIgniter\CodeIgniter->run()
10 SYSTEMPATH\Commands\Server\rewrite.php(47): require_once('C:\\xampp\\htdocs\\HIMSP\\HIMS\\Codenignter\\public\\index.php')
CRITICAL - 2024-04-09 16:36:50 --> ErrorException: Undefined variable $requests
in APPPATH\Views\Admin\Req_view.php on line 52.
 1 APPPATH\Views\Admin\Req_view.php(52): CodeIgniter\Debug\Exceptions->errorHandler(2, 'Undefined variable $requests', 'C:\\xampp\\htdocs\\HIMSP\\HIMS\\Codenignter\\app\\Views\\Admin\\Req_view.php', 52)
 2 SYSTEMPATH\View\View.php(228): include('C:\\xampp\\htdocs\\HIMSP\\HIMS\\Codenignter\\app\\Views\\Admin\\Req_view.php')
 3 SYSTEMPATH\View\View.php(231): CodeIgniter\View\View->CodeIgniter\View\{closure}()
 4 SYSTEMPATH\Common.php(1178): CodeIgniter\View\View->render('Admin/Req_view', [], true)
 5 APPPATH\Controllers\AdminController.php(122): view('Admin/Req_view', [...])
 6 SYSTEMPATH\CodeIgniter.php(941): App\Controllers\AdminController->viewreq('13')
 7 SYSTEMPATH\CodeIgniter.php(502): CodeIgniter\CodeIgniter->runController(Object(App\Controllers\AdminController))
 8 SYSTEMPATH\CodeIgniter.php(361): CodeIgniter\CodeIgniter->handleRequest(null, Object(Config\Cache), false)
 9 FCPATH\index.php(79): CodeIgniter\CodeIgniter->run()
10 SYSTEMPATH\Commands\Server\rewrite.php(47): require_once('C:\\xampp\\htdocs\\HIMSP\\HIMS\\Codenignter\\public\\index.php')
CRITICAL - 2024-04-09 16:36:51 --> ErrorException: Undefined variable $requests
in APPPATH\Views\Admin\Req_view.php on line 52.
 1 APPPATH\Views\Admin\Req_view.php(52): CodeIgniter\Debug\Exceptions->errorHandler(2, 'Undefined variable $requests', 'C:\\xampp\\htdocs\\HIMSP\\HIMS\\Codenignter\\app\\Views\\Admin\\Req_view.php', 52)
 2 SYSTEMPATH\View\View.php(228): include('C:\\xampp\\htdocs\\HIMSP\\HIMS\\Codenignter\\app\\Views\\Admin\\Req_view.php')
 3 SYSTEMPATH\View\View.php(231): CodeIgniter\View\View->CodeIgniter\View\{closure}()
 4 SYSTEMPATH\Common.php(1178): CodeIgniter\View\View->render('Admin/Req_view', [], true)
 5 APPPATH\Controllers\AdminController.php(122): view('Admin/Req_view', [...])
 6 SYSTEMPATH\CodeIgniter.php(941): App\Controllers\AdminController->viewreq('13')
 7 SYSTEMPATH\CodeIgniter.php(502): CodeIgniter\CodeIgniter->runController(Object(App\Controllers\AdminController))
 8 SYSTEMPATH\CodeIgniter.php(361): CodeIgniter\CodeIgniter->handleRequest(null, Object(Config\Cache), false)
 9 FCPATH\index.php(79): CodeIgniter\CodeIgniter->run()
10 SYSTEMPATH\Commands\Server\rewrite.php(47): require_once('C:\\xampp\\htdocs\\HIMSP\\HIMS\\Codenignter\\public\\index.php')
CRITICAL - 2024-04-09 16:36:51 --> ErrorException: Undefined variable $requests
in APPPATH\Views\Admin\Req_view.php on line 52.
 1 APPPATH\Views\Admin\Req_view.php(52): CodeIgniter\Debug\Exceptions->errorHandler(2, 'Undefined variable $requests', 'C:\\xampp\\htdocs\\HIMSP\\HIMS\\Codenignter\\app\\Views\\Admin\\Req_view.php', 52)
 2 SYSTEMPATH\View\View.php(228): include('C:\\xampp\\htdocs\\HIMSP\\HIMS\\Codenignter\\app\\Views\\Admin\\Req_view.php')
 3 SYSTEMPATH\View\View.php(231): CodeIgniter\View\View->CodeIgniter\View\{closure}()
 4 SYSTEMPATH\Common.php(1178): CodeIgniter\View\View->render('Admin/Req_view', [], true)
 5 APPPATH\Controllers\AdminController.php(122): view('Admin/Req_view', [...])
 6 SYSTEMPATH\CodeIgniter.php(941): App\Controllers\AdminController->viewreq('13')
 7 SYSTEMPATH\CodeIgniter.php(502): CodeIgniter\CodeIgniter->runController(Object(App\Controllers\AdminController))
 8 SYSTEMPATH\CodeIgniter.php(361): CodeIgniter\CodeIgniter->handleRequest(null, Object(Config\Cache), false)
 9 FCPATH\index.php(79): CodeIgniter\CodeIgniter->run()
10 SYSTEMPATH\Commands\Server\rewrite.php(47): require_once('C:\\xampp\\htdocs\\HIMSP\\HIMS\\Codenignter\\public\\index.php')
CRITICAL - 2024-04-09 16:36:51 --> ErrorException: Undefined variable $requests
in APPPATH\Views\Admin\Req_view.php on line 52.
 1 APPPATH\Views\Admin\Req_view.php(52): CodeIgniter\Debug\Exceptions->errorHandler(2, 'Undefined variable $requests', 'C:\\xampp\\htdocs\\HIMSP\\HIMS\\Codenignter\\app\\Views\\Admin\\Req_view.php', 52)
 2 SYSTEMPATH\View\View.php(228): include('C:\\xampp\\htdocs\\HIMSP\\HIMS\\Codenignter\\app\\Views\\Admin\\Req_view.php')
 3 SYSTEMPATH\View\View.php(231): CodeIgniter\View\View->CodeIgniter\View\{closure}()
 4 SYSTEMPATH\Common.php(1178): CodeIgniter\View\View->render('Admin/Req_view', [], true)
 5 APPPATH\Controllers\AdminController.php(122): view('Admin/Req_view', [...])
 6 SYSTEMPATH\CodeIgniter.php(941): App\Controllers\AdminController->viewreq('13')
 7 SYSTEMPATH\CodeIgniter.php(502): CodeIgniter\CodeIgniter->runController(Object(App\Controllers\AdminController))
 8 SYSTEMPATH\CodeIgniter.php(361): CodeIgniter\CodeIgniter->handleRequest(null, Object(Config\Cache), false)
 9 FCPATH\index.php(79): CodeIgniter\CodeIgniter->run()
10 SYSTEMPATH\Commands\Server\rewrite.php(47): require_once('C:\\xampp\\htdocs\\HIMSP\\HIMS\\Codenignter\\public\\index.php')
CRITICAL - 2024-04-09 16:38:41 --> ErrorException: Undefined array key "req_no"
in APPPATH\Views\Admin\Adminview_request.php on line 55.
 1 APPPATH\Views\Admin\Adminview_request.php(55): CodeIgniter\Debug\Exceptions->errorHandler(2, 'Undefined array key "req_no"', 'C:\\xampp\\htdocs\\HIMSP\\HIMS\\Codenignter\\app\\Views\\Admin\\Adminview_request.php', 55)
 2 SYSTEMPATH\View\View.php(228): include('C:\\xampp\\htdocs\\HIMSP\\HIMS\\Codenignter\\app\\Views\\Admin\\Adminview_request.php')
 3 SYSTEMPATH\View\View.php(231): CodeIgniter\View\View->CodeIgniter\View\{closure}()
 4 SYSTEMPATH\Common.php(1178): CodeIgniter\View\View->render('Admin/Adminview_request', [], true)
 5 APPPATH\Controllers\AdminController.php(111): view('Admin/Adminview_request', [...])
 6 SYSTEMPATH\CodeIgniter.php(941): App\Controllers\AdminController->Reqtable()
 7 SYSTEMPATH\CodeIgniter.php(502): CodeIgniter\CodeIgniter->runController(Object(App\Controllers\AdminController))
 8 SYSTEMPATH\CodeIgniter.php(361): CodeIgniter\CodeIgniter->handleRequest(null, Object(Config\Cache), false)
 9 FCPATH\index.php(79): CodeIgniter\CodeIgniter->run()
10 SYSTEMPATH\Commands\Server\rewrite.php(47): require_once('C:\\xampp\\htdocs\\HIMSP\\HIMS\\Codenignter\\public\\index.php')
CRITICAL - 2024-04-09 16:38:42 --> ErrorException: Undefined array key "req_no"
in APPPATH\Views\Admin\Adminview_request.php on line 55.
 1 APPPATH\Views\Admin\Adminview_request.php(55): CodeIgniter\Debug\Exceptions->errorHandler(2, 'Undefined array key "req_no"', 'C:\\xampp\\htdocs\\HIMSP\\HIMS\\Codenignter\\app\\Views\\Admin\\Adminview_request.php', 55)
 2 SYSTEMPATH\View\View.php(228): include('C:\\xampp\\htdocs\\HIMSP\\HIMS\\Codenignter\\app\\Views\\Admin\\Adminview_request.php')
 3 SYSTEMPATH\View\View.php(231): CodeIgniter\View\View->CodeIgniter\View\{closure}()
 4 SYSTEMPATH\Common.php(1178): CodeIgniter\View\View->render('Admin/Adminview_request', [], true)
 5 APPPATH\Controllers\AdminController.php(111): view('Admin/Adminview_request', [...])
 6 SYSTEMPATH\CodeIgniter.php(941): App\Controllers\AdminController->Reqtable()
 7 SYSTEMPATH\CodeIgniter.php(502): CodeIgniter\CodeIgniter->runController(Object(App\Controllers\AdminController))
 8 SYSTEMPATH\CodeIgniter.php(361): CodeIgniter\CodeIgniter->handleRequest(null, Object(Config\Cache), false)
 9 FCPATH\index.php(79): CodeIgniter\CodeIgniter->run()
10 SYSTEMPATH\Commands\Server\rewrite.php(47): require_once('C:\\xampp\\htdocs\\HIMSP\\HIMS\\Codenignter\\public\\index.php')
CRITICAL - 2024-04-09 16:38:46 --> ErrorException: Undefined array key "req_no"
in APPPATH\Views\Admin\Adminview_request.php on line 55.
 1 APPPATH\Views\Admin\Adminview_request.php(55): CodeIgniter\Debug\Exceptions->errorHandler(2, 'Undefined array key "req_no"', 'C:\\xampp\\htdocs\\HIMSP\\HIMS\\Codenignter\\app\\Views\\Admin\\Adminview_request.php', 55)
 2 SYSTEMPATH\View\View.php(228): include('C:\\xampp\\htdocs\\HIMSP\\HIMS\\Codenignter\\app\\Views\\Admin\\Adminview_request.php')
 3 SYSTEMPATH\View\View.php(231): CodeIgniter\View\View->CodeIgniter\View\{closure}()
 4 SYSTEMPATH\Common.php(1178): CodeIgniter\View\View->render('Admin/Adminview_request', [], true)
 5 APPPATH\Controllers\AdminController.php(111): view('Admin/Adminview_request', [...])
 6 SYSTEMPATH\CodeIgniter.php(941): App\Controllers\AdminController->Reqtable()
 7 SYSTEMPATH\CodeIgniter.php(502): CodeIgniter\CodeIgniter->runController(Object(App\Controllers\AdminController))
 8 SYSTEMPATH\CodeIgniter.php(361): CodeIgniter\CodeIgniter->handleRequest(null, Object(Config\Cache), false)
 9 FCPATH\index.php(79): CodeIgniter\CodeIgniter->run()
10 SYSTEMPATH\Commands\Server\rewrite.php(47): require_once('C:\\xampp\\htdocs\\HIMSP\\HIMS\\Codenignter\\public\\index.php')
CRITICAL - 2024-04-09 16:39:01 --> ErrorException: Undefined array key "req_no"
in APPPATH\Views\Admin\Adminview_request.php on line 55.
 1 APPPATH\Views\Admin\Adminview_request.php(55): CodeIgniter\Debug\Exceptions->errorHandler(2, 'Undefined array key "req_no"', 'C:\\xampp\\htdocs\\HIMSP\\HIMS\\Codenignter\\app\\Views\\Admin\\Adminview_request.php', 55)
 2 SYSTEMPATH\View\View.php(228): include('C:\\xampp\\htdocs\\HIMSP\\HIMS\\Codenignter\\app\\Views\\Admin\\Adminview_request.php')
 3 SYSTEMPATH\View\View.php(231): CodeIgniter\View\View->CodeIgniter\View\{closure}()
 4 SYSTEMPATH\Common.php(1178): CodeIgniter\View\View->render('Admin/Adminview_request', [], true)
 5 APPPATH\Controllers\AdminController.php(111): view('Admin/Adminview_request', [...])
 6 SYSTEMPATH\CodeIgniter.php(941): App\Controllers\AdminController->Reqtable()
 7 SYSTEMPATH\CodeIgniter.php(502): CodeIgniter\CodeIgniter->runController(Object(App\Controllers\AdminController))
 8 SYSTEMPATH\CodeIgniter.php(361): CodeIgniter\CodeIgniter->handleRequest(null, Object(Config\Cache), false)
 9 FCPATH\index.php(79): CodeIgniter\CodeIgniter->run()
10 SYSTEMPATH\Commands\Server\rewrite.php(47): require_once('C:\\xampp\\htdocs\\HIMSP\\HIMS\\Codenignter\\public\\index.php')
CRITICAL - 2024-04-09 16:39:02 --> ErrorException: Undefined array key "req_no"
in APPPATH\Views\Admin\Adminview_request.php on line 55.
 1 APPPATH\Views\Admin\Adminview_request.php(55): CodeIgniter\Debug\Exceptions->errorHandler(2, 'Undefined array key "req_no"', 'C:\\xampp\\htdocs\\HIMSP\\HIMS\\Codenignter\\app\\Views\\Admin\\Adminview_request.php', 55)
 2 SYSTEMPATH\View\View.php(228): include('C:\\xampp\\htdocs\\HIMSP\\HIMS\\Codenignter\\app\\Views\\Admin\\Adminview_request.php')
 3 SYSTEMPATH\View\View.php(231): CodeIgniter\View\View->CodeIgniter\View\{closure}()
 4 SYSTEMPATH\Common.php(1178): CodeIgniter\View\View->render('Admin/Adminview_request', [], true)
 5 APPPATH\Controllers\AdminController.php(111): view('Admin/Adminview_request', [...])
 6 SYSTEMPATH\CodeIgniter.php(941): App\Controllers\AdminController->Reqtable()
 7 SYSTEMPATH\CodeIgniter.php(502): CodeIgniter\CodeIgniter->runController(Object(App\Controllers\AdminController))
 8 SYSTEMPATH\CodeIgniter.php(361): CodeIgniter\CodeIgniter->handleRequest(null, Object(Config\Cache), false)
 9 FCPATH\index.php(79): CodeIgniter\CodeIgniter->run()
10 SYSTEMPATH\Commands\Server\rewrite.php(47): require_once('C:\\xampp\\htdocs\\HIMSP\\HIMS\\Codenignter\\public\\index.php')
CRITICAL - 2024-04-09 16:39:02 --> ErrorException: Undefined array key "req_no"
in APPPATH\Views\Admin\Adminview_request.php on line 55.
 1 APPPATH\Views\Admin\Adminview_request.php(55): CodeIgniter\Debug\Exceptions->errorHandler(2, 'Undefined array key "req_no"', 'C:\\xampp\\htdocs\\HIMSP\\HIMS\\Codenignter\\app\\Views\\Admin\\Adminview_request.php', 55)
 2 SYSTEMPATH\View\View.php(228): include('C:\\xampp\\htdocs\\HIMSP\\HIMS\\Codenignter\\app\\Views\\Admin\\Adminview_request.php')
 3 SYSTEMPATH\View\View.php(231): CodeIgniter\View\View->CodeIgniter\View\{closure}()
 4 SYSTEMPATH\Common.php(1178): CodeIgniter\View\View->render('Admin/Adminview_request', [], true)
 5 APPPATH\Controllers\AdminController.php(111): view('Admin/Adminview_request', [...])
 6 SYSTEMPATH\CodeIgniter.php(941): App\Controllers\AdminController->Reqtable()
 7 SYSTEMPATH\CodeIgniter.php(502): CodeIgniter\CodeIgniter->runController(Object(App\Controllers\AdminController))
 8 SYSTEMPATH\CodeIgniter.php(361): CodeIgniter\CodeIgniter->handleRequest(null, Object(Config\Cache), false)
 9 FCPATH\index.php(79): CodeIgniter\CodeIgniter->run()
10 SYSTEMPATH\Commands\Server\rewrite.php(47): require_once('C:\\xampp\\htdocs\\HIMSP\\HIMS\\Codenignter\\public\\index.php')
CRITICAL - 2024-04-09 16:40:40 --> TypeError: Cannot access offset of type string on string
in APPPATH\Views\Admin\Req_view.php on line 55.
 1 SYSTEMPATH\View\View.php(228): include()
 2 SYSTEMPATH\View\View.php(231): CodeIgniter\View\View->CodeIgniter\View\{closure}()
 3 SYSTEMPATH\Common.php(1178): CodeIgniter\View\View->render('Admin/Req_view', [], true)
 4 APPPATH\Controllers\AdminController.php(122): view('Admin/Req_view', [...])
 5 SYSTEMPATH\CodeIgniter.php(941): App\Controllers\AdminController->viewreq('8')
 6 SYSTEMPATH\CodeIgniter.php(502): CodeIgniter\CodeIgniter->runController(Object(App\Controllers\AdminController))
 7 SYSTEMPATH\CodeIgniter.php(361): CodeIgniter\CodeIgniter->handleRequest(null, Object(Config\Cache), false)
 8 FCPATH\index.php(79): CodeIgniter\CodeIgniter->run()
 9 SYSTEMPATH\Commands\Server\rewrite.php(47): require_once('C:\\xampp\\htdocs\\HIMSP\\HIMS\\Codenignter\\public\\index.php')
CRITICAL - 2024-04-09 16:41:04 --> TypeError: Cannot access offset of type string on string
in APPPATH\Views\Admin\Req_view.php on line 55.
 1 SYSTEMPATH\View\View.php(228): include()
 2 SYSTEMPATH\View\View.php(231): CodeIgniter\View\View->CodeIgniter\View\{closure}()
 3 SYSTEMPATH\Common.php(1178): CodeIgniter\View\View->render('Admin/Req_view', [], true)
 4 APPPATH\Controllers\AdminController.php(122): view('Admin/Req_view', [...])
 5 SYSTEMPATH\CodeIgniter.php(941): App\Controllers\AdminController->viewreq('8')
 6 SYSTEMPATH\CodeIgniter.php(502): CodeIgniter\CodeIgniter->runController(Object(App\Controllers\AdminController))
 7 SYSTEMPATH\CodeIgniter.php(361): CodeIgniter\CodeIgniter->handleRequest(null, Object(Config\Cache), false)
 8 FCPATH\index.php(79): CodeIgniter\CodeIgniter->run()
 9 SYSTEMPATH\Commands\Server\rewrite.php(47): require_once('C:\\xampp\\htdocs\\HIMSP\\HIMS\\Codenignter\\public\\index.php')
CRITICAL - 2024-04-09 16:41:05 --> TypeError: Cannot access offset of type string on string
in APPPATH\Views\Admin\Req_view.php on line 55.
 1 SYSTEMPATH\View\View.php(228): include()
 2 SYSTEMPATH\View\View.php(231): CodeIgniter\View\View->CodeIgniter\View\{closure}()
 3 SYSTEMPATH\Common.php(1178): CodeIgniter\View\View->render('Admin/Req_view', [], true)
 4 APPPATH\Controllers\AdminController.php(122): view('Admin/Req_view', [...])
 5 SYSTEMPATH\CodeIgniter.php(941): App\Controllers\AdminController->viewreq('8')
 6 SYSTEMPATH\CodeIgniter.php(502): CodeIgniter\CodeIgniter->runController(Object(App\Controllers\AdminController))
 7 SYSTEMPATH\CodeIgniter.php(361): CodeIgniter\CodeIgniter->handleRequest(null, Object(Config\Cache), false)
 8 FCPATH\index.php(79): CodeIgniter\CodeIgniter->run()
 9 SYSTEMPATH\Commands\Server\rewrite.php(47): require_once('C:\\xampp\\htdocs\\HIMSP\\HIMS\\Codenignter\\public\\index.php')
CRITICAL - 2024-04-09 16:41:05 --> TypeError: Cannot access offset of type string on string
in APPPATH\Views\Admin\Req_view.php on line 55.
 1 SYSTEMPATH\View\View.php(228): include()
 2 SYSTEMPATH\View\View.php(231): CodeIgniter\View\View->CodeIgniter\View\{closure}()
 3 SYSTEMPATH\Common.php(1178): CodeIgniter\View\View->render('Admin/Req_view', [], true)
 4 APPPATH\Controllers\AdminController.php(122): view('Admin/Req_view', [...])
 5 SYSTEMPATH\CodeIgniter.php(941): App\Controllers\AdminController->viewreq('8')
 6 SYSTEMPATH\CodeIgniter.php(502): CodeIgniter\CodeIgniter->runController(Object(App\Controllers\AdminController))
 7 SYSTEMPATH\CodeIgniter.php(361): CodeIgniter\CodeIgniter->handleRequest(null, Object(Config\Cache), false)
 8 FCPATH\index.php(79): CodeIgniter\CodeIgniter->run()
 9 SYSTEMPATH\Commands\Server\rewrite.php(47): require_once('C:\\xampp\\htdocs\\HIMSP\\HIMS\\Codenignter\\public\\index.php')
CRITICAL - 2024-04-09 16:41:06 --> TypeError: Cannot access offset of type string on string
in APPPATH\Views\Admin\Req_view.php on line 55.
 1 SYSTEMPATH\View\View.php(228): include()
 2 SYSTEMPATH\View\View.php(231): CodeIgniter\View\View->CodeIgniter\View\{closure}()
 3 SYSTEMPATH\Common.php(1178): CodeIgniter\View\View->render('Admin/Req_view', [], true)
 4 APPPATH\Controllers\AdminController.php(122): view('Admin/Req_view', [...])
 5 SYSTEMPATH\CodeIgniter.php(941): App\Controllers\AdminController->viewreq('8')
 6 SYSTEMPATH\CodeIgniter.php(502): CodeIgniter\CodeIgniter->runController(Object(App\Controllers\AdminController))
 7 SYSTEMPATH\CodeIgniter.php(361): CodeIgniter\CodeIgniter->handleRequest(null, Object(Config\Cache), false)
 8 FCPATH\index.php(79): CodeIgniter\CodeIgniter->run()
 9 SYSTEMPATH\Commands\Server\rewrite.php(47): require_once('C:\\xampp\\htdocs\\HIMSP\\HIMS\\Codenignter\\public\\index.php')
CRITICAL - 2024-04-09 16:41:06 --> TypeError: Cannot access offset of type string on string
in APPPATH\Views\Admin\Req_view.php on line 55.
 1 SYSTEMPATH\View\View.php(228): include()
 2 SYSTEMPATH\View\View.php(231): CodeIgniter\View\View->CodeIgniter\View\{closure}()
 3 SYSTEMPATH\Common.php(1178): CodeIgniter\View\View->render('Admin/Req_view', [], true)
 4 APPPATH\Controllers\AdminController.php(122): view('Admin/Req_view', [...])
 5 SYSTEMPATH\CodeIgniter.php(941): App\Controllers\AdminController->viewreq('8')
 6 SYSTEMPATH\CodeIgniter.php(502): CodeIgniter\CodeIgniter->runController(Object(App\Controllers\AdminController))
 7 SYSTEMPATH\CodeIgniter.php(361): CodeIgniter\CodeIgniter->handleRequest(null, Object(Config\Cache), false)
 8 FCPATH\index.php(79): CodeIgniter\CodeIgniter->run()
 9 SYSTEMPATH\Commands\Server\rewrite.php(47): require_once('C:\\xampp\\htdocs\\HIMSP\\HIMS\\Codenignter\\public\\index.php')
CRITICAL - 2024-04-09 16:41:06 --> TypeError: Cannot access offset of type string on string
in APPPATH\Views\Admin\Req_view.php on line 55.
 1 SYSTEMPATH\View\View.php(228): include()
 2 SYSTEMPATH\View\View.php(231): CodeIgniter\View\View->CodeIgniter\View\{closure}()
 3 SYSTEMPATH\Common.php(1178): CodeIgniter\View\View->render('Admin/Req_view', [], true)
 4 APPPATH\Controllers\AdminController.php(122): view('Admin/Req_view', [...])
 5 SYSTEMPATH\CodeIgniter.php(941): App\Controllers\AdminController->viewreq('8')
 6 SYSTEMPATH\CodeIgniter.php(502): CodeIgniter\CodeIgniter->runController(Object(App\Controllers\AdminController))
 7 SYSTEMPATH\CodeIgniter.php(361): CodeIgniter\CodeIgniter->handleRequest(null, Object(Config\Cache), false)
 8 FCPATH\index.php(79): CodeIgniter\CodeIgniter->run()
 9 SYSTEMPATH\Commands\Server\rewrite.php(47): require_once('C:\\xampp\\htdocs\\HIMSP\\HIMS\\Codenignter\\public\\index.php')
CRITICAL - 2024-04-09 16:42:12 --> ErrorException: Undefined variable $items
in APPPATH\Views\Admin\Req_view.php on line 57.
 1 APPPATH\Views\Admin\Req_view.php(57): CodeIgniter\Debug\Exceptions->errorHandler(2, 'Undefined variable $items', 'C:\\xampp\\htdocs\\HIMSP\\HIMS\\Codenignter\\app\\Views\\Admin\\Req_view.php', 57)
 2 SYSTEMPATH\View\View.php(228): include('C:\\xampp\\htdocs\\HIMSP\\HIMS\\Codenignter\\app\\Views\\Admin\\Req_view.php')
 3 SYSTEMPATH\View\View.php(231): CodeIgniter\View\View->CodeIgniter\View\{closure}()
 4 SYSTEMPATH\Common.php(1178): CodeIgniter\View\View->render('Admin/Req_view', [], true)
 5 APPPATH\Controllers\AdminController.php(122): view('Admin/Req_view', [...])
 6 SYSTEMPATH\CodeIgniter.php(941): App\Controllers\AdminController->viewreq('8')
 7 SYSTEMPATH\CodeIgniter.php(502): CodeIgniter\CodeIgniter->runController(Object(App\Controllers\AdminController))
 8 SYSTEMPATH\CodeIgniter.php(361): CodeIgniter\CodeIgniter->handleRequest(null, Object(Config\Cache), false)
 9 FCPATH\index.php(79): CodeIgniter\CodeIgniter->run()
10 SYSTEMPATH\Commands\Server\rewrite.php(47): require_once('C:\\xampp\\htdocs\\HIMSP\\HIMS\\Codenignter\\public\\index.php')
CRITICAL - 2024-04-09 16:42:14 --> ErrorException: Undefined variable $items
in APPPATH\Views\Admin\Req_view.php on line 57.
 1 APPPATH\Views\Admin\Req_view.php(57): CodeIgniter\Debug\Exceptions->errorHandler(2, 'Undefined variable $items', 'C:\\xampp\\htdocs\\HIMSP\\HIMS\\Codenignter\\app\\Views\\Admin\\Req_view.php', 57)
 2 SYSTEMPATH\View\View.php(228): include('C:\\xampp\\htdocs\\HIMSP\\HIMS\\Codenignter\\app\\Views\\Admin\\Req_view.php')
 3 SYSTEMPATH\View\View.php(231): CodeIgniter\View\View->CodeIgniter\View\{closure}()
 4 SYSTEMPATH\Common.php(1178): CodeIgniter\View\View->render('Admin/Req_view', [], true)
 5 APPPATH\Controllers\AdminController.php(122): view('Admin/Req_view', [...])
 6 SYSTEMPATH\CodeIgniter.php(941): App\Controllers\AdminController->viewreq('8')
 7 SYSTEMPATH\CodeIgniter.php(502): CodeIgniter\CodeIgniter->runController(Object(App\Controllers\AdminController))
 8 SYSTEMPATH\CodeIgniter.php(361): CodeIgniter\CodeIgniter->handleRequest(null, Object(Config\Cache), false)
 9 FCPATH\index.php(79): CodeIgniter\CodeIgniter->run()
10 SYSTEMPATH\Commands\Server\rewrite.php(47): require_once('C:\\xampp\\htdocs\\HIMSP\\HIMS\\Codenignter\\public\\index.php')
CRITICAL - 2024-04-09 18:53:54 --> ErrorException: Trying to access array offset on value of type null
in APPPATH\Views\Admin\Req_view.php on line 64.
 1 APPPATH\Views\Admin\Req_view.php(64): CodeIgniter\Debug\Exceptions->errorHandler(2, 'Trying to access array offset on value of type null', 'C:\\xampp\\htdocs\\HIMSP\\HIMS\\Codenignter\\app\\Views\\Admin\\Req_view.php', 64)
 2 SYSTEMPATH\View\View.php(228): include('C:\\xampp\\htdocs\\HIMSP\\HIMS\\Codenignter\\app\\Views\\Admin\\Req_view.php')
 3 SYSTEMPATH\View\View.php(231): CodeIgniter\View\View->CodeIgniter\View\{closure}()
 4 SYSTEMPATH\Common.php(1178): CodeIgniter\View\View->render('Admin/Req_view', [], true)
 5 APPPATH\Controllers\AdminController.php(124): view('Admin/Req_view', [...])
 6 SYSTEMPATH\CodeIgniter.php(941): App\Controllers\AdminController->viewreq('13', '8')
 7 SYSTEMPATH\CodeIgniter.php(502): CodeIgniter\CodeIgniter->runController(Object(App\Controllers\AdminController))
 8 SYSTEMPATH\CodeIgniter.php(361): CodeIgniter\CodeIgniter->handleRequest(null, Object(Config\Cache), false)
 9 FCPATH\index.php(79): CodeIgniter\CodeIgniter->run()
10 SYSTEMPATH\Commands\Server\rewrite.php(47): require_once('C:\\xampp\\htdocs\\HIMSP\\HIMS\\Codenignter\\public\\index.php')
CRITICAL - 2024-04-09 18:54:45 --> ErrorException: Undefined variable $requests
in APPPATH\Views\Admin\test.php on line 2.
 1 APPPATH\Views\Admin\test.php(2): CodeIgniter\Debug\Exceptions->errorHandler(2, 'Undefined variable $requests', 'C:\\xampp\\htdocs\\HIMSP\\HIMS\\Codenignter\\app\\Views\\Admin\\test.php', 2)
 2 SYSTEMPATH\View\View.php(228): include('C:\\xampp\\htdocs\\HIMSP\\HIMS\\Codenignter\\app\\Views\\Admin\\test.php')
 3 SYSTEMPATH\View\View.php(231): CodeIgniter\View\View->CodeIgniter\View\{closure}()
 4 SYSTEMPATH\Common.php(1178): CodeIgniter\View\View->render('Admin/test', [], true)
 5 APPPATH\Controllers\AdminController.php(121): view('Admin/test')
 6 SYSTEMPATH\CodeIgniter.php(941): App\Controllers\AdminController->viewreq('13', '8')
 7 SYSTEMPATH\CodeIgniter.php(502): CodeIgniter\CodeIgniter->runController(Object(App\Controllers\AdminController))
 8 SYSTEMPATH\CodeIgniter.php(361): CodeIgniter\CodeIgniter->handleRequest(null, Object(Config\Cache), false)
 9 FCPATH\index.php(79): CodeIgniter\CodeIgniter->run()
10 SYSTEMPATH\Commands\Server\rewrite.php(47): require_once('C:\\xampp\\htdocs\\HIMSP\\HIMS\\Codenignter\\public\\index.php')
CRITICAL - 2024-04-09 18:56:00 --> ErrorException: Undefined variable $requestview
in APPPATH\Views\Admin\Req_view.php on line 64.
 1 APPPATH\Views\Admin\Req_view.php(64): CodeIgniter\Debug\Exceptions->errorHandler(2, 'Undefined variable $requestview', 'C:\\xampp\\htdocs\\HIMSP\\HIMS\\Codenignter\\app\\Views\\Admin\\Req_view.php', 64)
 2 SYSTEMPATH\View\View.php(228): include('C:\\xampp\\htdocs\\HIMSP\\HIMS\\Codenignter\\app\\Views\\Admin\\Req_view.php')
 3 SYSTEMPATH\View\View.php(231): CodeIgniter\View\View->CodeIgniter\View\{closure}()
 4 SYSTEMPATH\Common.php(1178): CodeIgniter\View\View->render('Admin/Req_view', [], true)
 5 APPPATH\Controllers\AdminController.php(124): view('Admin/Req_view')
 6 SYSTEMPATH\CodeIgniter.php(941): App\Controllers\AdminController->viewreq('13', '8')
 7 SYSTEMPATH\CodeIgniter.php(502): CodeIgniter\CodeIgniter->runController(Object(App\Controllers\AdminController))
 8 SYSTEMPATH\CodeIgniter.php(361): CodeIgniter\CodeIgniter->handleRequest(null, Object(Config\Cache), false)
 9 FCPATH\index.php(79): CodeIgniter\CodeIgniter->run()
10 SYSTEMPATH\Commands\Server\rewrite.php(47): require_once('C:\\xampp\\htdocs\\HIMSP\\HIMS\\Codenignter\\public\\index.php')
CRITICAL - 2024-04-09 18:56:03 --> ErrorException: Undefined variable $requestview
in APPPATH\Views\Admin\Req_view.php on line 64.
 1 APPPATH\Views\Admin\Req_view.php(64): CodeIgniter\Debug\Exceptions->errorHandler(2, 'Undefined variable $requestview', 'C:\\xampp\\htdocs\\HIMSP\\HIMS\\Codenignter\\app\\Views\\Admin\\Req_view.php', 64)
 2 SYSTEMPATH\View\View.php(228): include('C:\\xampp\\htdocs\\HIMSP\\HIMS\\Codenignter\\app\\Views\\Admin\\Req_view.php')
 3 SYSTEMPATH\View\View.php(231): CodeIgniter\View\View->CodeIgniter\View\{closure}()
 4 SYSTEMPATH\Common.php(1178): CodeIgniter\View\View->render('Admin/Req_view', [], true)
 5 APPPATH\Controllers\AdminController.php(124): view('Admin/Req_view')
 6 SYSTEMPATH\CodeIgniter.php(941): App\Controllers\AdminController->viewreq('13', '8')
 7 SYSTEMPATH\CodeIgniter.php(502): CodeIgniter\CodeIgniter->runController(Object(App\Controllers\AdminController))
 8 SYSTEMPATH\CodeIgniter.php(361): CodeIgniter\CodeIgniter->handleRequest(null, Object(Config\Cache), false)
 9 FCPATH\index.php(79): CodeIgniter\CodeIgniter->run()
10 SYSTEMPATH\Commands\Server\rewrite.php(47): require_once('C:\\xampp\\htdocs\\HIMSP\\HIMS\\Codenignter\\public\\index.php')
CRITICAL - 2024-04-09 18:57:18 --> ErrorException: Trying to access array offset on value of type null
in APPPATH\Views\Admin\Req_view.php on line 105.
 1 APPPATH\Views\Admin\Req_view.php(105): CodeIgniter\Debug\Exceptions->errorHandler(2, 'Trying to access array offset on value of type null', 'C:\\xampp\\htdocs\\HIMSP\\HIMS\\Codenignter\\app\\Views\\Admin\\Req_view.php', 105)
 2 SYSTEMPATH\View\View.php(228): include('C:\\xampp\\htdocs\\HIMSP\\HIMS\\Codenignter\\app\\Views\\Admin\\Req_view.php')
 3 SYSTEMPATH\View\View.php(231): CodeIgniter\View\View->CodeIgniter\View\{closure}()
 4 SYSTEMPATH\Common.php(1178): CodeIgniter\View\View->render('Admin/Req_view', [], true)
 5 APPPATH\Controllers\AdminController.php(128): view('Admin/Req_view', [...])
 6 SYSTEMPATH\CodeIgniter.php(941): App\Controllers\AdminController->viewreq('13', '8')
 7 SYSTEMPATH\CodeIgniter.php(502): CodeIgniter\CodeIgniter->runController(Object(App\Controllers\AdminController))
 8 SYSTEMPATH\CodeIgniter.php(361): CodeIgniter\CodeIgniter->handleRequest(null, Object(Config\Cache), false)
 9 FCPATH\index.php(79): CodeIgniter\CodeIgniter->run()
10 SYSTEMPATH\Commands\Server\rewrite.php(47): require_once('C:\\xampp\\htdocs\\HIMSP\\HIMS\\Codenignter\\public\\index.php')
CRITICAL - 2024-04-09 18:57:39 --> ErrorException: Trying to access array offset on value of type null
in APPPATH\Views\Admin\Req_view.php on line 105.
 1 APPPATH\Views\Admin\Req_view.php(105): CodeIgniter\Debug\Exceptions->errorHandler(2, 'Trying to access array offset on value of type null', 'C:\\xampp\\htdocs\\HIMSP\\HIMS\\Codenignter\\app\\Views\\Admin\\Req_view.php', 105)
 2 SYSTEMPATH\View\View.php(228): include('C:\\xampp\\htdocs\\HIMSP\\HIMS\\Codenignter\\app\\Views\\Admin\\Req_view.php')
 3 SYSTEMPATH\View\View.php(231): CodeIgniter\View\View->CodeIgniter\View\{closure}()
 4 SYSTEMPATH\Common.php(1178): CodeIgniter\View\View->render('Admin/Req_view', [], true)
 5 APPPATH\Controllers\AdminController.php(128): view('Admin/Req_view', [...])
 6 SYSTEMPATH\CodeIgniter.php(941): App\Controllers\AdminController->viewreq('13', '8')
 7 SYSTEMPATH\CodeIgniter.php(502): CodeIgniter\CodeIgniter->runController(Object(App\Controllers\AdminController))
 8 SYSTEMPATH\CodeIgniter.php(361): CodeIgniter\CodeIgniter->handleRequest(null, Object(Config\Cache), false)
 9 FCPATH\index.php(79): CodeIgniter\CodeIgniter->run()
10 SYSTEMPATH\Commands\Server\rewrite.php(47): require_once('C:\\xampp\\htdocs\\HIMSP\\HIMS\\Codenignter\\public\\index.php')
CRITICAL - 2024-04-09 18:58:23 --> ErrorException: Trying to access array offset on value of type null
in APPPATH\Views\Admin\Req_view.php on line 105.
 1 APPPATH\Views\Admin\Req_view.php(105): CodeIgniter\Debug\Exceptions->errorHandler(2, 'Trying to access array offset on value of type null', 'C:\\xampp\\htdocs\\HIMSP\\HIMS\\Codenignter\\app\\Views\\Admin\\Req_view.php', 105)
 2 SYSTEMPATH\View\View.php(228): include('C:\\xampp\\htdocs\\HIMSP\\HIMS\\Codenignter\\app\\Views\\Admin\\Req_view.php')
 3 SYSTEMPATH\View\View.php(231): CodeIgniter\View\View->CodeIgniter\View\{closure}()
 4 SYSTEMPATH\Common.php(1178): CodeIgniter\View\View->render('Admin/Req_view', [], true)
 5 APPPATH\Controllers\AdminController.php(126): view('Admin/Req_view', [...])
 6 SYSTEMPATH\CodeIgniter.php(941): App\Controllers\AdminController->viewreq('13', '8')
 7 SYSTEMPATH\CodeIgniter.php(502): CodeIgniter\CodeIgniter->runController(Object(App\Controllers\AdminController))
 8 SYSTEMPATH\CodeIgniter.php(361): CodeIgniter\CodeIgniter->handleRequest(null, Object(Config\Cache), false)
 9 FCPATH\index.php(79): CodeIgniter\CodeIgniter->run()
10 SYSTEMPATH\Commands\Server\rewrite.php(47): require_once('C:\\xampp\\htdocs\\HIMSP\\HIMS\\Codenignter\\public\\index.php')
CRITICAL - 2024-04-09 18:58:24 --> ErrorException: Trying to access array offset on value of type null
in APPPATH\Views\Admin\Req_view.php on line 105.
 1 APPPATH\Views\Admin\Req_view.php(105): CodeIgniter\Debug\Exceptions->errorHandler(2, 'Trying to access array offset on value of type null', 'C:\\xampp\\htdocs\\HIMSP\\HIMS\\Codenignter\\app\\Views\\Admin\\Req_view.php', 105)
 2 SYSTEMPATH\View\View.php(228): include('C:\\xampp\\htdocs\\HIMSP\\HIMS\\Codenignter\\app\\Views\\Admin\\Req_view.php')
 3 SYSTEMPATH\View\View.php(231): CodeIgniter\View\View->CodeIgniter\View\{closure}()
 4 SYSTEMPATH\Common.php(1178): CodeIgniter\View\View->render('Admin/Req_view', [], true)
 5 APPPATH\Controllers\AdminController.php(126): view('Admin/Req_view', [...])
 6 SYSTEMPATH\CodeIgniter.php(941): App\Controllers\AdminController->viewreq('13', '8')
 7 SYSTEMPATH\CodeIgniter.php(502): CodeIgniter\CodeIgniter->runController(Object(App\Controllers\AdminController))
 8 SYSTEMPATH\CodeIgniter.php(361): CodeIgniter\CodeIgniter->handleRequest(null, Object(Config\Cache), false)
 9 FCPATH\index.php(79): CodeIgniter\CodeIgniter->run()
10 SYSTEMPATH\Commands\Server\rewrite.php(47): require_once('C:\\xampp\\htdocs\\HIMSP\\HIMS\\Codenignter\\public\\index.php')
CRITICAL - 2024-04-09 18:58:24 --> ErrorException: Trying to access array offset on value of type null
in APPPATH\Views\Admin\Req_view.php on line 105.
 1 APPPATH\Views\Admin\Req_view.php(105): CodeIgniter\Debug\Exceptions->errorHandler(2, 'Trying to access array offset on value of type null', 'C:\\xampp\\htdocs\\HIMSP\\HIMS\\Codenignter\\app\\Views\\Admin\\Req_view.php', 105)
 2 SYSTEMPATH\View\View.php(228): include('C:\\xampp\\htdocs\\HIMSP\\HIMS\\Codenignter\\app\\Views\\Admin\\Req_view.php')
 3 SYSTEMPATH\View\View.php(231): CodeIgniter\View\View->CodeIgniter\View\{closure}()
 4 SYSTEMPATH\Common.php(1178): CodeIgniter\View\View->render('Admin/Req_view', [], true)
 5 APPPATH\Controllers\AdminController.php(126): view('Admin/Req_view', [...])
 6 SYSTEMPATH\CodeIgniter.php(941): App\Controllers\AdminController->viewreq('13', '8')
 7 SYSTEMPATH\CodeIgniter.php(502): CodeIgniter\CodeIgniter->runController(Object(App\Controllers\AdminController))
 8 SYSTEMPATH\CodeIgniter.php(361): CodeIgniter\CodeIgniter->handleRequest(null, Object(Config\Cache), false)
 9 FCPATH\index.php(79): CodeIgniter\CodeIgniter->run()
10 SYSTEMPATH\Commands\Server\rewrite.php(47): require_once('C:\\xampp\\htdocs\\HIMSP\\HIMS\\Codenignter\\public\\index.php')
