CRITICAL - 2024-05-13 08:22:33 --> ErrorException: Attempt to read property "Username" on null
in APPPATH\Views\Layout\header.php on line 34.
 1 APPPATH\Views\Layout\header.php(34): CodeIgniter\Debug\Exceptions->errorHandler(2, 'Attempt to read property "Username" on null', 'C:\\xampp\\htdocs\\HIMSP\\HIMS\\Codenignter\\app\\Views\\Layout\\header.php', 34)
 2 SYSTEMPATH\View\View.php(228): include('C:\\xampp\\htdocs\\HIMSP\\HIMS\\Codenignter\\app\\Views\\Layout\\header.php')
 3 SYSTEMPATH\View\View.php(231): CodeIgniter\View\View->CodeIgniter\View\{closure}()
 4 SYSTEMPATH\View\View.php(469): CodeIgniter\View\View->render('Layout/header.php', null, true)
 5 APPPATH\Views\dashboard.php(35): CodeIgniter\View\View->include('Layout/header.php')
 6 SYSTEMPATH\View\View.php(228): include('C:\\xampp\\htdocs\\HIMSP\\HIMS\\Codenignter\\app\\Views\\dashboard.php')
 7 SYSTEMPATH\View\View.php(231): CodeIgniter\View\View->CodeIgniter\View\{closure}()
 8 SYSTEMPATH\Common.php(1178): CodeIgniter\View\View->render('dashboard.php', [], true)
 9 APPPATH\Controllers\imdashController.php(63): view('dashboard.php', [...])
10 SYSTEMPATH\CodeIgniter.php(941): App\Controllers\imdashController->index()
11 SYSTEMPATH\CodeIgniter.php(502): CodeIgniter\CodeIgniter->runController(Object(App\Controllers\imdashController))
12 SYSTEMPATH\CodeIgniter.php(361): CodeIgniter\CodeIgniter->handleRequest(null, Object(Config\Cache), false)
13 FCPATH\index.php(79): CodeIgniter\CodeIgniter->run()
14 SYSTEMPATH\Commands\Server\rewrite.php(47): require_once('C:\\xampp\\htdocs\\HIMSP\\HIMS\\Codenignter\\public\\index.php')
CRITICAL - 2024-05-13 15:25:14 --> ErrorException: Undefined array key "Sn_number"
in APPPATH\Views\dashboard.php on line 269.
 1 APPPATH\Views\dashboard.php(269): CodeIgniter\Debug\Exceptions->errorHandler(2, 'Undefined array key "Sn_number"', 'C:\\xampp\\htdocs\\HIMSP\\HIMS\\Codenignter\\app\\Views\\dashboard.php', 269)
 2 SYSTEMPATH\View\View.php(228): include('C:\\xampp\\htdocs\\HIMSP\\HIMS\\Codenignter\\app\\Views\\dashboard.php')
 3 SYSTEMPATH\View\View.php(231): CodeIgniter\View\View->CodeIgniter\View\{closure}()
 4 SYSTEMPATH\Common.php(1178): CodeIgniter\View\View->render('dashboard.php', [], true)
 5 APPPATH\Controllers\imdashController.php(63): view('dashboard.php', [...])
 6 SYSTEMPATH\CodeIgniter.php(941): App\Controllers\imdashController->index()
 7 SYSTEMPATH\CodeIgniter.php(502): CodeIgniter\CodeIgniter->runController(Object(App\Controllers\imdashController))
 8 SYSTEMPATH\CodeIgniter.php(361): CodeIgniter\CodeIgniter->handleRequest(null, Object(Config\Cache), false)
 9 FCPATH\index.php(79): CodeIgniter\CodeIgniter->run()
10 SYSTEMPATH\Commands\Server\rewrite.php(47): require_once('C:\\xampp\\htdocs\\HIMSP\\HIMS\\Codenignter\\public\\index.php')
ERROR - 2024-05-13 15:29:57 --> mysqli_sql_exception: Unknown column 'Sn_number' in 'field list' in C:\xampp\htdocs\HIMSP\HIMS\Codenignter\system\Database\MySQLi\Connection.php:306
Stack trace:
#0 C:\xampp\htdocs\HIMSP\HIMS\Codenignter\system\Database\MySQLi\Connection.php(306): mysqli->query('INSERT INTO `it...', 0)
#1 C:\xampp\htdocs\HIMSP\HIMS\Codenignter\system\Database\BaseConnection.php(693): CodeIgniter\Database\MySQLi\Connection->execute('INSERT INTO `it...')
#2 C:\xampp\htdocs\HIMSP\HIMS\Codenignter\system\Database\BaseConnection.php(607): CodeIgniter\Database\BaseConnection->simpleQuery('INSERT INTO `it...')
#3 C:\xampp\htdocs\HIMSP\HIMS\Codenignter\system\Database\BaseBuilder.php(2307): CodeIgniter\Database\BaseConnection->query('INSERT INTO `it...', Array, false)
#4 C:\xampp\htdocs\HIMSP\HIMS\Codenignter\system\Model.php(326): CodeIgniter\Database\BaseBuilder->insert()
#5 C:\xampp\htdocs\HIMSP\HIMS\Codenignter\system\BaseModel.php(802): CodeIgniter\Model->doInsert(Array)
#6 C:\xampp\htdocs\HIMSP\HIMS\Codenignter\system\Model.php(744): CodeIgniter\BaseModel->insert(Array, false)
#7 C:\xampp\htdocs\HIMSP\HIMS\Codenignter\system\BaseModel.php(713): CodeIgniter\Model->insert(Array, false)
#8 C:\xampp\htdocs\HIMSP\HIMS\Codenignter\app\Controllers\imdashController.php(107): CodeIgniter\BaseModel->save(Array)
#9 C:\xampp\htdocs\HIMSP\HIMS\Codenignter\system\CodeIgniter.php(941): App\Controllers\imdashController->store()
#10 C:\xampp\htdocs\HIMSP\HIMS\Codenignter\system\CodeIgniter.php(502): CodeIgniter\CodeIgniter->runController(Object(App\Controllers\imdashController))
#11 C:\xampp\htdocs\HIMSP\HIMS\Codenignter\system\CodeIgniter.php(361): CodeIgniter\CodeIgniter->handleRequest(NULL, Object(Config\Cache), false)
#12 C:\xampp\htdocs\HIMSP\HIMS\Codenignter\public\index.php(79): CodeIgniter\CodeIgniter->run()
#13 C:\xampp\htdocs\HIMSP\HIMS\Codenignter\system\Commands\Server\rewrite.php(47): require_once('C:\\xampp\\htdocs...')
#14 {main}
CRITICAL - 2024-05-13 15:29:57 --> CodeIgniter\Database\Exceptions\DatabaseException: Unknown column 'Sn_number' in 'field list'
in SYSTEMPATH\Database\BaseConnection.php on line 647.
 1 SYSTEMPATH\Database\BaseBuilder.php(2307): CodeIgniter\Database\BaseConnection->query('INSERT INTO `items` (`item_name`, `catogory`, `quntity`, `type_name`, `Sn_number`, `BN_number`, `Med_date`, `Exp_date`, `W_start`, `W_end`, `Approval_status`) VALUES (:item_name:, :catogory:, :quntity:, :type_name:, :Sn_number:, :BN_number:, :Med_date:, :Exp_date:, :W_start:, :W_end:, :Approval_status:)', [...], false)
 2 SYSTEMPATH\Model.php(326): CodeIgniter\Database\BaseBuilder->insert()
 3 SYSTEMPATH\BaseModel.php(802): CodeIgniter\Model->doInsert([...])
 4 SYSTEMPATH\Model.php(744): CodeIgniter\BaseModel->insert([...], false)
 5 SYSTEMPATH\BaseModel.php(713): CodeIgniter\Model->insert([...], false)
 6 APPPATH\Controllers\imdashController.php(107): CodeIgniter\BaseModel->save([...])
 7 SYSTEMPATH\CodeIgniter.php(941): App\Controllers\imdashController->store()
 8 SYSTEMPATH\CodeIgniter.php(502): CodeIgniter\CodeIgniter->runController(Object(App\Controllers\imdashController))
 9 SYSTEMPATH\CodeIgniter.php(361): CodeIgniter\CodeIgniter->handleRequest(null, Object(Config\Cache), false)
10 FCPATH\index.php(79): CodeIgniter\CodeIgniter->run()
11 SYSTEMPATH\Commands\Server\rewrite.php(47): require_once('C:\\xampp\\htdocs\\HIMSP\\HIMS\\Codenignter\\public\\index.php')
CRITICAL - 2024-05-13 15:29:57 --> [Caused by] CodeIgniter\Database\Exceptions\DatabaseException: Unknown column 'Sn_number' in 'field list'
in SYSTEMPATH\Database\MySQLi\Connection.php on line 311.
 1 SYSTEMPATH\Database\BaseConnection.php(693): CodeIgniter\Database\MySQLi\Connection->execute('INSERT INTO `items` (`item_name`, `catogory`, `quntity`, `type_name`, `Sn_number`, `BN_number`, `Med_date`, `Exp_date`, `W_start`, `W_end`, `Approval_status`) VALUES (\'while chair\', \'2\', NULL, \'3\', NULL, NULL, NULL, NULL, NULL, NULL, 1)')
 2 SYSTEMPATH\Database\BaseConnection.php(607): CodeIgniter\Database\BaseConnection->simpleQuery('INSERT INTO `items` (`item_name`, `catogory`, `quntity`, `type_name`, `Sn_number`, `BN_number`, `Med_date`, `Exp_date`, `W_start`, `W_end`, `Approval_status`) VALUES (\'while chair\', \'2\', NULL, \'3\', NULL, NULL, NULL, NULL, NULL, NULL, 1)')
 3 SYSTEMPATH\Database\BaseBuilder.php(2307): CodeIgniter\Database\BaseConnection->query('INSERT INTO `items` (`item_name`, `catogory`, `quntity`, `type_name`, `Sn_number`, `BN_number`, `Med_date`, `Exp_date`, `W_start`, `W_end`, `Approval_status`) VALUES (:item_name:, :catogory:, :quntity:, :type_name:, :Sn_number:, :BN_number:, :Med_date:, :Exp_date:, :W_start:, :W_end:, :Approval_status:)', [...], false)
 4 SYSTEMPATH\Model.php(326): CodeIgniter\Database\BaseBuilder->insert()
 5 SYSTEMPATH\BaseModel.php(802): CodeIgniter\Model->doInsert([...])
 6 SYSTEMPATH\Model.php(744): CodeIgniter\BaseModel->insert([...], false)
 7 SYSTEMPATH\BaseModel.php(713): CodeIgniter\Model->insert([...], false)
 8 APPPATH\Controllers\imdashController.php(107): CodeIgniter\BaseModel->save([...])
 9 SYSTEMPATH\CodeIgniter.php(941): App\Controllers\imdashController->store()
10 SYSTEMPATH\CodeIgniter.php(502): CodeIgniter\CodeIgniter->runController(Object(App\Controllers\imdashController))
11 SYSTEMPATH\CodeIgniter.php(361): CodeIgniter\CodeIgniter->handleRequest(null, Object(Config\Cache), false)
12 FCPATH\index.php(79): CodeIgniter\CodeIgniter->run()
13 SYSTEMPATH\Commands\Server\rewrite.php(47): require_once('C:\\xampp\\htdocs\\HIMSP\\HIMS\\Codenignter\\public\\index.php')
CRITICAL - 2024-05-13 15:29:57 --> [Caused by] mysqli_sql_exception: Unknown column 'Sn_number' in 'field list'
in SYSTEMPATH\Database\MySQLi\Connection.php on line 306.
 1 SYSTEMPATH\Database\MySQLi\Connection.php(306): mysqli->query('INSERT INTO `items` (`item_name`, `catogory`, `quntity`, `type_name`, `Sn_number`, `BN_number`, `Med_date`, `Exp_date`, `W_start`, `W_end`, `Approval_status`) VALUES (\'while chair\', \'2\', NULL, \'3\', NULL, NULL, NULL, NULL, NULL, NULL, 1)', 0)
 2 SYSTEMPATH\Database\BaseConnection.php(693): CodeIgniter\Database\MySQLi\Connection->execute('INSERT INTO `items` (`item_name`, `catogory`, `quntity`, `type_name`, `Sn_number`, `BN_number`, `Med_date`, `Exp_date`, `W_start`, `W_end`, `Approval_status`) VALUES (\'while chair\', \'2\', NULL, \'3\', NULL, NULL, NULL, NULL, NULL, NULL, 1)')
 3 SYSTEMPATH\Database\BaseConnection.php(607): CodeIgniter\Database\BaseConnection->simpleQuery('INSERT INTO `items` (`item_name`, `catogory`, `quntity`, `type_name`, `Sn_number`, `BN_number`, `Med_date`, `Exp_date`, `W_start`, `W_end`, `Approval_status`) VALUES (\'while chair\', \'2\', NULL, \'3\', NULL, NULL, NULL, NULL, NULL, NULL, 1)')
 4 SYSTEMPATH\Database\BaseBuilder.php(2307): CodeIgniter\Database\BaseConnection->query('INSERT INTO `items` (`item_name`, `catogory`, `quntity`, `type_name`, `Sn_number`, `BN_number`, `Med_date`, `Exp_date`, `W_start`, `W_end`, `Approval_status`) VALUES (:item_name:, :catogory:, :quntity:, :type_name:, :Sn_number:, :BN_number:, :Med_date:, :Exp_date:, :W_start:, :W_end:, :Approval_status:)', [...], false)
 5 SYSTEMPATH\Model.php(326): CodeIgniter\Database\BaseBuilder->insert()
 6 SYSTEMPATH\BaseModel.php(802): CodeIgniter\Model->doInsert([...])
 7 SYSTEMPATH\Model.php(744): CodeIgniter\BaseModel->insert([...], false)
 8 SYSTEMPATH\BaseModel.php(713): CodeIgniter\Model->insert([...], false)
 9 APPPATH\Controllers\imdashController.php(107): CodeIgniter\BaseModel->save([...])
10 SYSTEMPATH\CodeIgniter.php(941): App\Controllers\imdashController->store()
11 SYSTEMPATH\CodeIgniter.php(502): CodeIgniter\CodeIgniter->runController(Object(App\Controllers\imdashController))
12 SYSTEMPATH\CodeIgniter.php(361): CodeIgniter\CodeIgniter->handleRequest(null, Object(Config\Cache), false)
13 FCPATH\index.php(79): CodeIgniter\CodeIgniter->run()
14 SYSTEMPATH\Commands\Server\rewrite.php(47): require_once('C:\\xampp\\htdocs\\HIMSP\\HIMS\\Codenignter\\public\\index.php')
ERROR - 2024-05-13 15:30:19 --> mysqli_sql_exception: Unknown column 'Sn_number' in 'field list' in C:\xampp\htdocs\HIMSP\HIMS\Codenignter\system\Database\MySQLi\Connection.php:306
Stack trace:
#0 C:\xampp\htdocs\HIMSP\HIMS\Codenignter\system\Database\MySQLi\Connection.php(306): mysqli->query('INSERT INTO `it...', 0)
#1 C:\xampp\htdocs\HIMSP\HIMS\Codenignter\system\Database\BaseConnection.php(693): CodeIgniter\Database\MySQLi\Connection->execute('INSERT INTO `it...')
#2 C:\xampp\htdocs\HIMSP\HIMS\Codenignter\system\Database\BaseConnection.php(607): CodeIgniter\Database\BaseConnection->simpleQuery('INSERT INTO `it...')
#3 C:\xampp\htdocs\HIMSP\HIMS\Codenignter\system\Database\BaseBuilder.php(2307): CodeIgniter\Database\BaseConnection->query('INSERT INTO `it...', Array, false)
#4 C:\xampp\htdocs\HIMSP\HIMS\Codenignter\system\Model.php(326): CodeIgniter\Database\BaseBuilder->insert()
#5 C:\xampp\htdocs\HIMSP\HIMS\Codenignter\system\BaseModel.php(802): CodeIgniter\Model->doInsert(Array)
#6 C:\xampp\htdocs\HIMSP\HIMS\Codenignter\system\Model.php(744): CodeIgniter\BaseModel->insert(Array, false)
#7 C:\xampp\htdocs\HIMSP\HIMS\Codenignter\system\BaseModel.php(713): CodeIgniter\Model->insert(Array, false)
#8 C:\xampp\htdocs\HIMSP\HIMS\Codenignter\app\Controllers\imdashController.php(107): CodeIgniter\BaseModel->save(Array)
#9 C:\xampp\htdocs\HIMSP\HIMS\Codenignter\system\CodeIgniter.php(941): App\Controllers\imdashController->store()
#10 C:\xampp\htdocs\HIMSP\HIMS\Codenignter\system\CodeIgniter.php(502): CodeIgniter\CodeIgniter->runController(Object(App\Controllers\imdashController))
#11 C:\xampp\htdocs\HIMSP\HIMS\Codenignter\system\CodeIgniter.php(361): CodeIgniter\CodeIgniter->handleRequest(NULL, Object(Config\Cache), false)
#12 C:\xampp\htdocs\HIMSP\HIMS\Codenignter\public\index.php(79): CodeIgniter\CodeIgniter->run()
#13 C:\xampp\htdocs\HIMSP\HIMS\Codenignter\system\Commands\Server\rewrite.php(47): require_once('C:\\xampp\\htdocs...')
#14 {main}
CRITICAL - 2024-05-13 15:30:19 --> CodeIgniter\Database\Exceptions\DatabaseException: Unknown column 'Sn_number' in 'field list'
in SYSTEMPATH\Database\BaseConnection.php on line 647.
 1 SYSTEMPATH\Database\BaseBuilder.php(2307): CodeIgniter\Database\BaseConnection->query('INSERT INTO `items` (`item_name`, `catogory`, `quntity`, `type_name`, `Sn_number`, `BN_number`, `Med_date`, `Exp_date`, `W_start`, `W_end`, `Approval_status`) VALUES (:item_name:, :catogory:, :quntity:, :type_name:, :Sn_number:, :BN_number:, :Med_date:, :Exp_date:, :W_start:, :W_end:, :Approval_status:)', [...], false)
 2 SYSTEMPATH\Model.php(326): CodeIgniter\Database\BaseBuilder->insert()
 3 SYSTEMPATH\BaseModel.php(802): CodeIgniter\Model->doInsert([...])
 4 SYSTEMPATH\Model.php(744): CodeIgniter\BaseModel->insert([...], false)
 5 SYSTEMPATH\BaseModel.php(713): CodeIgniter\Model->insert([...], false)
 6 APPPATH\Controllers\imdashController.php(107): CodeIgniter\BaseModel->save([...])
 7 SYSTEMPATH\CodeIgniter.php(941): App\Controllers\imdashController->store()
 8 SYSTEMPATH\CodeIgniter.php(502): CodeIgniter\CodeIgniter->runController(Object(App\Controllers\imdashController))
 9 SYSTEMPATH\CodeIgniter.php(361): CodeIgniter\CodeIgniter->handleRequest(null, Object(Config\Cache), false)
10 FCPATH\index.php(79): CodeIgniter\CodeIgniter->run()
11 SYSTEMPATH\Commands\Server\rewrite.php(47): require_once('C:\\xampp\\htdocs\\HIMSP\\HIMS\\Codenignter\\public\\index.php')
CRITICAL - 2024-05-13 15:30:19 --> [Caused by] CodeIgniter\Database\Exceptions\DatabaseException: Unknown column 'Sn_number' in 'field list'
in SYSTEMPATH\Database\MySQLi\Connection.php on line 311.
 1 SYSTEMPATH\Database\BaseConnection.php(693): CodeIgniter\Database\MySQLi\Connection->execute('INSERT INTO `items` (`item_name`, `catogory`, `quntity`, `type_name`, `Sn_number`, `BN_number`, `Med_date`, `Exp_date`, `W_start`, `W_end`, `Approval_status`) VALUES (\'duloxetine\', \'1\', NULL, \'2\', NULL, NULL, NULL, NULL, NULL, NULL, 1)')
 2 SYSTEMPATH\Database\BaseConnection.php(607): CodeIgniter\Database\BaseConnection->simpleQuery('INSERT INTO `items` (`item_name`, `catogory`, `quntity`, `type_name`, `Sn_number`, `BN_number`, `Med_date`, `Exp_date`, `W_start`, `W_end`, `Approval_status`) VALUES (\'duloxetine\', \'1\', NULL, \'2\', NULL, NULL, NULL, NULL, NULL, NULL, 1)')
 3 SYSTEMPATH\Database\BaseBuilder.php(2307): CodeIgniter\Database\BaseConnection->query('INSERT INTO `items` (`item_name`, `catogory`, `quntity`, `type_name`, `Sn_number`, `BN_number`, `Med_date`, `Exp_date`, `W_start`, `W_end`, `Approval_status`) VALUES (:item_name:, :catogory:, :quntity:, :type_name:, :Sn_number:, :BN_number:, :Med_date:, :Exp_date:, :W_start:, :W_end:, :Approval_status:)', [...], false)
 4 SYSTEMPATH\Model.php(326): CodeIgniter\Database\BaseBuilder->insert()
 5 SYSTEMPATH\BaseModel.php(802): CodeIgniter\Model->doInsert([...])
 6 SYSTEMPATH\Model.php(744): CodeIgniter\BaseModel->insert([...], false)
 7 SYSTEMPATH\BaseModel.php(713): CodeIgniter\Model->insert([...], false)
 8 APPPATH\Controllers\imdashController.php(107): CodeIgniter\BaseModel->save([...])
 9 SYSTEMPATH\CodeIgniter.php(941): App\Controllers\imdashController->store()
10 SYSTEMPATH\CodeIgniter.php(502): CodeIgniter\CodeIgniter->runController(Object(App\Controllers\imdashController))
11 SYSTEMPATH\CodeIgniter.php(361): CodeIgniter\CodeIgniter->handleRequest(null, Object(Config\Cache), false)
12 FCPATH\index.php(79): CodeIgniter\CodeIgniter->run()
13 SYSTEMPATH\Commands\Server\rewrite.php(47): require_once('C:\\xampp\\htdocs\\HIMSP\\HIMS\\Codenignter\\public\\index.php')
CRITICAL - 2024-05-13 15:30:19 --> [Caused by] mysqli_sql_exception: Unknown column 'Sn_number' in 'field list'
in SYSTEMPATH\Database\MySQLi\Connection.php on line 306.
 1 SYSTEMPATH\Database\MySQLi\Connection.php(306): mysqli->query('INSERT INTO `items` (`item_name`, `catogory`, `quntity`, `type_name`, `Sn_number`, `BN_number`, `Med_date`, `Exp_date`, `W_start`, `W_end`, `Approval_status`) VALUES (\'duloxetine\', \'1\', NULL, \'2\', NULL, NULL, NULL, NULL, NULL, NULL, 1)', 0)
 2 SYSTEMPATH\Database\BaseConnection.php(693): CodeIgniter\Database\MySQLi\Connection->execute('INSERT INTO `items` (`item_name`, `catogory`, `quntity`, `type_name`, `Sn_number`, `BN_number`, `Med_date`, `Exp_date`, `W_start`, `W_end`, `Approval_status`) VALUES (\'duloxetine\', \'1\', NULL, \'2\', NULL, NULL, NULL, NULL, NULL, NULL, 1)')
 3 SYSTEMPATH\Database\BaseConnection.php(607): CodeIgniter\Database\BaseConnection->simpleQuery('INSERT INTO `items` (`item_name`, `catogory`, `quntity`, `type_name`, `Sn_number`, `BN_number`, `Med_date`, `Exp_date`, `W_start`, `W_end`, `Approval_status`) VALUES (\'duloxetine\', \'1\', NULL, \'2\', NULL, NULL, NULL, NULL, NULL, NULL, 1)')
 4 SYSTEMPATH\Database\BaseBuilder.php(2307): CodeIgniter\Database\BaseConnection->query('INSERT INTO `items` (`item_name`, `catogory`, `quntity`, `type_name`, `Sn_number`, `BN_number`, `Med_date`, `Exp_date`, `W_start`, `W_end`, `Approval_status`) VALUES (:item_name:, :catogory:, :quntity:, :type_name:, :Sn_number:, :BN_number:, :Med_date:, :Exp_date:, :W_start:, :W_end:, :Approval_status:)', [...], false)
 5 SYSTEMPATH\Model.php(326): CodeIgniter\Database\BaseBuilder->insert()
 6 SYSTEMPATH\BaseModel.php(802): CodeIgniter\Model->doInsert([...])
 7 SYSTEMPATH\Model.php(744): CodeIgniter\BaseModel->insert([...], false)
 8 SYSTEMPATH\BaseModel.php(713): CodeIgniter\Model->insert([...], false)
 9 APPPATH\Controllers\imdashController.php(107): CodeIgniter\BaseModel->save([...])
10 SYSTEMPATH\CodeIgniter.php(941): App\Controllers\imdashController->store()
11 SYSTEMPATH\CodeIgniter.php(502): CodeIgniter\CodeIgniter->runController(Object(App\Controllers\imdashController))
12 SYSTEMPATH\CodeIgniter.php(361): CodeIgniter\CodeIgniter->handleRequest(null, Object(Config\Cache), false)
13 FCPATH\index.php(79): CodeIgniter\CodeIgniter->run()
14 SYSTEMPATH\Commands\Server\rewrite.php(47): require_once('C:\\xampp\\htdocs\\HIMSP\\HIMS\\Codenignter\\public\\index.php')
CRITICAL - 2024-05-13 16:01:40 --> ErrorException: Trying to access array offset on value of type null
in APPPATH\Views\Admin\Additem_req.php on line 59.
 1 APPPATH\Views\Admin\Additem_req.php(59): CodeIgniter\Debug\Exceptions->errorHandler(2, 'Trying to access array offset on value of type null', 'C:\\xampp\\htdocs\\HIMSP\\HIMS\\Codenignter\\app\\Views\\Admin\\Additem_req.php', 59)
 2 SYSTEMPATH\View\View.php(228): include('C:\\xampp\\htdocs\\HIMSP\\HIMS\\Codenignter\\app\\Views\\Admin\\Additem_req.php')
 3 SYSTEMPATH\View\View.php(231): CodeIgniter\View\View->CodeIgniter\View\{closure}()
 4 SYSTEMPATH\Common.php(1178): CodeIgniter\View\View->render('Admin/Additem_req', [], true)
 5 APPPATH\Controllers\AdminController.php(81): view('Admin/Additem_req', [...])
 6 SYSTEMPATH\CodeIgniter.php(941): App\Controllers\AdminController->Addreqtable()
 7 SYSTEMPATH\CodeIgniter.php(502): CodeIgniter\CodeIgniter->runController(Object(App\Controllers\AdminController))
 8 SYSTEMPATH\CodeIgniter.php(361): CodeIgniter\CodeIgniter->handleRequest(null, Object(Config\Cache), false)
 9 FCPATH\index.php(79): CodeIgniter\CodeIgniter->run()
10 SYSTEMPATH\Commands\Server\rewrite.php(47): require_once('C:\\xampp\\htdocs\\HIMSP\\HIMS\\Codenignter\\public\\index.php')
CRITICAL - 2024-05-13 16:02:08 --> ErrorException: Trying to access array offset on value of type null
in APPPATH\Views\Admin\Additem_req.php on line 59.
 1 APPPATH\Views\Admin\Additem_req.php(59): CodeIgniter\Debug\Exceptions->errorHandler(2, 'Trying to access array offset on value of type null', 'C:\\xampp\\htdocs\\HIMSP\\HIMS\\Codenignter\\app\\Views\\Admin\\Additem_req.php', 59)
 2 SYSTEMPATH\View\View.php(228): include('C:\\xampp\\htdocs\\HIMSP\\HIMS\\Codenignter\\app\\Views\\Admin\\Additem_req.php')
 3 SYSTEMPATH\View\View.php(231): CodeIgniter\View\View->CodeIgniter\View\{closure}()
 4 SYSTEMPATH\Common.php(1178): CodeIgniter\View\View->render('Admin/Additem_req', [], true)
 5 APPPATH\Controllers\AdminController.php(80): view('Admin/Additem_req', [...])
 6 SYSTEMPATH\CodeIgniter.php(941): App\Controllers\AdminController->Addreqtable()
 7 SYSTEMPATH\CodeIgniter.php(502): CodeIgniter\CodeIgniter->runController(Object(App\Controllers\AdminController))
 8 SYSTEMPATH\CodeIgniter.php(361): CodeIgniter\CodeIgniter->handleRequest(null, Object(Config\Cache), false)
 9 FCPATH\index.php(79): CodeIgniter\CodeIgniter->run()
10 SYSTEMPATH\Commands\Server\rewrite.php(47): require_once('C:\\xampp\\htdocs\\HIMSP\\HIMS\\Codenignter\\public\\index.php')
CRITICAL - 2024-05-13 16:02:08 --> ErrorException: Trying to access array offset on value of type null
in APPPATH\Views\Admin\Additem_req.php on line 59.
 1 APPPATH\Views\Admin\Additem_req.php(59): CodeIgniter\Debug\Exceptions->errorHandler(2, 'Trying to access array offset on value of type null', 'C:\\xampp\\htdocs\\HIMSP\\HIMS\\Codenignter\\app\\Views\\Admin\\Additem_req.php', 59)
 2 SYSTEMPATH\View\View.php(228): include('C:\\xampp\\htdocs\\HIMSP\\HIMS\\Codenignter\\app\\Views\\Admin\\Additem_req.php')
 3 SYSTEMPATH\View\View.php(231): CodeIgniter\View\View->CodeIgniter\View\{closure}()
 4 SYSTEMPATH\Common.php(1178): CodeIgniter\View\View->render('Admin/Additem_req', [], true)
 5 APPPATH\Controllers\AdminController.php(80): view('Admin/Additem_req', [...])
 6 SYSTEMPATH\CodeIgniter.php(941): App\Controllers\AdminController->Addreqtable()
 7 SYSTEMPATH\CodeIgniter.php(502): CodeIgniter\CodeIgniter->runController(Object(App\Controllers\AdminController))
 8 SYSTEMPATH\CodeIgniter.php(361): CodeIgniter\CodeIgniter->handleRequest(null, Object(Config\Cache), false)
 9 FCPATH\index.php(79): CodeIgniter\CodeIgniter->run()
10 SYSTEMPATH\Commands\Server\rewrite.php(47): require_once('C:\\xampp\\htdocs\\HIMSP\\HIMS\\Codenignter\\public\\index.php')
CRITICAL - 2024-05-13 16:02:09 --> ErrorException: Trying to access array offset on value of type null
in APPPATH\Views\Admin\Additem_req.php on line 59.
 1 APPPATH\Views\Admin\Additem_req.php(59): CodeIgniter\Debug\Exceptions->errorHandler(2, 'Trying to access array offset on value of type null', 'C:\\xampp\\htdocs\\HIMSP\\HIMS\\Codenignter\\app\\Views\\Admin\\Additem_req.php', 59)
 2 SYSTEMPATH\View\View.php(228): include('C:\\xampp\\htdocs\\HIMSP\\HIMS\\Codenignter\\app\\Views\\Admin\\Additem_req.php')
 3 SYSTEMPATH\View\View.php(231): CodeIgniter\View\View->CodeIgniter\View\{closure}()
 4 SYSTEMPATH\Common.php(1178): CodeIgniter\View\View->render('Admin/Additem_req', [], true)
 5 APPPATH\Controllers\AdminController.php(80): view('Admin/Additem_req', [...])
 6 SYSTEMPATH\CodeIgniter.php(941): App\Controllers\AdminController->Addreqtable()
 7 SYSTEMPATH\CodeIgniter.php(502): CodeIgniter\CodeIgniter->runController(Object(App\Controllers\AdminController))
 8 SYSTEMPATH\CodeIgniter.php(361): CodeIgniter\CodeIgniter->handleRequest(null, Object(Config\Cache), false)
 9 FCPATH\index.php(79): CodeIgniter\CodeIgniter->run()
10 SYSTEMPATH\Commands\Server\rewrite.php(47): require_once('C:\\xampp\\htdocs\\HIMSP\\HIMS\\Codenignter\\public\\index.php')
CRITICAL - 2024-05-13 16:03:40 --> ErrorException: Trying to access array offset on value of type null
in APPPATH\Views\Admin\Additem_req.php on line 59.
 1 APPPATH\Views\Admin\Additem_req.php(59): CodeIgniter\Debug\Exceptions->errorHandler(2, 'Trying to access array offset on value of type null', 'C:\\xampp\\htdocs\\HIMSP\\HIMS\\Codenignter\\app\\Views\\Admin\\Additem_req.php', 59)
 2 SYSTEMPATH\View\View.php(228): include('C:\\xampp\\htdocs\\HIMSP\\HIMS\\Codenignter\\app\\Views\\Admin\\Additem_req.php')
 3 SYSTEMPATH\View\View.php(231): CodeIgniter\View\View->CodeIgniter\View\{closure}()
 4 SYSTEMPATH\Common.php(1178): CodeIgniter\View\View->render('Admin/Additem_req', [], true)
 5 APPPATH\Controllers\AdminController.php(80): view('Admin/Additem_req', [...])
 6 SYSTEMPATH\CodeIgniter.php(941): App\Controllers\AdminController->Addreqtable()
 7 SYSTEMPATH\CodeIgniter.php(502): CodeIgniter\CodeIgniter->runController(Object(App\Controllers\AdminController))
 8 SYSTEMPATH\CodeIgniter.php(361): CodeIgniter\CodeIgniter->handleRequest(null, Object(Config\Cache), false)
 9 FCPATH\index.php(79): CodeIgniter\CodeIgniter->run()
10 SYSTEMPATH\Commands\Server\rewrite.php(47): require_once('C:\\xampp\\htdocs\\HIMSP\\HIMS\\Codenignter\\public\\index.php')
CRITICAL - 2024-05-13 16:04:05 --> ErrorException: Trying to access array offset on value of type null
in APPPATH\Views\Admin\Additem_req.php on line 59.
 1 APPPATH\Views\Admin\Additem_req.php(59): CodeIgniter\Debug\Exceptions->errorHandler(2, 'Trying to access array offset on value of type null', 'C:\\xampp\\htdocs\\HIMSP\\HIMS\\Codenignter\\app\\Views\\Admin\\Additem_req.php', 59)
 2 SYSTEMPATH\View\View.php(228): include('C:\\xampp\\htdocs\\HIMSP\\HIMS\\Codenignter\\app\\Views\\Admin\\Additem_req.php')
 3 SYSTEMPATH\View\View.php(231): CodeIgniter\View\View->CodeIgniter\View\{closure}()
 4 SYSTEMPATH\Common.php(1178): CodeIgniter\View\View->render('Admin/Additem_req', [], true)
 5 APPPATH\Controllers\AdminController.php(80): view('Admin/Additem_req', [...])
 6 SYSTEMPATH\CodeIgniter.php(941): App\Controllers\AdminController->Addreqtable()
 7 SYSTEMPATH\CodeIgniter.php(502): CodeIgniter\CodeIgniter->runController(Object(App\Controllers\AdminController))
 8 SYSTEMPATH\CodeIgniter.php(361): CodeIgniter\CodeIgniter->handleRequest(null, Object(Config\Cache), false)
 9 FCPATH\index.php(79): CodeIgniter\CodeIgniter->run()
10 SYSTEMPATH\Commands\Server\rewrite.php(47): require_once('C:\\xampp\\htdocs\\HIMSP\\HIMS\\Codenignter\\public\\index.php')
CRITICAL - 2024-05-13 16:04:06 --> ErrorException: Trying to access array offset on value of type null
in APPPATH\Views\Admin\Additem_req.php on line 59.
 1 APPPATH\Views\Admin\Additem_req.php(59): CodeIgniter\Debug\Exceptions->errorHandler(2, 'Trying to access array offset on value of type null', 'C:\\xampp\\htdocs\\HIMSP\\HIMS\\Codenignter\\app\\Views\\Admin\\Additem_req.php', 59)
 2 SYSTEMPATH\View\View.php(228): include('C:\\xampp\\htdocs\\HIMSP\\HIMS\\Codenignter\\app\\Views\\Admin\\Additem_req.php')
 3 SYSTEMPATH\View\View.php(231): CodeIgniter\View\View->CodeIgniter\View\{closure}()
 4 SYSTEMPATH\Common.php(1178): CodeIgniter\View\View->render('Admin/Additem_req', [], true)
 5 APPPATH\Controllers\AdminController.php(80): view('Admin/Additem_req', [...])
 6 SYSTEMPATH\CodeIgniter.php(941): App\Controllers\AdminController->Addreqtable()
 7 SYSTEMPATH\CodeIgniter.php(502): CodeIgniter\CodeIgniter->runController(Object(App\Controllers\AdminController))
 8 SYSTEMPATH\CodeIgniter.php(361): CodeIgniter\CodeIgniter->handleRequest(null, Object(Config\Cache), false)
 9 FCPATH\index.php(79): CodeIgniter\CodeIgniter->run()
10 SYSTEMPATH\Commands\Server\rewrite.php(47): require_once('C:\\xampp\\htdocs\\HIMSP\\HIMS\\Codenignter\\public\\index.php')
CRITICAL - 2024-05-13 16:04:06 --> ErrorException: Trying to access array offset on value of type null
in APPPATH\Views\Admin\Additem_req.php on line 59.
 1 APPPATH\Views\Admin\Additem_req.php(59): CodeIgniter\Debug\Exceptions->errorHandler(2, 'Trying to access array offset on value of type null', 'C:\\xampp\\htdocs\\HIMSP\\HIMS\\Codenignter\\app\\Views\\Admin\\Additem_req.php', 59)
 2 SYSTEMPATH\View\View.php(228): include('C:\\xampp\\htdocs\\HIMSP\\HIMS\\Codenignter\\app\\Views\\Admin\\Additem_req.php')
 3 SYSTEMPATH\View\View.php(231): CodeIgniter\View\View->CodeIgniter\View\{closure}()
 4 SYSTEMPATH\Common.php(1178): CodeIgniter\View\View->render('Admin/Additem_req', [], true)
 5 APPPATH\Controllers\AdminController.php(80): view('Admin/Additem_req', [...])
 6 SYSTEMPATH\CodeIgniter.php(941): App\Controllers\AdminController->Addreqtable()
 7 SYSTEMPATH\CodeIgniter.php(502): CodeIgniter\CodeIgniter->runController(Object(App\Controllers\AdminController))
 8 SYSTEMPATH\CodeIgniter.php(361): CodeIgniter\CodeIgniter->handleRequest(null, Object(Config\Cache), false)
 9 FCPATH\index.php(79): CodeIgniter\CodeIgniter->run()
10 SYSTEMPATH\Commands\Server\rewrite.php(47): require_once('C:\\xampp\\htdocs\\HIMSP\\HIMS\\Codenignter\\public\\index.php')
