CRITICAL - 2024-03-11 09:33:59 --> ErrorException: Undefined variable $catogory
in APPPATH\Views\iManger\edit_items.php on line 50.
 1 APPPATH\Views\iManger\edit_items.php(50): CodeIgniter\Debug\Exceptions->errorHandler(2, 'Undefined variable $catogory', 'C:\\xampp\\htdocs\\HIMSP\\HIMS\\Codenignter\\app\\Views\\iManger\\edit_items.php', 50)
 2 SYSTEMPATH\View\View.php(228): include('C:\\xampp\\htdocs\\HIMSP\\HIMS\\Codenignter\\app\\Views\\iManger\\edit_items.php')
 3 SYSTEMPATH\View\View.php(231): CodeIgniter\View\View->CodeIgniter\View\{closure}()
 4 SYSTEMPATH\Common.php(1178): CodeIgniter\View\View->render('iManger/edit_items.php', [], true)
 5 APPPATH\Controllers\imdashController.php(91): view('iManger/edit_items.php', [...])
 6 SYSTEMPATH\CodeIgniter.php(941): App\Controllers\imdashController->edit('12')
 7 SYSTEMPATH\CodeIgniter.php(502): CodeIgniter\CodeIgniter->runController(Object(App\Controllers\imdashController))
 8 SYSTEMPATH\CodeIgniter.php(361): CodeIgniter\CodeIgniter->handleRequest(null, Object(Config\Cache), false)
 9 FCPATH\index.php(79): CodeIgniter\CodeIgniter->run()
10 SYSTEMPATH\Commands\Server\rewrite.php(47): require_once('C:\\xampp\\htdocs\\HIMSP\\HIMS\\Codenignter\\public\\index.php')
CRITICAL - 2024-03-11 09:35:25 --> ErrorException: Undefined variable $catogory
in APPPATH\Views\iManger\edit_items.php on line 50.
 1 APPPATH\Views\iManger\edit_items.php(50): CodeIgniter\Debug\Exceptions->errorHandler(2, 'Undefined variable $catogory', 'C:\\xampp\\htdocs\\HIMSP\\HIMS\\Codenignter\\app\\Views\\iManger\\edit_items.php', 50)
 2 SYSTEMPATH\View\View.php(228): include('C:\\xampp\\htdocs\\HIMSP\\HIMS\\Codenignter\\app\\Views\\iManger\\edit_items.php')
 3 SYSTEMPATH\View\View.php(231): CodeIgniter\View\View->CodeIgniter\View\{closure}()
 4 SYSTEMPATH\Common.php(1178): CodeIgniter\View\View->render('iManger/edit_items', [], true)
 5 APPPATH\Controllers\imdashController.php(91): view('iManger/edit_items', [...])
 6 SYSTEMPATH\CodeIgniter.php(941): App\Controllers\imdashController->edit('12')
 7 SYSTEMPATH\CodeIgniter.php(502): CodeIgniter\CodeIgniter->runController(Object(App\Controllers\imdashController))
 8 SYSTEMPATH\CodeIgniter.php(361): CodeIgniter\CodeIgniter->handleRequest(null, Object(Config\Cache), false)
 9 FCPATH\index.php(79): CodeIgniter\CodeIgniter->run()
10 SYSTEMPATH\Commands\Server\rewrite.php(47): require_once('C:\\xampp\\htdocs\\HIMSP\\HIMS\\Codenignter\\public\\index.php')
CRITICAL - 2024-03-11 09:35:36 --> ErrorException: Undefined variable $catogory
in APPPATH\Views\iManger\edit_items.php on line 50.
 1 APPPATH\Views\iManger\edit_items.php(50): CodeIgniter\Debug\Exceptions->errorHandler(2, 'Undefined variable $catogory', 'C:\\xampp\\htdocs\\HIMSP\\HIMS\\Codenignter\\app\\Views\\iManger\\edit_items.php', 50)
 2 SYSTEMPATH\View\View.php(228): include('C:\\xampp\\htdocs\\HIMSP\\HIMS\\Codenignter\\app\\Views\\iManger\\edit_items.php')
 3 SYSTEMPATH\View\View.php(231): CodeIgniter\View\View->CodeIgniter\View\{closure}()
 4 SYSTEMPATH\Common.php(1178): CodeIgniter\View\View->render('iManger/edit_items', [], true)
 5 APPPATH\Controllers\imdashController.php(91): view('iManger/edit_items', [...])
 6 SYSTEMPATH\CodeIgniter.php(941): App\Controllers\imdashController->edit('12')
 7 SYSTEMPATH\CodeIgniter.php(502): CodeIgniter\CodeIgniter->runController(Object(App\Controllers\imdashController))
 8 SYSTEMPATH\CodeIgniter.php(361): CodeIgniter\CodeIgniter->handleRequest(null, Object(Config\Cache), false)
 9 FCPATH\index.php(79): CodeIgniter\CodeIgniter->run()
10 SYSTEMPATH\Commands\Server\rewrite.php(47): require_once('C:\\xampp\\htdocs\\HIMSP\\HIMS\\Codenignter\\public\\index.php')
CRITICAL - 2024-03-11 09:35:39 --> ErrorException: Undefined variable $catogory
in APPPATH\Views\iManger\edit_items.php on line 50.
 1 APPPATH\Views\iManger\edit_items.php(50): CodeIgniter\Debug\Exceptions->errorHandler(2, 'Undefined variable $catogory', 'C:\\xampp\\htdocs\\HIMSP\\HIMS\\Codenignter\\app\\Views\\iManger\\edit_items.php', 50)
 2 SYSTEMPATH\View\View.php(228): include('C:\\xampp\\htdocs\\HIMSP\\HIMS\\Codenignter\\app\\Views\\iManger\\edit_items.php')
 3 SYSTEMPATH\View\View.php(231): CodeIgniter\View\View->CodeIgniter\View\{closure}()
 4 SYSTEMPATH\Common.php(1178): CodeIgniter\View\View->render('iManger/edit_items', [], true)
 5 APPPATH\Controllers\imdashController.php(91): view('iManger/edit_items', [...])
 6 SYSTEMPATH\CodeIgniter.php(941): App\Controllers\imdashController->edit('13')
 7 SYSTEMPATH\CodeIgniter.php(502): CodeIgniter\CodeIgniter->runController(Object(App\Controllers\imdashController))
 8 SYSTEMPATH\CodeIgniter.php(361): CodeIgniter\CodeIgniter->handleRequest(null, Object(Config\Cache), false)
 9 FCPATH\index.php(79): CodeIgniter\CodeIgniter->run()
10 SYSTEMPATH\Commands\Server\rewrite.php(47): require_once('C:\\xampp\\htdocs\\HIMSP\\HIMS\\Codenignter\\public\\index.php')
CRITICAL - 2024-03-11 09:35:41 --> ErrorException: Undefined variable $catogory
in APPPATH\Views\iManger\edit_items.php on line 50.
 1 APPPATH\Views\iManger\edit_items.php(50): CodeIgniter\Debug\Exceptions->errorHandler(2, 'Undefined variable $catogory', 'C:\\xampp\\htdocs\\HIMSP\\HIMS\\Codenignter\\app\\Views\\iManger\\edit_items.php', 50)
 2 SYSTEMPATH\View\View.php(228): include('C:\\xampp\\htdocs\\HIMSP\\HIMS\\Codenignter\\app\\Views\\iManger\\edit_items.php')
 3 SYSTEMPATH\View\View.php(231): CodeIgniter\View\View->CodeIgniter\View\{closure}()
 4 SYSTEMPATH\Common.php(1178): CodeIgniter\View\View->render('iManger/edit_items', [], true)
 5 APPPATH\Controllers\imdashController.php(91): view('iManger/edit_items', [...])
 6 SYSTEMPATH\CodeIgniter.php(941): App\Controllers\imdashController->edit('12')
 7 SYSTEMPATH\CodeIgniter.php(502): CodeIgniter\CodeIgniter->runController(Object(App\Controllers\imdashController))
 8 SYSTEMPATH\CodeIgniter.php(361): CodeIgniter\CodeIgniter->handleRequest(null, Object(Config\Cache), false)
 9 FCPATH\index.php(79): CodeIgniter\CodeIgniter->run()
10 SYSTEMPATH\Commands\Server\rewrite.php(47): require_once('C:\\xampp\\htdocs\\HIMSP\\HIMS\\Codenignter\\public\\index.php')
CRITICAL - 2024-03-11 09:38:30 --> ErrorException: Undefined variable $catogory
in APPPATH\Views\iManger\Add_items.php on line 50.
 1 APPPATH\Views\iManger\Add_items.php(50): CodeIgniter\Debug\Exceptions->errorHandler(2, 'Undefined variable $catogory', 'C:\\xampp\\htdocs\\HIMSP\\HIMS\\Codenignter\\app\\Views\\iManger\\Add_items.php', 50)
 2 SYSTEMPATH\View\View.php(228): include('C:\\xampp\\htdocs\\HIMSP\\HIMS\\Codenignter\\app\\Views\\iManger\\Add_items.php')
 3 SYSTEMPATH\View\View.php(231): CodeIgniter\View\View->CodeIgniter\View\{closure}()
 4 SYSTEMPATH\Common.php(1178): CodeIgniter\View\View->render('iManger/Add_items', [], true)
 5 APPPATH\Controllers\imdashController.php(91): view('iManger/Add_items')
 6 SYSTEMPATH\CodeIgniter.php(941): App\Controllers\imdashController->edit('12')
 7 SYSTEMPATH\CodeIgniter.php(502): CodeIgniter\CodeIgniter->runController(Object(App\Controllers\imdashController))
 8 SYSTEMPATH\CodeIgniter.php(361): CodeIgniter\CodeIgniter->handleRequest(null, Object(Config\Cache), false)
 9 FCPATH\index.php(79): CodeIgniter\CodeIgniter->run()
10 SYSTEMPATH\Commands\Server\rewrite.php(47): require_once('C:\\xampp\\htdocs\\HIMSP\\HIMS\\Codenignter\\public\\index.php')
CRITICAL - 2024-03-11 09:38:41 --> ErrorException: Undefined variable $catogory
in APPPATH\Views\iManger\Add_items.php on line 50.
 1 APPPATH\Views\iManger\Add_items.php(50): CodeIgniter\Debug\Exceptions->errorHandler(2, 'Undefined variable $catogory', 'C:\\xampp\\htdocs\\HIMSP\\HIMS\\Codenignter\\app\\Views\\iManger\\Add_items.php', 50)
 2 SYSTEMPATH\View\View.php(228): include('C:\\xampp\\htdocs\\HIMSP\\HIMS\\Codenignter\\app\\Views\\iManger\\Add_items.php')
 3 SYSTEMPATH\View\View.php(231): CodeIgniter\View\View->CodeIgniter\View\{closure}()
 4 SYSTEMPATH\Common.php(1178): CodeIgniter\View\View->render('iManger/Add_items', [], true)
 5 APPPATH\Controllers\imdashController.php(91): view('iManger/Add_items')
 6 SYSTEMPATH\CodeIgniter.php(941): App\Controllers\imdashController->edit('12')
 7 SYSTEMPATH\CodeIgniter.php(502): CodeIgniter\CodeIgniter->runController(Object(App\Controllers\imdashController))
 8 SYSTEMPATH\CodeIgniter.php(361): CodeIgniter\CodeIgniter->handleRequest(null, Object(Config\Cache), false)
 9 FCPATH\index.php(79): CodeIgniter\CodeIgniter->run()
10 SYSTEMPATH\Commands\Server\rewrite.php(47): require_once('C:\\xampp\\htdocs\\HIMSP\\HIMS\\Codenignter\\public\\index.php')
CRITICAL - 2024-03-11 09:40:58 --> ErrorException: Undefined variable $catogory
in APPPATH\Views\iManger\edit_items.php on line 50.
 1 APPPATH\Views\iManger\edit_items.php(50): CodeIgniter\Debug\Exceptions->errorHandler(2, 'Undefined variable $catogory', 'C:\\xampp\\htdocs\\HIMSP\\HIMS\\Codenignter\\app\\Views\\iManger\\edit_items.php', 50)
 2 SYSTEMPATH\View\View.php(228): include('C:\\xampp\\htdocs\\HIMSP\\HIMS\\Codenignter\\app\\Views\\iManger\\edit_items.php')
 3 SYSTEMPATH\View\View.php(231): CodeIgniter\View\View->CodeIgniter\View\{closure}()
 4 SYSTEMPATH\Common.php(1178): CodeIgniter\View\View->render('iManger/edit_items', [], true)
 5 APPPATH\Controllers\imdashController.php(91): view('iManger/edit_items')
 6 SYSTEMPATH\CodeIgniter.php(941): App\Controllers\imdashController->edit('12')
 7 SYSTEMPATH\CodeIgniter.php(502): CodeIgniter\CodeIgniter->runController(Object(App\Controllers\imdashController))
 8 SYSTEMPATH\CodeIgniter.php(361): CodeIgniter\CodeIgniter->handleRequest(null, Object(Config\Cache), false)
 9 FCPATH\index.php(79): CodeIgniter\CodeIgniter->run()
10 SYSTEMPATH\Commands\Server\rewrite.php(47): require_once('C:\\xampp\\htdocs\\HIMSP\\HIMS\\Codenignter\\public\\index.php')
CRITICAL - 2024-03-11 09:41:08 --> ErrorException: Undefined variable $catogory
in APPPATH\Views\iManger\edit_items.php on line 50.
 1 APPPATH\Views\iManger\edit_items.php(50): CodeIgniter\Debug\Exceptions->errorHandler(2, 'Undefined variable $catogory', 'C:\\xampp\\htdocs\\HIMSP\\HIMS\\Codenignter\\app\\Views\\iManger\\edit_items.php', 50)
 2 SYSTEMPATH\View\View.php(228): include('C:\\xampp\\htdocs\\HIMSP\\HIMS\\Codenignter\\app\\Views\\iManger\\edit_items.php')
 3 SYSTEMPATH\View\View.php(231): CodeIgniter\View\View->CodeIgniter\View\{closure}()
 4 SYSTEMPATH\Common.php(1178): CodeIgniter\View\View->render('iManger/edit_items', [], true)
 5 APPPATH\Controllers\imdashController.php(90): view('iManger/edit_items')
 6 SYSTEMPATH\CodeIgniter.php(941): App\Controllers\imdashController->edit('12')
 7 SYSTEMPATH\CodeIgniter.php(502): CodeIgniter\CodeIgniter->runController(Object(App\Controllers\imdashController))
 8 SYSTEMPATH\CodeIgniter.php(361): CodeIgniter\CodeIgniter->handleRequest(null, Object(Config\Cache), false)
 9 FCPATH\index.php(79): CodeIgniter\CodeIgniter->run()
10 SYSTEMPATH\Commands\Server\rewrite.php(47): require_once('C:\\xampp\\htdocs\\HIMSP\\HIMS\\Codenignter\\public\\index.php')
CRITICAL - 2024-03-11 09:41:57 --> CodeIgniter\View\Exceptions\ViewException: Invalid file: "iManger/da.php"
in SYSTEMPATH\Exceptions\FrameworkException.php on line 39.
 1 SYSTEMPATH\View\View.php(216): CodeIgniter\Exceptions\FrameworkException::forInvalidFile('iManger/da.php')
 2 SYSTEMPATH\Common.php(1178): CodeIgniter\View\View->render('iManger/da', [], true)
 3 APPPATH\Controllers\imdashController.php(91): view('iManger/da')
 4 SYSTEMPATH\CodeIgniter.php(941): App\Controllers\imdashController->edit('12')
 5 SYSTEMPATH\CodeIgniter.php(502): CodeIgniter\CodeIgniter->runController(Object(App\Controllers\imdashController))
 6 SYSTEMPATH\CodeIgniter.php(361): CodeIgniter\CodeIgniter->handleRequest(null, Object(Config\Cache), false)
 7 FCPATH\index.php(79): CodeIgniter\CodeIgniter->run()
 8 SYSTEMPATH\Commands\Server\rewrite.php(47): require_once('C:\\xampp\\htdocs\\HIMSP\\HIMS\\Codenignter\\public\\index.php')
CRITICAL - 2024-03-11 09:46:29 --> ErrorException: Undefined variable $catogory
in APPPATH\Views\iManger\edit_items.php on line 50.
 1 APPPATH\Views\iManger\edit_items.php(50): CodeIgniter\Debug\Exceptions->errorHandler(2, 'Undefined variable $catogory', 'C:\\xampp\\htdocs\\HIMSP\\HIMS\\Codenignter\\app\\Views\\iManger\\edit_items.php', 50)
 2 SYSTEMPATH\View\View.php(228): include('C:\\xampp\\htdocs\\HIMSP\\HIMS\\Codenignter\\app\\Views\\iManger\\edit_items.php')
 3 SYSTEMPATH\View\View.php(231): CodeIgniter\View\View->CodeIgniter\View\{closure}()
 4 SYSTEMPATH\Common.php(1178): CodeIgniter\View\View->render('iManger/edit_items', [], true)
 5 APPPATH\Controllers\imdashController.php(91): view('iManger/edit_items')
 6 SYSTEMPATH\CodeIgniter.php(941): App\Controllers\imdashController->edit('12')
 7 SYSTEMPATH\CodeIgniter.php(502): CodeIgniter\CodeIgniter->runController(Object(App\Controllers\imdashController))
 8 SYSTEMPATH\CodeIgniter.php(361): CodeIgniter\CodeIgniter->handleRequest(null, Object(Config\Cache), false)
 9 FCPATH\index.php(79): CodeIgniter\CodeIgniter->run()
10 SYSTEMPATH\Commands\Server\rewrite.php(47): require_once('C:\\xampp\\htdocs\\HIMSP\\HIMS\\Codenignter\\public\\index.php')
CRITICAL - 2024-03-11 09:52:47 --> ErrorException: Undefined array key "name"
in APPPATH\Views\iManger\edit_items.php on line 40.
 1 APPPATH\Views\iManger\edit_items.php(40): CodeIgniter\Debug\Exceptions->errorHandler(2, 'Undefined array key "name"', 'C:\\xampp\\htdocs\\HIMSP\\HIMS\\Codenignter\\app\\Views\\iManger\\edit_items.php', 40)
 2 SYSTEMPATH\View\View.php(228): include('C:\\xampp\\htdocs\\HIMSP\\HIMS\\Codenignter\\app\\Views\\iManger\\edit_items.php')
 3 SYSTEMPATH\View\View.php(231): CodeIgniter\View\View->CodeIgniter\View\{closure}()
 4 SYSTEMPATH\Common.php(1178): CodeIgniter\View\View->render('iManger/edit_items', [], true)
 5 APPPATH\Controllers\imdashController.php(93): view('iManger/edit_items', [...])
 6 SYSTEMPATH\CodeIgniter.php(941): App\Controllers\imdashController->edit('12')
 7 SYSTEMPATH\CodeIgniter.php(502): CodeIgniter\CodeIgniter->runController(Object(App\Controllers\imdashController))
 8 SYSTEMPATH\CodeIgniter.php(361): CodeIgniter\CodeIgniter->handleRequest(null, Object(Config\Cache), false)
 9 FCPATH\index.php(79): CodeIgniter\CodeIgniter->run()
10 SYSTEMPATH\Commands\Server\rewrite.php(47): require_once('C:\\xampp\\htdocs\\HIMSP\\HIMS\\Codenignter\\public\\index.php')
CRITICAL - 2024-03-11 09:52:59 --> ErrorException: Undefined array key "name"
in APPPATH\Views\iManger\edit_items.php on line 40.
 1 APPPATH\Views\iManger\edit_items.php(40): CodeIgniter\Debug\Exceptions->errorHandler(2, 'Undefined array key "name"', 'C:\\xampp\\htdocs\\HIMSP\\HIMS\\Codenignter\\app\\Views\\iManger\\edit_items.php', 40)
 2 SYSTEMPATH\View\View.php(228): include('C:\\xampp\\htdocs\\HIMSP\\HIMS\\Codenignter\\app\\Views\\iManger\\edit_items.php')
 3 SYSTEMPATH\View\View.php(231): CodeIgniter\View\View->CodeIgniter\View\{closure}()
 4 SYSTEMPATH\Common.php(1178): CodeIgniter\View\View->render('iManger/edit_items', [], true)
 5 APPPATH\Controllers\imdashController.php(93): view('iManger/edit_items', [...])
 6 SYSTEMPATH\CodeIgniter.php(941): App\Controllers\imdashController->edit('12')
 7 SYSTEMPATH\CodeIgniter.php(502): CodeIgniter\CodeIgniter->runController(Object(App\Controllers\imdashController))
 8 SYSTEMPATH\CodeIgniter.php(361): CodeIgniter\CodeIgniter->handleRequest(null, Object(Config\Cache), false)
 9 FCPATH\index.php(79): CodeIgniter\CodeIgniter->run()
10 SYSTEMPATH\Commands\Server\rewrite.php(47): require_once('C:\\xampp\\htdocs\\HIMSP\\HIMS\\Codenignter\\public\\index.php')
CRITICAL - 2024-03-11 09:53:00 --> ErrorException: Undefined array key "name"
in APPPATH\Views\iManger\edit_items.php on line 40.
 1 APPPATH\Views\iManger\edit_items.php(40): CodeIgniter\Debug\Exceptions->errorHandler(2, 'Undefined array key "name"', 'C:\\xampp\\htdocs\\HIMSP\\HIMS\\Codenignter\\app\\Views\\iManger\\edit_items.php', 40)
 2 SYSTEMPATH\View\View.php(228): include('C:\\xampp\\htdocs\\HIMSP\\HIMS\\Codenignter\\app\\Views\\iManger\\edit_items.php')
 3 SYSTEMPATH\View\View.php(231): CodeIgniter\View\View->CodeIgniter\View\{closure}()
 4 SYSTEMPATH\Common.php(1178): CodeIgniter\View\View->render('iManger/edit_items', [], true)
 5 APPPATH\Controllers\imdashController.php(93): view('iManger/edit_items', [...])
 6 SYSTEMPATH\CodeIgniter.php(941): App\Controllers\imdashController->edit('12')
 7 SYSTEMPATH\CodeIgniter.php(502): CodeIgniter\CodeIgniter->runController(Object(App\Controllers\imdashController))
 8 SYSTEMPATH\CodeIgniter.php(361): CodeIgniter\CodeIgniter->handleRequest(null, Object(Config\Cache), false)
 9 FCPATH\index.php(79): CodeIgniter\CodeIgniter->run()
10 SYSTEMPATH\Commands\Server\rewrite.php(47): require_once('C:\\xampp\\htdocs\\HIMSP\\HIMS\\Codenignter\\public\\index.php')
CRITICAL - 2024-03-11 09:53:00 --> ErrorException: Undefined array key "name"
in APPPATH\Views\iManger\edit_items.php on line 40.
 1 APPPATH\Views\iManger\edit_items.php(40): CodeIgniter\Debug\Exceptions->errorHandler(2, 'Undefined array key "name"', 'C:\\xampp\\htdocs\\HIMSP\\HIMS\\Codenignter\\app\\Views\\iManger\\edit_items.php', 40)
 2 SYSTEMPATH\View\View.php(228): include('C:\\xampp\\htdocs\\HIMSP\\HIMS\\Codenignter\\app\\Views\\iManger\\edit_items.php')
 3 SYSTEMPATH\View\View.php(231): CodeIgniter\View\View->CodeIgniter\View\{closure}()
 4 SYSTEMPATH\Common.php(1178): CodeIgniter\View\View->render('iManger/edit_items', [], true)
 5 APPPATH\Controllers\imdashController.php(93): view('iManger/edit_items', [...])
 6 SYSTEMPATH\CodeIgniter.php(941): App\Controllers\imdashController->edit('12')
 7 SYSTEMPATH\CodeIgniter.php(502): CodeIgniter\CodeIgniter->runController(Object(App\Controllers\imdashController))
 8 SYSTEMPATH\CodeIgniter.php(361): CodeIgniter\CodeIgniter->handleRequest(null, Object(Config\Cache), false)
 9 FCPATH\index.php(79): CodeIgniter\CodeIgniter->run()
10 SYSTEMPATH\Commands\Server\rewrite.php(47): require_once('C:\\xampp\\htdocs\\HIMSP\\HIMS\\Codenignter\\public\\index.php')
CRITICAL - 2024-03-11 09:54:39 --> ErrorException: Undefined array key "name"
in APPPATH\Views\iManger\edit_items.php on line 40.
 1 APPPATH\Views\iManger\edit_items.php(40): CodeIgniter\Debug\Exceptions->errorHandler(2, 'Undefined array key "name"', 'C:\\xampp\\htdocs\\HIMSP\\HIMS\\Codenignter\\app\\Views\\iManger\\edit_items.php', 40)
 2 SYSTEMPATH\View\View.php(228): include('C:\\xampp\\htdocs\\HIMSP\\HIMS\\Codenignter\\app\\Views\\iManger\\edit_items.php')
 3 SYSTEMPATH\View\View.php(231): CodeIgniter\View\View->CodeIgniter\View\{closure}()
 4 SYSTEMPATH\Common.php(1178): CodeIgniter\View\View->render('iManger/edit_items', [], true)
 5 APPPATH\Controllers\imdashController.php(93): view('iManger/edit_items', [...])
 6 SYSTEMPATH\CodeIgniter.php(941): App\Controllers\imdashController->edit('12')
 7 SYSTEMPATH\CodeIgniter.php(502): CodeIgniter\CodeIgniter->runController(Object(App\Controllers\imdashController))
 8 SYSTEMPATH\CodeIgniter.php(361): CodeIgniter\CodeIgniter->handleRequest(null, Object(Config\Cache), false)
 9 FCPATH\index.php(79): CodeIgniter\CodeIgniter->run()
10 SYSTEMPATH\Commands\Server\rewrite.php(47): require_once('C:\\xampp\\htdocs\\HIMSP\\HIMS\\Codenignter\\public\\index.php')
