CRITICAL - 2024-05-07 22:36:34 --> ErrorException: Undefined variable $avaliabletotl
in APPPATH\Views\iManger\Purchment_view.php on line 53.
 1 APPPATH\Views\iManger\Purchment_view.php(53): CodeIgniter\Debug\Exceptions->errorHandler(2, 'Undefined variable $avaliabletotl', 'C:\\xampp\\htdocs\\HIMSP\\HIMS\\Codenignter\\app\\Views\\iManger\\Purchment_view.php', 53)
 2 SYSTEMPATH\View\View.php(228): include('C:\\xampp\\htdocs\\HIMSP\\HIMS\\Codenignter\\app\\Views\\iManger\\Purchment_view.php')
 3 SYSTEMPATH\View\View.php(231): CodeIgniter\View\View->CodeIgniter\View\{closure}()
 4 SYSTEMPATH\Common.php(1178): CodeIgniter\View\View->render('iManger/Purchment_view', [], true)
 5 APPPATH\Controllers\imdashController.php(329): view('iManger/Purchment_view', [...])
 6 SYSTEMPATH\CodeIgniter.php(941): App\Controllers\imdashController->itemsusage('12')
 7 SYSTEMPATH\CodeIgniter.php(502): CodeIgniter\CodeIgniter->runController(Object(App\Controllers\imdashController))
 8 SYSTEMPATH\CodeIgniter.php(361): CodeIgniter\CodeIgniter->handleRequest(null, Object(Config\Cache), false)
 9 FCPATH\index.php(79): CodeIgniter\CodeIgniter->run()
10 SYSTEMPATH\Commands\Server\rewrite.php(47): require_once('C:\\xampp\\htdocs\\HIMSP\\HIMS\\Codenignter\\public\\index.php')
CRITICAL - 2024-05-07 22:38:45 --> ErrorException: Undefined variable $avaliabletotl
in APPPATH\Views\iManger\Purchment_view.php on line 61.
 1 APPPATH\Views\iManger\Purchment_view.php(61): CodeIgniter\Debug\Exceptions->errorHandler(2, 'Undefined variable $avaliabletotl', 'C:\\xampp\\htdocs\\HIMSP\\HIMS\\Codenignter\\app\\Views\\iManger\\Purchment_view.php', 61)
 2 SYSTEMPATH\View\View.php(228): include('C:\\xampp\\htdocs\\HIMSP\\HIMS\\Codenignter\\app\\Views\\iManger\\Purchment_view.php')
 3 SYSTEMPATH\View\View.php(231): CodeIgniter\View\View->CodeIgniter\View\{closure}()
 4 SYSTEMPATH\Common.php(1178): CodeIgniter\View\View->render('iManger/Purchment_view', [], true)
 5 APPPATH\Controllers\imdashController.php(329): view('iManger/Purchment_view', [...])
 6 SYSTEMPATH\CodeIgniter.php(941): App\Controllers\imdashController->itemsusage('12')
 7 SYSTEMPATH\CodeIgniter.php(502): CodeIgniter\CodeIgniter->runController(Object(App\Controllers\imdashController))
 8 SYSTEMPATH\CodeIgniter.php(361): CodeIgniter\CodeIgniter->handleRequest(null, Object(Config\Cache), false)
 9 FCPATH\index.php(79): CodeIgniter\CodeIgniter->run()
10 SYSTEMPATH\Commands\Server\rewrite.php(47): require_once('C:\\xampp\\htdocs\\HIMSP\\HIMS\\Codenignter\\public\\index.php')
