CRITICAL - 2024-04-07 14:11:46 --> ErrorException: foreach() argument must be of type array|object, null given
in APPPATH\Views\iManger\view_request.php on line 32.
 1 APPPATH\Views\iManger\view_request.php(32): CodeIgniter\Debug\Exceptions->errorHandler(2, 'foreach() argument must be of type array|object, null given', 'C:\\xampp\\htdocs\\HIMSP\\HIMS\\Codenignter\\app\\Views\\iManger\\view_request.php', 32)
 2 SYSTEMPATH\View\View.php(228): include('C:\\xampp\\htdocs\\HIMSP\\HIMS\\Codenignter\\app\\Views\\iManger\\view_request.php')
 3 SYSTEMPATH\View\View.php(231): CodeIgniter\View\View->CodeIgniter\View\{closure}()
 4 SYSTEMPATH\Common.php(1178): CodeIgniter\View\View->render('iManger/view_request', [], true)
 5 APPPATH\Controllers\imdashController.php(207): view('iManger/view_request', [...])
 6 SYSTEMPATH\CodeIgniter.php(941): App\Controllers\imdashController->Requestitems('13')
 7 SYSTEMPATH\CodeIgniter.php(502): CodeIgniter\CodeIgniter->runController(Object(App\Controllers\imdashController))
 8 SYSTEMPATH\CodeIgniter.php(361): CodeIgniter\CodeIgniter->handleRequest(null, Object(Config\Cache), false)
 9 FCPATH\index.php(79): CodeIgniter\CodeIgniter->run()
10 SYSTEMPATH\Commands\Server\rewrite.php(47): require_once('C:\\xampp\\htdocs\\HIMSP\\HIMS\\Codenignter\\public\\index.php')
CRITICAL - 2024-04-07 14:13:09 --> ErrorException: foreach() argument must be of type array|object, string given
in APPPATH\Views\iManger\view_request.php on line 32.
 1 APPPATH\Views\iManger\view_request.php(32): CodeIgniter\Debug\Exceptions->errorHandler(2, 'foreach() argument must be of type array|object, string given', 'C:\\xampp\\htdocs\\HIMSP\\HIMS\\Codenignter\\app\\Views\\iManger\\view_request.php', 32)
 2 SYSTEMPATH\View\View.php(228): include('C:\\xampp\\htdocs\\HIMSP\\HIMS\\Codenignter\\app\\Views\\iManger\\view_request.php')
 3 SYSTEMPATH\View\View.php(231): CodeIgniter\View\View->CodeIgniter\View\{closure}()
 4 SYSTEMPATH\Common.php(1178): CodeIgniter\View\View->render('iManger/view_request', [], true)
 5 APPPATH\Controllers\imdashController.php(207): view('iManger/view_request', [...])
 6 SYSTEMPATH\CodeIgniter.php(941): App\Controllers\imdashController->Requestitems('13')
 7 SYSTEMPATH\CodeIgniter.php(502): CodeIgniter\CodeIgniter->runController(Object(App\Controllers\imdashController))
 8 SYSTEMPATH\CodeIgniter.php(361): CodeIgniter\CodeIgniter->handleRequest(null, Object(Config\Cache), false)
 9 FCPATH\index.php(79): CodeIgniter\CodeIgniter->run()
10 SYSTEMPATH\Commands\Server\rewrite.php(47): require_once('C:\\xampp\\htdocs\\HIMSP\\HIMS\\Codenignter\\public\\index.php')
CRITICAL - 2024-04-07 14:14:02 --> ErrorException: foreach() argument must be of type array|object, null given
in APPPATH\Views\iManger\view_request.php on line 32.
 1 APPPATH\Views\iManger\view_request.php(32): CodeIgniter\Debug\Exceptions->errorHandler(2, 'foreach() argument must be of type array|object, null given', 'C:\\xampp\\htdocs\\HIMSP\\HIMS\\Codenignter\\app\\Views\\iManger\\view_request.php', 32)
 2 SYSTEMPATH\View\View.php(228): include('C:\\xampp\\htdocs\\HIMSP\\HIMS\\Codenignter\\app\\Views\\iManger\\view_request.php')
 3 SYSTEMPATH\View\View.php(231): CodeIgniter\View\View->CodeIgniter\View\{closure}()
 4 SYSTEMPATH\Common.php(1178): CodeIgniter\View\View->render('iManger/view_request', [], true)
 5 APPPATH\Controllers\imdashController.php(207): view('iManger/view_request', [...])
 6 SYSTEMPATH\CodeIgniter.php(941): App\Controllers\imdashController->Requestitems('13')
 7 SYSTEMPATH\CodeIgniter.php(502): CodeIgniter\CodeIgniter->runController(Object(App\Controllers\imdashController))
 8 SYSTEMPATH\CodeIgniter.php(361): CodeIgniter\CodeIgniter->handleRequest(null, Object(Config\Cache), false)
 9 FCPATH\index.php(79): CodeIgniter\CodeIgniter->run()
10 SYSTEMPATH\Commands\Server\rewrite.php(47): require_once('C:\\xampp\\htdocs\\HIMSP\\HIMS\\Codenignter\\public\\index.php')
CRITICAL - 2024-04-07 14:14:07 --> ErrorException: foreach() argument must be of type array|object, null given
in APPPATH\Views\iManger\view_request.php on line 32.
 1 APPPATH\Views\iManger\view_request.php(32): CodeIgniter\Debug\Exceptions->errorHandler(2, 'foreach() argument must be of type array|object, null given', 'C:\\xampp\\htdocs\\HIMSP\\HIMS\\Codenignter\\app\\Views\\iManger\\view_request.php', 32)
 2 SYSTEMPATH\View\View.php(228): include('C:\\xampp\\htdocs\\HIMSP\\HIMS\\Codenignter\\app\\Views\\iManger\\view_request.php')
 3 SYSTEMPATH\View\View.php(231): CodeIgniter\View\View->CodeIgniter\View\{closure}()
 4 SYSTEMPATH\Common.php(1178): CodeIgniter\View\View->render('iManger/view_request', [], true)
 5 APPPATH\Controllers\imdashController.php(207): view('iManger/view_request', [...])
 6 SYSTEMPATH\CodeIgniter.php(941): App\Controllers\imdashController->Requestitems('13')
 7 SYSTEMPATH\CodeIgniter.php(502): CodeIgniter\CodeIgniter->runController(Object(App\Controllers\imdashController))
 8 SYSTEMPATH\CodeIgniter.php(361): CodeIgniter\CodeIgniter->handleRequest(null, Object(Config\Cache), false)
 9 FCPATH\index.php(79): CodeIgniter\CodeIgniter->run()
10 SYSTEMPATH\Commands\Server\rewrite.php(47): require_once('C:\\xampp\\htdocs\\HIMSP\\HIMS\\Codenignter\\public\\index.php')
CRITICAL - 2024-04-07 14:15:47 --> ErrorException: foreach() argument must be of type array|object, null given
in APPPATH\Views\iManger\view_request.php on line 32.
 1 APPPATH\Views\iManger\view_request.php(32): CodeIgniter\Debug\Exceptions->errorHandler(2, 'foreach() argument must be of type array|object, null given', 'C:\\xampp\\htdocs\\HIMSP\\HIMS\\Codenignter\\app\\Views\\iManger\\view_request.php', 32)
 2 SYSTEMPATH\View\View.php(228): include('C:\\xampp\\htdocs\\HIMSP\\HIMS\\Codenignter\\app\\Views\\iManger\\view_request.php')
 3 SYSTEMPATH\View\View.php(231): CodeIgniter\View\View->CodeIgniter\View\{closure}()
 4 SYSTEMPATH\Common.php(1178): CodeIgniter\View\View->render('iManger/view_request', [], true)
 5 APPPATH\Controllers\imdashController.php(207): view('iManger/view_request', [...])
 6 SYSTEMPATH\CodeIgniter.php(941): App\Controllers\imdashController->Requestitems('13')
 7 SYSTEMPATH\CodeIgniter.php(502): CodeIgniter\CodeIgniter->runController(Object(App\Controllers\imdashController))
 8 SYSTEMPATH\CodeIgniter.php(361): CodeIgniter\CodeIgniter->handleRequest(null, Object(Config\Cache), false)
 9 FCPATH\index.php(79): CodeIgniter\CodeIgniter->run()
10 SYSTEMPATH\Commands\Server\rewrite.php(47): require_once('C:\\xampp\\htdocs\\HIMSP\\HIMS\\Codenignter\\public\\index.php')
CRITICAL - 2024-04-07 14:27:57 --> TypeError: Cannot access offset of type string on string
in APPPATH\Views\iManger\view_request.php on line 38.
 1 SYSTEMPATH\View\View.php(228): include()
 2 SYSTEMPATH\View\View.php(231): CodeIgniter\View\View->CodeIgniter\View\{closure}()
 3 SYSTEMPATH\Common.php(1178): CodeIgniter\View\View->render('iManger/view_request', [], true)
 4 APPPATH\Controllers\imdashController.php(206): view('iManger/view_request', [...])
 5 SYSTEMPATH\CodeIgniter.php(941): App\Controllers\imdashController->Requestitems('8')
 6 SYSTEMPATH\CodeIgniter.php(502): CodeIgniter\CodeIgniter->runController(Object(App\Controllers\imdashController))
 7 SYSTEMPATH\CodeIgniter.php(361): CodeIgniter\CodeIgniter->handleRequest(null, Object(Config\Cache), false)
 8 FCPATH\index.php(79): CodeIgniter\CodeIgniter->run()
 9 SYSTEMPATH\Commands\Server\rewrite.php(47): require_once('C:\\xampp\\htdocs\\HIMSP\\HIMS\\Codenignter\\public\\index.php')
CRITICAL - 2024-04-07 14:28:02 --> TypeError: Cannot access offset of type string on string
in APPPATH\Views\iManger\view_request.php on line 38.
 1 SYSTEMPATH\View\View.php(228): include()
 2 SYSTEMPATH\View\View.php(231): CodeIgniter\View\View->CodeIgniter\View\{closure}()
 3 SYSTEMPATH\Common.php(1178): CodeIgniter\View\View->render('iManger/view_request', [], true)
 4 APPPATH\Controllers\imdashController.php(206): view('iManger/view_request', [...])
 5 SYSTEMPATH\CodeIgniter.php(941): App\Controllers\imdashController->Requestitems('9')
 6 SYSTEMPATH\CodeIgniter.php(502): CodeIgniter\CodeIgniter->runController(Object(App\Controllers\imdashController))
 7 SYSTEMPATH\CodeIgniter.php(361): CodeIgniter\CodeIgniter->handleRequest(null, Object(Config\Cache), false)
 8 FCPATH\index.php(79): CodeIgniter\CodeIgniter->run()
 9 SYSTEMPATH\Commands\Server\rewrite.php(47): require_once('C:\\xampp\\htdocs\\HIMSP\\HIMS\\Codenignter\\public\\index.php')
CRITICAL - 2024-04-07 14:29:43 --> TypeError: Cannot access offset of type string on string
in APPPATH\Views\iManger\view_request.php on line 38.
 1 SYSTEMPATH\View\View.php(228): include()
 2 SYSTEMPATH\View\View.php(231): CodeIgniter\View\View->CodeIgniter\View\{closure}()
 3 SYSTEMPATH\Common.php(1178): CodeIgniter\View\View->render('iManger/view_request', [], true)
 4 APPPATH\Controllers\imdashController.php(206): view('iManger/view_request', [...])
 5 SYSTEMPATH\CodeIgniter.php(941): App\Controllers\imdashController->Requestitems('8')
 6 SYSTEMPATH\CodeIgniter.php(502): CodeIgniter\CodeIgniter->runController(Object(App\Controllers\imdashController))
 7 SYSTEMPATH\CodeIgniter.php(361): CodeIgniter\CodeIgniter->handleRequest(null, Object(Config\Cache), false)
 8 FCPATH\index.php(79): CodeIgniter\CodeIgniter->run()
 9 SYSTEMPATH\Commands\Server\rewrite.php(47): require_once('C:\\xampp\\htdocs\\HIMSP\\HIMS\\Codenignter\\public\\index.php')
CRITICAL - 2024-04-07 14:30:42 --> TypeError: Cannot access offset of type string on string
in APPPATH\Views\iManger\view_request.php on line 38.
 1 SYSTEMPATH\View\View.php(228): include()
 2 SYSTEMPATH\View\View.php(231): CodeIgniter\View\View->CodeIgniter\View\{closure}()
 3 SYSTEMPATH\Common.php(1178): CodeIgniter\View\View->render('iManger/view_request', [], true)
 4 APPPATH\Controllers\imdashController.php(206): view('iManger/view_request', [...])
 5 SYSTEMPATH\CodeIgniter.php(941): App\Controllers\imdashController->Requestitems('8')
 6 SYSTEMPATH\CodeIgniter.php(502): CodeIgniter\CodeIgniter->runController(Object(App\Controllers\imdashController))
 7 SYSTEMPATH\CodeIgniter.php(361): CodeIgniter\CodeIgniter->handleRequest(null, Object(Config\Cache), false)
 8 FCPATH\index.php(79): CodeIgniter\CodeIgniter->run()
 9 SYSTEMPATH\Commands\Server\rewrite.php(47): require_once('C:\\xampp\\htdocs\\HIMSP\\HIMS\\Codenignter\\public\\index.php')
CRITICAL - 2024-04-07 14:30:44 --> TypeError: Cannot access offset of type string on string
in APPPATH\Views\iManger\view_request.php on line 38.
 1 SYSTEMPATH\View\View.php(228): include()
 2 SYSTEMPATH\View\View.php(231): CodeIgniter\View\View->CodeIgniter\View\{closure}()
 3 SYSTEMPATH\Common.php(1178): CodeIgniter\View\View->render('iManger/view_request', [], true)
 4 APPPATH\Controllers\imdashController.php(206): view('iManger/view_request', [...])
 5 SYSTEMPATH\CodeIgniter.php(941): App\Controllers\imdashController->Requestitems('8')
 6 SYSTEMPATH\CodeIgniter.php(502): CodeIgniter\CodeIgniter->runController(Object(App\Controllers\imdashController))
 7 SYSTEMPATH\CodeIgniter.php(361): CodeIgniter\CodeIgniter->handleRequest(null, Object(Config\Cache), false)
 8 FCPATH\index.php(79): CodeIgniter\CodeIgniter->run()
 9 SYSTEMPATH\Commands\Server\rewrite.php(47): require_once('C:\\xampp\\htdocs\\HIMSP\\HIMS\\Codenignter\\public\\index.php')
CRITICAL - 2024-04-07 14:30:44 --> TypeError: Cannot access offset of type string on string
in APPPATH\Views\iManger\view_request.php on line 38.
 1 SYSTEMPATH\View\View.php(228): include()
 2 SYSTEMPATH\View\View.php(231): CodeIgniter\View\View->CodeIgniter\View\{closure}()
 3 SYSTEMPATH\Common.php(1178): CodeIgniter\View\View->render('iManger/view_request', [], true)
 4 APPPATH\Controllers\imdashController.php(206): view('iManger/view_request', [...])
 5 SYSTEMPATH\CodeIgniter.php(941): App\Controllers\imdashController->Requestitems('8')
 6 SYSTEMPATH\CodeIgniter.php(502): CodeIgniter\CodeIgniter->runController(Object(App\Controllers\imdashController))
 7 SYSTEMPATH\CodeIgniter.php(361): CodeIgniter\CodeIgniter->handleRequest(null, Object(Config\Cache), false)
 8 FCPATH\index.php(79): CodeIgniter\CodeIgniter->run()
 9 SYSTEMPATH\Commands\Server\rewrite.php(47): require_once('C:\\xampp\\htdocs\\HIMSP\\HIMS\\Codenignter\\public\\index.php')
CRITICAL - 2024-04-07 14:30:48 --> TypeError: Cannot access offset of type string on string
in APPPATH\Views\iManger\view_request.php on line 38.
 1 SYSTEMPATH\View\View.php(228): include()
 2 SYSTEMPATH\View\View.php(231): CodeIgniter\View\View->CodeIgniter\View\{closure}()
 3 SYSTEMPATH\Common.php(1178): CodeIgniter\View\View->render('iManger/view_request', [], true)
 4 APPPATH\Controllers\imdashController.php(206): view('iManger/view_request', [...])
 5 SYSTEMPATH\CodeIgniter.php(941): App\Controllers\imdashController->Requestitems('8')
 6 SYSTEMPATH\CodeIgniter.php(502): CodeIgniter\CodeIgniter->runController(Object(App\Controllers\imdashController))
 7 SYSTEMPATH\CodeIgniter.php(361): CodeIgniter\CodeIgniter->handleRequest(null, Object(Config\Cache), false)
 8 FCPATH\index.php(79): CodeIgniter\CodeIgniter->run()
 9 SYSTEMPATH\Commands\Server\rewrite.php(47): require_once('C:\\xampp\\htdocs\\HIMSP\\HIMS\\Codenignter\\public\\index.php')
CRITICAL - 2024-04-07 14:32:25 --> TypeError: Cannot access offset of type string on string
in APPPATH\Views\iManger\view_request.php on line 38.
 1 SYSTEMPATH\View\View.php(228): include()
 2 SYSTEMPATH\View\View.php(231): CodeIgniter\View\View->CodeIgniter\View\{closure}()
 3 SYSTEMPATH\Common.php(1178): CodeIgniter\View\View->render('iManger/view_request', [], true)
 4 APPPATH\Controllers\imdashController.php(206): view('iManger/view_request', [...])
 5 SYSTEMPATH\CodeIgniter.php(941): App\Controllers\imdashController->Requestitems('8')
 6 SYSTEMPATH\CodeIgniter.php(502): CodeIgniter\CodeIgniter->runController(Object(App\Controllers\imdashController))
 7 SYSTEMPATH\CodeIgniter.php(361): CodeIgniter\CodeIgniter->handleRequest(null, Object(Config\Cache), false)
 8 FCPATH\index.php(79): CodeIgniter\CodeIgniter->run()
 9 SYSTEMPATH\Commands\Server\rewrite.php(47): require_once('C:\\xampp\\htdocs\\HIMSP\\HIMS\\Codenignter\\public\\index.php')
CRITICAL - 2024-04-07 14:32:26 --> TypeError: Cannot access offset of type string on string
in APPPATH\Views\iManger\view_request.php on line 38.
 1 SYSTEMPATH\View\View.php(228): include()
 2 SYSTEMPATH\View\View.php(231): CodeIgniter\View\View->CodeIgniter\View\{closure}()
 3 SYSTEMPATH\Common.php(1178): CodeIgniter\View\View->render('iManger/view_request', [], true)
 4 APPPATH\Controllers\imdashController.php(206): view('iManger/view_request', [...])
 5 SYSTEMPATH\CodeIgniter.php(941): App\Controllers\imdashController->Requestitems('8')
 6 SYSTEMPATH\CodeIgniter.php(502): CodeIgniter\CodeIgniter->runController(Object(App\Controllers\imdashController))
 7 SYSTEMPATH\CodeIgniter.php(361): CodeIgniter\CodeIgniter->handleRequest(null, Object(Config\Cache), false)
 8 FCPATH\index.php(79): CodeIgniter\CodeIgniter->run()
 9 SYSTEMPATH\Commands\Server\rewrite.php(47): require_once('C:\\xampp\\htdocs\\HIMSP\\HIMS\\Codenignter\\public\\index.php')
CRITICAL - 2024-04-07 14:32:27 --> TypeError: Cannot access offset of type string on string
in APPPATH\Views\iManger\view_request.php on line 38.
 1 SYSTEMPATH\View\View.php(228): include()
 2 SYSTEMPATH\View\View.php(231): CodeIgniter\View\View->CodeIgniter\View\{closure}()
 3 SYSTEMPATH\Common.php(1178): CodeIgniter\View\View->render('iManger/view_request', [], true)
 4 APPPATH\Controllers\imdashController.php(206): view('iManger/view_request', [...])
 5 SYSTEMPATH\CodeIgniter.php(941): App\Controllers\imdashController->Requestitems('8')
 6 SYSTEMPATH\CodeIgniter.php(502): CodeIgniter\CodeIgniter->runController(Object(App\Controllers\imdashController))
 7 SYSTEMPATH\CodeIgniter.php(361): CodeIgniter\CodeIgniter->handleRequest(null, Object(Config\Cache), false)
 8 FCPATH\index.php(79): CodeIgniter\CodeIgniter->run()
 9 SYSTEMPATH\Commands\Server\rewrite.php(47): require_once('C:\\xampp\\htdocs\\HIMSP\\HIMS\\Codenignter\\public\\index.php')
CRITICAL - 2024-04-07 14:32:58 --> TypeError: Cannot access offset of type string on string
in APPPATH\Views\iManger\view_request.php on line 38.
 1 SYSTEMPATH\View\View.php(228): include()
 2 SYSTEMPATH\View\View.php(231): CodeIgniter\View\View->CodeIgniter\View\{closure}()
 3 SYSTEMPATH\Common.php(1178): CodeIgniter\View\View->render('iManger/view_request', [], true)
 4 APPPATH\Controllers\imdashController.php(206): view('iManger/view_request', [...])
 5 SYSTEMPATH\CodeIgniter.php(941): App\Controllers\imdashController->Requestitems('8')
 6 SYSTEMPATH\CodeIgniter.php(502): CodeIgniter\CodeIgniter->runController(Object(App\Controllers\imdashController))
 7 SYSTEMPATH\CodeIgniter.php(361): CodeIgniter\CodeIgniter->handleRequest(null, Object(Config\Cache), false)
 8 FCPATH\index.php(79): CodeIgniter\CodeIgniter->run()
 9 SYSTEMPATH\Commands\Server\rewrite.php(47): require_once('C:\\xampp\\htdocs\\HIMSP\\HIMS\\Codenignter\\public\\index.php')
CRITICAL - 2024-04-07 14:33:01 --> TypeError: Cannot access offset of type string on string
in APPPATH\Views\iManger\view_request.php on line 38.
 1 SYSTEMPATH\View\View.php(228): include()
 2 SYSTEMPATH\View\View.php(231): CodeIgniter\View\View->CodeIgniter\View\{closure}()
 3 SYSTEMPATH\Common.php(1178): CodeIgniter\View\View->render('iManger/view_request', [], true)
 4 APPPATH\Controllers\imdashController.php(206): view('iManger/view_request', [...])
 5 SYSTEMPATH\CodeIgniter.php(941): App\Controllers\imdashController->Requestitems('8')
 6 SYSTEMPATH\CodeIgniter.php(502): CodeIgniter\CodeIgniter->runController(Object(App\Controllers\imdashController))
 7 SYSTEMPATH\CodeIgniter.php(361): CodeIgniter\CodeIgniter->handleRequest(null, Object(Config\Cache), false)
 8 FCPATH\index.php(79): CodeIgniter\CodeIgniter->run()
 9 SYSTEMPATH\Commands\Server\rewrite.php(47): require_once('C:\\xampp\\htdocs\\HIMSP\\HIMS\\Codenignter\\public\\index.php')
CRITICAL - 2024-04-07 14:37:17 --> ErrorException: Undefined array key ""
in APPPATH\Views\iManger\view_request.php on line 38.
 1 APPPATH\Views\iManger\view_request.php(38): CodeIgniter\Debug\Exceptions->errorHandler(2, 'Undefined array key ""', 'C:\\xampp\\htdocs\\HIMSP\\HIMS\\Codenignter\\app\\Views\\iManger\\view_request.php', 38)
 2 SYSTEMPATH\View\View.php(228): include('C:\\xampp\\htdocs\\HIMSP\\HIMS\\Codenignter\\app\\Views\\iManger\\view_request.php')
 3 SYSTEMPATH\View\View.php(231): CodeIgniter\View\View->CodeIgniter\View\{closure}()
 4 SYSTEMPATH\Common.php(1178): CodeIgniter\View\View->render('iManger/view_request', [], true)
 5 APPPATH\Controllers\imdashController.php(212): view('iManger/view_request', [...])
 6 SYSTEMPATH\CodeIgniter.php(941): App\Controllers\imdashController->Requestitems('8')
 7 SYSTEMPATH\CodeIgniter.php(502): CodeIgniter\CodeIgniter->runController(Object(App\Controllers\imdashController))
 8 SYSTEMPATH\CodeIgniter.php(361): CodeIgniter\CodeIgniter->handleRequest(null, Object(Config\Cache), false)
 9 FCPATH\index.php(79): CodeIgniter\CodeIgniter->run()
10 SYSTEMPATH\Commands\Server\rewrite.php(47): require_once('C:\\xampp\\htdocs\\HIMSP\\HIMS\\Codenignter\\public\\index.php')
